Construct the Network

__________________________________________________________________________________________________
Layer (type)                    Output Shape         Param #     Connected to                     
==================================================================================================
input_2 (InputLayer)            (None, 32, 32, 3)    0                                            
__________________________________________________________________________________________________
binary_conv2d_1 (BinaryConv2D)  (None, 32, 32, 16)   448         input_2[0][0]                    
__________________________________________________________________________________________________
batch_normalization_1 (BatchNor (None, 32, 32, 16)   64          binary_conv2d_1[0][0]            
__________________________________________________________________________________________________
activation_1 (Activation)       (None, 32, 32, 16)   0           batch_normalization_1[0][0]      
__________________________________________________________________________________________________
binary_conv2d_2 (BinaryConv2D)  (None, 32, 32, 16)   2320        activation_1[0][0]               
__________________________________________________________________________________________________
batch_normalization_2 (BatchNor (None, 32, 32, 16)   64          binary_conv2d_2[0][0]            
__________________________________________________________________________________________________
activation_2 (Activation)       (None, 32, 32, 16)   0           batch_normalization_2[0][0]      
__________________________________________________________________________________________________
binary_conv2d_3 (BinaryConv2D)  (None, 32, 32, 16)   2320        activation_2[0][0]               
__________________________________________________________________________________________________
batch_normalization_3 (BatchNor (None, 32, 32, 16)   64          binary_conv2d_3[0][0]            
__________________________________________________________________________________________________
add_1 (Add)                     (None, 32, 32, 16)   0           activation_1[0][0]               
                                                                 batch_normalization_3[0][0]      
__________________________________________________________________________________________________
activation_3 (Activation)       (None, 32, 32, 16)   0           add_1[0][0]                      
__________________________________________________________________________________________________
binary_conv2d_4 (BinaryConv2D)  (None, 32, 32, 16)   2320        activation_3[0][0]               
__________________________________________________________________________________________________
batch_normalization_4 (BatchNor (None, 32, 32, 16)   64          binary_conv2d_4[0][0]            
__________________________________________________________________________________________________
activation_4 (Activation)       (None, 32, 32, 16)   0           batch_normalization_4[0][0]      
__________________________________________________________________________________________________
binary_conv2d_5 (BinaryConv2D)  (None, 32, 32, 16)   2320        activation_4[0][0]               
__________________________________________________________________________________________________
batch_normalization_5 (BatchNor (None, 32, 32, 16)   64          binary_conv2d_5[0][0]            
__________________________________________________________________________________________________
add_2 (Add)                     (None, 32, 32, 16)   0           activation_3[0][0]               
                                                                 batch_normalization_5[0][0]      
__________________________________________________________________________________________________
activation_5 (Activation)       (None, 32, 32, 16)   0           add_2[0][0]                      
__________________________________________________________________________________________________
binary_conv2d_6 (BinaryConv2D)  (None, 32, 32, 16)   2320        activation_5[0][0]               
__________________________________________________________________________________________________
batch_normalization_6 (BatchNor (None, 32, 32, 16)   64          binary_conv2d_6[0][0]            
__________________________________________________________________________________________________
activation_6 (Activation)       (None, 32, 32, 16)   0           batch_normalization_6[0][0]      
__________________________________________________________________________________________________
binary_conv2d_7 (BinaryConv2D)  (None, 32, 32, 16)   2320        activation_6[0][0]               
__________________________________________________________________________________________________
batch_normalization_7 (BatchNor (None, 32, 32, 16)   64          binary_conv2d_7[0][0]            
__________________________________________________________________________________________________
add_3 (Add)                     (None, 32, 32, 16)   0           activation_5[0][0]               
                                                                 batch_normalization_7[0][0]      
__________________________________________________________________________________________________
activation_7 (Activation)       (None, 32, 32, 16)   0           add_3[0][0]                      
__________________________________________________________________________________________________
binary_conv2d_8 (BinaryConv2D)  (None, 32, 32, 16)   2320        activation_7[0][0]               
__________________________________________________________________________________________________
batch_normalization_8 (BatchNor (None, 32, 32, 16)   64          binary_conv2d_8[0][0]            
__________________________________________________________________________________________________
activation_8 (Activation)       (None, 32, 32, 16)   0           batch_normalization_8[0][0]      
__________________________________________________________________________________________________
binary_conv2d_9 (BinaryConv2D)  (None, 32, 32, 16)   2320        activation_8[0][0]               
__________________________________________________________________________________________________
batch_normalization_9 (BatchNor (None, 32, 32, 16)   64          binary_conv2d_9[0][0]            
__________________________________________________________________________________________________
add_4 (Add)                     (None, 32, 32, 16)   0           activation_7[0][0]               
                                                                 batch_normalization_9[0][0]      
__________________________________________________________________________________________________
activation_9 (Activation)       (None, 32, 32, 16)   0           add_4[0][0]                      
__________________________________________________________________________________________________
binary_conv2d_10 (BinaryConv2D) (None, 32, 32, 16)   2320        activation_9[0][0]               
__________________________________________________________________________________________________
batch_normalization_10 (BatchNo (None, 32, 32, 16)   64          binary_conv2d_10[0][0]           
__________________________________________________________________________________________________
activation_10 (Activation)      (None, 32, 32, 16)   0           batch_normalization_10[0][0]     
__________________________________________________________________________________________________
binary_conv2d_11 (BinaryConv2D) (None, 32, 32, 16)   2320        activation_10[0][0]              
__________________________________________________________________________________________________
batch_normalization_11 (BatchNo (None, 32, 32, 16)   64          binary_conv2d_11[0][0]           
__________________________________________________________________________________________________
add_5 (Add)                     (None, 32, 32, 16)   0           activation_9[0][0]               
                                                                 batch_normalization_11[0][0]     
__________________________________________________________________________________________________
activation_11 (Activation)      (None, 32, 32, 16)   0           add_5[0][0]                      
__________________________________________________________________________________________________
binary_conv2d_12 (BinaryConv2D) (None, 32, 32, 16)   2320        activation_11[0][0]              
__________________________________________________________________________________________________
batch_normalization_12 (BatchNo (None, 32, 32, 16)   64          binary_conv2d_12[0][0]           
__________________________________________________________________________________________________
activation_12 (Activation)      (None, 32, 32, 16)   0           batch_normalization_12[0][0]     
__________________________________________________________________________________________________
binary_conv2d_13 (BinaryConv2D) (None, 32, 32, 16)   2320        activation_12[0][0]              
__________________________________________________________________________________________________
batch_normalization_13 (BatchNo (None, 32, 32, 16)   64          binary_conv2d_13[0][0]           
__________________________________________________________________________________________________
add_6 (Add)                     (None, 32, 32, 16)   0           activation_11[0][0]              
                                                                 batch_normalization_13[0][0]     
__________________________________________________________________________________________________
activation_13 (Activation)      (None, 32, 32, 16)   0           add_6[0][0]                      
__________________________________________________________________________________________________
binary_conv2d_14 (BinaryConv2D) (None, 32, 32, 16)   2320        activation_13[0][0]              
__________________________________________________________________________________________________
batch_normalization_14 (BatchNo (None, 32, 32, 16)   64          binary_conv2d_14[0][0]           
__________________________________________________________________________________________________
activation_14 (Activation)      (None, 32, 32, 16)   0           batch_normalization_14[0][0]     
__________________________________________________________________________________________________
binary_conv2d_15 (BinaryConv2D) (None, 32, 32, 16)   2320        activation_14[0][0]              
__________________________________________________________________________________________________
batch_normalization_15 (BatchNo (None, 32, 32, 16)   64          binary_conv2d_15[0][0]           
__________________________________________________________________________________________________
add_7 (Add)                     (None, 32, 32, 16)   0           activation_13[0][0]              
                                                                 batch_normalization_15[0][0]     
__________________________________________________________________________________________________
activation_15 (Activation)      (None, 32, 32, 16)   0           add_7[0][0]                      
__________________________________________________________________________________________________
binary_conv2d_16 (BinaryConv2D) (None, 32, 32, 16)   2320        activation_15[0][0]              
__________________________________________________________________________________________________
batch_normalization_16 (BatchNo (None, 32, 32, 16)   64          binary_conv2d_16[0][0]           
__________________________________________________________________________________________________
activation_16 (Activation)      (None, 32, 32, 16)   0           batch_normalization_16[0][0]     
__________________________________________________________________________________________________
binary_conv2d_17 (BinaryConv2D) (None, 32, 32, 16)   2320        activation_16[0][0]              
__________________________________________________________________________________________________
batch_normalization_17 (BatchNo (None, 32, 32, 16)   64          binary_conv2d_17[0][0]           
__________________________________________________________________________________________________
add_8 (Add)                     (None, 32, 32, 16)   0           activation_15[0][0]              
                                                                 batch_normalization_17[0][0]     
__________________________________________________________________________________________________
activation_17 (Activation)      (None, 32, 32, 16)   0           add_8[0][0]                      
__________________________________________________________________________________________________
binary_conv2d_18 (BinaryConv2D) (None, 32, 32, 16)   2320        activation_17[0][0]              
__________________________________________________________________________________________________
batch_normalization_18 (BatchNo (None, 32, 32, 16)   64          binary_conv2d_18[0][0]           
__________________________________________________________________________________________________
activation_18 (Activation)      (None, 32, 32, 16)   0           batch_normalization_18[0][0]     
__________________________________________________________________________________________________
binary_conv2d_19 (BinaryConv2D) (None, 32, 32, 16)   2320        activation_18[0][0]              
__________________________________________________________________________________________________
batch_normalization_19 (BatchNo (None, 32, 32, 16)   64          binary_conv2d_19[0][0]           
__________________________________________________________________________________________________
add_9 (Add)                     (None, 32, 32, 16)   0           activation_17[0][0]              
                                                                 batch_normalization_19[0][0]     
__________________________________________________________________________________________________
activation_19 (Activation)      (None, 32, 32, 16)   0           add_9[0][0]                      
__________________________________________________________________________________________________
binary_conv2d_20 (BinaryConv2D) (None, 32, 32, 16)   2320        activation_19[0][0]              
__________________________________________________________________________________________________
batch_normalization_20 (BatchNo (None, 32, 32, 16)   64          binary_conv2d_20[0][0]           
__________________________________________________________________________________________________
activation_20 (Activation)      (None, 32, 32, 16)   0           batch_normalization_20[0][0]     
__________________________________________________________________________________________________
binary_conv2d_21 (BinaryConv2D) (None, 32, 32, 16)   2320        activation_20[0][0]              
__________________________________________________________________________________________________
batch_normalization_21 (BatchNo (None, 32, 32, 16)   64          binary_conv2d_21[0][0]           
__________________________________________________________________________________________________
add_10 (Add)                    (None, 32, 32, 16)   0           activation_19[0][0]              
                                                                 batch_normalization_21[0][0]     
__________________________________________________________________________________________________
activation_21 (Activation)      (None, 32, 32, 16)   0           add_10[0][0]                     
__________________________________________________________________________________________________
binary_conv2d_22 (BinaryConv2D) (None, 16, 16, 32)   4640        activation_21[0][0]              
__________________________________________________________________________________________________
batch_normalization_22 (BatchNo (None, 16, 16, 32)   128         binary_conv2d_22[0][0]           
__________________________________________________________________________________________________
activation_22 (Activation)      (None, 16, 16, 32)   0           batch_normalization_22[0][0]     
__________________________________________________________________________________________________
binary_conv2d_23 (BinaryConv2D) (None, 16, 16, 32)   9248        activation_22[0][0]              
__________________________________________________________________________________________________
binary_conv2d_24 (BinaryConv2D) (None, 16, 16, 32)   544         activation_21[0][0]              
__________________________________________________________________________________________________
batch_normalization_23 (BatchNo (None, 16, 16, 32)   128         binary_conv2d_23[0][0]           
__________________________________________________________________________________________________
add_11 (Add)                    (None, 16, 16, 32)   0           binary_conv2d_24[0][0]           
                                                                 batch_normalization_23[0][0]     
__________________________________________________________________________________________________
activation_23 (Activation)      (None, 16, 16, 32)   0           add_11[0][0]                     
__________________________________________________________________________________________________
binary_conv2d_25 (BinaryConv2D) (None, 16, 16, 32)   9248        activation_23[0][0]              
__________________________________________________________________________________________________
batch_normalization_24 (BatchNo (None, 16, 16, 32)   128         binary_conv2d_25[0][0]           
__________________________________________________________________________________________________
activation_24 (Activation)      (None, 16, 16, 32)   0           batch_normalization_24[0][0]     
__________________________________________________________________________________________________
binary_conv2d_26 (BinaryConv2D) (None, 16, 16, 32)   9248        activation_24[0][0]              
__________________________________________________________________________________________________
batch_normalization_25 (BatchNo (None, 16, 16, 32)   128         binary_conv2d_26[0][0]           
__________________________________________________________________________________________________
add_12 (Add)                    (None, 16, 16, 32)   0           activation_23[0][0]              
                                                                 batch_normalization_25[0][0]     
__________________________________________________________________________________________________
activation_25 (Activation)      (None, 16, 16, 32)   0           add_12[0][0]                     
__________________________________________________________________________________________________
binary_conv2d_27 (BinaryConv2D) (None, 16, 16, 32)   9248        activation_25[0][0]              
__________________________________________________________________________________________________
batch_normalization_26 (BatchNo (None, 16, 16, 32)   128         binary_conv2d_27[0][0]           
__________________________________________________________________________________________________
activation_26 (Activation)      (None, 16, 16, 32)   0           batch_normalization_26[0][0]     
__________________________________________________________________________________________________
binary_conv2d_28 (BinaryConv2D) (None, 16, 16, 32)   9248        activation_26[0][0]              
__________________________________________________________________________________________________
batch_normalization_27 (BatchNo (None, 16, 16, 32)   128         binary_conv2d_28[0][0]           
__________________________________________________________________________________________________
add_13 (Add)                    (None, 16, 16, 32)   0           activation_25[0][0]              
                                                                 batch_normalization_27[0][0]     
__________________________________________________________________________________________________
activation_27 (Activation)      (None, 16, 16, 32)   0           add_13[0][0]                     
__________________________________________________________________________________________________
binary_conv2d_29 (BinaryConv2D) (None, 16, 16, 32)   9248        activation_27[0][0]              
__________________________________________________________________________________________________
batch_normalization_28 (BatchNo (None, 16, 16, 32)   128         binary_conv2d_29[0][0]           
__________________________________________________________________________________________________
activation_28 (Activation)      (None, 16, 16, 32)   0           batch_normalization_28[0][0]     
__________________________________________________________________________________________________
binary_conv2d_30 (BinaryConv2D) (None, 16, 16, 32)   9248        activation_28[0][0]              
__________________________________________________________________________________________________
batch_normalization_29 (BatchNo (None, 16, 16, 32)   128         binary_conv2d_30[0][0]           
__________________________________________________________________________________________________
add_14 (Add)                    (None, 16, 16, 32)   0           activation_27[0][0]              
                                                                 batch_normalization_29[0][0]     
__________________________________________________________________________________________________
activation_29 (Activation)      (None, 16, 16, 32)   0           add_14[0][0]                     
__________________________________________________________________________________________________
binary_conv2d_31 (BinaryConv2D) (None, 16, 16, 32)   9248        activation_29[0][0]              
__________________________________________________________________________________________________
batch_normalization_30 (BatchNo (None, 16, 16, 32)   128         binary_conv2d_31[0][0]           
__________________________________________________________________________________________________
activation_30 (Activation)      (None, 16, 16, 32)   0           batch_normalization_30[0][0]     
__________________________________________________________________________________________________
binary_conv2d_32 (BinaryConv2D) (None, 16, 16, 32)   9248        activation_30[0][0]              
__________________________________________________________________________________________________
batch_normalization_31 (BatchNo (None, 16, 16, 32)   128         binary_conv2d_32[0][0]           
__________________________________________________________________________________________________
add_15 (Add)                    (None, 16, 16, 32)   0           activation_29[0][0]              
                                                                 batch_normalization_31[0][0]     
__________________________________________________________________________________________________
activation_31 (Activation)      (None, 16, 16, 32)   0           add_15[0][0]                     
__________________________________________________________________________________________________
binary_conv2d_33 (BinaryConv2D) (None, 16, 16, 32)   9248        activation_31[0][0]              
__________________________________________________________________________________________________
batch_normalization_32 (BatchNo (None, 16, 16, 32)   128         binary_conv2d_33[0][0]           
__________________________________________________________________________________________________
activation_32 (Activation)      (None, 16, 16, 32)   0           batch_normalization_32[0][0]     
__________________________________________________________________________________________________
binary_conv2d_34 (BinaryConv2D) (None, 16, 16, 32)   9248        activation_32[0][0]              
__________________________________________________________________________________________________
batch_normalization_33 (BatchNo (None, 16, 16, 32)   128         binary_conv2d_34[0][0]           
__________________________________________________________________________________________________
add_16 (Add)                    (None, 16, 16, 32)   0           activation_31[0][0]              
                                                                 batch_normalization_33[0][0]     
__________________________________________________________________________________________________
activation_33 (Activation)      (None, 16, 16, 32)   0           add_16[0][0]                     
__________________________________________________________________________________________________
binary_conv2d_35 (BinaryConv2D) (None, 16, 16, 32)   9248        activation_33[0][0]              
__________________________________________________________________________________________________
batch_normalization_34 (BatchNo (None, 16, 16, 32)   128         binary_conv2d_35[0][0]           
__________________________________________________________________________________________________
activation_34 (Activation)      (None, 16, 16, 32)   0           batch_normalization_34[0][0]     
__________________________________________________________________________________________________
binary_conv2d_36 (BinaryConv2D) (None, 16, 16, 32)   9248        activation_34[0][0]              
__________________________________________________________________________________________________
batch_normalization_35 (BatchNo (None, 16, 16, 32)   128         binary_conv2d_36[0][0]           
__________________________________________________________________________________________________
add_17 (Add)                    (None, 16, 16, 32)   0           activation_33[0][0]              
                                                                 batch_normalization_35[0][0]     
__________________________________________________________________________________________________
activation_35 (Activation)      (None, 16, 16, 32)   0           add_17[0][0]                     
__________________________________________________________________________________________________
binary_conv2d_37 (BinaryConv2D) (None, 16, 16, 32)   9248        activation_35[0][0]              
__________________________________________________________________________________________________
batch_normalization_36 (BatchNo (None, 16, 16, 32)   128         binary_conv2d_37[0][0]           
__________________________________________________________________________________________________
activation_36 (Activation)      (None, 16, 16, 32)   0           batch_normalization_36[0][0]     
__________________________________________________________________________________________________
binary_conv2d_38 (BinaryConv2D) (None, 16, 16, 32)   9248        activation_36[0][0]              
__________________________________________________________________________________________________
batch_normalization_37 (BatchNo (None, 16, 16, 32)   128         binary_conv2d_38[0][0]           
__________________________________________________________________________________________________
add_18 (Add)                    (None, 16, 16, 32)   0           activation_35[0][0]              
                                                                 batch_normalization_37[0][0]     
__________________________________________________________________________________________________
activation_37 (Activation)      (None, 16, 16, 32)   0           add_18[0][0]                     
__________________________________________________________________________________________________
binary_conv2d_39 (BinaryConv2D) (None, 16, 16, 32)   9248        activation_37[0][0]              
__________________________________________________________________________________________________
batch_normalization_38 (BatchNo (None, 16, 16, 32)   128         binary_conv2d_39[0][0]           
__________________________________________________________________________________________________
activation_38 (Activation)      (None, 16, 16, 32)   0           batch_normalization_38[0][0]     
__________________________________________________________________________________________________
binary_conv2d_40 (BinaryConv2D) (None, 16, 16, 32)   9248        activation_38[0][0]              
__________________________________________________________________________________________________
batch_normalization_39 (BatchNo (None, 16, 16, 32)   128         binary_conv2d_40[0][0]           
__________________________________________________________________________________________________
add_19 (Add)                    (None, 16, 16, 32)   0           activation_37[0][0]              
                                                                 batch_normalization_39[0][0]     
__________________________________________________________________________________________________
activation_39 (Activation)      (None, 16, 16, 32)   0           add_19[0][0]                     
__________________________________________________________________________________________________
binary_conv2d_41 (BinaryConv2D) (None, 16, 16, 32)   9248        activation_39[0][0]              
__________________________________________________________________________________________________
batch_normalization_40 (BatchNo (None, 16, 16, 32)   128         binary_conv2d_41[0][0]           
__________________________________________________________________________________________________
activation_40 (Activation)      (None, 16, 16, 32)   0           batch_normalization_40[0][0]     
__________________________________________________________________________________________________
binary_conv2d_42 (BinaryConv2D) (None, 16, 16, 32)   9248        activation_40[0][0]              
__________________________________________________________________________________________________
batch_normalization_41 (BatchNo (None, 16, 16, 32)   128         binary_conv2d_42[0][0]           
__________________________________________________________________________________________________
add_20 (Add)                    (None, 16, 16, 32)   0           activation_39[0][0]              
                                                                 batch_normalization_41[0][0]     
__________________________________________________________________________________________________
activation_41 (Activation)      (None, 16, 16, 32)   0           add_20[0][0]                     
__________________________________________________________________________________________________
binary_conv2d_43 (BinaryConv2D) (None, 8, 8, 64)     18496       activation_41[0][0]              
__________________________________________________________________________________________________
batch_normalization_42 (BatchNo (None, 8, 8, 64)     256         binary_conv2d_43[0][0]           
__________________________________________________________________________________________________
activation_42 (Activation)      (None, 8, 8, 64)     0           batch_normalization_42[0][0]     
__________________________________________________________________________________________________
binary_conv2d_44 (BinaryConv2D) (None, 8, 8, 64)     36928       activation_42[0][0]              
__________________________________________________________________________________________________
binary_conv2d_45 (BinaryConv2D) (None, 8, 8, 64)     2112        activation_41[0][0]              
__________________________________________________________________________________________________
batch_normalization_43 (BatchNo (None, 8, 8, 64)     256         binary_conv2d_44[0][0]           
__________________________________________________________________________________________________
add_21 (Add)                    (None, 8, 8, 64)     0           binary_conv2d_45[0][0]           
                                                                 batch_normalization_43[0][0]     
__________________________________________________________________________________________________
activation_43 (Activation)      (None, 8, 8, 64)     0           add_21[0][0]                     
__________________________________________________________________________________________________
binary_conv2d_46 (BinaryConv2D) (None, 8, 8, 64)     36928       activation_43[0][0]              
__________________________________________________________________________________________________
batch_normalization_44 (BatchNo (None, 8, 8, 64)     256         binary_conv2d_46[0][0]           
__________________________________________________________________________________________________
activation_44 (Activation)      (None, 8, 8, 64)     0           batch_normalization_44[0][0]     
__________________________________________________________________________________________________
binary_conv2d_47 (BinaryConv2D) (None, 8, 8, 64)     36928       activation_44[0][0]              
__________________________________________________________________________________________________
batch_normalization_45 (BatchNo (None, 8, 8, 64)     256         binary_conv2d_47[0][0]           
__________________________________________________________________________________________________
add_22 (Add)                    (None, 8, 8, 64)     0           activation_43[0][0]              
                                                                 batch_normalization_45[0][0]     
__________________________________________________________________________________________________
activation_45 (Activation)      (None, 8, 8, 64)     0           add_22[0][0]                     
__________________________________________________________________________________________________
binary_conv2d_48 (BinaryConv2D) (None, 8, 8, 64)     36928       activation_45[0][0]              
__________________________________________________________________________________________________
batch_normalization_46 (BatchNo (None, 8, 8, 64)     256         binary_conv2d_48[0][0]           
__________________________________________________________________________________________________
activation_46 (Activation)      (None, 8, 8, 64)     0           batch_normalization_46[0][0]     
__________________________________________________________________________________________________
binary_conv2d_49 (BinaryConv2D) (None, 8, 8, 64)     36928       activation_46[0][0]              
__________________________________________________________________________________________________
batch_normalization_47 (BatchNo (None, 8, 8, 64)     256         binary_conv2d_49[0][0]           
__________________________________________________________________________________________________
add_23 (Add)                    (None, 8, 8, 64)     0           activation_45[0][0]              
                                                                 batch_normalization_47[0][0]     
__________________________________________________________________________________________________
activation_47 (Activation)      (None, 8, 8, 64)     0           add_23[0][0]                     
__________________________________________________________________________________________________
binary_conv2d_50 (BinaryConv2D) (None, 8, 8, 64)     36928       activation_47[0][0]              
__________________________________________________________________________________________________
batch_normalization_48 (BatchNo (None, 8, 8, 64)     256         binary_conv2d_50[0][0]           
__________________________________________________________________________________________________
activation_48 (Activation)      (None, 8, 8, 64)     0           batch_normalization_48[0][0]     
__________________________________________________________________________________________________
binary_conv2d_51 (BinaryConv2D) (None, 8, 8, 64)     36928       activation_48[0][0]              
__________________________________________________________________________________________________
batch_normalization_49 (BatchNo (None, 8, 8, 64)     256         binary_conv2d_51[0][0]           
__________________________________________________________________________________________________
add_24 (Add)                    (None, 8, 8, 64)     0           activation_47[0][0]              
                                                                 batch_normalization_49[0][0]     
__________________________________________________________________________________________________
activation_49 (Activation)      (None, 8, 8, 64)     0           add_24[0][0]                     
__________________________________________________________________________________________________
binary_conv2d_52 (BinaryConv2D) (None, 8, 8, 64)     36928       activation_49[0][0]              
__________________________________________________________________________________________________
batch_normalization_50 (BatchNo (None, 8, 8, 64)     256         binary_conv2d_52[0][0]           
__________________________________________________________________________________________________
activation_50 (Activation)      (None, 8, 8, 64)     0           batch_normalization_50[0][0]     
__________________________________________________________________________________________________
binary_conv2d_53 (BinaryConv2D) (None, 8, 8, 64)     36928       activation_50[0][0]              
__________________________________________________________________________________________________
batch_normalization_51 (BatchNo (None, 8, 8, 64)     256         binary_conv2d_53[0][0]           
__________________________________________________________________________________________________
add_25 (Add)                    (None, 8, 8, 64)     0           activation_49[0][0]              
                                                                 batch_normalization_51[0][0]     
__________________________________________________________________________________________________
activation_51 (Activation)      (None, 8, 8, 64)     0           add_25[0][0]                     
__________________________________________________________________________________________________
binary_conv2d_54 (BinaryConv2D) (None, 8, 8, 64)     36928       activation_51[0][0]              
__________________________________________________________________________________________________
batch_normalization_52 (BatchNo (None, 8, 8, 64)     256         binary_conv2d_54[0][0]           
__________________________________________________________________________________________________
activation_52 (Activation)      (None, 8, 8, 64)     0           batch_normalization_52[0][0]     
__________________________________________________________________________________________________
binary_conv2d_55 (BinaryConv2D) (None, 8, 8, 64)     36928       activation_52[0][0]              
__________________________________________________________________________________________________
batch_normalization_53 (BatchNo (None, 8, 8, 64)     256         binary_conv2d_55[0][0]           
__________________________________________________________________________________________________
add_26 (Add)                    (None, 8, 8, 64)     0           activation_51[0][0]              
                                                                 batch_normalization_53[0][0]     
__________________________________________________________________________________________________
activation_53 (Activation)      (None, 8, 8, 64)     0           add_26[0][0]                     
__________________________________________________________________________________________________
binary_conv2d_56 (BinaryConv2D) (None, 8, 8, 64)     36928       activation_53[0][0]              
__________________________________________________________________________________________________
batch_normalization_54 (BatchNo (None, 8, 8, 64)     256         binary_conv2d_56[0][0]           
__________________________________________________________________________________________________
activation_54 (Activation)      (None, 8, 8, 64)     0           batch_normalization_54[0][0]     
__________________________________________________________________________________________________
binary_conv2d_57 (BinaryConv2D) (None, 8, 8, 64)     36928       activation_54[0][0]              
__________________________________________________________________________________________________
batch_normalization_55 (BatchNo (None, 8, 8, 64)     256         binary_conv2d_57[0][0]           
__________________________________________________________________________________________________
add_27 (Add)                    (None, 8, 8, 64)     0           activation_53[0][0]              
                                                                 batch_normalization_55[0][0]     
__________________________________________________________________________________________________
activation_55 (Activation)      (None, 8, 8, 64)     0           add_27[0][0]                     
__________________________________________________________________________________________________
binary_conv2d_58 (BinaryConv2D) (None, 8, 8, 64)     36928       activation_55[0][0]              
__________________________________________________________________________________________________
batch_normalization_56 (BatchNo (None, 8, 8, 64)     256         binary_conv2d_58[0][0]           
__________________________________________________________________________________________________
activation_56 (Activation)      (None, 8, 8, 64)     0           batch_normalization_56[0][0]     
__________________________________________________________________________________________________
binary_conv2d_59 (BinaryConv2D) (None, 8, 8, 64)     36928       activation_56[0][0]              
__________________________________________________________________________________________________
batch_normalization_57 (BatchNo (None, 8, 8, 64)     256         binary_conv2d_59[0][0]           
__________________________________________________________________________________________________
add_28 (Add)                    (None, 8, 8, 64)     0           activation_55[0][0]              
                                                                 batch_normalization_57[0][0]     
__________________________________________________________________________________________________
activation_57 (Activation)      (None, 8, 8, 64)     0           add_28[0][0]                     
__________________________________________________________________________________________________
binary_conv2d_60 (BinaryConv2D) (None, 8, 8, 64)     36928       activation_57[0][0]              
__________________________________________________________________________________________________
batch_normalization_58 (BatchNo (None, 8, 8, 64)     256         binary_conv2d_60[0][0]           
__________________________________________________________________________________________________
activation_58 (Activation)      (None, 8, 8, 64)     0           batch_normalization_58[0][0]     
__________________________________________________________________________________________________
binary_conv2d_61 (BinaryConv2D) (None, 8, 8, 64)     36928       activation_58[0][0]              
__________________________________________________________________________________________________
batch_normalization_59 (BatchNo (None, 8, 8, 64)     256         binary_conv2d_61[0][0]           
__________________________________________________________________________________________________
add_29 (Add)                    (None, 8, 8, 64)     0           activation_57[0][0]              
                                                                 batch_normalization_59[0][0]     
__________________________________________________________________________________________________
activation_59 (Activation)      (None, 8, 8, 64)     0           add_29[0][0]                     
__________________________________________________________________________________________________
binary_conv2d_62 (BinaryConv2D) (None, 8, 8, 64)     36928       activation_59[0][0]              
__________________________________________________________________________________________________
batch_normalization_60 (BatchNo (None, 8, 8, 64)     256         binary_conv2d_62[0][0]           
__________________________________________________________________________________________________
activation_60 (Activation)      (None, 8, 8, 64)     0           batch_normalization_60[0][0]     
__________________________________________________________________________________________________
binary_conv2d_63 (BinaryConv2D) (None, 8, 8, 64)     36928       activation_60[0][0]              
__________________________________________________________________________________________________
batch_normalization_61 (BatchNo (None, 8, 8, 64)     256         binary_conv2d_63[0][0]           
__________________________________________________________________________________________________
add_30 (Add)                    (None, 8, 8, 64)     0           activation_59[0][0]              
                                                                 batch_normalization_61[0][0]     
__________________________________________________________________________________________________
activation_61 (Activation)      (None, 8, 8, 64)     0           add_30[0][0]                     
__________________________________________________________________________________________________
average_pooling2d_1 (AveragePoo (None, 1, 1, 64)     0           activation_61[0][0]              
__________________________________________________________________________________________________
flatten_1 (Flatten)             (None, 64)           0           average_pooling2d_1[0][0]        
__________________________________________________________________________________________________
binary_dense_2 (BinaryDense)    (None, 10)           650         flatten_1[0][0]                  
==================================================================================================
Total params: 959,658
Trainable params: 955,146
Non-trainable params: 4,512
__________________________________________________________________________________________________
loading data

Loading CIFAR-10 dataset...
(45000, 32, 32, 3)
setting up the network and creating callbacks

Learning rate:  0.001
compiling the network

No weights preloaded, training from scratch

(re)training the network

Train on 45000 samples, validate on 5000 samples
Learning rate:  0.001
Epoch 1/200

Epoch 00001: val_acc improved from -inf to 0.09620, saving model to ./weights/CIFAR-10_qbnn_2b_4b_1_64_1_128_1_256.hdf5
 - 150s - loss: 34.1477 - acc: 0.1002 - val_loss: 33.9239 - val_acc: 0.0962
Learning rate:  0.001
Epoch 2/200

Epoch 00002: val_acc improved from 0.09620 to 0.09760, saving model to ./weights/CIFAR-10_qbnn_2b_4b_1_64_1_128_1_256.hdf5
 - 67s - loss: 33.8968 - acc: 0.1016 - val_loss: 33.9176 - val_acc: 0.0976
Learning rate:  0.001
Epoch 3/200

Epoch 00003: val_acc improved from 0.09760 to 0.10460, saving model to ./weights/CIFAR-10_qbnn_2b_4b_1_64_1_128_1_256.hdf5
 - 67s - loss: 33.8550 - acc: 0.1019 - val_loss: 33.8423 - val_acc: 0.1046
Learning rate:  0.001
Epoch 4/200

Epoch 00004: val_acc did not improve
 - 65s - loss: 33.8153 - acc: 0.0998 - val_loss: 33.7930 - val_acc: 0.1026
Learning rate:  0.001
Epoch 5/200

Epoch 00005: val_acc did not improve
 - 66s - loss: 33.7718 - acc: 0.0995 - val_loss: 33.7528 - val_acc: 0.0962
Learning rate:  0.001
Epoch 6/200

Epoch 00006: val_acc did not improve
 - 66s - loss: 33.7263 - acc: 0.1012 - val_loss: 33.7052 - val_acc: 0.0974
Learning rate:  0.001
Epoch 7/200

Epoch 00007: val_acc did not improve
 - 66s - loss: 33.6860 - acc: 0.1003 - val_loss: 33.6893 - val_acc: 0.0976
Learning rate:  0.001
Epoch 8/200

Epoch 00008: val_acc did not improve
 - 66s - loss: 33.6368 - acc: 0.1012 - val_loss: 33.6151 - val_acc: 0.0986
Learning rate:  0.001
Epoch 9/200

Epoch 00009: val_acc did not improve
 - 66s - loss: 33.5910 - acc: 0.1006 - val_loss: 33.5795 - val_acc: 0.1004
Learning rate:  0.001
Epoch 10/200

Epoch 00010: val_acc did not improve
 - 66s - loss: 33.5413 - acc: 0.0997 - val_loss: 33.5168 - val_acc: 0.0962
Learning rate:  0.001
Epoch 11/200

Epoch 00011: val_acc did not improve
 - 66s - loss: 33.4928 - acc: 0.0982 - val_loss: 33.4987 - val_acc: 0.0996
Learning rate:  0.001
Epoch 12/200

Epoch 00012: val_acc improved from 0.10460 to 0.10680, saving model to ./weights/CIFAR-10_qbnn_2b_4b_1_64_1_128_1_256.hdf5
 - 68s - loss: 33.4437 - acc: 0.0987 - val_loss: 33.4103 - val_acc: 0.1068
Learning rate:  0.001
Epoch 13/200

Epoch 00013: val_acc improved from 0.10680 to 0.10700, saving model to ./weights/CIFAR-10_qbnn_2b_4b_1_64_1_128_1_256.hdf5
 - 68s - loss: 33.3855 - acc: 0.0999 - val_loss: 33.3588 - val_acc: 0.1070
Learning rate:  0.001
Epoch 14/200

Epoch 00014: val_acc did not improve
 - 66s - loss: 33.3350 - acc: 0.0976 - val_loss: 33.2980 - val_acc: 0.0984
Learning rate:  0.001
Epoch 15/200

Epoch 00015: val_acc did not improve
 - 66s - loss: 33.2821 - acc: 0.0979 - val_loss: 33.2685 - val_acc: 0.1028
Learning rate:  0.001
Epoch 16/200

Epoch 00016: val_acc did not improve
 - 66s - loss: 33.2223 - acc: 0.1010 - val_loss: 33.2050 - val_acc: 0.0912
Learning rate:  0.001
Epoch 17/200

Epoch 00017: val_acc did not improve
 - 66s - loss: 33.1685 - acc: 0.0995 - val_loss: 33.1426 - val_acc: 0.0964
Learning rate:  0.001
Epoch 18/200

Epoch 00018: val_acc did not improve
 - 66s - loss: 33.1075 - acc: 0.0991 - val_loss: 33.0818 - val_acc: 0.1050
Learning rate:  0.001
Epoch 19/200

Epoch 00019: val_acc did not improve
 - 66s - loss: 33.0423 - acc: 0.1004 - val_loss: 33.0197 - val_acc: 0.1006
Learning rate:  0.001
Epoch 20/200

Epoch 00020: val_acc did not improve
 - 66s - loss: 32.9777 - acc: 0.1011 - val_loss: 32.9682 - val_acc: 0.0916
Learning rate:  0.001
Epoch 21/200

Epoch 00021: val_acc did not improve
 - 66s - loss: 32.9099 - acc: 0.1020 - val_loss: 32.8865 - val_acc: 0.0972
Learning rate:  0.001
Epoch 22/200

Epoch 00022: val_acc did not improve
 - 66s - loss: 32.8418 - acc: 0.1003 - val_loss: 32.8113 - val_acc: 0.0968
Learning rate:  0.001
Epoch 23/200

Epoch 00023: val_acc did not improve
 - 66s - loss: 32.7728 - acc: 0.0997 - val_loss: 32.7450 - val_acc: 0.0934
Learning rate:  0.001
Epoch 24/200

Epoch 00024: val_acc did not improve
 - 66s - loss: 32.7024 - acc: 0.0983 - val_loss: 32.6667 - val_acc: 0.0994
Learning rate:  0.001
Epoch 25/200

Epoch 00025: val_acc did not improve
 - 66s - loss: 32.6329 - acc: 0.1006 - val_loss: 32.5979 - val_acc: 0.0964
Learning rate:  0.001
Epoch 26/200

Epoch 00026: val_acc did not improve
 - 66s - loss: 32.5629 - acc: 0.0986 - val_loss: 32.5255 - val_acc: 0.1026
Learning rate:  0.001
Epoch 27/200

Epoch 00027: val_acc did not improve
 - 66s - loss: 32.4884 - acc: 0.1021 - val_loss: 32.4575 - val_acc: 0.1026
Learning rate:  0.001
Epoch 28/200

Epoch 00028: val_acc did not improve
 - 66s - loss: 32.4122 - acc: 0.1017 - val_loss: 32.3806 - val_acc: 0.1026
Learning rate:  0.001
Epoch 29/200

Epoch 00029: val_acc did not improve
 - 66s - loss: 32.3386 - acc: 0.0981 - val_loss: 32.2938 - val_acc: 0.1062
Learning rate:  0.001
Epoch 30/200

Epoch 00030: val_acc did not improve
 - 66s - loss: 32.2633 - acc: 0.0993 - val_loss: 32.2291 - val_acc: 0.1048
Learning rate:  0.001
Epoch 31/200

Epoch 00031: val_acc did not improve
 - 66s - loss: 32.1900 - acc: 0.0991 - val_loss: 32.1521 - val_acc: 0.0990
Learning rate:  0.001
Epoch 32/200

Epoch 00032: val_acc did not improve
 - 66s - loss: 32.1139 - acc: 0.0994 - val_loss: 32.0712 - val_acc: 0.1008
Learning rate:  0.001
Epoch 33/200

Epoch 00033: val_acc did not improve
 - 66s - loss: 32.0378 - acc: 0.1007 - val_loss: 32.0118 - val_acc: 0.1040
Learning rate:  0.001
Epoch 34/200

Epoch 00034: val_acc did not improve
 - 66s - loss: 31.9620 - acc: 0.1017 - val_loss: 31.9210 - val_acc: 0.1046
Learning rate:  0.001
Epoch 35/200

Epoch 00035: val_acc did not improve
 - 66s - loss: 31.8847 - acc: 0.1001 - val_loss: 31.8462 - val_acc: 0.0964
Learning rate:  0.001
Epoch 36/200

Epoch 00036: val_acc did not improve
 - 66s - loss: 31.8061 - acc: 0.1006 - val_loss: 31.7661 - val_acc: 0.1064
Learning rate:  0.001
Epoch 37/200

Epoch 00037: val_acc did not improve
 - 66s - loss: 31.7284 - acc: 0.1001 - val_loss: 31.6919 - val_acc: 0.1004
Learning rate:  0.001
Epoch 38/200

Epoch 00038: val_acc improved from 0.10700 to 0.10720, saving model to ./weights/CIFAR-10_qbnn_2b_4b_1_64_1_128_1_256.hdf5
 - 68s - loss: 31.6498 - acc: 0.0993 - val_loss: 31.6071 - val_acc: 0.1072
Learning rate:  0.001
Epoch 39/200

Epoch 00039: val_acc did not improve
 - 66s - loss: 31.5708 - acc: 0.1057 - val_loss: 31.5340 - val_acc: 0.1040
Learning rate:  0.001
Epoch 40/200

Epoch 00040: val_acc did not improve
 - 65s - loss: 31.4956 - acc: 0.1000 - val_loss: 31.4570 - val_acc: 0.1008
Learning rate:  0.001
Epoch 41/200

Epoch 00041: val_acc did not improve
 - 66s - loss: 31.4216 - acc: 0.0985 - val_loss: 31.3799 - val_acc: 0.0962
Learning rate:  0.001
Epoch 42/200

Epoch 00042: val_acc improved from 0.10720 to 0.11020, saving model to ./weights/CIFAR-10_qbnn_2b_4b_1_64_1_128_1_256.hdf5
 - 68s - loss: 31.3464 - acc: 0.1021 - val_loss: 31.3158 - val_acc: 0.1102
Learning rate:  0.001
Epoch 43/200

Epoch 00043: val_acc did not improve
 - 65s - loss: 31.2751 - acc: 0.1002 - val_loss: 31.2380 - val_acc: 0.1004
Learning rate:  0.001
Epoch 44/200

Epoch 00044: val_acc did not improve
 - 66s - loss: 31.2007 - acc: 0.1020 - val_loss: 31.1672 - val_acc: 0.1028
Learning rate:  0.001
Epoch 45/200

Epoch 00045: val_acc did not improve
 - 66s - loss: 31.1315 - acc: 0.0975 - val_loss: 31.1040 - val_acc: 0.0962
Learning rate:  0.001
Epoch 46/200

Epoch 00046: val_acc did not improve
 - 66s - loss: 31.0611 - acc: 0.1007 - val_loss: 31.0246 - val_acc: 0.1006
Learning rate:  0.001
Epoch 47/200

Epoch 00047: val_acc did not improve
 - 66s - loss: 30.9936 - acc: 0.0986 - val_loss: 30.9556 - val_acc: 0.1074
Learning rate:  0.001
Epoch 48/200

Epoch 00048: val_acc did not improve
 - 66s - loss: 30.9246 - acc: 0.0984 - val_loss: 30.8913 - val_acc: 0.1014
Learning rate:  0.001
Epoch 49/200

Epoch 00049: val_acc did not improve
 - 66s - loss: 30.8563 - acc: 0.1004 - val_loss: 30.8212 - val_acc: 0.1014
Learning rate:  0.001
Epoch 50/200

Epoch 00050: val_acc did not improve
 - 66s - loss: 30.7885 - acc: 0.1004 - val_loss: 30.7545 - val_acc: 0.0936
Learning rate:  0.001
Epoch 51/200

Epoch 00051: val_acc did not improve
 - 66s - loss: 30.7192 - acc: 0.1000 - val_loss: 30.6958 - val_acc: 0.0964
Learning rate:  0.001
Epoch 52/200

Epoch 00052: val_acc did not improve
 - 66s - loss: 30.6551 - acc: 0.1010 - val_loss: 30.6298 - val_acc: 0.1008
Learning rate:  0.001
Epoch 53/200

Epoch 00053: val_acc did not improve
 - 66s - loss: 30.5929 - acc: 0.0995 - val_loss: 30.5659 - val_acc: 0.0994
Learning rate:  0.001
Epoch 54/200

Epoch 00054: val_acc did not improve
 - 66s - loss: 30.5333 - acc: 0.0983 - val_loss: 30.5011 - val_acc: 0.1040
Learning rate:  0.001
Epoch 55/200

Epoch 00055: val_acc did not improve
 - 65s - loss: 30.4727 - acc: 0.0982 - val_loss: 30.4474 - val_acc: 0.0974
Learning rate:  0.001
Epoch 56/200

Epoch 00056: val_acc did not improve
 - 66s - loss: 30.4143 - acc: 0.1015 - val_loss: 30.3859 - val_acc: 0.0962
Learning rate:  0.001
Epoch 57/200

Epoch 00057: val_acc did not improve
 - 66s - loss: 30.3557 - acc: 0.1010 - val_loss: 30.3393 - val_acc: 0.0986
Learning rate:  0.001
Epoch 58/200

Epoch 00058: val_acc did not improve
 - 66s - loss: 30.2979 - acc: 0.0999 - val_loss: 30.2657 - val_acc: 0.0990
Learning rate:  0.001
Epoch 59/200

Epoch 00059: val_acc did not improve
 - 66s - loss: 30.2416 - acc: 0.0994 - val_loss: 30.2120 - val_acc: 0.1004
Learning rate:  0.001
Epoch 60/200

Epoch 00060: val_acc did not improve
 - 66s - loss: 30.1811 - acc: 0.0976 - val_loss: 30.1504 - val_acc: 0.1034
Learning rate:  0.001
Epoch 61/200

Epoch 00061: val_acc did not improve
 - 66s - loss: 30.1233 - acc: 0.1010 - val_loss: 30.0984 - val_acc: 0.1058
Learning rate:  0.001
Epoch 62/200

Epoch 00062: val_acc did not improve
 - 66s - loss: 30.0711 - acc: 0.0983 - val_loss: 30.0456 - val_acc: 0.1058
Learning rate:  0.001
Epoch 63/200

Epoch 00063: val_acc did not improve
 - 66s - loss: 30.0197 - acc: 0.0993 - val_loss: 29.9922 - val_acc: 0.0992
Learning rate:  0.001
Epoch 64/200

Epoch 00064: val_acc did not improve
 - 66s - loss: 29.9647 - acc: 0.0973 - val_loss: 29.9379 - val_acc: 0.0930
Learning rate:  0.001
Epoch 65/200

Epoch 00065: val_acc did not improve
 - 66s - loss: 29.9085 - acc: 0.1016 - val_loss: 29.8850 - val_acc: 0.0950
Learning rate:  0.001
Epoch 66/200

Epoch 00066: val_acc did not improve
 - 66s - loss: 29.8556 - acc: 0.1017 - val_loss: 29.8304 - val_acc: 0.1032
Learning rate:  0.001
Epoch 67/200

Epoch 00067: val_acc did not improve
 - 66s - loss: 29.8044 - acc: 0.1020 - val_loss: 29.7811 - val_acc: 0.0956
Learning rate:  0.001
Epoch 68/200

Epoch 00068: val_acc did not improve
 - 66s - loss: 29.7530 - acc: 0.1006 - val_loss: 29.7246 - val_acc: 0.1010
Learning rate:  0.001
Epoch 69/200

Epoch 00069: val_acc did not improve
 - 66s - loss: 29.6979 - acc: 0.1007 - val_loss: 29.6748 - val_acc: 0.1030
Learning rate:  0.001
Epoch 70/200

Epoch 00070: val_acc did not improve
 - 66s - loss: 29.6429 - acc: 0.0998 - val_loss: 29.6158 - val_acc: 0.1044
Learning rate:  0.001
Epoch 71/200

Epoch 00071: val_acc did not improve
 - 66s - loss: 29.5899 - acc: 0.0988 - val_loss: 29.5653 - val_acc: 0.0954
Learning rate:  0.001
Epoch 72/200

Epoch 00072: val_acc did not improve
 - 66s - loss: 29.5379 - acc: 0.1003 - val_loss: 29.5146 - val_acc: 0.1026
Learning rate:  0.001
Epoch 73/200

Epoch 00073: val_acc did not improve
 - 66s - loss: 29.4880 - acc: 0.1006 - val_loss: 29.4621 - val_acc: 0.1030
Learning rate:  0.001
Epoch 74/200

Epoch 00074: val_acc did not improve
 - 66s - loss: 29.4412 - acc: 0.1004 - val_loss: 29.4130 - val_acc: 0.1078
Learning rate:  0.001
Epoch 75/200

Epoch 00075: val_acc did not improve
 - 66s - loss: 29.3918 - acc: 0.1023 - val_loss: 29.3696 - val_acc: 0.1016
Learning rate:  0.001
Epoch 76/200

Epoch 00076: val_acc did not improve
 - 66s - loss: 29.3456 - acc: 0.0982 - val_loss: 29.3237 - val_acc: 0.0972
Learning rate:  0.001
Epoch 77/200

Epoch 00077: val_acc did not improve
 - 66s - loss: 29.3015 - acc: 0.1012 - val_loss: 29.2919 - val_acc: 0.0950
Learning rate:  0.001
Epoch 78/200

Epoch 00078: val_acc did not improve
 - 66s - loss: 29.2576 - acc: 0.0984 - val_loss: 29.2386 - val_acc: 0.1056
Learning rate:  0.001
Epoch 79/200

Epoch 00079: val_acc did not improve
 - 66s - loss: 29.2106 - acc: 0.0978 - val_loss: 29.1910 - val_acc: 0.0966
Learning rate:  0.001
Epoch 80/200

Epoch 00080: val_acc did not improve
 - 66s - loss: 29.1621 - acc: 0.1002 - val_loss: 29.1394 - val_acc: 0.1016
Learning rate:  0.001
Epoch 81/200

Epoch 00081: val_acc did not improve
 - 66s - loss: 29.1162 - acc: 0.1001 - val_loss: 29.0945 - val_acc: 0.0916
Learning rate:  0.0001
Epoch 82/200

Epoch 00082: val_acc did not improve
 - 66s - loss: 29.0895 - acc: 0.0989 - val_loss: 29.0865 - val_acc: 0.0978
Learning rate:  0.0001
Epoch 83/200

Epoch 00083: val_acc did not improve
 - 66s - loss: 29.0834 - acc: 0.0985 - val_loss: 29.0829 - val_acc: 0.0964
Learning rate:  0.0001
Epoch 84/200

Epoch 00084: val_acc did not improve
 - 66s - loss: 29.0769 - acc: 0.1013 - val_loss: 29.0753 - val_acc: 0.1018
Learning rate:  0.0001
Epoch 85/200

Epoch 00085: val_acc did not improve
 - 66s - loss: 29.0721 - acc: 0.0992 - val_loss: 29.0678 - val_acc: 0.0914
Learning rate:  0.0001
Epoch 86/200

Epoch 00086: val_acc did not improve
 - 66s - loss: 29.0657 - acc: 0.1004 - val_loss: 29.0614 - val_acc: 0.1014
Learning rate:  0.0001
Epoch 87/200

Epoch 00087: val_acc did not improve
 - 66s - loss: 29.0600 - acc: 0.1031 - val_loss: 29.0594 - val_acc: 0.0946
Learning rate:  0.0001
Epoch 88/200

Epoch 00088: val_acc did not improve
 - 66s - loss: 29.0548 - acc: 0.0998 - val_loss: 29.0525 - val_acc: 0.0938
Learning rate:  0.0001
Epoch 89/200

Epoch 00089: val_acc did not improve
 - 66s - loss: 29.0495 - acc: 0.0972 - val_loss: 29.0456 - val_acc: 0.1028
Learning rate:  0.0001
Epoch 90/200

Epoch 00090: val_acc did not improve
 - 66s - loss: 29.0436 - acc: 0.0976 - val_loss: 29.0396 - val_acc: 0.0966
Learning rate:  0.0001
Epoch 91/200

Epoch 00091: val_acc did not improve
 - 66s - loss: 29.0369 - acc: 0.0994 - val_loss: 29.0325 - val_acc: 0.0976
Learning rate:  0.0001
Epoch 92/200

Epoch 00092: val_acc did not improve
 - 66s - loss: 29.0309 - acc: 0.0988 - val_loss: 29.0267 - val_acc: 0.1018
Learning rate:  0.0001
Epoch 93/200

Epoch 00093: val_acc did not improve
 - 66s - loss: 29.0248 - acc: 0.0990 - val_loss: 29.0238 - val_acc: 0.1008
Learning rate:  0.0001
Epoch 94/200

Epoch 00094: val_acc did not improve
 - 66s - loss: 29.0190 - acc: 0.1014 - val_loss: 29.0154 - val_acc: 0.0966
Learning rate:  0.0001
Epoch 95/200

Epoch 00095: val_acc did not improve
 - 66s - loss: 29.0135 - acc: 0.0971 - val_loss: 29.0113 - val_acc: 0.0988
Learning rate:  0.0001
Epoch 96/200

Epoch 00096: val_acc did not improve
 - 66s - loss: 29.0077 - acc: 0.0993 - val_loss: 29.0042 - val_acc: 0.0982
Learning rate:  0.0001
Epoch 97/200

Epoch 00097: val_acc did not improve
 - 66s - loss: 29.0021 - acc: 0.1004 - val_loss: 28.9981 - val_acc: 0.0990
Learning rate:  0.0001
Epoch 98/200

Epoch 00098: val_acc did not improve
 - 66s - loss: 28.9951 - acc: 0.1010 - val_loss: 28.9927 - val_acc: 0.1006
Learning rate:  0.0001
Epoch 99/200

Epoch 00099: val_acc did not improve
 - 66s - loss: 28.9899 - acc: 0.0998 - val_loss: 28.9871 - val_acc: 0.0972
Learning rate:  0.0001
Epoch 100/200

Epoch 00100: val_acc did not improve
 - 66s - loss: 28.9838 - acc: 0.0968 - val_loss: 28.9815 - val_acc: 0.0992
Learning rate:  0.0001
Epoch 101/200

Epoch 00101: val_acc did not improve
 - 66s - loss: 28.9778 - acc: 0.1007 - val_loss: 28.9762 - val_acc: 0.0916
Learning rate:  0.0001
Epoch 102/200

Epoch 00102: val_acc did not improve
 - 66s - loss: 28.9727 - acc: 0.0981 - val_loss: 28.9705 - val_acc: 0.1034
Learning rate:  0.0001
Epoch 103/200

Epoch 00103: val_acc did not improve
 - 66s - loss: 28.9672 - acc: 0.1016 - val_loss: 28.9650 - val_acc: 0.1026
Learning rate:  0.0001
Epoch 104/200

Epoch 00104: val_acc did not improve
 - 66s - loss: 28.9620 - acc: 0.1024 - val_loss: 28.9601 - val_acc: 0.1036
Learning rate:  0.0001
Epoch 105/200

Epoch 00105: val_acc did not improve
 - 66s - loss: 28.9572 - acc: 0.0988 - val_loss: 28.9545 - val_acc: 0.0978
Learning rate:  0.0001
Epoch 106/200

Epoch 00106: val_acc did not improve
 - 66s - loss: 28.9522 - acc: 0.0977 - val_loss: 28.9493 - val_acc: 0.1004
Learning rate:  0.0001
Epoch 107/200

Epoch 00107: val_acc did not improve
 - 66s - loss: 28.9473 - acc: 0.1014 - val_loss: 28.9455 - val_acc: 0.1028
Learning rate:  0.0001
Epoch 108/200

Epoch 00108: val_acc did not improve
 - 66s - loss: 28.9420 - acc: 0.0998 - val_loss: 28.9407 - val_acc: 0.1046
Learning rate:  0.0001
Epoch 109/200

Epoch 00109: val_acc did not improve
 - 66s - loss: 28.9367 - acc: 0.1010 - val_loss: 28.9347 - val_acc: 0.1018
Learning rate:  0.0001
Epoch 110/200

Epoch 00110: val_acc did not improve
 - 66s - loss: 28.9325 - acc: 0.0948 - val_loss: 28.9294 - val_acc: 0.1002
Learning rate:  0.0001
Epoch 111/200

Epoch 00111: val_acc did not improve
 - 66s - loss: 28.9273 - acc: 0.0967 - val_loss: 28.9241 - val_acc: 0.1028
Learning rate:  0.0001
Epoch 112/200

Epoch 00112: val_acc did not improve
 - 66s - loss: 28.9221 - acc: 0.0988 - val_loss: 28.9202 - val_acc: 0.1014
Learning rate:  0.0001
Epoch 113/200

Epoch 00113: val_acc did not improve
 - 66s - loss: 28.9172 - acc: 0.0998 - val_loss: 28.9146 - val_acc: 0.0946
Learning rate:  0.0001
Epoch 114/200

Epoch 00114: val_acc did not improve
 - 66s - loss: 28.9127 - acc: 0.0995 - val_loss: 28.9091 - val_acc: 0.0988
Learning rate:  0.0001
Epoch 115/200

Epoch 00115: val_acc did not improve
 - 66s - loss: 28.9079 - acc: 0.0983 - val_loss: 28.9075 - val_acc: 0.0952
Learning rate:  0.0001
Epoch 116/200

Epoch 00116: val_acc did not improve
 - 66s - loss: 28.9027 - acc: 0.0959 - val_loss: 28.9041 - val_acc: 0.0972
Learning rate:  0.0001
Epoch 117/200

Epoch 00117: val_acc did not improve
 - 66s - loss: 28.8980 - acc: 0.0985 - val_loss: 28.8956 - val_acc: 0.0984
Learning rate:  0.0001
Epoch 118/200

Epoch 00118: val_acc did not improve
 - 66s - loss: 28.8939 - acc: 0.1007 - val_loss: 28.8946 - val_acc: 0.0874
Learning rate:  0.0001
Epoch 119/200

Epoch 00119: val_acc did not improve
 - 66s - loss: 28.8888 - acc: 0.1022 - val_loss: 28.8870 - val_acc: 0.0980
Learning rate:  0.0001
Epoch 120/200

Epoch 00120: val_acc did not improve
 - 65s - loss: 28.8842 - acc: 0.0990 - val_loss: 28.8821 - val_acc: 0.0980
Learning rate:  0.0001
Epoch 121/200

Epoch 00121: val_acc did not improve
 - 66s - loss: 28.8790 - acc: 0.0990 - val_loss: 28.8762 - val_acc: 0.1048
Learning rate:  1e-05
Epoch 122/200

Epoch 00122: val_acc did not improve
 - 65s - loss: 28.8758 - acc: 0.0991 - val_loss: 28.8757 - val_acc: 0.0996
Learning rate:  1e-05
Epoch 123/200

Epoch 00123: val_acc did not improve
 - 66s - loss: 28.8754 - acc: 0.0999 - val_loss: 28.8755 - val_acc: 0.0914
Learning rate:  1e-05
Epoch 124/200

Epoch 00124: val_acc did not improve
 - 66s - loss: 28.8754 - acc: 0.0993 - val_loss: 28.8747 - val_acc: 0.1020
Learning rate:  1e-05
Epoch 125/200

Epoch 00125: val_acc did not improve
 - 66s - loss: 28.8747 - acc: 0.0978 - val_loss: 28.8747 - val_acc: 0.0992
Learning rate:  1e-05
Epoch 126/200

Epoch 00126: val_acc did not improve
 - 66s - loss: 28.8740 - acc: 0.0973 - val_loss: 28.8738 - val_acc: 0.0980
Learning rate:  1e-05
Epoch 127/200

Epoch 00127: val_acc did not improve
 - 66s - loss: 28.8735 - acc: 0.0986 - val_loss: 28.8721 - val_acc: 0.1068
Learning rate:  1e-05
Epoch 128/200

Epoch 00128: val_acc did not improve
 - 66s - loss: 28.8720 - acc: 0.1023 - val_loss: 28.8731 - val_acc: 0.0954
Learning rate:  1e-05
Epoch 129/200

Epoch 00129: val_acc did not improve
 - 66s - loss: 28.8723 - acc: 0.0992 - val_loss: 28.8740 - val_acc: 0.1024
Learning rate:  1e-05
Epoch 130/200

Epoch 00130: val_acc did not improve
 - 66s - loss: 28.8715 - acc: 0.1002 - val_loss: 28.8715 - val_acc: 0.1012
Learning rate:  1e-05
Epoch 131/200

Epoch 00131: val_acc did not improve
 - 66s - loss: 28.8716 - acc: 0.1007 - val_loss: 28.8716 - val_acc: 0.1020
Learning rate:  1e-05
Epoch 132/200

Epoch 00132: val_acc did not improve
 - 66s - loss: 28.8704 - acc: 0.1012 - val_loss: 28.8711 - val_acc: 0.1002
Learning rate:  1e-05
Epoch 133/200

Epoch 00133: val_acc did not improve
 - 66s - loss: 28.8703 - acc: 0.1010 - val_loss: 28.8709 - val_acc: 0.1016
Learning rate:  1e-05
Epoch 134/200

Epoch 00134: val_acc did not improve
 - 66s - loss: 28.8701 - acc: 0.0996 - val_loss: 28.8706 - val_acc: 0.0938
Learning rate:  1e-05
Epoch 135/200

Epoch 00135: val_acc did not improve
 - 66s - loss: 28.8688 - acc: 0.1026 - val_loss: 28.8686 - val_acc: 0.1070
Learning rate:  1e-05
Epoch 136/200

Epoch 00136: val_acc did not improve
 - 66s - loss: 28.8688 - acc: 0.0976 - val_loss: 28.8689 - val_acc: 0.1070
Learning rate:  1e-05
Epoch 137/200

Epoch 00137: val_acc did not improve
 - 66s - loss: 28.8682 - acc: 0.0961 - val_loss: 28.8671 - val_acc: 0.1032
Learning rate:  1e-05
Epoch 138/200

Epoch 00138: val_acc did not improve
 - 66s - loss: 28.8682 - acc: 0.0976 - val_loss: 28.8678 - val_acc: 0.1006
Learning rate:  1e-05
Epoch 139/200

Epoch 00139: val_acc did not improve
 - 66s - loss: 28.8676 - acc: 0.0981 - val_loss: 28.8676 - val_acc: 0.0974
Learning rate:  1e-05
Epoch 140/200

Epoch 00140: val_acc did not improve
 - 66s - loss: 28.8670 - acc: 0.1003 - val_loss: 28.8676 - val_acc: 0.1018
Learning rate:  1e-05
Epoch 141/200

Epoch 00141: val_acc did not improve
 - 66s - loss: 28.8665 - acc: 0.0981 - val_loss: 28.8647 - val_acc: 0.0990
Learning rate:  1e-05
Epoch 142/200

Epoch 00142: val_acc did not improve
 - 66s - loss: 28.8652 - acc: 0.1010 - val_loss: 28.8656 - val_acc: 0.1014
Learning rate:  1e-05
Epoch 143/200

Epoch 00143: val_acc did not improve
 - 66s - loss: 28.8649 - acc: 0.1028 - val_loss: 28.8644 - val_acc: 0.1036
Learning rate:  1e-05
Epoch 144/200

Epoch 00144: val_acc did not improve
 - 66s - loss: 28.8644 - acc: 0.1016 - val_loss: 28.8648 - val_acc: 0.0988
Learning rate:  1e-05
Epoch 145/200

Epoch 00145: val_acc did not improve
 - 66s - loss: 28.8640 - acc: 0.1002 - val_loss: 28.8632 - val_acc: 0.1026
Learning rate:  1e-05
Epoch 146/200

Epoch 00146: val_acc did not improve
 - 66s - loss: 28.8634 - acc: 0.1005 - val_loss: 28.8628 - val_acc: 0.0996
Learning rate:  1e-05
Epoch 147/200

Epoch 00147: val_acc did not improve
 - 66s - loss: 28.8632 - acc: 0.1017 - val_loss: 28.8638 - val_acc: 0.0950
Learning rate:  1e-05
Epoch 148/200

Epoch 00148: val_acc did not improve
 - 66s - loss: 28.8628 - acc: 0.1008 - val_loss: 28.8620 - val_acc: 0.1002
Learning rate:  1e-05
Epoch 149/200

Epoch 00149: val_acc did not improve
 - 66s - loss: 28.8619 - acc: 0.1021 - val_loss: 28.8621 - val_acc: 0.0966
Learning rate:  1e-05
Epoch 150/200

Epoch 00150: val_acc did not improve
 - 66s - loss: 28.8619 - acc: 0.1006 - val_loss: 28.8615 - val_acc: 0.0958
Learning rate:  1e-05
Epoch 151/200

Epoch 00151: val_acc did not improve
 - 66s - loss: 28.8613 - acc: 0.0994 - val_loss: 28.8618 - val_acc: 0.0956
Learning rate:  1e-05
Epoch 152/200

Epoch 00152: val_acc did not improve
 - 66s - loss: 28.8603 - acc: 0.1032 - val_loss: 28.8613 - val_acc: 0.0982
Learning rate:  1e-05
Epoch 153/200

Epoch 00153: val_acc did not improve
 - 66s - loss: 28.8598 - acc: 0.1004 - val_loss: 28.8611 - val_acc: 0.0994
Learning rate:  1e-05
Epoch 154/200

Epoch 00154: val_acc did not improve
 - 66s - loss: 28.8594 - acc: 0.0990 - val_loss: 28.8611 - val_acc: 0.0932
Learning rate:  1e-05
Epoch 155/200

Epoch 00155: val_acc did not improve
 - 66s - loss: 28.8596 - acc: 0.0979 - val_loss: 28.8606 - val_acc: 0.0938
Learning rate:  1e-05
Epoch 156/200

Epoch 00156: val_acc did not improve
 - 66s - loss: 28.8594 - acc: 0.0988 - val_loss: 28.8591 - val_acc: 0.1004
Learning rate:  1e-05
Epoch 157/200

Epoch 00157: val_acc did not improve
 - 66s - loss: 28.8582 - acc: 0.1019 - val_loss: 28.8596 - val_acc: 0.0930
Learning rate:  1e-05
Epoch 158/200

Epoch 00158: val_acc did not improve
 - 66s - loss: 28.8577 - acc: 0.0999 - val_loss: 28.8573 - val_acc: 0.0992
Learning rate:  1e-05
Epoch 159/200

Epoch 00159: val_acc did not improve
 - 66s - loss: 28.8569 - acc: 0.1012 - val_loss: 28.8582 - val_acc: 0.0950
Learning rate:  1e-05
Epoch 160/200

Epoch 00160: val_acc did not improve
 - 66s - loss: 28.8564 - acc: 0.0993 - val_loss: 28.8565 - val_acc: 0.1022
Learning rate:  1e-05
Epoch 161/200

Epoch 00161: val_acc did not improve
 - 66s - loss: 28.8568 - acc: 0.0987 - val_loss: 28.8568 - val_acc: 0.0942
Learning rate:  1e-06
Epoch 162/200

Epoch 00162: val_acc did not improve
 - 66s - loss: 28.8562 - acc: 0.1006 - val_loss: 28.8562 - val_acc: 0.1012
Learning rate:  1e-06
Epoch 163/200

Epoch 00163: val_acc did not improve
 - 66s - loss: 28.8564 - acc: 0.0985 - val_loss: 28.8563 - val_acc: 0.1036
Learning rate:  1e-06
Epoch 164/200

Epoch 00164: val_acc did not improve
 - 66s - loss: 28.8559 - acc: 0.1014 - val_loss: 28.8550 - val_acc: 0.1074
Learning rate:  1e-06
Epoch 165/200

Epoch 00165: val_acc did not improve
 - 66s - loss: 28.8558 - acc: 0.0992 - val_loss: 28.8558 - val_acc: 0.1000
Learning rate:  1e-06
Epoch 166/200

Epoch 00166: val_acc did not improve
 - 66s - loss: 28.8561 - acc: 0.0975 - val_loss: 28.8567 - val_acc: 0.0926
Learning rate:  1e-06
Epoch 167/200

Epoch 00167: val_acc did not improve
 - 66s - loss: 28.8558 - acc: 0.0962 - val_loss: 28.8551 - val_acc: 0.1056
Learning rate:  1e-06
Epoch 168/200

Epoch 00168: val_acc did not improve
 - 66s - loss: 28.8553 - acc: 0.1008 - val_loss: 28.8571 - val_acc: 0.1016
Learning rate:  1e-06
Epoch 169/200

Epoch 00169: val_acc did not improve
 - 66s - loss: 28.8553 - acc: 0.1028 - val_loss: 28.8556 - val_acc: 0.0944
Learning rate:  1e-06
Epoch 170/200

Epoch 00170: val_acc did not improve
 - 66s - loss: 28.8555 - acc: 0.1011 - val_loss: 28.8555 - val_acc: 0.0972
Learning rate:  1e-06
Epoch 171/200

Epoch 00171: val_acc did not improve
 - 66s - loss: 28.8555 - acc: 0.1018 - val_loss: 28.8552 - val_acc: 0.0984
Learning rate:  1e-06
Epoch 172/200

Epoch 00172: val_acc did not improve
 - 66s - loss: 28.8554 - acc: 0.1009 - val_loss: 28.8563 - val_acc: 0.0938
Learning rate:  1e-06
Epoch 173/200

Epoch 00173: val_acc did not improve
 - 66s - loss: 28.8554 - acc: 0.0996 - val_loss: 28.8574 - val_acc: 0.1050
Learning rate:  1e-06
Epoch 174/200

Epoch 00174: val_acc did not improve
 - 66s - loss: 28.8550 - acc: 0.0993 - val_loss: 28.8569 - val_acc: 0.0986
Learning rate:  1e-06
Epoch 175/200

Epoch 00175: val_acc did not improve
 - 66s - loss: 28.8551 - acc: 0.1010 - val_loss: 28.8555 - val_acc: 0.0996
Learning rate:  1e-06
Epoch 176/200

Epoch 00176: val_acc did not improve
 - 66s - loss: 28.8550 - acc: 0.1006 - val_loss: 28.8567 - val_acc: 0.0966
Learning rate:  1e-06
Epoch 177/200

Epoch 00177: val_acc did not improve
 - 66s - loss: 28.8551 - acc: 0.1003 - val_loss: 28.8543 - val_acc: 0.0998
Learning rate:  1e-06
Epoch 178/200

Epoch 00178: val_acc did not improve
 - 66s - loss: 28.8552 - acc: 0.1013 - val_loss: 28.8554 - val_acc: 0.0970
Learning rate:  1e-06
Epoch 179/200

Epoch 00179: val_acc did not improve
 - 66s - loss: 28.8560 - acc: 0.0975 - val_loss: 28.8547 - val_acc: 0.1016
Learning rate:  1e-06
Epoch 180/200

Epoch 00180: val_acc did not improve
 - 66s - loss: 28.8549 - acc: 0.1015 - val_loss: 28.8540 - val_acc: 0.1040
Learning rate:  1e-06
Epoch 181/200

Epoch 00181: val_acc did not improve
 - 66s - loss: 28.8547 - acc: 0.1033 - val_loss: 28.8550 - val_acc: 0.0932
Learning rate:  5e-07
Epoch 182/200

Epoch 00182: val_acc did not improve
 - 66s - loss: 28.8553 - acc: 0.0983 - val_loss: 28.8547 - val_acc: 0.0954
Learning rate:  5e-07
Epoch 183/200

Epoch 00183: val_acc did not improve
 - 66s - loss: 28.8552 - acc: 0.1002 - val_loss: 28.8543 - val_acc: 0.0964
Learning rate:  5e-07
Epoch 184/200

Epoch 00184: val_acc did not improve
 - 66s - loss: 28.8551 - acc: 0.0996 - val_loss: 28.8550 - val_acc: 0.1030
Learning rate:  5e-07
Epoch 185/200

Epoch 00185: val_acc did not improve
 - 66s - loss: 28.8546 - acc: 0.1016 - val_loss: 28.8550 - val_acc: 0.0972
Learning rate:  5e-07
Epoch 186/200

Epoch 00186: val_acc did not improve
 - 66s - loss: 28.8551 - acc: 0.1011 - val_loss: 28.8541 - val_acc: 0.1008
Learning rate:  5e-07
Epoch 187/200

Epoch 00187: val_acc did not improve
 - 66s - loss: 28.8548 - acc: 0.1010 - val_loss: 28.8558 - val_acc: 0.0950
Learning rate:  5e-07
Epoch 188/200

Epoch 00188: val_acc did not improve
 - 66s - loss: 28.8552 - acc: 0.0984 - val_loss: 28.8556 - val_acc: 0.1016
Learning rate:  5e-07
Epoch 189/200

Epoch 00189: val_acc did not improve
 - 66s - loss: 28.8550 - acc: 0.0996 - val_loss: 28.8550 - val_acc: 0.0976
Learning rate:  5e-07
Epoch 190/200

Epoch 00190: val_acc did not improve
 - 66s - loss: 28.8552 - acc: 0.1005 - val_loss: 28.8545 - val_acc: 0.1050
Learning rate:  5e-07
Epoch 191/200

Epoch 00191: val_acc did not improve
 - 66s - loss: 28.8549 - acc: 0.0999 - val_loss: 28.8539 - val_acc: 0.0980
Learning rate:  5e-07
Epoch 192/200

Epoch 00192: val_acc did not improve
 - 66s - loss: 28.8547 - acc: 0.0992 - val_loss: 28.8556 - val_acc: 0.0988
Learning rate:  5e-07
Epoch 193/200

Epoch 00193: val_acc did not improve
 - 66s - loss: 28.8548 - acc: 0.0984 - val_loss: 28.8553 - val_acc: 0.1068
Learning rate:  5e-07
Epoch 194/200

Epoch 00194: val_acc did not improve
 - 66s - loss: 28.8546 - acc: 0.1008 - val_loss: 28.8554 - val_acc: 0.0958
Learning rate:  5e-07
Epoch 195/200

Epoch 00195: val_acc did not improve
 - 66s - loss: 28.8551 - acc: 0.0974 - val_loss: 28.8541 - val_acc: 0.1000
Learning rate:  5e-07
Epoch 196/200

Epoch 00196: val_acc did not improve
 - 66s - loss: 28.8544 - acc: 0.0999 - val_loss: 28.8558 - val_acc: 0.0980
Learning rate:  5e-07
Epoch 197/200

Epoch 00197: val_acc did not improve
 - 66s - loss: 28.8543 - acc: 0.1002 - val_loss: 28.8544 - val_acc: 0.1030
Learning rate:  5e-07
Epoch 198/200

Epoch 00198: val_acc did not improve
 - 66s - loss: 28.8542 - acc: 0.1000 - val_loss: 28.8541 - val_acc: 0.1006
Learning rate:  5e-07
Epoch 199/200

Epoch 00199: val_acc did not improve
 - 66s - loss: 28.8547 - acc: 0.0984 - val_loss: 28.8552 - val_acc: 0.1066
Learning rate:  5e-07
Epoch 200/200

Epoch 00200: val_acc did not improve
 - 66s - loss: 28.8545 - acc: 0.1014 - val_loss: 28.8566 - val_acc: 0.0958
Done

