Construct the Network

__________________________________________________________________________________________________
Layer (type)                    Output Shape         Param #     Connected to                     
==================================================================================================
input_2 (InputLayer)            (None, 32, 32, 3)    0                                            
__________________________________________________________________________________________________
binary_conv2d_1 (BinaryConv2D)  (None, 32, 32, 16)   448         input_2[0][0]                    
__________________________________________________________________________________________________
batch_normalization_1 (BatchNor (None, 32, 32, 16)   64          binary_conv2d_1[0][0]            
__________________________________________________________________________________________________
activation_1 (Activation)       (None, 32, 32, 16)   0           batch_normalization_1[0][0]      
__________________________________________________________________________________________________
binary_conv2d_2 (BinaryConv2D)  (None, 32, 32, 16)   2320        activation_1[0][0]               
__________________________________________________________________________________________________
batch_normalization_2 (BatchNor (None, 32, 32, 16)   64          binary_conv2d_2[0][0]            
__________________________________________________________________________________________________
activation_2 (Activation)       (None, 32, 32, 16)   0           batch_normalization_2[0][0]      
__________________________________________________________________________________________________
binary_conv2d_3 (BinaryConv2D)  (None, 32, 32, 16)   2320        activation_2[0][0]               
__________________________________________________________________________________________________
batch_normalization_3 (BatchNor (None, 32, 32, 16)   64          binary_conv2d_3[0][0]            
__________________________________________________________________________________________________
add_1 (Add)                     (None, 32, 32, 16)   0           activation_1[0][0]               
                                                                 batch_normalization_3[0][0]      
__________________________________________________________________________________________________
activation_3 (Activation)       (None, 32, 32, 16)   0           add_1[0][0]                      
__________________________________________________________________________________________________
binary_conv2d_4 (BinaryConv2D)  (None, 32, 32, 16)   2320        activation_3[0][0]               
__________________________________________________________________________________________________
batch_normalization_4 (BatchNor (None, 32, 32, 16)   64          binary_conv2d_4[0][0]            
__________________________________________________________________________________________________
activation_4 (Activation)       (None, 32, 32, 16)   0           batch_normalization_4[0][0]      
__________________________________________________________________________________________________
binary_conv2d_5 (BinaryConv2D)  (None, 32, 32, 16)   2320        activation_4[0][0]               
__________________________________________________________________________________________________
batch_normalization_5 (BatchNor (None, 32, 32, 16)   64          binary_conv2d_5[0][0]            
__________________________________________________________________________________________________
add_2 (Add)                     (None, 32, 32, 16)   0           activation_3[0][0]               
                                                                 batch_normalization_5[0][0]      
__________________________________________________________________________________________________
activation_5 (Activation)       (None, 32, 32, 16)   0           add_2[0][0]                      
__________________________________________________________________________________________________
binary_conv2d_6 (BinaryConv2D)  (None, 32, 32, 16)   2320        activation_5[0][0]               
__________________________________________________________________________________________________
batch_normalization_6 (BatchNor (None, 32, 32, 16)   64          binary_conv2d_6[0][0]            
__________________________________________________________________________________________________
activation_6 (Activation)       (None, 32, 32, 16)   0           batch_normalization_6[0][0]      
__________________________________________________________________________________________________
binary_conv2d_7 (BinaryConv2D)  (None, 32, 32, 16)   2320        activation_6[0][0]               
__________________________________________________________________________________________________
batch_normalization_7 (BatchNor (None, 32, 32, 16)   64          binary_conv2d_7[0][0]            
__________________________________________________________________________________________________
add_3 (Add)                     (None, 32, 32, 16)   0           activation_5[0][0]               
                                                                 batch_normalization_7[0][0]      
__________________________________________________________________________________________________
activation_7 (Activation)       (None, 32, 32, 16)   0           add_3[0][0]                      
__________________________________________________________________________________________________
binary_conv2d_8 (BinaryConv2D)  (None, 32, 32, 16)   2320        activation_7[0][0]               
__________________________________________________________________________________________________
batch_normalization_8 (BatchNor (None, 32, 32, 16)   64          binary_conv2d_8[0][0]            
__________________________________________________________________________________________________
activation_8 (Activation)       (None, 32, 32, 16)   0           batch_normalization_8[0][0]      
__________________________________________________________________________________________________
binary_conv2d_9 (BinaryConv2D)  (None, 32, 32, 16)   2320        activation_8[0][0]               
__________________________________________________________________________________________________
batch_normalization_9 (BatchNor (None, 32, 32, 16)   64          binary_conv2d_9[0][0]            
__________________________________________________________________________________________________
add_4 (Add)                     (None, 32, 32, 16)   0           activation_7[0][0]               
                                                                 batch_normalization_9[0][0]      
__________________________________________________________________________________________________
activation_9 (Activation)       (None, 32, 32, 16)   0           add_4[0][0]                      
__________________________________________________________________________________________________
binary_conv2d_10 (BinaryConv2D) (None, 32, 32, 16)   2320        activation_9[0][0]               
__________________________________________________________________________________________________
batch_normalization_10 (BatchNo (None, 32, 32, 16)   64          binary_conv2d_10[0][0]           
__________________________________________________________________________________________________
activation_10 (Activation)      (None, 32, 32, 16)   0           batch_normalization_10[0][0]     
__________________________________________________________________________________________________
binary_conv2d_11 (BinaryConv2D) (None, 32, 32, 16)   2320        activation_10[0][0]              
__________________________________________________________________________________________________
batch_normalization_11 (BatchNo (None, 32, 32, 16)   64          binary_conv2d_11[0][0]           
__________________________________________________________________________________________________
add_5 (Add)                     (None, 32, 32, 16)   0           activation_9[0][0]               
                                                                 batch_normalization_11[0][0]     
__________________________________________________________________________________________________
activation_11 (Activation)      (None, 32, 32, 16)   0           add_5[0][0]                      
__________________________________________________________________________________________________
binary_conv2d_12 (BinaryConv2D) (None, 32, 32, 16)   2320        activation_11[0][0]              
__________________________________________________________________________________________________
batch_normalization_12 (BatchNo (None, 32, 32, 16)   64          binary_conv2d_12[0][0]           
__________________________________________________________________________________________________
activation_12 (Activation)      (None, 32, 32, 16)   0           batch_normalization_12[0][0]     
__________________________________________________________________________________________________
binary_conv2d_13 (BinaryConv2D) (None, 32, 32, 16)   2320        activation_12[0][0]              
__________________________________________________________________________________________________
batch_normalization_13 (BatchNo (None, 32, 32, 16)   64          binary_conv2d_13[0][0]           
__________________________________________________________________________________________________
add_6 (Add)                     (None, 32, 32, 16)   0           activation_11[0][0]              
                                                                 batch_normalization_13[0][0]     
__________________________________________________________________________________________________
activation_13 (Activation)      (None, 32, 32, 16)   0           add_6[0][0]                      
__________________________________________________________________________________________________
binary_conv2d_14 (BinaryConv2D) (None, 32, 32, 16)   2320        activation_13[0][0]              
__________________________________________________________________________________________________
batch_normalization_14 (BatchNo (None, 32, 32, 16)   64          binary_conv2d_14[0][0]           
__________________________________________________________________________________________________
activation_14 (Activation)      (None, 32, 32, 16)   0           batch_normalization_14[0][0]     
__________________________________________________________________________________________________
binary_conv2d_15 (BinaryConv2D) (None, 32, 32, 16)   2320        activation_14[0][0]              
__________________________________________________________________________________________________
batch_normalization_15 (BatchNo (None, 32, 32, 16)   64          binary_conv2d_15[0][0]           
__________________________________________________________________________________________________
add_7 (Add)                     (None, 32, 32, 16)   0           activation_13[0][0]              
                                                                 batch_normalization_15[0][0]     
__________________________________________________________________________________________________
activation_15 (Activation)      (None, 32, 32, 16)   0           add_7[0][0]                      
__________________________________________________________________________________________________
binary_conv2d_16 (BinaryConv2D) (None, 32, 32, 16)   2320        activation_15[0][0]              
__________________________________________________________________________________________________
batch_normalization_16 (BatchNo (None, 32, 32, 16)   64          binary_conv2d_16[0][0]           
__________________________________________________________________________________________________
activation_16 (Activation)      (None, 32, 32, 16)   0           batch_normalization_16[0][0]     
__________________________________________________________________________________________________
binary_conv2d_17 (BinaryConv2D) (None, 32, 32, 16)   2320        activation_16[0][0]              
__________________________________________________________________________________________________
batch_normalization_17 (BatchNo (None, 32, 32, 16)   64          binary_conv2d_17[0][0]           
__________________________________________________________________________________________________
add_8 (Add)                     (None, 32, 32, 16)   0           activation_15[0][0]              
                                                                 batch_normalization_17[0][0]     
__________________________________________________________________________________________________
activation_17 (Activation)      (None, 32, 32, 16)   0           add_8[0][0]                      
__________________________________________________________________________________________________
binary_conv2d_18 (BinaryConv2D) (None, 32, 32, 16)   2320        activation_17[0][0]              
__________________________________________________________________________________________________
batch_normalization_18 (BatchNo (None, 32, 32, 16)   64          binary_conv2d_18[0][0]           
__________________________________________________________________________________________________
activation_18 (Activation)      (None, 32, 32, 16)   0           batch_normalization_18[0][0]     
__________________________________________________________________________________________________
binary_conv2d_19 (BinaryConv2D) (None, 32, 32, 16)   2320        activation_18[0][0]              
__________________________________________________________________________________________________
batch_normalization_19 (BatchNo (None, 32, 32, 16)   64          binary_conv2d_19[0][0]           
__________________________________________________________________________________________________
add_9 (Add)                     (None, 32, 32, 16)   0           activation_17[0][0]              
                                                                 batch_normalization_19[0][0]     
__________________________________________________________________________________________________
activation_19 (Activation)      (None, 32, 32, 16)   0           add_9[0][0]                      
__________________________________________________________________________________________________
binary_conv2d_20 (BinaryConv2D) (None, 32, 32, 16)   2320        activation_19[0][0]              
__________________________________________________________________________________________________
batch_normalization_20 (BatchNo (None, 32, 32, 16)   64          binary_conv2d_20[0][0]           
__________________________________________________________________________________________________
activation_20 (Activation)      (None, 32, 32, 16)   0           batch_normalization_20[0][0]     
__________________________________________________________________________________________________
binary_conv2d_21 (BinaryConv2D) (None, 32, 32, 16)   2320        activation_20[0][0]              
__________________________________________________________________________________________________
batch_normalization_21 (BatchNo (None, 32, 32, 16)   64          binary_conv2d_21[0][0]           
__________________________________________________________________________________________________
add_10 (Add)                    (None, 32, 32, 16)   0           activation_19[0][0]              
                                                                 batch_normalization_21[0][0]     
__________________________________________________________________________________________________
activation_21 (Activation)      (None, 32, 32, 16)   0           add_10[0][0]                     
__________________________________________________________________________________________________
binary_conv2d_22 (BinaryConv2D) (None, 16, 16, 32)   4640        activation_21[0][0]              
__________________________________________________________________________________________________
batch_normalization_22 (BatchNo (None, 16, 16, 32)   128         binary_conv2d_22[0][0]           
__________________________________________________________________________________________________
activation_22 (Activation)      (None, 16, 16, 32)   0           batch_normalization_22[0][0]     
__________________________________________________________________________________________________
binary_conv2d_23 (BinaryConv2D) (None, 16, 16, 32)   9248        activation_22[0][0]              
__________________________________________________________________________________________________
binary_conv2d_24 (BinaryConv2D) (None, 16, 16, 32)   544         activation_21[0][0]              
__________________________________________________________________________________________________
batch_normalization_23 (BatchNo (None, 16, 16, 32)   128         binary_conv2d_23[0][0]           
__________________________________________________________________________________________________
add_11 (Add)                    (None, 16, 16, 32)   0           binary_conv2d_24[0][0]           
                                                                 batch_normalization_23[0][0]     
__________________________________________________________________________________________________
activation_23 (Activation)      (None, 16, 16, 32)   0           add_11[0][0]                     
__________________________________________________________________________________________________
binary_conv2d_25 (BinaryConv2D) (None, 16, 16, 32)   9248        activation_23[0][0]              
__________________________________________________________________________________________________
batch_normalization_24 (BatchNo (None, 16, 16, 32)   128         binary_conv2d_25[0][0]           
__________________________________________________________________________________________________
activation_24 (Activation)      (None, 16, 16, 32)   0           batch_normalization_24[0][0]     
__________________________________________________________________________________________________
binary_conv2d_26 (BinaryConv2D) (None, 16, 16, 32)   9248        activation_24[0][0]              
__________________________________________________________________________________________________
batch_normalization_25 (BatchNo (None, 16, 16, 32)   128         binary_conv2d_26[0][0]           
__________________________________________________________________________________________________
add_12 (Add)                    (None, 16, 16, 32)   0           activation_23[0][0]              
                                                                 batch_normalization_25[0][0]     
__________________________________________________________________________________________________
activation_25 (Activation)      (None, 16, 16, 32)   0           add_12[0][0]                     
__________________________________________________________________________________________________
binary_conv2d_27 (BinaryConv2D) (None, 16, 16, 32)   9248        activation_25[0][0]              
__________________________________________________________________________________________________
batch_normalization_26 (BatchNo (None, 16, 16, 32)   128         binary_conv2d_27[0][0]           
__________________________________________________________________________________________________
activation_26 (Activation)      (None, 16, 16, 32)   0           batch_normalization_26[0][0]     
__________________________________________________________________________________________________
binary_conv2d_28 (BinaryConv2D) (None, 16, 16, 32)   9248        activation_26[0][0]              
__________________________________________________________________________________________________
batch_normalization_27 (BatchNo (None, 16, 16, 32)   128         binary_conv2d_28[0][0]           
__________________________________________________________________________________________________
add_13 (Add)                    (None, 16, 16, 32)   0           activation_25[0][0]              
                                                                 batch_normalization_27[0][0]     
__________________________________________________________________________________________________
activation_27 (Activation)      (None, 16, 16, 32)   0           add_13[0][0]                     
__________________________________________________________________________________________________
binary_conv2d_29 (BinaryConv2D) (None, 16, 16, 32)   9248        activation_27[0][0]              
__________________________________________________________________________________________________
batch_normalization_28 (BatchNo (None, 16, 16, 32)   128         binary_conv2d_29[0][0]           
__________________________________________________________________________________________________
activation_28 (Activation)      (None, 16, 16, 32)   0           batch_normalization_28[0][0]     
__________________________________________________________________________________________________
binary_conv2d_30 (BinaryConv2D) (None, 16, 16, 32)   9248        activation_28[0][0]              
__________________________________________________________________________________________________
batch_normalization_29 (BatchNo (None, 16, 16, 32)   128         binary_conv2d_30[0][0]           
__________________________________________________________________________________________________
add_14 (Add)                    (None, 16, 16, 32)   0           activation_27[0][0]              
                                                                 batch_normalization_29[0][0]     
__________________________________________________________________________________________________
activation_29 (Activation)      (None, 16, 16, 32)   0           add_14[0][0]                     
__________________________________________________________________________________________________
binary_conv2d_31 (BinaryConv2D) (None, 16, 16, 32)   9248        activation_29[0][0]              
__________________________________________________________________________________________________
batch_normalization_30 (BatchNo (None, 16, 16, 32)   128         binary_conv2d_31[0][0]           
__________________________________________________________________________________________________
activation_30 (Activation)      (None, 16, 16, 32)   0           batch_normalization_30[0][0]     
__________________________________________________________________________________________________
binary_conv2d_32 (BinaryConv2D) (None, 16, 16, 32)   9248        activation_30[0][0]              
__________________________________________________________________________________________________
batch_normalization_31 (BatchNo (None, 16, 16, 32)   128         binary_conv2d_32[0][0]           
__________________________________________________________________________________________________
add_15 (Add)                    (None, 16, 16, 32)   0           activation_29[0][0]              
                                                                 batch_normalization_31[0][0]     
__________________________________________________________________________________________________
activation_31 (Activation)      (None, 16, 16, 32)   0           add_15[0][0]                     
__________________________________________________________________________________________________
binary_conv2d_33 (BinaryConv2D) (None, 16, 16, 32)   9248        activation_31[0][0]              
__________________________________________________________________________________________________
batch_normalization_32 (BatchNo (None, 16, 16, 32)   128         binary_conv2d_33[0][0]           
__________________________________________________________________________________________________
activation_32 (Activation)      (None, 16, 16, 32)   0           batch_normalization_32[0][0]     
__________________________________________________________________________________________________
binary_conv2d_34 (BinaryConv2D) (None, 16, 16, 32)   9248        activation_32[0][0]              
__________________________________________________________________________________________________
batch_normalization_33 (BatchNo (None, 16, 16, 32)   128         binary_conv2d_34[0][0]           
__________________________________________________________________________________________________
add_16 (Add)                    (None, 16, 16, 32)   0           activation_31[0][0]              
                                                                 batch_normalization_33[0][0]     
__________________________________________________________________________________________________
activation_33 (Activation)      (None, 16, 16, 32)   0           add_16[0][0]                     
__________________________________________________________________________________________________
binary_conv2d_35 (BinaryConv2D) (None, 16, 16, 32)   9248        activation_33[0][0]              
__________________________________________________________________________________________________
batch_normalization_34 (BatchNo (None, 16, 16, 32)   128         binary_conv2d_35[0][0]           
__________________________________________________________________________________________________
activation_34 (Activation)      (None, 16, 16, 32)   0           batch_normalization_34[0][0]     
__________________________________________________________________________________________________
binary_conv2d_36 (BinaryConv2D) (None, 16, 16, 32)   9248        activation_34[0][0]              
__________________________________________________________________________________________________
batch_normalization_35 (BatchNo (None, 16, 16, 32)   128         binary_conv2d_36[0][0]           
__________________________________________________________________________________________________
add_17 (Add)                    (None, 16, 16, 32)   0           activation_33[0][0]              
                                                                 batch_normalization_35[0][0]     
__________________________________________________________________________________________________
activation_35 (Activation)      (None, 16, 16, 32)   0           add_17[0][0]                     
__________________________________________________________________________________________________
binary_conv2d_37 (BinaryConv2D) (None, 16, 16, 32)   9248        activation_35[0][0]              
__________________________________________________________________________________________________
batch_normalization_36 (BatchNo (None, 16, 16, 32)   128         binary_conv2d_37[0][0]           
__________________________________________________________________________________________________
activation_36 (Activation)      (None, 16, 16, 32)   0           batch_normalization_36[0][0]     
__________________________________________________________________________________________________
binary_conv2d_38 (BinaryConv2D) (None, 16, 16, 32)   9248        activation_36[0][0]              
__________________________________________________________________________________________________
batch_normalization_37 (BatchNo (None, 16, 16, 32)   128         binary_conv2d_38[0][0]           
__________________________________________________________________________________________________
add_18 (Add)                    (None, 16, 16, 32)   0           activation_35[0][0]              
                                                                 batch_normalization_37[0][0]     
__________________________________________________________________________________________________
activation_37 (Activation)      (None, 16, 16, 32)   0           add_18[0][0]                     
__________________________________________________________________________________________________
binary_conv2d_39 (BinaryConv2D) (None, 16, 16, 32)   9248        activation_37[0][0]              
__________________________________________________________________________________________________
batch_normalization_38 (BatchNo (None, 16, 16, 32)   128         binary_conv2d_39[0][0]           
__________________________________________________________________________________________________
activation_38 (Activation)      (None, 16, 16, 32)   0           batch_normalization_38[0][0]     
__________________________________________________________________________________________________
binary_conv2d_40 (BinaryConv2D) (None, 16, 16, 32)   9248        activation_38[0][0]              
__________________________________________________________________________________________________
batch_normalization_39 (BatchNo (None, 16, 16, 32)   128         binary_conv2d_40[0][0]           
__________________________________________________________________________________________________
add_19 (Add)                    (None, 16, 16, 32)   0           activation_37[0][0]              
                                                                 batch_normalization_39[0][0]     
__________________________________________________________________________________________________
activation_39 (Activation)      (None, 16, 16, 32)   0           add_19[0][0]                     
__________________________________________________________________________________________________
binary_conv2d_41 (BinaryConv2D) (None, 16, 16, 32)   9248        activation_39[0][0]              
__________________________________________________________________________________________________
batch_normalization_40 (BatchNo (None, 16, 16, 32)   128         binary_conv2d_41[0][0]           
__________________________________________________________________________________________________
activation_40 (Activation)      (None, 16, 16, 32)   0           batch_normalization_40[0][0]     
__________________________________________________________________________________________________
binary_conv2d_42 (BinaryConv2D) (None, 16, 16, 32)   9248        activation_40[0][0]              
__________________________________________________________________________________________________
batch_normalization_41 (BatchNo (None, 16, 16, 32)   128         binary_conv2d_42[0][0]           
__________________________________________________________________________________________________
add_20 (Add)                    (None, 16, 16, 32)   0           activation_39[0][0]              
                                                                 batch_normalization_41[0][0]     
__________________________________________________________________________________________________
activation_41 (Activation)      (None, 16, 16, 32)   0           add_20[0][0]                     
__________________________________________________________________________________________________
binary_conv2d_43 (BinaryConv2D) (None, 8, 8, 64)     18496       activation_41[0][0]              
__________________________________________________________________________________________________
batch_normalization_42 (BatchNo (None, 8, 8, 64)     256         binary_conv2d_43[0][0]           
__________________________________________________________________________________________________
activation_42 (Activation)      (None, 8, 8, 64)     0           batch_normalization_42[0][0]     
__________________________________________________________________________________________________
binary_conv2d_44 (BinaryConv2D) (None, 8, 8, 64)     36928       activation_42[0][0]              
__________________________________________________________________________________________________
binary_conv2d_45 (BinaryConv2D) (None, 8, 8, 64)     2112        activation_41[0][0]              
__________________________________________________________________________________________________
batch_normalization_43 (BatchNo (None, 8, 8, 64)     256         binary_conv2d_44[0][0]           
__________________________________________________________________________________________________
add_21 (Add)                    (None, 8, 8, 64)     0           binary_conv2d_45[0][0]           
                                                                 batch_normalization_43[0][0]     
__________________________________________________________________________________________________
activation_43 (Activation)      (None, 8, 8, 64)     0           add_21[0][0]                     
__________________________________________________________________________________________________
binary_conv2d_46 (BinaryConv2D) (None, 8, 8, 64)     36928       activation_43[0][0]              
__________________________________________________________________________________________________
batch_normalization_44 (BatchNo (None, 8, 8, 64)     256         binary_conv2d_46[0][0]           
__________________________________________________________________________________________________
activation_44 (Activation)      (None, 8, 8, 64)     0           batch_normalization_44[0][0]     
__________________________________________________________________________________________________
binary_conv2d_47 (BinaryConv2D) (None, 8, 8, 64)     36928       activation_44[0][0]              
__________________________________________________________________________________________________
batch_normalization_45 (BatchNo (None, 8, 8, 64)     256         binary_conv2d_47[0][0]           
__________________________________________________________________________________________________
add_22 (Add)                    (None, 8, 8, 64)     0           activation_43[0][0]              
                                                                 batch_normalization_45[0][0]     
__________________________________________________________________________________________________
activation_45 (Activation)      (None, 8, 8, 64)     0           add_22[0][0]                     
__________________________________________________________________________________________________
binary_conv2d_48 (BinaryConv2D) (None, 8, 8, 64)     36928       activation_45[0][0]              
__________________________________________________________________________________________________
batch_normalization_46 (BatchNo (None, 8, 8, 64)     256         binary_conv2d_48[0][0]           
__________________________________________________________________________________________________
activation_46 (Activation)      (None, 8, 8, 64)     0           batch_normalization_46[0][0]     
__________________________________________________________________________________________________
binary_conv2d_49 (BinaryConv2D) (None, 8, 8, 64)     36928       activation_46[0][0]              
__________________________________________________________________________________________________
batch_normalization_47 (BatchNo (None, 8, 8, 64)     256         binary_conv2d_49[0][0]           
__________________________________________________________________________________________________
add_23 (Add)                    (None, 8, 8, 64)     0           activation_45[0][0]              
                                                                 batch_normalization_47[0][0]     
__________________________________________________________________________________________________
activation_47 (Activation)      (None, 8, 8, 64)     0           add_23[0][0]                     
__________________________________________________________________________________________________
binary_conv2d_50 (BinaryConv2D) (None, 8, 8, 64)     36928       activation_47[0][0]              
__________________________________________________________________________________________________
batch_normalization_48 (BatchNo (None, 8, 8, 64)     256         binary_conv2d_50[0][0]           
__________________________________________________________________________________________________
activation_48 (Activation)      (None, 8, 8, 64)     0           batch_normalization_48[0][0]     
__________________________________________________________________________________________________
binary_conv2d_51 (BinaryConv2D) (None, 8, 8, 64)     36928       activation_48[0][0]              
__________________________________________________________________________________________________
batch_normalization_49 (BatchNo (None, 8, 8, 64)     256         binary_conv2d_51[0][0]           
__________________________________________________________________________________________________
add_24 (Add)                    (None, 8, 8, 64)     0           activation_47[0][0]              
                                                                 batch_normalization_49[0][0]     
__________________________________________________________________________________________________
activation_49 (Activation)      (None, 8, 8, 64)     0           add_24[0][0]                     
__________________________________________________________________________________________________
binary_conv2d_52 (BinaryConv2D) (None, 8, 8, 64)     36928       activation_49[0][0]              
__________________________________________________________________________________________________
batch_normalization_50 (BatchNo (None, 8, 8, 64)     256         binary_conv2d_52[0][0]           
__________________________________________________________________________________________________
activation_50 (Activation)      (None, 8, 8, 64)     0           batch_normalization_50[0][0]     
__________________________________________________________________________________________________
binary_conv2d_53 (BinaryConv2D) (None, 8, 8, 64)     36928       activation_50[0][0]              
__________________________________________________________________________________________________
batch_normalization_51 (BatchNo (None, 8, 8, 64)     256         binary_conv2d_53[0][0]           
__________________________________________________________________________________________________
add_25 (Add)                    (None, 8, 8, 64)     0           activation_49[0][0]              
                                                                 batch_normalization_51[0][0]     
__________________________________________________________________________________________________
activation_51 (Activation)      (None, 8, 8, 64)     0           add_25[0][0]                     
__________________________________________________________________________________________________
binary_conv2d_54 (BinaryConv2D) (None, 8, 8, 64)     36928       activation_51[0][0]              
__________________________________________________________________________________________________
batch_normalization_52 (BatchNo (None, 8, 8, 64)     256         binary_conv2d_54[0][0]           
__________________________________________________________________________________________________
activation_52 (Activation)      (None, 8, 8, 64)     0           batch_normalization_52[0][0]     
__________________________________________________________________________________________________
binary_conv2d_55 (BinaryConv2D) (None, 8, 8, 64)     36928       activation_52[0][0]              
__________________________________________________________________________________________________
batch_normalization_53 (BatchNo (None, 8, 8, 64)     256         binary_conv2d_55[0][0]           
__________________________________________________________________________________________________
add_26 (Add)                    (None, 8, 8, 64)     0           activation_51[0][0]              
                                                                 batch_normalization_53[0][0]     
__________________________________________________________________________________________________
activation_53 (Activation)      (None, 8, 8, 64)     0           add_26[0][0]                     
__________________________________________________________________________________________________
binary_conv2d_56 (BinaryConv2D) (None, 8, 8, 64)     36928       activation_53[0][0]              
__________________________________________________________________________________________________
batch_normalization_54 (BatchNo (None, 8, 8, 64)     256         binary_conv2d_56[0][0]           
__________________________________________________________________________________________________
activation_54 (Activation)      (None, 8, 8, 64)     0           batch_normalization_54[0][0]     
__________________________________________________________________________________________________
binary_conv2d_57 (BinaryConv2D) (None, 8, 8, 64)     36928       activation_54[0][0]              
__________________________________________________________________________________________________
batch_normalization_55 (BatchNo (None, 8, 8, 64)     256         binary_conv2d_57[0][0]           
__________________________________________________________________________________________________
add_27 (Add)                    (None, 8, 8, 64)     0           activation_53[0][0]              
                                                                 batch_normalization_55[0][0]     
__________________________________________________________________________________________________
activation_55 (Activation)      (None, 8, 8, 64)     0           add_27[0][0]                     
__________________________________________________________________________________________________
binary_conv2d_58 (BinaryConv2D) (None, 8, 8, 64)     36928       activation_55[0][0]              
__________________________________________________________________________________________________
batch_normalization_56 (BatchNo (None, 8, 8, 64)     256         binary_conv2d_58[0][0]           
__________________________________________________________________________________________________
activation_56 (Activation)      (None, 8, 8, 64)     0           batch_normalization_56[0][0]     
__________________________________________________________________________________________________
binary_conv2d_59 (BinaryConv2D) (None, 8, 8, 64)     36928       activation_56[0][0]              
__________________________________________________________________________________________________
batch_normalization_57 (BatchNo (None, 8, 8, 64)     256         binary_conv2d_59[0][0]           
__________________________________________________________________________________________________
add_28 (Add)                    (None, 8, 8, 64)     0           activation_55[0][0]              
                                                                 batch_normalization_57[0][0]     
__________________________________________________________________________________________________
activation_57 (Activation)      (None, 8, 8, 64)     0           add_28[0][0]                     
__________________________________________________________________________________________________
binary_conv2d_60 (BinaryConv2D) (None, 8, 8, 64)     36928       activation_57[0][0]              
__________________________________________________________________________________________________
batch_normalization_58 (BatchNo (None, 8, 8, 64)     256         binary_conv2d_60[0][0]           
__________________________________________________________________________________________________
activation_58 (Activation)      (None, 8, 8, 64)     0           batch_normalization_58[0][0]     
__________________________________________________________________________________________________
binary_conv2d_61 (BinaryConv2D) (None, 8, 8, 64)     36928       activation_58[0][0]              
__________________________________________________________________________________________________
batch_normalization_59 (BatchNo (None, 8, 8, 64)     256         binary_conv2d_61[0][0]           
__________________________________________________________________________________________________
add_29 (Add)                    (None, 8, 8, 64)     0           activation_57[0][0]              
                                                                 batch_normalization_59[0][0]     
__________________________________________________________________________________________________
activation_59 (Activation)      (None, 8, 8, 64)     0           add_29[0][0]                     
__________________________________________________________________________________________________
binary_conv2d_62 (BinaryConv2D) (None, 8, 8, 64)     36928       activation_59[0][0]              
__________________________________________________________________________________________________
batch_normalization_60 (BatchNo (None, 8, 8, 64)     256         binary_conv2d_62[0][0]           
__________________________________________________________________________________________________
activation_60 (Activation)      (None, 8, 8, 64)     0           batch_normalization_60[0][0]     
__________________________________________________________________________________________________
binary_conv2d_63 (BinaryConv2D) (None, 8, 8, 64)     36928       activation_60[0][0]              
__________________________________________________________________________________________________
batch_normalization_61 (BatchNo (None, 8, 8, 64)     256         binary_conv2d_63[0][0]           
__________________________________________________________________________________________________
add_30 (Add)                    (None, 8, 8, 64)     0           activation_59[0][0]              
                                                                 batch_normalization_61[0][0]     
__________________________________________________________________________________________________
activation_61 (Activation)      (None, 8, 8, 64)     0           add_30[0][0]                     
__________________________________________________________________________________________________
average_pooling2d_1 (AveragePoo (None, 1, 1, 64)     0           activation_61[0][0]              
__________________________________________________________________________________________________
flatten_1 (Flatten)             (None, 64)           0           average_pooling2d_1[0][0]        
__________________________________________________________________________________________________
binary_dense_2 (BinaryDense)    (None, 10)           650         flatten_1[0][0]                  
==================================================================================================
Total params: 959,658
Trainable params: 955,146
Non-trainable params: 4,512
__________________________________________________________________________________________________
loading data

Loading CIFAR-10 dataset...
(45000, 32, 32, 3)
setting up the network and creating callbacks

Learning rate:  0.001
compiling the network

No weights preloaded, training from scratch

(re)training the network

Train on 45000 samples, validate on 5000 samples
Learning rate:  0.001
Epoch 1/200

Epoch 00001: val_acc improved from -inf to 0.10240, saving model to ./weights/CIFAR-10_qbnn_8b_4b_1_64_1_128_1_256.hdf5
 - 148s - loss: 34.0717 - acc: 0.1007 - val_loss: 33.9439 - val_acc: 0.1024
Learning rate:  0.001
Epoch 2/200

Epoch 00002: val_acc did not improve
 - 65s - loss: 33.8839 - acc: 0.1002 - val_loss: 33.9089 - val_acc: 0.1008
Learning rate:  0.001
Epoch 3/200

Epoch 00003: val_acc did not improve
 - 65s - loss: 33.7794 - acc: 0.0976 - val_loss: 33.7750 - val_acc: 0.0992
Learning rate:  0.001
Epoch 4/200

Epoch 00004: val_acc did not improve
 - 65s - loss: 33.6731 - acc: 0.0994 - val_loss: 33.6386 - val_acc: 0.0958
Learning rate:  0.001
Epoch 5/200

Epoch 00005: val_acc did not improve
 - 66s - loss: 33.5869 - acc: 0.0997 - val_loss: 33.5360 - val_acc: 0.1020
Learning rate:  0.001
Epoch 6/200

Epoch 00006: val_acc improved from 0.10240 to 0.10560, saving model to ./weights/CIFAR-10_qbnn_8b_4b_1_64_1_128_1_256.hdf5
 - 67s - loss: 33.4906 - acc: 0.0965 - val_loss: 33.4354 - val_acc: 0.1056
Learning rate:  0.001
Epoch 7/200

Epoch 00007: val_acc did not improve
 - 65s - loss: 33.3857 - acc: 0.0958 - val_loss: 33.3365 - val_acc: 0.0958
Learning rate:  0.001
Epoch 8/200

Epoch 00008: val_acc did not improve
 - 66s - loss: 33.2650 - acc: 0.1009 - val_loss: 33.2187 - val_acc: 0.0966
Learning rate:  0.001
Epoch 9/200

Epoch 00009: val_acc did not improve
 - 66s - loss: 33.1645 - acc: 0.1002 - val_loss: 33.1110 - val_acc: 0.1012
Learning rate:  0.001
Epoch 10/200

Epoch 00010: val_acc did not improve
 - 66s - loss: 33.0472 - acc: 0.1019 - val_loss: 32.9841 - val_acc: 0.0944
Learning rate:  0.001
Epoch 11/200

Epoch 00011: val_acc did not improve
 - 66s - loss: 32.9281 - acc: 0.0996 - val_loss: 32.8659 - val_acc: 0.1008
Learning rate:  0.001
Epoch 12/200

Epoch 00012: val_acc did not improve
 - 66s - loss: 32.8081 - acc: 0.0997 - val_loss: 32.7620 - val_acc: 0.1032
Learning rate:  0.001
Epoch 13/200

Epoch 00013: val_acc did not improve
 - 66s - loss: 32.6869 - acc: 0.0980 - val_loss: 32.6502 - val_acc: 0.0948
Learning rate:  0.001
Epoch 14/200

Epoch 00014: val_acc improved from 0.10560 to 0.10660, saving model to ./weights/CIFAR-10_qbnn_8b_4b_1_64_1_128_1_256.hdf5
 - 68s - loss: 32.5604 - acc: 0.1012 - val_loss: 32.4978 - val_acc: 0.1066
Learning rate:  0.001
Epoch 15/200

Epoch 00015: val_acc did not improve
 - 65s - loss: 32.4195 - acc: 0.0992 - val_loss: 32.3651 - val_acc: 0.1032
Learning rate:  0.001
Epoch 16/200

Epoch 00016: val_acc did not improve
 - 66s - loss: 32.2812 - acc: 0.1007 - val_loss: 32.2105 - val_acc: 0.0994
Learning rate:  0.001
Epoch 17/200

Epoch 00017: val_acc did not improve
 - 65s - loss: 32.1427 - acc: 0.0979 - val_loss: 32.0514 - val_acc: 0.0990
Learning rate:  0.001
Epoch 18/200

Epoch 00018: val_acc did not improve
 - 65s - loss: 31.9827 - acc: 0.1017 - val_loss: 31.9126 - val_acc: 0.0962
Learning rate:  0.001
Epoch 19/200

Epoch 00019: val_acc did not improve
 - 66s - loss: 31.8303 - acc: 0.0963 - val_loss: 31.7543 - val_acc: 0.1008
Learning rate:  0.001
Epoch 20/200

Epoch 00020: val_acc did not improve
 - 66s - loss: 31.6713 - acc: 0.1011 - val_loss: 31.6204 - val_acc: 0.0964
Learning rate:  0.001
Epoch 21/200

Epoch 00021: val_acc did not improve
 - 66s - loss: 31.4999 - acc: 0.0994 - val_loss: 31.4310 - val_acc: 0.0960
Learning rate:  0.001
Epoch 22/200

Epoch 00022: val_acc did not improve
 - 66s - loss: 31.3220 - acc: 0.0995 - val_loss: 31.2330 - val_acc: 0.1026
Learning rate:  0.001
Epoch 23/200

Epoch 00023: val_acc did not improve
 - 66s - loss: 31.1378 - acc: 0.1004 - val_loss: 31.0370 - val_acc: 0.0964
Learning rate:  0.001
Epoch 24/200

Epoch 00024: val_acc did not improve
 - 66s - loss: 30.9449 - acc: 0.0986 - val_loss: 30.8547 - val_acc: 0.0992
Learning rate:  0.001
Epoch 25/200

Epoch 00025: val_acc did not improve
 - 66s - loss: 30.7453 - acc: 0.1003 - val_loss: 30.6515 - val_acc: 0.0966
Learning rate:  0.001
Epoch 26/200

Epoch 00026: val_acc did not improve
 - 66s - loss: 30.5410 - acc: 0.1025 - val_loss: 30.4465 - val_acc: 0.1052
Learning rate:  0.001
Epoch 27/200

Epoch 00027: val_acc did not improve
 - 66s - loss: 30.3300 - acc: 0.1008 - val_loss: 30.2118 - val_acc: 0.0956
Learning rate:  0.001
Epoch 28/200

Epoch 00028: val_acc did not improve
 - 66s - loss: 30.1074 - acc: 0.0987 - val_loss: 30.0038 - val_acc: 0.0974
Learning rate:  0.001
Epoch 29/200

Epoch 00029: val_acc did not improve
 - 65s - loss: 29.8796 - acc: 0.0991 - val_loss: 29.7755 - val_acc: 0.0960
Learning rate:  0.001
Epoch 30/200

Epoch 00030: val_acc did not improve
 - 66s - loss: 29.6471 - acc: 0.1010 - val_loss: 29.5345 - val_acc: 0.0974
Learning rate:  0.001
Epoch 31/200

Epoch 00031: val_acc did not improve
 - 66s - loss: 29.4107 - acc: 0.1017 - val_loss: 29.2898 - val_acc: 0.1040
Learning rate:  0.001
Epoch 32/200

Epoch 00032: val_acc did not improve
 - 66s - loss: 29.1672 - acc: 0.1002 - val_loss: 29.0490 - val_acc: 0.0922
Learning rate:  0.001
Epoch 33/200

Epoch 00033: val_acc did not improve
 - 66s - loss: 28.9221 - acc: 0.0972 - val_loss: 28.8002 - val_acc: 0.0988
Learning rate:  0.001
Epoch 34/200

Epoch 00034: val_acc did not improve
 - 65s - loss: 28.6684 - acc: 0.1005 - val_loss: 28.5435 - val_acc: 0.1018
Learning rate:  0.001
Epoch 35/200

Epoch 00035: val_acc did not improve
 - 66s - loss: 28.4088 - acc: 0.0999 - val_loss: 28.2891 - val_acc: 0.0956
Learning rate:  0.001
Epoch 36/200

Epoch 00036: val_acc did not improve
 - 66s - loss: 28.1424 - acc: 0.0999 - val_loss: 28.0075 - val_acc: 0.1028
Learning rate:  0.001
Epoch 37/200

Epoch 00037: val_acc did not improve
 - 65s - loss: 27.8710 - acc: 0.0981 - val_loss: 27.7335 - val_acc: 0.0964
Learning rate:  0.001
Epoch 38/200

Epoch 00038: val_acc did not improve
 - 66s - loss: 27.5976 - acc: 0.0977 - val_loss: 27.4543 - val_acc: 0.1046
Learning rate:  0.001
Epoch 39/200

Epoch 00039: val_acc did not improve
 - 66s - loss: 27.3178 - acc: 0.1010 - val_loss: 27.1798 - val_acc: 0.0958
Learning rate:  0.001
Epoch 40/200

Epoch 00040: val_acc did not improve
 - 66s - loss: 27.0351 - acc: 0.1013 - val_loss: 26.8909 - val_acc: 0.1002
Learning rate:  0.001
Epoch 41/200

Epoch 00041: val_acc did not improve
 - 66s - loss: 26.7509 - acc: 0.0984 - val_loss: 26.6042 - val_acc: 0.1000
Learning rate:  0.001
Epoch 42/200

Epoch 00042: val_acc did not improve
 - 66s - loss: 26.4629 - acc: 0.1002 - val_loss: 26.3124 - val_acc: 0.0980
Learning rate:  0.001
Epoch 43/200

Epoch 00043: val_acc did not improve
 - 66s - loss: 26.1684 - acc: 0.1021 - val_loss: 26.0214 - val_acc: 0.0936
Learning rate:  0.001
Epoch 44/200

Epoch 00044: val_acc did not improve
 - 66s - loss: 25.8699 - acc: 0.0982 - val_loss: 25.7220 - val_acc: 0.0980
Learning rate:  0.001
Epoch 45/200

Epoch 00045: val_acc did not improve
 - 66s - loss: 25.5669 - acc: 0.0994 - val_loss: 25.4158 - val_acc: 0.1038
Learning rate:  0.001
Epoch 46/200

Epoch 00046: val_acc did not improve
 - 66s - loss: 25.2630 - acc: 0.0981 - val_loss: 25.1084 - val_acc: 0.0980
Learning rate:  0.001
Epoch 47/200

Epoch 00047: val_acc did not improve
 - 66s - loss: 24.9518 - acc: 0.1010 - val_loss: 24.7900 - val_acc: 0.0964
Learning rate:  0.001
Epoch 48/200

Epoch 00048: val_acc improved from 0.10660 to 0.10700, saving model to ./weights/CIFAR-10_qbnn_8b_4b_1_64_1_128_1_256.hdf5
 - 68s - loss: 24.6361 - acc: 0.0976 - val_loss: 24.4734 - val_acc: 0.1070
Learning rate:  0.001
Epoch 49/200

Epoch 00049: val_acc did not improve
 - 65s - loss: 24.3181 - acc: 0.0985 - val_loss: 24.1516 - val_acc: 0.1042
Learning rate:  0.001
Epoch 50/200

Epoch 00050: val_acc did not improve
 - 66s - loss: 23.9937 - acc: 0.0996 - val_loss: 23.8478 - val_acc: 0.0958
Learning rate:  0.001
Epoch 51/200

Epoch 00051: val_acc did not improve
 - 65s - loss: 23.6664 - acc: 0.0989 - val_loss: 23.5011 - val_acc: 0.0950
Learning rate:  0.001
Epoch 52/200

Epoch 00052: val_acc did not improve
 - 65s - loss: 23.3367 - acc: 0.0986 - val_loss: 23.1770 - val_acc: 0.0958
Learning rate:  0.001
Epoch 53/200

Epoch 00053: val_acc did not improve
 - 66s - loss: 23.0005 - acc: 0.0998 - val_loss: 22.8305 - val_acc: 0.0950
Learning rate:  0.001
Epoch 54/200

Epoch 00054: val_acc did not improve
 - 66s - loss: 22.6600 - acc: 0.0980 - val_loss: 22.4870 - val_acc: 0.0958
Learning rate:  0.001
Epoch 55/200

Epoch 00055: val_acc did not improve
 - 66s - loss: 22.3091 - acc: 0.0997 - val_loss: 22.1399 - val_acc: 0.1028
Learning rate:  0.001
Epoch 56/200

Epoch 00056: val_acc did not improve
 - 66s - loss: 21.9528 - acc: 0.1011 - val_loss: 21.7795 - val_acc: 0.0948
Learning rate:  0.001
Epoch 57/200

Epoch 00057: val_acc did not improve
 - 66s - loss: 21.5947 - acc: 0.0974 - val_loss: 21.4054 - val_acc: 0.0962
Learning rate:  0.001
Epoch 58/200

Epoch 00058: val_acc did not improve
 - 66s - loss: 21.2341 - acc: 0.1006 - val_loss: 21.0409 - val_acc: 0.0952
Learning rate:  0.001
Epoch 59/200

Epoch 00059: val_acc did not improve
 - 66s - loss: 20.8620 - acc: 0.1014 - val_loss: 20.6728 - val_acc: 0.0958
Learning rate:  0.001
Epoch 60/200

Epoch 00060: val_acc did not improve
 - 66s - loss: 20.4899 - acc: 0.1010 - val_loss: 20.3039 - val_acc: 0.0936
Learning rate:  0.001
Epoch 61/200

Epoch 00061: val_acc did not improve
 - 66s - loss: 20.1178 - acc: 0.1023 - val_loss: 19.9572 - val_acc: 0.1038
Learning rate:  0.001
Epoch 62/200

Epoch 00062: val_acc did not improve
 - 66s - loss: 19.7492 - acc: 0.0978 - val_loss: 19.5543 - val_acc: 0.0950
Learning rate:  0.001
Epoch 63/200

Epoch 00063: val_acc did not improve
 - 66s - loss: 19.3752 - acc: 0.1006 - val_loss: 19.1819 - val_acc: 0.1064
Learning rate:  0.001
Epoch 64/200

Epoch 00064: val_acc did not improve
 - 66s - loss: 19.0038 - acc: 0.0990 - val_loss: 18.8175 - val_acc: 0.0988
Learning rate:  0.001
Epoch 65/200

Epoch 00065: val_acc did not improve
 - 66s - loss: 18.6364 - acc: 0.0962 - val_loss: 18.4533 - val_acc: 0.0976
Learning rate:  0.001
Epoch 66/200

Epoch 00066: val_acc did not improve
 - 66s - loss: 18.2793 - acc: 0.1001 - val_loss: 18.1036 - val_acc: 0.1004
Learning rate:  0.001
Epoch 67/200

Epoch 00067: val_acc did not improve
 - 66s - loss: 17.9191 - acc: 0.0997 - val_loss: 17.7373 - val_acc: 0.0990
Learning rate:  0.001
Epoch 68/200

Epoch 00068: val_acc did not improve
 - 66s - loss: 17.5463 - acc: 0.0998 - val_loss: 17.3557 - val_acc: 0.0986
Learning rate:  0.001
Epoch 69/200

Epoch 00069: val_acc did not improve
 - 66s - loss: 17.1614 - acc: 0.0994 - val_loss: 16.9682 - val_acc: 0.0978
Learning rate:  0.001
Epoch 70/200

Epoch 00070: val_acc did not improve
 - 66s - loss: 16.7850 - acc: 0.0984 - val_loss: 16.5917 - val_acc: 0.0972
Learning rate:  0.001
Epoch 71/200

Epoch 00071: val_acc did not improve
 - 66s - loss: 16.4009 - acc: 0.0985 - val_loss: 16.2022 - val_acc: 0.0976
Learning rate:  0.001
Epoch 72/200

Epoch 00072: val_acc did not improve
 - 66s - loss: 16.0085 - acc: 0.0979 - val_loss: 15.8270 - val_acc: 0.1002
Learning rate:  0.001
Epoch 73/200

Epoch 00073: val_acc did not improve
 - 66s - loss: 15.6054 - acc: 0.1013 - val_loss: 15.3943 - val_acc: 0.1060
Learning rate:  0.001
Epoch 74/200

Epoch 00074: val_acc did not improve
 - 66s - loss: 15.1977 - acc: 0.0992 - val_loss: 15.0145 - val_acc: 0.0958
Learning rate:  0.001
Epoch 75/200

Epoch 00075: val_acc did not improve
 - 66s - loss: 14.8088 - acc: 0.1012 - val_loss: 14.6678 - val_acc: 0.1064
Learning rate:  0.001
Epoch 76/200

Epoch 00076: val_acc did not improve
 - 66s - loss: 14.4079 - acc: 0.1004 - val_loss: 14.2179 - val_acc: 0.0976
Learning rate:  0.001
Epoch 77/200

Epoch 00077: val_acc did not improve
 - 66s - loss: 14.0185 - acc: 0.1007 - val_loss: 13.8260 - val_acc: 0.0986
Learning rate:  0.001
Epoch 78/200

Epoch 00078: val_acc did not improve
 - 66s - loss: 13.6385 - acc: 0.0975 - val_loss: 13.4734 - val_acc: 0.1064
Learning rate:  0.001
Epoch 79/200

Epoch 00079: val_acc did not improve
 - 66s - loss: 13.2650 - acc: 0.0973 - val_loss: 13.0816 - val_acc: 0.1006
Learning rate:  0.001
Epoch 80/200

Epoch 00080: val_acc did not improve
 - 66s - loss: 12.8948 - acc: 0.0995 - val_loss: 12.7347 - val_acc: 0.0950
Learning rate:  0.001
Epoch 81/200

Epoch 00081: val_acc did not improve
 - 66s - loss: 12.5748 - acc: 0.0989 - val_loss: 12.4665 - val_acc: 0.0950
Learning rate:  0.0001
Epoch 82/200

Epoch 00082: val_acc did not improve
 - 66s - loss: 12.4084 - acc: 0.1003 - val_loss: 12.3867 - val_acc: 0.0974
Learning rate:  0.0001
Epoch 83/200

Epoch 00083: val_acc did not improve
 - 66s - loss: 12.3747 - acc: 0.0993 - val_loss: 12.3505 - val_acc: 0.1024
Learning rate:  0.0001
Epoch 84/200

Epoch 00084: val_acc did not improve
 - 66s - loss: 12.3382 - acc: 0.0991 - val_loss: 12.3123 - val_acc: 0.1058
Learning rate:  0.0001
Epoch 85/200

Epoch 00085: val_acc did not improve
 - 65s - loss: 12.2994 - acc: 0.0984 - val_loss: 12.2754 - val_acc: 0.0970
Learning rate:  0.0001
Epoch 86/200

Epoch 00086: val_acc did not improve
 - 66s - loss: 12.2547 - acc: 0.0998 - val_loss: 12.2318 - val_acc: 0.0972
Learning rate:  0.0001
Epoch 87/200

Epoch 00087: val_acc did not improve
 - 66s - loss: 12.2085 - acc: 0.1020 - val_loss: 12.1891 - val_acc: 0.0970
Learning rate:  0.0001
Epoch 88/200

Epoch 00088: val_acc did not improve
 - 66s - loss: 12.1587 - acc: 0.0996 - val_loss: 12.1291 - val_acc: 0.1058
Learning rate:  0.0001
Epoch 89/200

Epoch 00089: val_acc did not improve
 - 66s - loss: 12.1062 - acc: 0.0985 - val_loss: 12.0838 - val_acc: 0.0980
Learning rate:  0.0001
Epoch 90/200

Epoch 00090: val_acc did not improve
 - 66s - loss: 12.0587 - acc: 0.0984 - val_loss: 12.0369 - val_acc: 0.1018
Learning rate:  0.0001
Epoch 91/200

Epoch 00091: val_acc did not improve
 - 66s - loss: 12.0179 - acc: 0.0999 - val_loss: 11.9976 - val_acc: 0.0986
Learning rate:  0.0001
Epoch 92/200

Epoch 00092: val_acc did not improve
 - 66s - loss: 11.9835 - acc: 0.1013 - val_loss: 11.9728 - val_acc: 0.1020
Learning rate:  0.0001
Epoch 93/200

Epoch 00093: val_acc did not improve
 - 66s - loss: 11.9532 - acc: 0.0997 - val_loss: 11.9370 - val_acc: 0.1068
Learning rate:  0.0001
Epoch 94/200

Epoch 00094: val_acc did not improve
 - 66s - loss: 11.9276 - acc: 0.1028 - val_loss: 11.9269 - val_acc: 0.1040
Learning rate:  0.0001
Epoch 95/200

Epoch 00095: val_acc improved from 0.10700 to 0.11300, saving model to ./weights/CIFAR-10_qbnn_8b_4b_1_64_1_128_1_256.hdf5
 - 68s - loss: 11.9089 - acc: 0.1082 - val_loss: 11.9035 - val_acc: 0.1130
Learning rate:  0.0001
Epoch 96/200

Epoch 00096: val_acc did not improve
 - 66s - loss: 11.8919 - acc: 0.1159 - val_loss: 11.9549 - val_acc: 0.0992
Learning rate:  0.0001
Epoch 97/200

Epoch 00097: val_acc improved from 0.11300 to 0.11500, saving model to ./weights/CIFAR-10_qbnn_8b_4b_1_64_1_128_1_256.hdf5
 - 68s - loss: 11.8779 - acc: 0.1205 - val_loss: 11.8824 - val_acc: 0.1150
Learning rate:  0.0001
Epoch 98/200

Epoch 00098: val_acc improved from 0.11500 to 0.12040, saving model to ./weights/CIFAR-10_qbnn_8b_4b_1_64_1_128_1_256.hdf5
 - 67s - loss: 11.8663 - acc: 0.1212 - val_loss: 11.8629 - val_acc: 0.1204
Learning rate:  0.0001
Epoch 99/200

Epoch 00099: val_acc did not improve
 - 66s - loss: 11.8511 - acc: 0.1269 - val_loss: 11.8879 - val_acc: 0.1160
Learning rate:  0.0001
Epoch 100/200

Epoch 00100: val_acc improved from 0.12040 to 0.12340, saving model to ./weights/CIFAR-10_qbnn_8b_4b_1_64_1_128_1_256.hdf5
 - 68s - loss: 11.8386 - acc: 0.1339 - val_loss: 11.8565 - val_acc: 0.1234
Learning rate:  0.0001
Epoch 101/200

Epoch 00101: val_acc improved from 0.12340 to 0.14360, saving model to ./weights/CIFAR-10_qbnn_8b_4b_1_64_1_128_1_256.hdf5
 - 68s - loss: 11.8197 - acc: 0.1420 - val_loss: 11.8185 - val_acc: 0.1436
Learning rate:  0.0001
Epoch 102/200

Epoch 00102: val_acc improved from 0.14360 to 0.14500, saving model to ./weights/CIFAR-10_qbnn_8b_4b_1_64_1_128_1_256.hdf5
 - 68s - loss: 11.8103 - acc: 0.1432 - val_loss: 11.8068 - val_acc: 0.1450
Learning rate:  0.0001
Epoch 103/200

Epoch 00103: val_acc did not improve
 - 65s - loss: 11.8016 - acc: 0.1438 - val_loss: 11.8294 - val_acc: 0.1348
Learning rate:  0.0001
Epoch 104/200

Epoch 00104: val_acc improved from 0.14500 to 0.15120, saving model to ./weights/CIFAR-10_qbnn_8b_4b_1_64_1_128_1_256.hdf5
 - 68s - loss: 11.7901 - acc: 0.1479 - val_loss: 11.7984 - val_acc: 0.1512
Learning rate:  0.0001
Epoch 105/200

Epoch 00105: val_acc improved from 0.15120 to 0.16260, saving model to ./weights/CIFAR-10_qbnn_8b_4b_1_64_1_128_1_256.hdf5
 - 67s - loss: 11.7785 - acc: 0.1541 - val_loss: 11.7714 - val_acc: 0.1626
Learning rate:  0.0001
Epoch 106/200

Epoch 00106: val_acc did not improve
 - 66s - loss: 11.7675 - acc: 0.1538 - val_loss: 11.7763 - val_acc: 0.1482
Learning rate:  0.0001
Epoch 107/200

Epoch 00107: val_acc did not improve
 - 66s - loss: 11.7528 - acc: 0.1598 - val_loss: 11.7522 - val_acc: 0.1586
Learning rate:  0.0001
Epoch 108/200

Epoch 00108: val_acc did not improve
 - 66s - loss: 11.7375 - acc: 0.1644 - val_loss: 11.7427 - val_acc: 0.1606
Learning rate:  0.0001
Epoch 109/200

Epoch 00109: val_acc did not improve
 - 66s - loss: 11.7229 - acc: 0.1719 - val_loss: 11.7372 - val_acc: 0.1530
Learning rate:  0.0001
Epoch 110/200

Epoch 00110: val_acc improved from 0.16260 to 0.17460, saving model to ./weights/CIFAR-10_qbnn_8b_4b_1_64_1_128_1_256.hdf5
 - 68s - loss: 11.7172 - acc: 0.1686 - val_loss: 11.7008 - val_acc: 0.1746
Learning rate:  0.0001
Epoch 111/200

Epoch 00111: val_acc did not improve
 - 66s - loss: 11.7046 - acc: 0.1736 - val_loss: 11.7195 - val_acc: 0.1656
Learning rate:  0.0001
Epoch 112/200

Epoch 00112: val_acc improved from 0.17460 to 0.17480, saving model to ./weights/CIFAR-10_qbnn_8b_4b_1_64_1_128_1_256.hdf5
 - 68s - loss: 11.6965 - acc: 0.1746 - val_loss: 11.6927 - val_acc: 0.1748
Learning rate:  0.0001
Epoch 113/200

Epoch 00113: val_acc did not improve
 - 66s - loss: 11.6901 - acc: 0.1747 - val_loss: 11.6880 - val_acc: 0.1710
Learning rate:  0.0001
Epoch 114/200

Epoch 00114: val_acc improved from 0.17480 to 0.18300, saving model to ./weights/CIFAR-10_qbnn_8b_4b_1_64_1_128_1_256.hdf5
 - 68s - loss: 11.6782 - acc: 0.1754 - val_loss: 11.6744 - val_acc: 0.1830
Learning rate:  0.0001
Epoch 115/200

Epoch 00115: val_acc did not improve
 - 66s - loss: 11.6720 - acc: 0.1765 - val_loss: 11.6906 - val_acc: 0.1596
Learning rate:  0.0001
Epoch 116/200

Epoch 00116: val_acc improved from 0.18300 to 0.18420, saving model to ./weights/CIFAR-10_qbnn_8b_4b_1_64_1_128_1_256.hdf5
 - 68s - loss: 11.6671 - acc: 0.1743 - val_loss: 11.6607 - val_acc: 0.1842
Learning rate:  0.0001
Epoch 117/200

Epoch 00117: val_acc did not improve
 - 66s - loss: 11.6668 - acc: 0.1720 - val_loss: 11.6957 - val_acc: 0.1586
Learning rate:  0.0001
Epoch 118/200

Epoch 00118: val_acc did not improve
 - 66s - loss: 11.6563 - acc: 0.1737 - val_loss: 11.6531 - val_acc: 0.1792
Learning rate:  0.0001
Epoch 119/200

Epoch 00119: val_acc did not improve
 - 66s - loss: 11.6373 - acc: 0.1758 - val_loss: 11.6465 - val_acc: 0.1792
Learning rate:  0.0001
Epoch 120/200

Epoch 00120: val_acc improved from 0.18420 to 0.18740, saving model to ./weights/CIFAR-10_qbnn_8b_4b_1_64_1_128_1_256.hdf5
 - 68s - loss: 11.6231 - acc: 0.1828 - val_loss: 11.6183 - val_acc: 0.1874
Learning rate:  0.0001
Epoch 121/200

Epoch 00121: val_acc did not improve
 - 66s - loss: 11.6088 - acc: 0.1868 - val_loss: 11.6405 - val_acc: 0.1480
Learning rate:  1e-05
Epoch 122/200

Epoch 00122: val_acc improved from 0.18740 to 0.18960, saving model to ./weights/CIFAR-10_qbnn_8b_4b_1_64_1_128_1_256.hdf5
 - 67s - loss: 11.5991 - acc: 0.1870 - val_loss: 11.6024 - val_acc: 0.1896
Learning rate:  1e-05
Epoch 123/200

Epoch 00123: val_acc improved from 0.18960 to 0.19040, saving model to ./weights/CIFAR-10_qbnn_8b_4b_1_64_1_128_1_256.hdf5
 - 67s - loss: 11.5988 - acc: 0.1875 - val_loss: 11.5954 - val_acc: 0.1904
Learning rate:  1e-05
Epoch 124/200

Epoch 00124: val_acc did not improve
 - 65s - loss: 11.5990 - acc: 0.1898 - val_loss: 11.5971 - val_acc: 0.1898
Learning rate:  1e-05
Epoch 125/200

Epoch 00125: val_acc did not improve
 - 66s - loss: 11.5935 - acc: 0.1897 - val_loss: 11.6027 - val_acc: 0.1902
Learning rate:  1e-05
Epoch 126/200

Epoch 00126: val_acc improved from 0.19040 to 0.19500, saving model to ./weights/CIFAR-10_qbnn_8b_4b_1_64_1_128_1_256.hdf5
 - 68s - loss: 11.5938 - acc: 0.1900 - val_loss: 11.5902 - val_acc: 0.1950
Learning rate:  1e-05
Epoch 127/200

Epoch 00127: val_acc did not improve
 - 65s - loss: 11.5934 - acc: 0.1904 - val_loss: 11.5869 - val_acc: 0.1936
Learning rate:  1e-05
Epoch 128/200

Epoch 00128: val_acc did not improve
 - 66s - loss: 11.5882 - acc: 0.1897 - val_loss: 11.6082 - val_acc: 0.1912
Learning rate:  1e-05
Epoch 129/200

Epoch 00129: val_acc improved from 0.19500 to 0.20100, saving model to ./weights/CIFAR-10_qbnn_8b_4b_1_64_1_128_1_256.hdf5
 - 68s - loss: 11.5941 - acc: 0.1890 - val_loss: 11.5802 - val_acc: 0.2010
Learning rate:  1e-05
Epoch 130/200

Epoch 00130: val_acc did not improve
 - 66s - loss: 11.5895 - acc: 0.1896 - val_loss: 11.5912 - val_acc: 0.1906
Learning rate:  1e-05
Epoch 131/200

Epoch 00131: val_acc did not improve
 - 66s - loss: 11.5885 - acc: 0.1914 - val_loss: 11.5915 - val_acc: 0.1956
Learning rate:  1e-05
Epoch 132/200

Epoch 00132: val_acc did not improve
 - 66s - loss: 11.5844 - acc: 0.1878 - val_loss: 11.6015 - val_acc: 0.1836
Learning rate:  1e-05
Epoch 133/200

Epoch 00133: val_acc did not improve
 - 66s - loss: 11.5871 - acc: 0.1894 - val_loss: 11.5870 - val_acc: 0.1956
Learning rate:  1e-05
Epoch 134/200

Epoch 00134: val_acc did not improve
 - 66s - loss: 11.5881 - acc: 0.1902 - val_loss: 11.5958 - val_acc: 0.1854
Learning rate:  1e-05
Epoch 135/200

Epoch 00135: val_acc did not improve
 - 66s - loss: 11.5866 - acc: 0.1896 - val_loss: 11.5873 - val_acc: 0.1910
Learning rate:  1e-05
Epoch 136/200

Epoch 00136: val_acc did not improve
 - 66s - loss: 11.5829 - acc: 0.1917 - val_loss: 11.5814 - val_acc: 0.1934
Learning rate:  1e-05
Epoch 137/200

Epoch 00137: val_acc did not improve
 - 66s - loss: 11.5861 - acc: 0.1904 - val_loss: 11.5847 - val_acc: 0.1902
Learning rate:  1e-05
Epoch 138/200

Epoch 00138: val_acc did not improve
 - 66s - loss: 11.5848 - acc: 0.1916 - val_loss: 11.5825 - val_acc: 0.1960
Learning rate:  1e-05
Epoch 139/200

Epoch 00139: val_acc did not improve
 - 66s - loss: 11.5822 - acc: 0.1927 - val_loss: 11.5828 - val_acc: 0.1918
Learning rate:  1e-05
Epoch 140/200

Epoch 00140: val_acc improved from 0.20100 to 0.20200, saving model to ./weights/CIFAR-10_qbnn_8b_4b_1_64_1_128_1_256.hdf5
 - 68s - loss: 11.5800 - acc: 0.1924 - val_loss: 11.5710 - val_acc: 0.2020
Learning rate:  1e-05
Epoch 141/200

Epoch 00141: val_acc did not improve
 - 65s - loss: 11.5775 - acc: 0.1908 - val_loss: 11.5766 - val_acc: 0.1980
Learning rate:  1e-05
Epoch 142/200

Epoch 00142: val_acc did not improve
 - 66s - loss: 11.5740 - acc: 0.1915 - val_loss: 11.5762 - val_acc: 0.1974
Learning rate:  1e-05
Epoch 143/200

Epoch 00143: val_acc did not improve
 - 66s - loss: 11.5748 - acc: 0.1933 - val_loss: 11.5745 - val_acc: 0.1966
Learning rate:  1e-05
Epoch 144/200

Epoch 00144: val_acc did not improve
 - 66s - loss: 11.5735 - acc: 0.1951 - val_loss: 11.5900 - val_acc: 0.1874
Learning rate:  1e-05
Epoch 145/200

Epoch 00145: val_acc did not improve
 - 66s - loss: 11.5751 - acc: 0.1929 - val_loss: 11.5733 - val_acc: 0.1962
Learning rate:  1e-05
Epoch 146/200

Epoch 00146: val_acc did not improve
 - 66s - loss: 11.5742 - acc: 0.1900 - val_loss: 11.5753 - val_acc: 0.1910
Learning rate:  1e-05
Epoch 147/200

Epoch 00147: val_acc did not improve
 - 66s - loss: 11.5794 - acc: 0.1874 - val_loss: 11.5750 - val_acc: 0.1944
Learning rate:  1e-05
Epoch 148/200

Epoch 00148: val_acc did not improve
 - 66s - loss: 11.5697 - acc: 0.1933 - val_loss: 11.5737 - val_acc: 0.1922
Learning rate:  1e-05
Epoch 149/200

Epoch 00149: val_acc did not improve
 - 66s - loss: 11.5745 - acc: 0.1888 - val_loss: 11.5738 - val_acc: 0.1924
Learning rate:  1e-05
Epoch 150/200

Epoch 00150: val_acc did not improve
 - 66s - loss: 11.5719 - acc: 0.1925 - val_loss: 11.5717 - val_acc: 0.1960
Learning rate:  1e-05
Epoch 151/200

Epoch 00151: val_acc did not improve
 - 66s - loss: 11.5732 - acc: 0.1888 - val_loss: 11.5711 - val_acc: 0.1950
Learning rate:  1e-05
Epoch 152/200

Epoch 00152: val_acc did not improve
 - 66s - loss: 11.5692 - acc: 0.1946 - val_loss: 11.5590 - val_acc: 0.1956
Learning rate:  1e-05
Epoch 153/200

Epoch 00153: val_acc did not improve
 - 66s - loss: 11.5700 - acc: 0.1927 - val_loss: 11.5724 - val_acc: 0.1856
Learning rate:  1e-05
Epoch 154/200

Epoch 00154: val_acc did not improve
 - 66s - loss: 11.5718 - acc: 0.1907 - val_loss: 11.5763 - val_acc: 0.1892
Learning rate:  1e-05
Epoch 155/200

Epoch 00155: val_acc did not improve
 - 66s - loss: 11.5697 - acc: 0.1912 - val_loss: 11.5646 - val_acc: 0.1972
Learning rate:  1e-05
Epoch 156/200

Epoch 00156: val_acc did not improve
 - 66s - loss: 11.5670 - acc: 0.1922 - val_loss: 11.5815 - val_acc: 0.1842
Learning rate:  1e-05
Epoch 157/200

Epoch 00157: val_acc did not improve
 - 66s - loss: 11.5633 - acc: 0.1930 - val_loss: 11.5678 - val_acc: 0.1920
Learning rate:  1e-05
Epoch 158/200

Epoch 00158: val_acc did not improve
 - 66s - loss: 11.5644 - acc: 0.1906 - val_loss: 11.5570 - val_acc: 0.1974
Learning rate:  1e-05
Epoch 159/200

Epoch 00159: val_acc did not improve
 - 66s - loss: 11.5634 - acc: 0.1926 - val_loss: 11.5631 - val_acc: 0.1952
Learning rate:  1e-05
Epoch 160/200

Epoch 00160: val_acc did not improve
 - 66s - loss: 11.5650 - acc: 0.1906 - val_loss: 11.5655 - val_acc: 0.1928
Learning rate:  1e-05
Epoch 161/200

Epoch 00161: val_acc did not improve
 - 66s - loss: 11.5587 - acc: 0.1963 - val_loss: 11.5545 - val_acc: 0.1934
Learning rate:  1e-06
Epoch 162/200

Epoch 00162: val_acc did not improve
 - 66s - loss: 11.5597 - acc: 0.1944 - val_loss: 11.5568 - val_acc: 0.1920
Learning rate:  1e-06
Epoch 163/200

Epoch 00163: val_acc did not improve
 - 66s - loss: 11.5605 - acc: 0.1933 - val_loss: 11.5618 - val_acc: 0.1940
Learning rate:  1e-06
Epoch 164/200

Epoch 00164: val_acc did not improve
 - 66s - loss: 11.5617 - acc: 0.1924 - val_loss: 11.5567 - val_acc: 0.1932
Learning rate:  1e-06
Epoch 165/200

Epoch 00165: val_acc did not improve
 - 66s - loss: 11.5596 - acc: 0.1939 - val_loss: 11.5613 - val_acc: 0.1996
Learning rate:  1e-06
Epoch 166/200

Epoch 00166: val_acc improved from 0.20200 to 0.20640, saving model to ./weights/CIFAR-10_qbnn_8b_4b_1_64_1_128_1_256.hdf5
 - 68s - loss: 11.5598 - acc: 0.1939 - val_loss: 11.5527 - val_acc: 0.2064
Learning rate:  1e-06
Epoch 167/200

Epoch 00167: val_acc did not improve
 - 66s - loss: 11.5580 - acc: 0.1925 - val_loss: 11.5535 - val_acc: 0.1990
Learning rate:  1e-06
Epoch 168/200

Epoch 00168: val_acc did not improve
 - 66s - loss: 11.5602 - acc: 0.1940 - val_loss: 11.5508 - val_acc: 0.1968
Learning rate:  1e-06
Epoch 169/200

Epoch 00169: val_acc did not improve
 - 66s - loss: 11.5609 - acc: 0.1910 - val_loss: 11.5602 - val_acc: 0.1966
Learning rate:  1e-06
Epoch 170/200

Epoch 00170: val_acc did not improve
 - 66s - loss: 11.5581 - acc: 0.1953 - val_loss: 11.5571 - val_acc: 0.2042
Learning rate:  1e-06
Epoch 171/200

Epoch 00171: val_acc did not improve
 - 66s - loss: 11.5573 - acc: 0.1928 - val_loss: 11.5565 - val_acc: 0.2034
Learning rate:  1e-06
Epoch 172/200

Epoch 00172: val_acc improved from 0.20640 to 0.20740, saving model to ./weights/CIFAR-10_qbnn_8b_4b_1_64_1_128_1_256.hdf5
 - 68s - loss: 11.5562 - acc: 0.1950 - val_loss: 11.5481 - val_acc: 0.2074
Learning rate:  1e-06
Epoch 173/200

Epoch 00173: val_acc did not improve
 - 65s - loss: 11.5561 - acc: 0.1938 - val_loss: 11.5556 - val_acc: 0.1958
Learning rate:  1e-06
Epoch 174/200

Epoch 00174: val_acc did not improve
 - 66s - loss: 11.5596 - acc: 0.1952 - val_loss: 11.5546 - val_acc: 0.1976
Learning rate:  1e-06
Epoch 175/200

Epoch 00175: val_acc did not improve
 - 66s - loss: 11.5603 - acc: 0.1948 - val_loss: 11.5600 - val_acc: 0.1900
Learning rate:  1e-06
Epoch 176/200

Epoch 00176: val_acc did not improve
 - 66s - loss: 11.5579 - acc: 0.1951 - val_loss: 11.5572 - val_acc: 0.1942
Learning rate:  1e-06
Epoch 177/200

Epoch 00177: val_acc did not improve
 - 66s - loss: 11.5583 - acc: 0.1931 - val_loss: 11.5559 - val_acc: 0.2006
Learning rate:  1e-06
Epoch 178/200

Epoch 00178: val_acc did not improve
 - 66s - loss: 11.5593 - acc: 0.1944 - val_loss: 11.5548 - val_acc: 0.1978
Learning rate:  1e-06
Epoch 179/200

Epoch 00179: val_acc did not improve
 - 66s - loss: 11.5593 - acc: 0.1926 - val_loss: 11.5615 - val_acc: 0.1878
Learning rate:  1e-06
Epoch 180/200

Epoch 00180: val_acc did not improve
 - 66s - loss: 11.5611 - acc: 0.1929 - val_loss: 11.5598 - val_acc: 0.1994
Learning rate:  1e-06
Epoch 181/200

Epoch 00181: val_acc did not improve
 - 65s - loss: 11.5601 - acc: 0.1922 - val_loss: 11.5579 - val_acc: 0.1956
Learning rate:  5e-07
Epoch 182/200

Epoch 00182: val_acc did not improve
 - 66s - loss: 11.5598 - acc: 0.1912 - val_loss: 11.5629 - val_acc: 0.1954
Learning rate:  5e-07
Epoch 183/200

Epoch 00183: val_acc did not improve
 - 67s - loss: 11.5594 - acc: 0.1913 - val_loss: 11.5621 - val_acc: 0.1904
Learning rate:  5e-07
Epoch 184/200

Epoch 00184: val_acc did not improve
 - 65s - loss: 11.5608 - acc: 0.1906 - val_loss: 11.5594 - val_acc: 0.1992
Learning rate:  5e-07
Epoch 185/200

Epoch 00185: val_acc did not improve
 - 66s - loss: 11.5593 - acc: 0.1953 - val_loss: 11.5652 - val_acc: 0.1974
Learning rate:  5e-07
Epoch 186/200

Epoch 00186: val_acc did not improve
 - 66s - loss: 11.5580 - acc: 0.1949 - val_loss: 11.5509 - val_acc: 0.2004
Learning rate:  5e-07
Epoch 187/200

Epoch 00187: val_acc did not improve
 - 66s - loss: 11.5579 - acc: 0.1945 - val_loss: 11.5490 - val_acc: 0.1976
Learning rate:  5e-07
Epoch 188/200

Epoch 00188: val_acc did not improve
 - 66s - loss: 11.5565 - acc: 0.1940 - val_loss: 11.5648 - val_acc: 0.1960
Learning rate:  5e-07
Epoch 189/200

Epoch 00189: val_acc did not improve
 - 66s - loss: 11.5587 - acc: 0.1947 - val_loss: 11.5604 - val_acc: 0.1938
Learning rate:  5e-07
Epoch 190/200

Epoch 00190: val_acc did not improve
 - 66s - loss: 11.5576 - acc: 0.1935 - val_loss: 11.5534 - val_acc: 0.1994
Learning rate:  5e-07
Epoch 191/200

Epoch 00191: val_acc did not improve
 - 65s - loss: 11.5569 - acc: 0.1944 - val_loss: 11.5574 - val_acc: 0.1912
Learning rate:  5e-07
Epoch 192/200

Epoch 00192: val_acc did not improve
 - 66s - loss: 11.5572 - acc: 0.1921 - val_loss: 11.5594 - val_acc: 0.1978
Learning rate:  5e-07
Epoch 193/200

Epoch 00193: val_acc did not improve
 - 66s - loss: 11.5584 - acc: 0.1918 - val_loss: 11.5579 - val_acc: 0.1978
Learning rate:  5e-07
Epoch 194/200

Epoch 00194: val_acc did not improve
 - 66s - loss: 11.5583 - acc: 0.1929 - val_loss: 11.5577 - val_acc: 0.1998
Learning rate:  5e-07
Epoch 195/200

Epoch 00195: val_acc did not improve
 - 66s - loss: 11.5606 - acc: 0.1922 - val_loss: 11.5598 - val_acc: 0.1972
Learning rate:  5e-07
Epoch 196/200

Epoch 00196: val_acc did not improve
 - 66s - loss: 11.5589 - acc: 0.1944 - val_loss: 11.5544 - val_acc: 0.1992
Learning rate:  5e-07
Epoch 197/200

Epoch 00197: val_acc did not improve
 - 66s - loss: 11.5638 - acc: 0.1915 - val_loss: 11.5511 - val_acc: 0.2010
Learning rate:  5e-07
Epoch 198/200

Epoch 00198: val_acc did not improve
 - 66s - loss: 11.5582 - acc: 0.1926 - val_loss: 11.5569 - val_acc: 0.1976
Learning rate:  5e-07
Epoch 199/200

Epoch 00199: val_acc did not improve
 - 66s - loss: 11.5585 - acc: 0.1939 - val_loss: 11.5607 - val_acc: 0.1908
Learning rate:  5e-07
Epoch 200/200

Epoch 00200: val_acc did not improve
 - 66s - loss: 11.5575 - acc: 0.1920 - val_loss: 11.5572 - val_acc: 0.1970
Done

