Construct the Network

__________________________________________________________________________________________________
Layer (type)                    Output Shape         Param #     Connected to                     
==================================================================================================
input_2 (InputLayer)            (None, 32, 32, 3)    0                                            
__________________________________________________________________________________________________
binary_conv2d_1 (BinaryConv2D)  (None, 32, 32, 16)   448         input_2[0][0]                    
__________________________________________________________________________________________________
batch_normalization_1 (BatchNor (None, 32, 32, 16)   64          binary_conv2d_1[0][0]            
__________________________________________________________________________________________________
leaky_re_lu_1 (LeakyReLU)       (None, 32, 32, 16)   0           batch_normalization_1[0][0]      
__________________________________________________________________________________________________
binary_conv2d_2 (BinaryConv2D)  (None, 32, 32, 16)   2320        leaky_re_lu_1[0][0]              
__________________________________________________________________________________________________
batch_normalization_2 (BatchNor (None, 32, 32, 16)   64          binary_conv2d_2[0][0]            
__________________________________________________________________________________________________
leaky_re_lu_2 (LeakyReLU)       (None, 32, 32, 16)   0           batch_normalization_2[0][0]      
__________________________________________________________________________________________________
binary_conv2d_3 (BinaryConv2D)  (None, 32, 32, 16)   2320        leaky_re_lu_2[0][0]              
__________________________________________________________________________________________________
batch_normalization_3 (BatchNor (None, 32, 32, 16)   64          binary_conv2d_3[0][0]            
__________________________________________________________________________________________________
add_1 (Add)                     (None, 32, 32, 16)   0           leaky_re_lu_1[0][0]              
                                                                 batch_normalization_3[0][0]      
__________________________________________________________________________________________________
leaky_re_lu_3 (LeakyReLU)       (None, 32, 32, 16)   0           add_1[0][0]                      
__________________________________________________________________________________________________
binary_conv2d_4 (BinaryConv2D)  (None, 32, 32, 16)   2320        leaky_re_lu_3[0][0]              
__________________________________________________________________________________________________
batch_normalization_4 (BatchNor (None, 32, 32, 16)   64          binary_conv2d_4[0][0]            
__________________________________________________________________________________________________
leaky_re_lu_4 (LeakyReLU)       (None, 32, 32, 16)   0           batch_normalization_4[0][0]      
__________________________________________________________________________________________________
binary_conv2d_5 (BinaryConv2D)  (None, 32, 32, 16)   2320        leaky_re_lu_4[0][0]              
__________________________________________________________________________________________________
batch_normalization_5 (BatchNor (None, 32, 32, 16)   64          binary_conv2d_5[0][0]            
__________________________________________________________________________________________________
add_2 (Add)                     (None, 32, 32, 16)   0           leaky_re_lu_3[0][0]              
                                                                 batch_normalization_5[0][0]      
__________________________________________________________________________________________________
leaky_re_lu_5 (LeakyReLU)       (None, 32, 32, 16)   0           add_2[0][0]                      
__________________________________________________________________________________________________
binary_conv2d_6 (BinaryConv2D)  (None, 32, 32, 16)   2320        leaky_re_lu_5[0][0]              
__________________________________________________________________________________________________
batch_normalization_6 (BatchNor (None, 32, 32, 16)   64          binary_conv2d_6[0][0]            
__________________________________________________________________________________________________
leaky_re_lu_6 (LeakyReLU)       (None, 32, 32, 16)   0           batch_normalization_6[0][0]      
__________________________________________________________________________________________________
binary_conv2d_7 (BinaryConv2D)  (None, 32, 32, 16)   2320        leaky_re_lu_6[0][0]              
__________________________________________________________________________________________________
batch_normalization_7 (BatchNor (None, 32, 32, 16)   64          binary_conv2d_7[0][0]            
__________________________________________________________________________________________________
add_3 (Add)                     (None, 32, 32, 16)   0           leaky_re_lu_5[0][0]              
                                                                 batch_normalization_7[0][0]      
__________________________________________________________________________________________________
leaky_re_lu_7 (LeakyReLU)       (None, 32, 32, 16)   0           add_3[0][0]                      
__________________________________________________________________________________________________
binary_conv2d_8 (BinaryConv2D)  (None, 32, 32, 16)   2320        leaky_re_lu_7[0][0]              
__________________________________________________________________________________________________
batch_normalization_8 (BatchNor (None, 32, 32, 16)   64          binary_conv2d_8[0][0]            
__________________________________________________________________________________________________
leaky_re_lu_8 (LeakyReLU)       (None, 32, 32, 16)   0           batch_normalization_8[0][0]      
__________________________________________________________________________________________________
binary_conv2d_9 (BinaryConv2D)  (None, 32, 32, 16)   2320        leaky_re_lu_8[0][0]              
__________________________________________________________________________________________________
batch_normalization_9 (BatchNor (None, 32, 32, 16)   64          binary_conv2d_9[0][0]            
__________________________________________________________________________________________________
add_4 (Add)                     (None, 32, 32, 16)   0           leaky_re_lu_7[0][0]              
                                                                 batch_normalization_9[0][0]      
__________________________________________________________________________________________________
leaky_re_lu_9 (LeakyReLU)       (None, 32, 32, 16)   0           add_4[0][0]                      
__________________________________________________________________________________________________
binary_conv2d_10 (BinaryConv2D) (None, 32, 32, 16)   2320        leaky_re_lu_9[0][0]              
__________________________________________________________________________________________________
batch_normalization_10 (BatchNo (None, 32, 32, 16)   64          binary_conv2d_10[0][0]           
__________________________________________________________________________________________________
leaky_re_lu_10 (LeakyReLU)      (None, 32, 32, 16)   0           batch_normalization_10[0][0]     
__________________________________________________________________________________________________
binary_conv2d_11 (BinaryConv2D) (None, 32, 32, 16)   2320        leaky_re_lu_10[0][0]             
__________________________________________________________________________________________________
batch_normalization_11 (BatchNo (None, 32, 32, 16)   64          binary_conv2d_11[0][0]           
__________________________________________________________________________________________________
add_5 (Add)                     (None, 32, 32, 16)   0           leaky_re_lu_9[0][0]              
                                                                 batch_normalization_11[0][0]     
__________________________________________________________________________________________________
leaky_re_lu_11 (LeakyReLU)      (None, 32, 32, 16)   0           add_5[0][0]                      
__________________________________________________________________________________________________
binary_conv2d_12 (BinaryConv2D) (None, 32, 32, 16)   2320        leaky_re_lu_11[0][0]             
__________________________________________________________________________________________________
batch_normalization_12 (BatchNo (None, 32, 32, 16)   64          binary_conv2d_12[0][0]           
__________________________________________________________________________________________________
leaky_re_lu_12 (LeakyReLU)      (None, 32, 32, 16)   0           batch_normalization_12[0][0]     
__________________________________________________________________________________________________
binary_conv2d_13 (BinaryConv2D) (None, 32, 32, 16)   2320        leaky_re_lu_12[0][0]             
__________________________________________________________________________________________________
batch_normalization_13 (BatchNo (None, 32, 32, 16)   64          binary_conv2d_13[0][0]           
__________________________________________________________________________________________________
add_6 (Add)                     (None, 32, 32, 16)   0           leaky_re_lu_11[0][0]             
                                                                 batch_normalization_13[0][0]     
__________________________________________________________________________________________________
leaky_re_lu_13 (LeakyReLU)      (None, 32, 32, 16)   0           add_6[0][0]                      
__________________________________________________________________________________________________
binary_conv2d_14 (BinaryConv2D) (None, 32, 32, 16)   2320        leaky_re_lu_13[0][0]             
__________________________________________________________________________________________________
batch_normalization_14 (BatchNo (None, 32, 32, 16)   64          binary_conv2d_14[0][0]           
__________________________________________________________________________________________________
leaky_re_lu_14 (LeakyReLU)      (None, 32, 32, 16)   0           batch_normalization_14[0][0]     
__________________________________________________________________________________________________
binary_conv2d_15 (BinaryConv2D) (None, 32, 32, 16)   2320        leaky_re_lu_14[0][0]             
__________________________________________________________________________________________________
batch_normalization_15 (BatchNo (None, 32, 32, 16)   64          binary_conv2d_15[0][0]           
__________________________________________________________________________________________________
add_7 (Add)                     (None, 32, 32, 16)   0           leaky_re_lu_13[0][0]             
                                                                 batch_normalization_15[0][0]     
__________________________________________________________________________________________________
leaky_re_lu_15 (LeakyReLU)      (None, 32, 32, 16)   0           add_7[0][0]                      
__________________________________________________________________________________________________
binary_conv2d_16 (BinaryConv2D) (None, 32, 32, 16)   2320        leaky_re_lu_15[0][0]             
__________________________________________________________________________________________________
batch_normalization_16 (BatchNo (None, 32, 32, 16)   64          binary_conv2d_16[0][0]           
__________________________________________________________________________________________________
leaky_re_lu_16 (LeakyReLU)      (None, 32, 32, 16)   0           batch_normalization_16[0][0]     
__________________________________________________________________________________________________
binary_conv2d_17 (BinaryConv2D) (None, 32, 32, 16)   2320        leaky_re_lu_16[0][0]             
__________________________________________________________________________________________________
batch_normalization_17 (BatchNo (None, 32, 32, 16)   64          binary_conv2d_17[0][0]           
__________________________________________________________________________________________________
add_8 (Add)                     (None, 32, 32, 16)   0           leaky_re_lu_15[0][0]             
                                                                 batch_normalization_17[0][0]     
__________________________________________________________________________________________________
leaky_re_lu_17 (LeakyReLU)      (None, 32, 32, 16)   0           add_8[0][0]                      
__________________________________________________________________________________________________
binary_conv2d_18 (BinaryConv2D) (None, 32, 32, 16)   2320        leaky_re_lu_17[0][0]             
__________________________________________________________________________________________________
batch_normalization_18 (BatchNo (None, 32, 32, 16)   64          binary_conv2d_18[0][0]           
__________________________________________________________________________________________________
leaky_re_lu_18 (LeakyReLU)      (None, 32, 32, 16)   0           batch_normalization_18[0][0]     
__________________________________________________________________________________________________
binary_conv2d_19 (BinaryConv2D) (None, 32, 32, 16)   2320        leaky_re_lu_18[0][0]             
__________________________________________________________________________________________________
batch_normalization_19 (BatchNo (None, 32, 32, 16)   64          binary_conv2d_19[0][0]           
__________________________________________________________________________________________________
add_9 (Add)                     (None, 32, 32, 16)   0           leaky_re_lu_17[0][0]             
                                                                 batch_normalization_19[0][0]     
__________________________________________________________________________________________________
leaky_re_lu_19 (LeakyReLU)      (None, 32, 32, 16)   0           add_9[0][0]                      
__________________________________________________________________________________________________
binary_conv2d_20 (BinaryConv2D) (None, 32, 32, 16)   2320        leaky_re_lu_19[0][0]             
__________________________________________________________________________________________________
batch_normalization_20 (BatchNo (None, 32, 32, 16)   64          binary_conv2d_20[0][0]           
__________________________________________________________________________________________________
leaky_re_lu_20 (LeakyReLU)      (None, 32, 32, 16)   0           batch_normalization_20[0][0]     
__________________________________________________________________________________________________
binary_conv2d_21 (BinaryConv2D) (None, 32, 32, 16)   2320        leaky_re_lu_20[0][0]             
__________________________________________________________________________________________________
batch_normalization_21 (BatchNo (None, 32, 32, 16)   64          binary_conv2d_21[0][0]           
__________________________________________________________________________________________________
add_10 (Add)                    (None, 32, 32, 16)   0           leaky_re_lu_19[0][0]             
                                                                 batch_normalization_21[0][0]     
__________________________________________________________________________________________________
leaky_re_lu_21 (LeakyReLU)      (None, 32, 32, 16)   0           add_10[0][0]                     
__________________________________________________________________________________________________
binary_conv2d_22 (BinaryConv2D) (None, 16, 16, 32)   4640        leaky_re_lu_21[0][0]             
__________________________________________________________________________________________________
batch_normalization_22 (BatchNo (None, 16, 16, 32)   128         binary_conv2d_22[0][0]           
__________________________________________________________________________________________________
leaky_re_lu_22 (LeakyReLU)      (None, 16, 16, 32)   0           batch_normalization_22[0][0]     
__________________________________________________________________________________________________
binary_conv2d_23 (BinaryConv2D) (None, 16, 16, 32)   9248        leaky_re_lu_22[0][0]             
__________________________________________________________________________________________________
binary_conv2d_24 (BinaryConv2D) (None, 16, 16, 32)   544         leaky_re_lu_21[0][0]             
__________________________________________________________________________________________________
batch_normalization_23 (BatchNo (None, 16, 16, 32)   128         binary_conv2d_23[0][0]           
__________________________________________________________________________________________________
add_11 (Add)                    (None, 16, 16, 32)   0           binary_conv2d_24[0][0]           
                                                                 batch_normalization_23[0][0]     
__________________________________________________________________________________________________
leaky_re_lu_23 (LeakyReLU)      (None, 16, 16, 32)   0           add_11[0][0]                     
__________________________________________________________________________________________________
binary_conv2d_25 (BinaryConv2D) (None, 16, 16, 32)   9248        leaky_re_lu_23[0][0]             
__________________________________________________________________________________________________
batch_normalization_24 (BatchNo (None, 16, 16, 32)   128         binary_conv2d_25[0][0]           
__________________________________________________________________________________________________
leaky_re_lu_24 (LeakyReLU)      (None, 16, 16, 32)   0           batch_normalization_24[0][0]     
__________________________________________________________________________________________________
binary_conv2d_26 (BinaryConv2D) (None, 16, 16, 32)   9248        leaky_re_lu_24[0][0]             
__________________________________________________________________________________________________
batch_normalization_25 (BatchNo (None, 16, 16, 32)   128         binary_conv2d_26[0][0]           
__________________________________________________________________________________________________
add_12 (Add)                    (None, 16, 16, 32)   0           leaky_re_lu_23[0][0]             
                                                                 batch_normalization_25[0][0]     
__________________________________________________________________________________________________
leaky_re_lu_25 (LeakyReLU)      (None, 16, 16, 32)   0           add_12[0][0]                     
__________________________________________________________________________________________________
binary_conv2d_27 (BinaryConv2D) (None, 16, 16, 32)   9248        leaky_re_lu_25[0][0]             
__________________________________________________________________________________________________
batch_normalization_26 (BatchNo (None, 16, 16, 32)   128         binary_conv2d_27[0][0]           
__________________________________________________________________________________________________
leaky_re_lu_26 (LeakyReLU)      (None, 16, 16, 32)   0           batch_normalization_26[0][0]     
__________________________________________________________________________________________________
binary_conv2d_28 (BinaryConv2D) (None, 16, 16, 32)   9248        leaky_re_lu_26[0][0]             
__________________________________________________________________________________________________
batch_normalization_27 (BatchNo (None, 16, 16, 32)   128         binary_conv2d_28[0][0]           
__________________________________________________________________________________________________
add_13 (Add)                    (None, 16, 16, 32)   0           leaky_re_lu_25[0][0]             
                                                                 batch_normalization_27[0][0]     
__________________________________________________________________________________________________
leaky_re_lu_27 (LeakyReLU)      (None, 16, 16, 32)   0           add_13[0][0]                     
__________________________________________________________________________________________________
binary_conv2d_29 (BinaryConv2D) (None, 16, 16, 32)   9248        leaky_re_lu_27[0][0]             
__________________________________________________________________________________________________
batch_normalization_28 (BatchNo (None, 16, 16, 32)   128         binary_conv2d_29[0][0]           
__________________________________________________________________________________________________
leaky_re_lu_28 (LeakyReLU)      (None, 16, 16, 32)   0           batch_normalization_28[0][0]     
__________________________________________________________________________________________________
binary_conv2d_30 (BinaryConv2D) (None, 16, 16, 32)   9248        leaky_re_lu_28[0][0]             
__________________________________________________________________________________________________
batch_normalization_29 (BatchNo (None, 16, 16, 32)   128         binary_conv2d_30[0][0]           
__________________________________________________________________________________________________
add_14 (Add)                    (None, 16, 16, 32)   0           leaky_re_lu_27[0][0]             
                                                                 batch_normalization_29[0][0]     
__________________________________________________________________________________________________
leaky_re_lu_29 (LeakyReLU)      (None, 16, 16, 32)   0           add_14[0][0]                     
__________________________________________________________________________________________________
binary_conv2d_31 (BinaryConv2D) (None, 16, 16, 32)   9248        leaky_re_lu_29[0][0]             
__________________________________________________________________________________________________
batch_normalization_30 (BatchNo (None, 16, 16, 32)   128         binary_conv2d_31[0][0]           
__________________________________________________________________________________________________
leaky_re_lu_30 (LeakyReLU)      (None, 16, 16, 32)   0           batch_normalization_30[0][0]     
__________________________________________________________________________________________________
binary_conv2d_32 (BinaryConv2D) (None, 16, 16, 32)   9248        leaky_re_lu_30[0][0]             
__________________________________________________________________________________________________
batch_normalization_31 (BatchNo (None, 16, 16, 32)   128         binary_conv2d_32[0][0]           
__________________________________________________________________________________________________
add_15 (Add)                    (None, 16, 16, 32)   0           leaky_re_lu_29[0][0]             
                                                                 batch_normalization_31[0][0]     
__________________________________________________________________________________________________
leaky_re_lu_31 (LeakyReLU)      (None, 16, 16, 32)   0           add_15[0][0]                     
__________________________________________________________________________________________________
binary_conv2d_33 (BinaryConv2D) (None, 16, 16, 32)   9248        leaky_re_lu_31[0][0]             
__________________________________________________________________________________________________
batch_normalization_32 (BatchNo (None, 16, 16, 32)   128         binary_conv2d_33[0][0]           
__________________________________________________________________________________________________
leaky_re_lu_32 (LeakyReLU)      (None, 16, 16, 32)   0           batch_normalization_32[0][0]     
__________________________________________________________________________________________________
binary_conv2d_34 (BinaryConv2D) (None, 16, 16, 32)   9248        leaky_re_lu_32[0][0]             
__________________________________________________________________________________________________
batch_normalization_33 (BatchNo (None, 16, 16, 32)   128         binary_conv2d_34[0][0]           
__________________________________________________________________________________________________
add_16 (Add)                    (None, 16, 16, 32)   0           leaky_re_lu_31[0][0]             
                                                                 batch_normalization_33[0][0]     
__________________________________________________________________________________________________
leaky_re_lu_33 (LeakyReLU)      (None, 16, 16, 32)   0           add_16[0][0]                     
__________________________________________________________________________________________________
binary_conv2d_35 (BinaryConv2D) (None, 16, 16, 32)   9248        leaky_re_lu_33[0][0]             
__________________________________________________________________________________________________
batch_normalization_34 (BatchNo (None, 16, 16, 32)   128         binary_conv2d_35[0][0]           
__________________________________________________________________________________________________
leaky_re_lu_34 (LeakyReLU)      (None, 16, 16, 32)   0           batch_normalization_34[0][0]     
__________________________________________________________________________________________________
binary_conv2d_36 (BinaryConv2D) (None, 16, 16, 32)   9248        leaky_re_lu_34[0][0]             
__________________________________________________________________________________________________
batch_normalization_35 (BatchNo (None, 16, 16, 32)   128         binary_conv2d_36[0][0]           
__________________________________________________________________________________________________
add_17 (Add)                    (None, 16, 16, 32)   0           leaky_re_lu_33[0][0]             
                                                                 batch_normalization_35[0][0]     
__________________________________________________________________________________________________
leaky_re_lu_35 (LeakyReLU)      (None, 16, 16, 32)   0           add_17[0][0]                     
__________________________________________________________________________________________________
binary_conv2d_37 (BinaryConv2D) (None, 16, 16, 32)   9248        leaky_re_lu_35[0][0]             
__________________________________________________________________________________________________
batch_normalization_36 (BatchNo (None, 16, 16, 32)   128         binary_conv2d_37[0][0]           
__________________________________________________________________________________________________
leaky_re_lu_36 (LeakyReLU)      (None, 16, 16, 32)   0           batch_normalization_36[0][0]     
__________________________________________________________________________________________________
binary_conv2d_38 (BinaryConv2D) (None, 16, 16, 32)   9248        leaky_re_lu_36[0][0]             
__________________________________________________________________________________________________
batch_normalization_37 (BatchNo (None, 16, 16, 32)   128         binary_conv2d_38[0][0]           
__________________________________________________________________________________________________
add_18 (Add)                    (None, 16, 16, 32)   0           leaky_re_lu_35[0][0]             
                                                                 batch_normalization_37[0][0]     
__________________________________________________________________________________________________
leaky_re_lu_37 (LeakyReLU)      (None, 16, 16, 32)   0           add_18[0][0]                     
__________________________________________________________________________________________________
binary_conv2d_39 (BinaryConv2D) (None, 16, 16, 32)   9248        leaky_re_lu_37[0][0]             
__________________________________________________________________________________________________
batch_normalization_38 (BatchNo (None, 16, 16, 32)   128         binary_conv2d_39[0][0]           
__________________________________________________________________________________________________
leaky_re_lu_38 (LeakyReLU)      (None, 16, 16, 32)   0           batch_normalization_38[0][0]     
__________________________________________________________________________________________________
binary_conv2d_40 (BinaryConv2D) (None, 16, 16, 32)   9248        leaky_re_lu_38[0][0]             
__________________________________________________________________________________________________
batch_normalization_39 (BatchNo (None, 16, 16, 32)   128         binary_conv2d_40[0][0]           
__________________________________________________________________________________________________
add_19 (Add)                    (None, 16, 16, 32)   0           leaky_re_lu_37[0][0]             
                                                                 batch_normalization_39[0][0]     
__________________________________________________________________________________________________
leaky_re_lu_39 (LeakyReLU)      (None, 16, 16, 32)   0           add_19[0][0]                     
__________________________________________________________________________________________________
binary_conv2d_41 (BinaryConv2D) (None, 16, 16, 32)   9248        leaky_re_lu_39[0][0]             
__________________________________________________________________________________________________
batch_normalization_40 (BatchNo (None, 16, 16, 32)   128         binary_conv2d_41[0][0]           
__________________________________________________________________________________________________
leaky_re_lu_40 (LeakyReLU)      (None, 16, 16, 32)   0           batch_normalization_40[0][0]     
__________________________________________________________________________________________________
binary_conv2d_42 (BinaryConv2D) (None, 16, 16, 32)   9248        leaky_re_lu_40[0][0]             
__________________________________________________________________________________________________
batch_normalization_41 (BatchNo (None, 16, 16, 32)   128         binary_conv2d_42[0][0]           
__________________________________________________________________________________________________
add_20 (Add)                    (None, 16, 16, 32)   0           leaky_re_lu_39[0][0]             
                                                                 batch_normalization_41[0][0]     
__________________________________________________________________________________________________
leaky_re_lu_41 (LeakyReLU)      (None, 16, 16, 32)   0           add_20[0][0]                     
__________________________________________________________________________________________________
binary_conv2d_43 (BinaryConv2D) (None, 8, 8, 64)     18496       leaky_re_lu_41[0][0]             
__________________________________________________________________________________________________
batch_normalization_42 (BatchNo (None, 8, 8, 64)     256         binary_conv2d_43[0][0]           
__________________________________________________________________________________________________
leaky_re_lu_42 (LeakyReLU)      (None, 8, 8, 64)     0           batch_normalization_42[0][0]     
__________________________________________________________________________________________________
binary_conv2d_44 (BinaryConv2D) (None, 8, 8, 64)     36928       leaky_re_lu_42[0][0]             
__________________________________________________________________________________________________
binary_conv2d_45 (BinaryConv2D) (None, 8, 8, 64)     2112        leaky_re_lu_41[0][0]             
__________________________________________________________________________________________________
batch_normalization_43 (BatchNo (None, 8, 8, 64)     256         binary_conv2d_44[0][0]           
__________________________________________________________________________________________________
add_21 (Add)                    (None, 8, 8, 64)     0           binary_conv2d_45[0][0]           
                                                                 batch_normalization_43[0][0]     
__________________________________________________________________________________________________
leaky_re_lu_43 (LeakyReLU)      (None, 8, 8, 64)     0           add_21[0][0]                     
__________________________________________________________________________________________________
binary_conv2d_46 (BinaryConv2D) (None, 8, 8, 64)     36928       leaky_re_lu_43[0][0]             
__________________________________________________________________________________________________
batch_normalization_44 (BatchNo (None, 8, 8, 64)     256         binary_conv2d_46[0][0]           
__________________________________________________________________________________________________
leaky_re_lu_44 (LeakyReLU)      (None, 8, 8, 64)     0           batch_normalization_44[0][0]     
__________________________________________________________________________________________________
binary_conv2d_47 (BinaryConv2D) (None, 8, 8, 64)     36928       leaky_re_lu_44[0][0]             
__________________________________________________________________________________________________
batch_normalization_45 (BatchNo (None, 8, 8, 64)     256         binary_conv2d_47[0][0]           
__________________________________________________________________________________________________
add_22 (Add)                    (None, 8, 8, 64)     0           leaky_re_lu_43[0][0]             
                                                                 batch_normalization_45[0][0]     
__________________________________________________________________________________________________
leaky_re_lu_45 (LeakyReLU)      (None, 8, 8, 64)     0           add_22[0][0]                     
__________________________________________________________________________________________________
binary_conv2d_48 (BinaryConv2D) (None, 8, 8, 64)     36928       leaky_re_lu_45[0][0]             
__________________________________________________________________________________________________
batch_normalization_46 (BatchNo (None, 8, 8, 64)     256         binary_conv2d_48[0][0]           
__________________________________________________________________________________________________
leaky_re_lu_46 (LeakyReLU)      (None, 8, 8, 64)     0           batch_normalization_46[0][0]     
__________________________________________________________________________________________________
binary_conv2d_49 (BinaryConv2D) (None, 8, 8, 64)     36928       leaky_re_lu_46[0][0]             
__________________________________________________________________________________________________
batch_normalization_47 (BatchNo (None, 8, 8, 64)     256         binary_conv2d_49[0][0]           
__________________________________________________________________________________________________
add_23 (Add)                    (None, 8, 8, 64)     0           leaky_re_lu_45[0][0]             
                                                                 batch_normalization_47[0][0]     
__________________________________________________________________________________________________
leaky_re_lu_47 (LeakyReLU)      (None, 8, 8, 64)     0           add_23[0][0]                     
__________________________________________________________________________________________________
binary_conv2d_50 (BinaryConv2D) (None, 8, 8, 64)     36928       leaky_re_lu_47[0][0]             
__________________________________________________________________________________________________
batch_normalization_48 (BatchNo (None, 8, 8, 64)     256         binary_conv2d_50[0][0]           
__________________________________________________________________________________________________
leaky_re_lu_48 (LeakyReLU)      (None, 8, 8, 64)     0           batch_normalization_48[0][0]     
__________________________________________________________________________________________________
binary_conv2d_51 (BinaryConv2D) (None, 8, 8, 64)     36928       leaky_re_lu_48[0][0]             
__________________________________________________________________________________________________
batch_normalization_49 (BatchNo (None, 8, 8, 64)     256         binary_conv2d_51[0][0]           
__________________________________________________________________________________________________
add_24 (Add)                    (None, 8, 8, 64)     0           leaky_re_lu_47[0][0]             
                                                                 batch_normalization_49[0][0]     
__________________________________________________________________________________________________
leaky_re_lu_49 (LeakyReLU)      (None, 8, 8, 64)     0           add_24[0][0]                     
__________________________________________________________________________________________________
binary_conv2d_52 (BinaryConv2D) (None, 8, 8, 64)     36928       leaky_re_lu_49[0][0]             
__________________________________________________________________________________________________
batch_normalization_50 (BatchNo (None, 8, 8, 64)     256         binary_conv2d_52[0][0]           
__________________________________________________________________________________________________
leaky_re_lu_50 (LeakyReLU)      (None, 8, 8, 64)     0           batch_normalization_50[0][0]     
__________________________________________________________________________________________________
binary_conv2d_53 (BinaryConv2D) (None, 8, 8, 64)     36928       leaky_re_lu_50[0][0]             
__________________________________________________________________________________________________
batch_normalization_51 (BatchNo (None, 8, 8, 64)     256         binary_conv2d_53[0][0]           
__________________________________________________________________________________________________
add_25 (Add)                    (None, 8, 8, 64)     0           leaky_re_lu_49[0][0]             
                                                                 batch_normalization_51[0][0]     
__________________________________________________________________________________________________
leaky_re_lu_51 (LeakyReLU)      (None, 8, 8, 64)     0           add_25[0][0]                     
__________________________________________________________________________________________________
binary_conv2d_54 (BinaryConv2D) (None, 8, 8, 64)     36928       leaky_re_lu_51[0][0]             
__________________________________________________________________________________________________
batch_normalization_52 (BatchNo (None, 8, 8, 64)     256         binary_conv2d_54[0][0]           
__________________________________________________________________________________________________
leaky_re_lu_52 (LeakyReLU)      (None, 8, 8, 64)     0           batch_normalization_52[0][0]     
__________________________________________________________________________________________________
binary_conv2d_55 (BinaryConv2D) (None, 8, 8, 64)     36928       leaky_re_lu_52[0][0]             
__________________________________________________________________________________________________
batch_normalization_53 (BatchNo (None, 8, 8, 64)     256         binary_conv2d_55[0][0]           
__________________________________________________________________________________________________
add_26 (Add)                    (None, 8, 8, 64)     0           leaky_re_lu_51[0][0]             
                                                                 batch_normalization_53[0][0]     
__________________________________________________________________________________________________
leaky_re_lu_53 (LeakyReLU)      (None, 8, 8, 64)     0           add_26[0][0]                     
__________________________________________________________________________________________________
binary_conv2d_56 (BinaryConv2D) (None, 8, 8, 64)     36928       leaky_re_lu_53[0][0]             
__________________________________________________________________________________________________
batch_normalization_54 (BatchNo (None, 8, 8, 64)     256         binary_conv2d_56[0][0]           
__________________________________________________________________________________________________
leaky_re_lu_54 (LeakyReLU)      (None, 8, 8, 64)     0           batch_normalization_54[0][0]     
__________________________________________________________________________________________________
binary_conv2d_57 (BinaryConv2D) (None, 8, 8, 64)     36928       leaky_re_lu_54[0][0]             
__________________________________________________________________________________________________
batch_normalization_55 (BatchNo (None, 8, 8, 64)     256         binary_conv2d_57[0][0]           
__________________________________________________________________________________________________
add_27 (Add)                    (None, 8, 8, 64)     0           leaky_re_lu_53[0][0]             
                                                                 batch_normalization_55[0][0]     
__________________________________________________________________________________________________
leaky_re_lu_55 (LeakyReLU)      (None, 8, 8, 64)     0           add_27[0][0]                     
__________________________________________________________________________________________________
binary_conv2d_58 (BinaryConv2D) (None, 8, 8, 64)     36928       leaky_re_lu_55[0][0]             
__________________________________________________________________________________________________
batch_normalization_56 (BatchNo (None, 8, 8, 64)     256         binary_conv2d_58[0][0]           
__________________________________________________________________________________________________
leaky_re_lu_56 (LeakyReLU)      (None, 8, 8, 64)     0           batch_normalization_56[0][0]     
__________________________________________________________________________________________________
binary_conv2d_59 (BinaryConv2D) (None, 8, 8, 64)     36928       leaky_re_lu_56[0][0]             
__________________________________________________________________________________________________
batch_normalization_57 (BatchNo (None, 8, 8, 64)     256         binary_conv2d_59[0][0]           
__________________________________________________________________________________________________
add_28 (Add)                    (None, 8, 8, 64)     0           leaky_re_lu_55[0][0]             
                                                                 batch_normalization_57[0][0]     
__________________________________________________________________________________________________
leaky_re_lu_57 (LeakyReLU)      (None, 8, 8, 64)     0           add_28[0][0]                     
__________________________________________________________________________________________________
binary_conv2d_60 (BinaryConv2D) (None, 8, 8, 64)     36928       leaky_re_lu_57[0][0]             
__________________________________________________________________________________________________
batch_normalization_58 (BatchNo (None, 8, 8, 64)     256         binary_conv2d_60[0][0]           
__________________________________________________________________________________________________
leaky_re_lu_58 (LeakyReLU)      (None, 8, 8, 64)     0           batch_normalization_58[0][0]     
__________________________________________________________________________________________________
binary_conv2d_61 (BinaryConv2D) (None, 8, 8, 64)     36928       leaky_re_lu_58[0][0]             
__________________________________________________________________________________________________
batch_normalization_59 (BatchNo (None, 8, 8, 64)     256         binary_conv2d_61[0][0]           
__________________________________________________________________________________________________
add_29 (Add)                    (None, 8, 8, 64)     0           leaky_re_lu_57[0][0]             
                                                                 batch_normalization_59[0][0]     
__________________________________________________________________________________________________
leaky_re_lu_59 (LeakyReLU)      (None, 8, 8, 64)     0           add_29[0][0]                     
__________________________________________________________________________________________________
binary_conv2d_62 (BinaryConv2D) (None, 8, 8, 64)     36928       leaky_re_lu_59[0][0]             
__________________________________________________________________________________________________
batch_normalization_60 (BatchNo (None, 8, 8, 64)     256         binary_conv2d_62[0][0]           
__________________________________________________________________________________________________
leaky_re_lu_60 (LeakyReLU)      (None, 8, 8, 64)     0           batch_normalization_60[0][0]     
__________________________________________________________________________________________________
binary_conv2d_63 (BinaryConv2D) (None, 8, 8, 64)     36928       leaky_re_lu_60[0][0]             
__________________________________________________________________________________________________
batch_normalization_61 (BatchNo (None, 8, 8, 64)     256         binary_conv2d_63[0][0]           
__________________________________________________________________________________________________
add_30 (Add)                    (None, 8, 8, 64)     0           leaky_re_lu_59[0][0]             
                                                                 batch_normalization_61[0][0]     
__________________________________________________________________________________________________
leaky_re_lu_61 (LeakyReLU)      (None, 8, 8, 64)     0           add_30[0][0]                     
__________________________________________________________________________________________________
average_pooling2d_1 (AveragePoo (None, 1, 1, 64)     0           leaky_re_lu_61[0][0]             
__________________________________________________________________________________________________
flatten_1 (Flatten)             (None, 64)           0           average_pooling2d_1[0][0]        
__________________________________________________________________________________________________
binary_dense_2 (BinaryDense)    (None, 10)           650         flatten_1[0][0]                  
==================================================================================================
Total params: 959,658
Trainable params: 955,146
Non-trainable params: 4,512
__________________________________________________________________________________________________
loading data

Loading CIFAR-10 dataset...
(45000, 32, 32, 3)
setting up the network and creating callbacks

Learning rate:  0.001
compiling the network

No weights preloaded, training from scratch

(re)training the network

Train on 45000 samples, validate on 5000 samples
Learning rate:  0.001
Epoch 1/200

Epoch 00001: val_acc improved from -inf to 0.18080, saving model to ./weights/CIFAR-10_bnn_8b_4b_1_64_1_128_1_256.hdf5
 - 134s - loss: 42.9599 - acc: 0.2000 - val_loss: 42.1262 - val_acc: 0.1808
Learning rate:  0.001
Epoch 2/200

Epoch 00002: val_acc improved from 0.18080 to 0.23460, saving model to ./weights/CIFAR-10_bnn_8b_4b_1_64_1_128_1_256.hdf5
 - 54s - loss: 40.0657 - acc: 0.2394 - val_loss: 39.4751 - val_acc: 0.2346
Learning rate:  0.001
Epoch 3/200

Epoch 00003: val_acc improved from 0.23460 to 0.24980, saving model to ./weights/CIFAR-10_bnn_8b_4b_1_64_1_128_1_256.hdf5
 - 55s - loss: 37.7644 - acc: 0.2728 - val_loss: 37.9692 - val_acc: 0.2498
Learning rate:  0.001
Epoch 4/200

Epoch 00004: val_acc did not improve
 - 53s - loss: 37.0856 - acc: 0.2665 - val_loss: 37.6573 - val_acc: 0.1874
Learning rate:  0.001
Epoch 5/200

Epoch 00005: val_acc did not improve
 - 53s - loss: 36.6197 - acc: 0.2479 - val_loss: 37.2420 - val_acc: 0.2064
Learning rate:  0.001
Epoch 6/200

Epoch 00006: val_acc did not improve
 - 53s - loss: 35.5647 - acc: 0.2686 - val_loss: 35.2950 - val_acc: 0.2468
Learning rate:  0.001
Epoch 7/200

Epoch 00007: val_acc did not improve
 - 53s - loss: 33.4402 - acc: 0.2730 - val_loss: 33.0986 - val_acc: 0.2438
Learning rate:  0.001
Epoch 8/200

Epoch 00008: val_acc did not improve
 - 53s - loss: 30.4491 - acc: 0.3035 - val_loss: 30.2729 - val_acc: 0.2278
Learning rate:  0.001
Epoch 9/200

Epoch 00009: val_acc improved from 0.24980 to 0.34980, saving model to ./weights/CIFAR-10_bnn_8b_4b_1_64_1_128_1_256.hdf5
 - 55s - loss: 29.0410 - acc: 0.3440 - val_loss: 28.7094 - val_acc: 0.3498
Learning rate:  0.001
Epoch 10/200

Epoch 00010: val_acc did not improve
 - 53s - loss: 28.5688 - acc: 0.3597 - val_loss: 28.3606 - val_acc: 0.3038
Learning rate:  0.001
Epoch 11/200

Epoch 00011: val_acc improved from 0.34980 to 0.37260, saving model to ./weights/CIFAR-10_bnn_8b_4b_1_64_1_128_1_256.hdf5
 - 55s - loss: 28.0632 - acc: 0.3712 - val_loss: 27.7612 - val_acc: 0.3726
Learning rate:  0.001
Epoch 12/200

Epoch 00012: val_acc did not improve
 - 53s - loss: 27.7062 - acc: 0.3720 - val_loss: 27.4796 - val_acc: 0.3470
Learning rate:  0.001
Epoch 13/200

Epoch 00013: val_acc improved from 0.37260 to 0.38160, saving model to ./weights/CIFAR-10_bnn_8b_4b_1_64_1_128_1_256.hdf5
 - 55s - loss: 26.1524 - acc: 0.3873 - val_loss: 25.6707 - val_acc: 0.3816
Learning rate:  0.001
Epoch 14/200

Epoch 00014: val_acc did not improve
 - 53s - loss: 25.3853 - acc: 0.4211 - val_loss: 25.3184 - val_acc: 0.3786
Learning rate:  0.001
Epoch 15/200

Epoch 00015: val_acc improved from 0.38160 to 0.39100, saving model to ./weights/CIFAR-10_bnn_8b_4b_1_64_1_128_1_256.hdf5
 - 55s - loss: 24.9699 - acc: 0.4383 - val_loss: 24.8203 - val_acc: 0.3910
Learning rate:  0.001
Epoch 16/200

Epoch 00016: val_acc did not improve
 - 53s - loss: 24.5092 - acc: 0.4497 - val_loss: 24.5133 - val_acc: 0.3846
Learning rate:  0.001
Epoch 17/200

Epoch 00017: val_acc did not improve
 - 53s - loss: 24.0778 - acc: 0.4612 - val_loss: 24.1898 - val_acc: 0.3684
Learning rate:  0.001
Epoch 18/200

Epoch 00018: val_acc did not improve
 - 53s - loss: 23.6531 - acc: 0.4645 - val_loss: 23.6758 - val_acc: 0.3746
Learning rate:  0.001
Epoch 19/200

Epoch 00019: val_acc improved from 0.39100 to 0.45940, saving model to ./weights/CIFAR-10_bnn_8b_4b_1_64_1_128_1_256.hdf5
 - 55s - loss: 23.1871 - acc: 0.4794 - val_loss: 23.0094 - val_acc: 0.4594
Learning rate:  0.001
Epoch 20/200

Epoch 00020: val_acc did not improve
 - 53s - loss: 22.7599 - acc: 0.4810 - val_loss: 22.8999 - val_acc: 0.3814
Learning rate:  0.001
Epoch 21/200

Epoch 00021: val_acc did not improve
 - 53s - loss: 22.3114 - acc: 0.4914 - val_loss: 22.1956 - val_acc: 0.4456
Learning rate:  0.001
Epoch 22/200

Epoch 00022: val_acc did not improve
 - 53s - loss: 21.8446 - acc: 0.5019 - val_loss: 22.0760 - val_acc: 0.3744
Learning rate:  0.001
Epoch 23/200

Epoch 00023: val_acc did not improve
 - 53s - loss: 21.4015 - acc: 0.5112 - val_loss: 21.3465 - val_acc: 0.4576
Learning rate:  0.001
Epoch 24/200

Epoch 00024: val_acc did not improve
 - 53s - loss: 20.9541 - acc: 0.5201 - val_loss: 20.9366 - val_acc: 0.4516
Learning rate:  0.001
Epoch 25/200

Epoch 00025: val_acc improved from 0.45940 to 0.46600, saving model to ./weights/CIFAR-10_bnn_8b_4b_1_64_1_128_1_256.hdf5
 - 55s - loss: 20.5149 - acc: 0.5282 - val_loss: 20.4678 - val_acc: 0.4660
Learning rate:  0.001
Epoch 26/200

Epoch 00026: val_acc did not improve
 - 53s - loss: 20.0703 - acc: 0.5343 - val_loss: 20.3352 - val_acc: 0.4172
Learning rate:  0.001
Epoch 27/200

Epoch 00027: val_acc did not improve
 - 53s - loss: 19.6463 - acc: 0.5431 - val_loss: 19.6718 - val_acc: 0.4606
Learning rate:  0.001
Epoch 28/200

Epoch 00028: val_acc did not improve
 - 53s - loss: 18.2738 - acc: 0.5444 - val_loss: 17.3779 - val_acc: 0.3726
Learning rate:  0.001
Epoch 29/200

Epoch 00029: val_acc improved from 0.46600 to 0.54520, saving model to ./weights/CIFAR-10_bnn_8b_4b_1_64_1_128_1_256.hdf5
 - 55s - loss: 16.1190 - acc: 0.6016 - val_loss: 16.1578 - val_acc: 0.5452
Learning rate:  0.001
Epoch 30/200

Epoch 00030: val_acc did not improve
 - 53s - loss: 15.7251 - acc: 0.6274 - val_loss: 16.0614 - val_acc: 0.5066
Learning rate:  0.001
Epoch 31/200

Epoch 00031: val_acc did not improve
 - 53s - loss: 15.3758 - acc: 0.6411 - val_loss: 15.7658 - val_acc: 0.5228
Learning rate:  0.001
Epoch 32/200

Epoch 00032: val_acc improved from 0.54520 to 0.56960, saving model to ./weights/CIFAR-10_bnn_8b_4b_1_64_1_128_1_256.hdf5
 - 55s - loss: 15.0384 - acc: 0.6563 - val_loss: 15.1737 - val_acc: 0.5696
Learning rate:  0.001
Epoch 33/200

Epoch 00033: val_acc improved from 0.56960 to 0.57260, saving model to ./weights/CIFAR-10_bnn_8b_4b_1_64_1_128_1_256.hdf5
 - 55s - loss: 14.7298 - acc: 0.6650 - val_loss: 14.8713 - val_acc: 0.5726
Learning rate:  0.001
Epoch 34/200

Epoch 00034: val_acc did not improve
 - 53s - loss: 14.4105 - acc: 0.6801 - val_loss: 14.6570 - val_acc: 0.5698
Learning rate:  0.001
Epoch 35/200

Epoch 00035: val_acc improved from 0.57260 to 0.61180, saving model to ./weights/CIFAR-10_bnn_8b_4b_1_64_1_128_1_256.hdf5
 - 56s - loss: 14.1147 - acc: 0.6844 - val_loss: 14.2689 - val_acc: 0.6118
Learning rate:  0.001
Epoch 36/200

Epoch 00036: val_acc improved from 0.61180 to 0.63420, saving model to ./weights/CIFAR-10_bnn_8b_4b_1_64_1_128_1_256.hdf5
 - 55s - loss: 13.8078 - acc: 0.6971 - val_loss: 13.9348 - val_acc: 0.6342
Learning rate:  0.001
Epoch 37/200

Epoch 00037: val_acc did not improve
 - 53s - loss: 13.5474 - acc: 0.6996 - val_loss: 13.7323 - val_acc: 0.6104
Learning rate:  0.001
Epoch 38/200

Epoch 00038: val_acc did not improve
 - 53s - loss: 13.2735 - acc: 0.7038 - val_loss: 13.5804 - val_acc: 0.5842
Learning rate:  0.001
Epoch 39/200

Epoch 00039: val_acc did not improve
 - 53s - loss: 12.9977 - acc: 0.7169 - val_loss: 13.7380 - val_acc: 0.5264
Learning rate:  0.001
Epoch 40/200

Epoch 00040: val_acc did not improve
 - 53s - loss: 12.7586 - acc: 0.7196 - val_loss: 12.9249 - val_acc: 0.6266
Learning rate:  0.001
Epoch 41/200

Epoch 00041: val_acc did not improve
 - 53s - loss: 12.4968 - acc: 0.7306 - val_loss: 12.7024 - val_acc: 0.6282
Learning rate:  0.001
Epoch 42/200

Epoch 00042: val_acc did not improve
 - 53s - loss: 12.2519 - acc: 0.7373 - val_loss: 12.6498 - val_acc: 0.6090
Learning rate:  0.001
Epoch 43/200

Epoch 00043: val_acc improved from 0.63420 to 0.65200, saving model to ./weights/CIFAR-10_bnn_8b_4b_1_64_1_128_1_256.hdf5
 - 55s - loss: 12.0056 - acc: 0.7440 - val_loss: 12.1576 - val_acc: 0.6520
Learning rate:  0.001
Epoch 44/200

Epoch 00044: val_acc did not improve
 - 53s - loss: 11.7637 - acc: 0.7519 - val_loss: 12.0901 - val_acc: 0.6182
Learning rate:  0.001
Epoch 45/200

Epoch 00045: val_acc did not improve
 - 53s - loss: 11.5295 - acc: 0.7617 - val_loss: 12.1219 - val_acc: 0.5792
Learning rate:  0.001
Epoch 46/200

Epoch 00046: val_acc improved from 0.65200 to 0.68300, saving model to ./weights/CIFAR-10_bnn_8b_4b_1_64_1_128_1_256.hdf5
 - 55s - loss: 11.3136 - acc: 0.7646 - val_loss: 11.5327 - val_acc: 0.6830
Learning rate:  0.001
Epoch 47/200

Epoch 00047: val_acc did not improve
 - 53s - loss: 11.0900 - acc: 0.7706 - val_loss: 11.4500 - val_acc: 0.6296
Learning rate:  0.001
Epoch 48/200

Epoch 00048: val_acc did not improve
 - 53s - loss: 10.8744 - acc: 0.7775 - val_loss: 11.3440 - val_acc: 0.6242
Learning rate:  0.001
Epoch 49/200

Epoch 00049: val_acc did not improve
 - 53s - loss: 10.6612 - acc: 0.7825 - val_loss: 11.2183 - val_acc: 0.6140
Learning rate:  0.001
Epoch 50/200

Epoch 00050: val_acc did not improve
 - 53s - loss: 10.4525 - acc: 0.7892 - val_loss: 10.7692 - val_acc: 0.6720
Learning rate:  0.001
Epoch 51/200

Epoch 00051: val_acc did not improve
 - 53s - loss: 10.2557 - acc: 0.7921 - val_loss: 10.9071 - val_acc: 0.5858
Learning rate:  0.001
Epoch 52/200

Epoch 00052: val_acc did not improve
 - 53s - loss: 10.0700 - acc: 0.7916 - val_loss: 10.4414 - val_acc: 0.6742
Learning rate:  0.001
Epoch 53/200

Epoch 00053: val_acc did not improve
 - 53s - loss: 9.8666 - acc: 0.8046 - val_loss: 10.2227 - val_acc: 0.6782
Learning rate:  0.001
Epoch 54/200

Epoch 00054: val_acc did not improve
 - 53s - loss: 9.6969 - acc: 0.8023 - val_loss: 10.0615 - val_acc: 0.6670
Learning rate:  0.001
Epoch 55/200

Epoch 00055: val_acc did not improve
 - 53s - loss: 9.5067 - acc: 0.8103 - val_loss: 10.0990 - val_acc: 0.6422
Learning rate:  0.001
Epoch 56/200

Epoch 00056: val_acc did not improve
 - 53s - loss: 9.3400 - acc: 0.8119 - val_loss: 9.9996 - val_acc: 0.6028
Learning rate:  0.001
Epoch 57/200

Epoch 00057: val_acc did not improve
 - 53s - loss: 9.1734 - acc: 0.8164 - val_loss: 9.6039 - val_acc: 0.6706
Learning rate:  0.001
Epoch 58/200

Epoch 00058: val_acc did not improve
 - 53s - loss: 8.9980 - acc: 0.8234 - val_loss: 9.5886 - val_acc: 0.6570
Learning rate:  0.001
Epoch 59/200

Epoch 00059: val_acc improved from 0.68300 to 0.68820, saving model to ./weights/CIFAR-10_bnn_8b_4b_1_64_1_128_1_256.hdf5
 - 55s - loss: 8.8419 - acc: 0.8237 - val_loss: 9.2828 - val_acc: 0.6882
Learning rate:  0.001
Epoch 60/200

Epoch 00060: val_acc did not improve
 - 53s - loss: 8.6833 - acc: 0.8280 - val_loss: 9.2420 - val_acc: 0.6652
Learning rate:  0.001
Epoch 61/200

Epoch 00061: val_acc did not improve
 - 53s - loss: 8.5284 - acc: 0.8307 - val_loss: 9.2451 - val_acc: 0.6460
Learning rate:  0.001
Epoch 62/200

Epoch 00062: val_acc did not improve
 - 53s - loss: 8.3782 - acc: 0.8328 - val_loss: 8.9496 - val_acc: 0.6726
Learning rate:  0.001
Epoch 63/200

Epoch 00063: val_acc did not improve
 - 53s - loss: 8.2305 - acc: 0.8384 - val_loss: 9.1260 - val_acc: 0.6328
Learning rate:  0.001
Epoch 64/200

Epoch 00064: val_acc did not improve
 - 54s - loss: 8.0958 - acc: 0.8416 - val_loss: 8.7311 - val_acc: 0.6620
Learning rate:  0.001
Epoch 65/200

Epoch 00065: val_acc did not improve
 - 54s - loss: 7.9458 - acc: 0.8481 - val_loss: 8.6574 - val_acc: 0.6458
Learning rate:  0.001
Epoch 66/200

Epoch 00066: val_acc did not improve
 - 54s - loss: 7.8162 - acc: 0.8485 - val_loss: 8.6529 - val_acc: 0.6158
Learning rate:  0.001
Epoch 67/200

Epoch 00067: val_acc did not improve
 - 54s - loss: 7.6815 - acc: 0.8520 - val_loss: 8.6723 - val_acc: 0.6392
Learning rate:  0.001
Epoch 68/200

Epoch 00068: val_acc did not improve
 - 54s - loss: 7.5628 - acc: 0.8531 - val_loss: 8.2965 - val_acc: 0.6470
Learning rate:  0.001
Epoch 69/200

Epoch 00069: val_acc improved from 0.68820 to 0.76140, saving model to ./weights/CIFAR-10_bnn_8b_4b_1_64_1_128_1_256.hdf5
 - 56s - loss: 7.4380 - acc: 0.8573 - val_loss: 7.7440 - val_acc: 0.7614
Learning rate:  0.001
Epoch 70/200

Epoch 00070: val_acc did not improve
 - 53s - loss: 7.3184 - acc: 0.8580 - val_loss: 7.6873 - val_acc: 0.7426
Learning rate:  0.001
Epoch 71/200

Epoch 00071: val_acc did not improve
 - 53s - loss: 7.2043 - acc: 0.8603 - val_loss: 7.9918 - val_acc: 0.6866
Learning rate:  0.001
Epoch 72/200

Epoch 00072: val_acc did not improve
 - 53s - loss: 7.0887 - acc: 0.8634 - val_loss: 7.8540 - val_acc: 0.6410
Learning rate:  0.001
Epoch 73/200

Epoch 00073: val_acc did not improve
 - 53s - loss: 6.9837 - acc: 0.8622 - val_loss: 7.6575 - val_acc: 0.6962
Learning rate:  0.001
Epoch 74/200

Epoch 00074: val_acc did not improve
 - 53s - loss: 6.8737 - acc: 0.8681 - val_loss: 7.3961 - val_acc: 0.7086
Learning rate:  0.001
Epoch 75/200

Epoch 00075: val_acc did not improve
 - 53s - loss: 6.7645 - acc: 0.8694 - val_loss: 7.2492 - val_acc: 0.7284
Learning rate:  0.001
Epoch 76/200

Epoch 00076: val_acc did not improve
 - 53s - loss: 6.6602 - acc: 0.8707 - val_loss: 7.1992 - val_acc: 0.7122
Learning rate:  0.001
Epoch 77/200

Epoch 00077: val_acc did not improve
 - 53s - loss: 6.5534 - acc: 0.8765 - val_loss: 7.0622 - val_acc: 0.7334
Learning rate:  0.001
Epoch 78/200

Epoch 00078: val_acc did not improve
 - 53s - loss: 6.4632 - acc: 0.8747 - val_loss: 7.1109 - val_acc: 0.7052
Learning rate:  0.001
Epoch 79/200

Epoch 00079: val_acc did not improve
 - 53s - loss: 6.3718 - acc: 0.8755 - val_loss: 6.9818 - val_acc: 0.7226
Learning rate:  0.001
Epoch 80/200

Epoch 00080: val_acc did not improve
 - 53s - loss: 6.2677 - acc: 0.8798 - val_loss: 7.1416 - val_acc: 0.6858
Learning rate:  0.001
Epoch 81/200

Epoch 00081: val_acc did not improve
 - 53s - loss: 6.1766 - acc: 0.8816 - val_loss: 6.8295 - val_acc: 0.6992
Learning rate:  0.0001
Epoch 82/200

Epoch 00082: val_acc improved from 0.76140 to 0.78660, saving model to ./weights/CIFAR-10_bnn_8b_4b_1_64_1_128_1_256.hdf5
 - 55s - loss: 5.9795 - acc: 0.9405 - val_loss: 6.4830 - val_acc: 0.7866
Learning rate:  0.0001
Epoch 83/200

Epoch 00083: val_acc improved from 0.78660 to 0.78960, saving model to ./weights/CIFAR-10_bnn_8b_4b_1_64_1_128_1_256.hdf5
 - 55s - loss: 5.9148 - acc: 0.9594 - val_loss: 6.5088 - val_acc: 0.7896
Learning rate:  0.0001
Epoch 84/200

Epoch 00084: val_acc did not improve
 - 53s - loss: 5.8826 - acc: 0.9649 - val_loss: 6.5677 - val_acc: 0.7770
Learning rate:  0.0001
Epoch 85/200

Epoch 00085: val_acc did not improve
 - 53s - loss: 5.8570 - acc: 0.9664 - val_loss: 6.5477 - val_acc: 0.7842
Learning rate:  0.0001
Epoch 86/200

Epoch 00086: val_acc did not improve
 - 53s - loss: 5.8303 - acc: 0.9695 - val_loss: 6.5969 - val_acc: 0.7692
Learning rate:  0.0001
Epoch 87/200

Epoch 00087: val_acc did not improve
 - 53s - loss: 5.8071 - acc: 0.9713 - val_loss: 6.6478 - val_acc: 0.7594
Learning rate:  0.0001
Epoch 88/200

Epoch 00088: val_acc did not improve
 - 53s - loss: 5.7855 - acc: 0.9710 - val_loss: 6.5258 - val_acc: 0.7758
Learning rate:  0.0001
Epoch 89/200

Epoch 00089: val_acc did not improve
 - 53s - loss: 5.7646 - acc: 0.9708 - val_loss: 6.6614 - val_acc: 0.7622
Learning rate:  0.0001
Epoch 90/200

Epoch 00090: val_acc did not improve
 - 53s - loss: 5.7447 - acc: 0.9704 - val_loss: 6.6240 - val_acc: 0.7654
Learning rate:  0.0001
Epoch 91/200

Epoch 00091: val_acc did not improve
 - 53s - loss: 5.7223 - acc: 0.9716 - val_loss: 6.6556 - val_acc: 0.7588
Learning rate:  0.0001
Epoch 92/200

Epoch 00092: val_acc did not improve
 - 53s - loss: 5.7028 - acc: 0.9724 - val_loss: 6.5421 - val_acc: 0.7654
Learning rate:  0.0001
Epoch 93/200

Epoch 00093: val_acc did not improve
 - 53s - loss: 5.6797 - acc: 0.9744 - val_loss: 6.7183 - val_acc: 0.7386
Learning rate:  0.0001
Epoch 94/200

Epoch 00094: val_acc did not improve
 - 53s - loss: 5.6629 - acc: 0.9731 - val_loss: 6.5833 - val_acc: 0.7674
Learning rate:  0.0001
Epoch 95/200

Epoch 00095: val_acc did not improve
 - 53s - loss: 5.6367 - acc: 0.9752 - val_loss: 6.4578 - val_acc: 0.7778
Learning rate:  0.0001
Epoch 96/200

Epoch 00096: val_acc did not improve
 - 53s - loss: 5.6224 - acc: 0.9743 - val_loss: 6.8100 - val_acc: 0.7312
Learning rate:  0.0001
Epoch 97/200

Epoch 00097: val_acc did not improve
 - 53s - loss: 5.6046 - acc: 0.9735 - val_loss: 6.4838 - val_acc: 0.7752
Learning rate:  0.0001
Epoch 98/200

Epoch 00098: val_acc did not improve
 - 53s - loss: 5.5880 - acc: 0.9742 - val_loss: 6.6482 - val_acc: 0.7490
Learning rate:  0.0001
Epoch 99/200

Epoch 00099: val_acc did not improve
 - 53s - loss: 5.5706 - acc: 0.9741 - val_loss: 6.4901 - val_acc: 0.7754
Learning rate:  0.0001
Epoch 100/200

Epoch 00100: val_acc did not improve
 - 53s - loss: 5.5491 - acc: 0.9754 - val_loss: 6.5519 - val_acc: 0.7622
Learning rate:  0.0001
Epoch 101/200

Epoch 00101: val_acc did not improve
 - 53s - loss: 5.5335 - acc: 0.9756 - val_loss: 6.6502 - val_acc: 0.7532
Learning rate:  0.0001
Epoch 102/200

Epoch 00102: val_acc did not improve
 - 53s - loss: 5.5134 - acc: 0.9767 - val_loss: 6.6081 - val_acc: 0.7572
Learning rate:  0.0001
Epoch 103/200

Epoch 00103: val_acc did not improve
 - 53s - loss: 5.4988 - acc: 0.9757 - val_loss: 6.5596 - val_acc: 0.7518
Learning rate:  0.0001
Epoch 104/200

Epoch 00104: val_acc did not improve
 - 53s - loss: 5.4883 - acc: 0.9737 - val_loss: 6.4561 - val_acc: 0.7682
Learning rate:  0.0001
Epoch 105/200

Epoch 00105: val_acc did not improve
 - 53s - loss: 5.4698 - acc: 0.9751 - val_loss: 6.4322 - val_acc: 0.7642
Learning rate:  0.0001
Epoch 106/200

Epoch 00106: val_acc did not improve
 - 53s - loss: 5.4499 - acc: 0.9767 - val_loss: 6.6672 - val_acc: 0.7334
Learning rate:  0.0001
Epoch 107/200

Epoch 00107: val_acc did not improve
 - 53s - loss: 5.4351 - acc: 0.9768 - val_loss: 6.4691 - val_acc: 0.7610
Learning rate:  0.0001
Epoch 108/200

Epoch 00108: val_acc did not improve
 - 53s - loss: 5.4187 - acc: 0.9766 - val_loss: 6.4639 - val_acc: 0.7556
Learning rate:  0.0001
Epoch 109/200

Epoch 00109: val_acc did not improve
 - 53s - loss: 5.4039 - acc: 0.9765 - val_loss: 6.5505 - val_acc: 0.7530
Learning rate:  0.0001
Epoch 110/200

Epoch 00110: val_acc did not improve
 - 53s - loss: 5.3887 - acc: 0.9761 - val_loss: 6.4830 - val_acc: 0.7520
Learning rate:  0.0001
Epoch 111/200

Epoch 00111: val_acc did not improve
 - 53s - loss: 5.3727 - acc: 0.9770 - val_loss: 6.4779 - val_acc: 0.7450
Learning rate:  0.0001
Epoch 112/200

Epoch 00112: val_acc did not improve
 - 53s - loss: 5.3579 - acc: 0.9772 - val_loss: 6.5345 - val_acc: 0.7422
Learning rate:  0.0001
Epoch 113/200

Epoch 00113: val_acc did not improve
 - 53s - loss: 5.3446 - acc: 0.9767 - val_loss: 6.5563 - val_acc: 0.7476
Learning rate:  0.0001
Epoch 114/200

Epoch 00114: val_acc did not improve
 - 53s - loss: 5.3292 - acc: 0.9769 - val_loss: 6.4477 - val_acc: 0.7510
Learning rate:  0.0001
Epoch 115/200

Epoch 00115: val_acc did not improve
 - 53s - loss: 5.3116 - acc: 0.9769 - val_loss: 6.4972 - val_acc: 0.7434
Learning rate:  0.0001
Epoch 116/200

Epoch 00116: val_acc did not improve
 - 53s - loss: 5.3011 - acc: 0.9758 - val_loss: 6.6151 - val_acc: 0.7398
Learning rate:  0.0001
Epoch 117/200

Epoch 00117: val_acc did not improve
 - 53s - loss: 5.2846 - acc: 0.9768 - val_loss: 6.3292 - val_acc: 0.7646
Learning rate:  0.0001
Epoch 118/200

Epoch 00118: val_acc did not improve
 - 53s - loss: 5.2685 - acc: 0.9773 - val_loss: 6.3559 - val_acc: 0.7586
Learning rate:  0.0001
Epoch 119/200

Epoch 00119: val_acc did not improve
 - 53s - loss: 5.2577 - acc: 0.9762 - val_loss: 6.4438 - val_acc: 0.7364
Learning rate:  0.0001
Epoch 120/200

Epoch 00120: val_acc did not improve
 - 53s - loss: 5.2425 - acc: 0.9772 - val_loss: 6.5894 - val_acc: 0.7336
Learning rate:  0.0001
Epoch 121/200

Epoch 00121: val_acc did not improve
 - 53s - loss: 5.2266 - acc: 0.9775 - val_loss: 6.6008 - val_acc: 0.7406
Learning rate:  1e-05
Epoch 122/200

Epoch 00122: val_acc did not improve
 - 53s - loss: 5.1853 - acc: 0.9920 - val_loss: 6.1631 - val_acc: 0.7884
Learning rate:  1e-05
Epoch 123/200

Epoch 00123: val_acc improved from 0.78960 to 0.79040, saving model to ./weights/CIFAR-10_bnn_8b_4b_1_64_1_128_1_256.hdf5
 - 55s - loss: 5.1723 - acc: 0.9959 - val_loss: 6.1527 - val_acc: 0.7904
Learning rate:  1e-05
Epoch 124/200

Epoch 00124: val_acc did not improve
 - 53s - loss: 5.1684 - acc: 0.9968 - val_loss: 6.2404 - val_acc: 0.7822
Learning rate:  1e-05
Epoch 125/200

Epoch 00125: val_acc did not improve
 - 53s - loss: 5.1643 - acc: 0.9974 - val_loss: 6.2365 - val_acc: 0.7806
Learning rate:  1e-05
Epoch 126/200

Epoch 00126: val_acc improved from 0.79040 to 0.79180, saving model to ./weights/CIFAR-10_bnn_8b_4b_1_64_1_128_1_256.hdf5
 - 55s - loss: 5.1612 - acc: 0.9975 - val_loss: 6.1774 - val_acc: 0.7918
Learning rate:  1e-05
Epoch 127/200

Epoch 00127: val_acc did not improve
 - 53s - loss: 5.1589 - acc: 0.9975 - val_loss: 6.2706 - val_acc: 0.7802
Learning rate:  1e-05
Epoch 128/200

Epoch 00128: val_acc did not improve
 - 53s - loss: 5.1565 - acc: 0.9971 - val_loss: 6.1808 - val_acc: 0.7824
Learning rate:  1e-05
Epoch 129/200

Epoch 00129: val_acc did not improve
 - 53s - loss: 5.1522 - acc: 0.9974 - val_loss: 6.1741 - val_acc: 0.7860
Learning rate:  1e-05
Epoch 130/200

Epoch 00130: val_acc did not improve
 - 53s - loss: 5.1512 - acc: 0.9967 - val_loss: 6.3238 - val_acc: 0.7738
Learning rate:  1e-05
Epoch 131/200

Epoch 00131: val_acc did not improve
 - 53s - loss: 5.1489 - acc: 0.9960 - val_loss: 6.1970 - val_acc: 0.7834
Learning rate:  1e-05
Epoch 132/200

Epoch 00132: val_acc did not improve
 - 53s - loss: 5.1446 - acc: 0.9966 - val_loss: 6.2090 - val_acc: 0.7894
Learning rate:  1e-05
Epoch 133/200

Epoch 00133: val_acc did not improve
 - 53s - loss: 5.1423 - acc: 0.9959 - val_loss: 6.2321 - val_acc: 0.7812
Learning rate:  1e-05
Epoch 134/200

Epoch 00134: val_acc did not improve
 - 53s - loss: 5.1391 - acc: 0.9957 - val_loss: 6.2104 - val_acc: 0.7828
Learning rate:  1e-05
Epoch 135/200

Epoch 00135: val_acc did not improve
 - 53s - loss: 5.1375 - acc: 0.9955 - val_loss: 6.1723 - val_acc: 0.7892
Learning rate:  1e-05
Epoch 136/200

Epoch 00136: val_acc did not improve
 - 53s - loss: 5.1317 - acc: 0.9963 - val_loss: 6.2173 - val_acc: 0.7882
Learning rate:  1e-05
Epoch 137/200

Epoch 00137: val_acc did not improve
 - 53s - loss: 5.1286 - acc: 0.9968 - val_loss: 6.2740 - val_acc: 0.7776
Learning rate:  1e-05
Epoch 138/200

Epoch 00138: val_acc did not improve
 - 53s - loss: 5.1289 - acc: 0.9946 - val_loss: 6.3341 - val_acc: 0.7736
Learning rate:  1e-05
Epoch 139/200

Epoch 00139: val_acc did not improve
 - 53s - loss: 5.1230 - acc: 0.9966 - val_loss: 6.2864 - val_acc: 0.7742
Learning rate:  1e-05
Epoch 140/200

Epoch 00140: val_acc did not improve
 - 53s - loss: 5.1213 - acc: 0.9953 - val_loss: 6.2483 - val_acc: 0.7776
Learning rate:  1e-05
Epoch 141/200

Epoch 00141: val_acc did not improve
 - 53s - loss: 5.1186 - acc: 0.9952 - val_loss: 6.2109 - val_acc: 0.7836
Learning rate:  1e-05
Epoch 142/200

Epoch 00142: val_acc did not improve
 - 53s - loss: 5.1155 - acc: 0.9957 - val_loss: 6.1997 - val_acc: 0.7862
Learning rate:  1e-05
Epoch 143/200

Epoch 00143: val_acc did not improve
 - 53s - loss: 5.1128 - acc: 0.9959 - val_loss: 6.3034 - val_acc: 0.7706
Learning rate:  1e-05
Epoch 144/200

Epoch 00144: val_acc did not improve
 - 53s - loss: 5.1085 - acc: 0.9959 - val_loss: 6.2814 - val_acc: 0.7740
Learning rate:  1e-05
Epoch 145/200

Epoch 00145: val_acc did not improve
 - 53s - loss: 5.1066 - acc: 0.9955 - val_loss: 6.1789 - val_acc: 0.7856
Learning rate:  1e-05
Epoch 146/200

Epoch 00146: val_acc did not improve
 - 53s - loss: 5.1037 - acc: 0.9957 - val_loss: 6.3422 - val_acc: 0.7656
Learning rate:  1e-05
Epoch 147/200

Epoch 00147: val_acc did not improve
 - 53s - loss: 5.1003 - acc: 0.9958 - val_loss: 6.1978 - val_acc: 0.7882
Learning rate:  1e-05
Epoch 148/200

Epoch 00148: val_acc did not improve
 - 53s - loss: 5.0967 - acc: 0.9961 - val_loss: 6.2806 - val_acc: 0.7698
Learning rate:  1e-05
Epoch 149/200

Epoch 00149: val_acc did not improve
 - 53s - loss: 5.0939 - acc: 0.9962 - val_loss: 6.2618 - val_acc: 0.7790
Learning rate:  1e-05
Epoch 150/200

Epoch 00150: val_acc did not improve
 - 53s - loss: 5.0935 - acc: 0.9948 - val_loss: 6.3903 - val_acc: 0.7626
Learning rate:  1e-05
Epoch 151/200

Epoch 00151: val_acc did not improve
 - 53s - loss: 5.0910 - acc: 0.9949 - val_loss: 6.2448 - val_acc: 0.7776
Learning rate:  1e-05
Epoch 152/200

Epoch 00152: val_acc did not improve
 - 53s - loss: 5.0854 - acc: 0.9959 - val_loss: 6.2537 - val_acc: 0.7734
Learning rate:  1e-05
Epoch 153/200

Epoch 00153: val_acc did not improve
 - 53s - loss: 5.0835 - acc: 0.9954 - val_loss: 6.1590 - val_acc: 0.7888
Learning rate:  1e-05
Epoch 154/200

Epoch 00154: val_acc did not improve
 - 53s - loss: 5.0827 - acc: 0.9946 - val_loss: 6.3100 - val_acc: 0.7628
Learning rate:  1e-05
Epoch 155/200

Epoch 00155: val_acc did not improve
 - 53s - loss: 5.0790 - acc: 0.9948 - val_loss: 6.1999 - val_acc: 0.7808
Learning rate:  1e-05
Epoch 156/200

Epoch 00156: val_acc did not improve
 - 53s - loss: 5.0762 - acc: 0.9950 - val_loss: 6.2752 - val_acc: 0.7678
Learning rate:  1e-05
Epoch 157/200

Epoch 00157: val_acc did not improve
 - 53s - loss: 5.0753 - acc: 0.9947 - val_loss: 6.1470 - val_acc: 0.7868
Learning rate:  1e-05
Epoch 158/200

Epoch 00158: val_acc did not improve
 - 53s - loss: 5.0688 - acc: 0.9957 - val_loss: 6.1867 - val_acc: 0.7820
Learning rate:  1e-05
Epoch 159/200

Epoch 00159: val_acc did not improve
 - 53s - loss: 5.0699 - acc: 0.9942 - val_loss: 6.1818 - val_acc: 0.7834
Learning rate:  1e-05
Epoch 160/200

Epoch 00160: val_acc did not improve
 - 53s - loss: 5.0653 - acc: 0.9949 - val_loss: 6.3115 - val_acc: 0.7692
Learning rate:  1e-05
Epoch 161/200

Epoch 00161: val_acc did not improve
 - 53s - loss: 5.0634 - acc: 0.9947 - val_loss: 6.2595 - val_acc: 0.7806
Learning rate:  1e-06
Epoch 162/200

Epoch 00162: val_acc improved from 0.79180 to 0.79560, saving model to ./weights/CIFAR-10_bnn_8b_4b_1_64_1_128_1_256.hdf5
 - 55s - loss: 5.0521 - acc: 0.9985 - val_loss: 6.1415 - val_acc: 0.7956
Learning rate:  1e-06
Epoch 163/200

Epoch 00163: val_acc did not improve
 - 53s - loss: 5.0499 - acc: 0.9990 - val_loss: 6.1335 - val_acc: 0.7924
Learning rate:  1e-06
Epoch 164/200

Epoch 00164: val_acc did not improve
 - 53s - loss: 5.0487 - acc: 0.9990 - val_loss: 6.1556 - val_acc: 0.7914
Learning rate:  1e-06
Epoch 165/200

Epoch 00165: val_acc did not improve
 - 53s - loss: 5.0481 - acc: 0.9993 - val_loss: 6.2605 - val_acc: 0.7732
Learning rate:  1e-06
Epoch 166/200

Epoch 00166: val_acc did not improve
 - 53s - loss: 5.0484 - acc: 0.9990 - val_loss: 6.1856 - val_acc: 0.7852
Learning rate:  1e-06
Epoch 167/200

Epoch 00167: val_acc did not improve
 - 53s - loss: 5.0475 - acc: 0.9991 - val_loss: 6.1753 - val_acc: 0.7826
Learning rate:  1e-06
Epoch 168/200

Epoch 00168: val_acc did not improve
 - 53s - loss: 5.0483 - acc: 0.9989 - val_loss: 6.1354 - val_acc: 0.7924
Learning rate:  1e-06
Epoch 169/200

Epoch 00169: val_acc did not improve
 - 53s - loss: 5.0472 - acc: 0.9989 - val_loss: 6.2442 - val_acc: 0.7776
Learning rate:  1e-06
Epoch 170/200

Epoch 00170: val_acc did not improve
 - 53s - loss: 5.0457 - acc: 0.9992 - val_loss: 6.1720 - val_acc: 0.7886
Learning rate:  1e-06
Epoch 171/200

Epoch 00171: val_acc improved from 0.79560 to 0.79780, saving model to ./weights/CIFAR-10_bnn_8b_4b_1_64_1_128_1_256.hdf5
 - 55s - loss: 5.0460 - acc: 0.9989 - val_loss: 6.1233 - val_acc: 0.7978
Learning rate:  1e-06
Epoch 172/200

Epoch 00172: val_acc did not improve
 - 53s - loss: 5.0453 - acc: 0.9991 - val_loss: 6.2019 - val_acc: 0.7820
Learning rate:  1e-06
Epoch 173/200

Epoch 00173: val_acc did not improve
 - 53s - loss: 5.0455 - acc: 0.9988 - val_loss: 6.1553 - val_acc: 0.7938
Learning rate:  1e-06
Epoch 174/200

Epoch 00174: val_acc did not improve
 - 53s - loss: 5.0450 - acc: 0.9990 - val_loss: 6.1842 - val_acc: 0.7894
Learning rate:  1e-06
Epoch 175/200

Epoch 00175: val_acc did not improve
 - 53s - loss: 5.0448 - acc: 0.9988 - val_loss: 6.1667 - val_acc: 0.7908
Learning rate:  1e-06
Epoch 176/200

Epoch 00176: val_acc did not improve
 - 53s - loss: 5.0457 - acc: 0.9983 - val_loss: 6.1628 - val_acc: 0.7858
Learning rate:  1e-06
Epoch 177/200

Epoch 00177: val_acc did not improve
 - 53s - loss: 5.0439 - acc: 0.9987 - val_loss: 6.2006 - val_acc: 0.7818
Learning rate:  1e-06
Epoch 178/200

Epoch 00178: val_acc did not improve
 - 53s - loss: 5.0435 - acc: 0.9986 - val_loss: 6.2975 - val_acc: 0.7730
Learning rate:  1e-06
Epoch 179/200

Epoch 00179: val_acc did not improve
 - 53s - loss: 5.0436 - acc: 0.9984 - val_loss: 6.1766 - val_acc: 0.7852
Learning rate:  1e-06
Epoch 180/200

Epoch 00180: val_acc did not improve
 - 53s - loss: 5.0428 - acc: 0.9987 - val_loss: 6.1706 - val_acc: 0.7896
Learning rate:  1e-06
Epoch 181/200

Epoch 00181: val_acc did not improve
 - 53s - loss: 5.0428 - acc: 0.9986 - val_loss: 6.2014 - val_acc: 0.7778
Learning rate:  5e-07
Epoch 182/200

Epoch 00182: val_acc did not improve
 - 53s - loss: 5.0401 - acc: 0.9990 - val_loss: 6.1450 - val_acc: 0.7870
Learning rate:  5e-07
Epoch 183/200

Epoch 00183: val_acc did not improve
 - 53s - loss: 5.0402 - acc: 0.9991 - val_loss: 6.2306 - val_acc: 0.7788
Learning rate:  5e-07
Epoch 184/200

Epoch 00184: val_acc did not improve
 - 53s - loss: 5.0401 - acc: 0.9991 - val_loss: 6.1874 - val_acc: 0.7864
Learning rate:  5e-07
Epoch 185/200

Epoch 00185: val_acc did not improve
 - 53s - loss: 5.0404 - acc: 0.9988 - val_loss: 6.2021 - val_acc: 0.7860
Learning rate:  5e-07
Epoch 186/200

Epoch 00186: val_acc did not improve
 - 53s - loss: 5.0395 - acc: 0.9991 - val_loss: 6.1456 - val_acc: 0.7880
Learning rate:  5e-07
Epoch 187/200

Epoch 00187: val_acc did not improve
 - 53s - loss: 5.0406 - acc: 0.9986 - val_loss: 6.1726 - val_acc: 0.7896
Learning rate:  5e-07
Epoch 188/200

Epoch 00188: val_acc did not improve
 - 53s - loss: 5.0388 - acc: 0.9992 - val_loss: 6.2028 - val_acc: 0.7846
Learning rate:  5e-07
Epoch 189/200

Epoch 00189: val_acc did not improve
 - 53s - loss: 5.0400 - acc: 0.9989 - val_loss: 6.1809 - val_acc: 0.7856
Learning rate:  5e-07
Epoch 190/200

Epoch 00190: val_acc did not improve
 - 53s - loss: 5.0388 - acc: 0.9989 - val_loss: 6.2005 - val_acc: 0.7886
Learning rate:  5e-07
Epoch 191/200

Epoch 00191: val_acc did not improve
 - 53s - loss: 5.0394 - acc: 0.9985 - val_loss: 6.1900 - val_acc: 0.7812
Learning rate:  5e-07
Epoch 192/200

Epoch 00192: val_acc did not improve
 - 53s - loss: 5.0380 - acc: 0.9992 - val_loss: 6.1847 - val_acc: 0.7848
Learning rate:  5e-07
Epoch 193/200

Epoch 00193: val_acc did not improve
 - 53s - loss: 5.0388 - acc: 0.9988 - val_loss: 6.1615 - val_acc: 0.7876
Learning rate:  5e-07
Epoch 194/200

Epoch 00194: val_acc did not improve
 - 53s - loss: 5.0385 - acc: 0.9985 - val_loss: 6.2034 - val_acc: 0.7814
Learning rate:  5e-07
Epoch 195/200

Epoch 00195: val_acc did not improve
 - 53s - loss: 5.0381 - acc: 0.9987 - val_loss: 6.2106 - val_acc: 0.7868
Learning rate:  5e-07
Epoch 196/200

Epoch 00196: val_acc did not improve
 - 53s - loss: 5.0385 - acc: 0.9986 - val_loss: 6.1698 - val_acc: 0.7882
Learning rate:  5e-07
Epoch 197/200

Epoch 00197: val_acc did not improve
 - 53s - loss: 5.0378 - acc: 0.9987 - val_loss: 6.2036 - val_acc: 0.7886
Learning rate:  5e-07
Epoch 198/200

Epoch 00198: val_acc did not improve
 - 53s - loss: 5.0381 - acc: 0.9984 - val_loss: 6.2126 - val_acc: 0.7862
Learning rate:  5e-07
Epoch 199/200

Epoch 00199: val_acc did not improve
 - 53s - loss: 5.0374 - acc: 0.9988 - val_loss: 6.2079 - val_acc: 0.7832
Learning rate:  5e-07
Epoch 200/200

Epoch 00200: val_acc did not improve
 - 53s - loss: 5.0375 - acc: 0.9987 - val_loss: 6.1904 - val_acc: 0.7868
Done

