Construct the Network

__________________________________________________________________________________________________
Layer (type)                    Output Shape         Param #     Connected to                     
==================================================================================================
input_2 (InputLayer)            (None, 32, 32, 3)    0                                            
__________________________________________________________________________________________________
quantized_conv2d_1 (QuantizedCo (None, 32, 32, 16)   448         input_2[0][0]                    
__________________________________________________________________________________________________
batch_normalization_1 (BatchNor (None, 32, 32, 16)   64          quantized_conv2d_1[0][0]         
__________________________________________________________________________________________________
activation_1 (Activation)       (None, 32, 32, 16)   0           batch_normalization_1[0][0]      
__________________________________________________________________________________________________
quantized_conv2d_2 (QuantizedCo (None, 32, 32, 16)   2320        activation_1[0][0]               
__________________________________________________________________________________________________
batch_normalization_2 (BatchNor (None, 32, 32, 16)   64          quantized_conv2d_2[0][0]         
__________________________________________________________________________________________________
activation_2 (Activation)       (None, 32, 32, 16)   0           batch_normalization_2[0][0]      
__________________________________________________________________________________________________
quantized_conv2d_3 (QuantizedCo (None, 32, 32, 16)   2320        activation_2[0][0]               
__________________________________________________________________________________________________
batch_normalization_3 (BatchNor (None, 32, 32, 16)   64          quantized_conv2d_3[0][0]         
__________________________________________________________________________________________________
add_1 (Add)                     (None, 32, 32, 16)   0           activation_1[0][0]               
                                                                 batch_normalization_3[0][0]      
__________________________________________________________________________________________________
activation_3 (Activation)       (None, 32, 32, 16)   0           add_1[0][0]                      
__________________________________________________________________________________________________
quantized_conv2d_4 (QuantizedCo (None, 32, 32, 16)   2320        activation_3[0][0]               
__________________________________________________________________________________________________
batch_normalization_4 (BatchNor (None, 32, 32, 16)   64          quantized_conv2d_4[0][0]         
__________________________________________________________________________________________________
activation_4 (Activation)       (None, 32, 32, 16)   0           batch_normalization_4[0][0]      
__________________________________________________________________________________________________
quantized_conv2d_5 (QuantizedCo (None, 32, 32, 16)   2320        activation_4[0][0]               
__________________________________________________________________________________________________
batch_normalization_5 (BatchNor (None, 32, 32, 16)   64          quantized_conv2d_5[0][0]         
__________________________________________________________________________________________________
add_2 (Add)                     (None, 32, 32, 16)   0           activation_3[0][0]               
                                                                 batch_normalization_5[0][0]      
__________________________________________________________________________________________________
activation_5 (Activation)       (None, 32, 32, 16)   0           add_2[0][0]                      
__________________________________________________________________________________________________
quantized_conv2d_6 (QuantizedCo (None, 32, 32, 16)   2320        activation_5[0][0]               
__________________________________________________________________________________________________
batch_normalization_6 (BatchNor (None, 32, 32, 16)   64          quantized_conv2d_6[0][0]         
__________________________________________________________________________________________________
activation_6 (Activation)       (None, 32, 32, 16)   0           batch_normalization_6[0][0]      
__________________________________________________________________________________________________
quantized_conv2d_7 (QuantizedCo (None, 32, 32, 16)   2320        activation_6[0][0]               
__________________________________________________________________________________________________
batch_normalization_7 (BatchNor (None, 32, 32, 16)   64          quantized_conv2d_7[0][0]         
__________________________________________________________________________________________________
add_3 (Add)                     (None, 32, 32, 16)   0           activation_5[0][0]               
                                                                 batch_normalization_7[0][0]      
__________________________________________________________________________________________________
activation_7 (Activation)       (None, 32, 32, 16)   0           add_3[0][0]                      
__________________________________________________________________________________________________
quantized_conv2d_8 (QuantizedCo (None, 32, 32, 16)   2320        activation_7[0][0]               
__________________________________________________________________________________________________
batch_normalization_8 (BatchNor (None, 32, 32, 16)   64          quantized_conv2d_8[0][0]         
__________________________________________________________________________________________________
activation_8 (Activation)       (None, 32, 32, 16)   0           batch_normalization_8[0][0]      
__________________________________________________________________________________________________
quantized_conv2d_9 (QuantizedCo (None, 32, 32, 16)   2320        activation_8[0][0]               
__________________________________________________________________________________________________
batch_normalization_9 (BatchNor (None, 32, 32, 16)   64          quantized_conv2d_9[0][0]         
__________________________________________________________________________________________________
add_4 (Add)                     (None, 32, 32, 16)   0           activation_7[0][0]               
                                                                 batch_normalization_9[0][0]      
__________________________________________________________________________________________________
activation_9 (Activation)       (None, 32, 32, 16)   0           add_4[0][0]                      
__________________________________________________________________________________________________
quantized_conv2d_10 (QuantizedC (None, 32, 32, 16)   2320        activation_9[0][0]               
__________________________________________________________________________________________________
batch_normalization_10 (BatchNo (None, 32, 32, 16)   64          quantized_conv2d_10[0][0]        
__________________________________________________________________________________________________
activation_10 (Activation)      (None, 32, 32, 16)   0           batch_normalization_10[0][0]     
__________________________________________________________________________________________________
quantized_conv2d_11 (QuantizedC (None, 32, 32, 16)   2320        activation_10[0][0]              
__________________________________________________________________________________________________
batch_normalization_11 (BatchNo (None, 32, 32, 16)   64          quantized_conv2d_11[0][0]        
__________________________________________________________________________________________________
add_5 (Add)                     (None, 32, 32, 16)   0           activation_9[0][0]               
                                                                 batch_normalization_11[0][0]     
__________________________________________________________________________________________________
activation_11 (Activation)      (None, 32, 32, 16)   0           add_5[0][0]                      
__________________________________________________________________________________________________
quantized_conv2d_12 (QuantizedC (None, 32, 32, 16)   2320        activation_11[0][0]              
__________________________________________________________________________________________________
batch_normalization_12 (BatchNo (None, 32, 32, 16)   64          quantized_conv2d_12[0][0]        
__________________________________________________________________________________________________
activation_12 (Activation)      (None, 32, 32, 16)   0           batch_normalization_12[0][0]     
__________________________________________________________________________________________________
quantized_conv2d_13 (QuantizedC (None, 32, 32, 16)   2320        activation_12[0][0]              
__________________________________________________________________________________________________
batch_normalization_13 (BatchNo (None, 32, 32, 16)   64          quantized_conv2d_13[0][0]        
__________________________________________________________________________________________________
add_6 (Add)                     (None, 32, 32, 16)   0           activation_11[0][0]              
                                                                 batch_normalization_13[0][0]     
__________________________________________________________________________________________________
activation_13 (Activation)      (None, 32, 32, 16)   0           add_6[0][0]                      
__________________________________________________________________________________________________
quantized_conv2d_14 (QuantizedC (None, 32, 32, 16)   2320        activation_13[0][0]              
__________________________________________________________________________________________________
batch_normalization_14 (BatchNo (None, 32, 32, 16)   64          quantized_conv2d_14[0][0]        
__________________________________________________________________________________________________
activation_14 (Activation)      (None, 32, 32, 16)   0           batch_normalization_14[0][0]     
__________________________________________________________________________________________________
quantized_conv2d_15 (QuantizedC (None, 32, 32, 16)   2320        activation_14[0][0]              
__________________________________________________________________________________________________
batch_normalization_15 (BatchNo (None, 32, 32, 16)   64          quantized_conv2d_15[0][0]        
__________________________________________________________________________________________________
add_7 (Add)                     (None, 32, 32, 16)   0           activation_13[0][0]              
                                                                 batch_normalization_15[0][0]     
__________________________________________________________________________________________________
activation_15 (Activation)      (None, 32, 32, 16)   0           add_7[0][0]                      
__________________________________________________________________________________________________
quantized_conv2d_16 (QuantizedC (None, 32, 32, 16)   2320        activation_15[0][0]              
__________________________________________________________________________________________________
batch_normalization_16 (BatchNo (None, 32, 32, 16)   64          quantized_conv2d_16[0][0]        
__________________________________________________________________________________________________
activation_16 (Activation)      (None, 32, 32, 16)   0           batch_normalization_16[0][0]     
__________________________________________________________________________________________________
quantized_conv2d_17 (QuantizedC (None, 32, 32, 16)   2320        activation_16[0][0]              
__________________________________________________________________________________________________
batch_normalization_17 (BatchNo (None, 32, 32, 16)   64          quantized_conv2d_17[0][0]        
__________________________________________________________________________________________________
add_8 (Add)                     (None, 32, 32, 16)   0           activation_15[0][0]              
                                                                 batch_normalization_17[0][0]     
__________________________________________________________________________________________________
activation_17 (Activation)      (None, 32, 32, 16)   0           add_8[0][0]                      
__________________________________________________________________________________________________
quantized_conv2d_18 (QuantizedC (None, 32, 32, 16)   2320        activation_17[0][0]              
__________________________________________________________________________________________________
batch_normalization_18 (BatchNo (None, 32, 32, 16)   64          quantized_conv2d_18[0][0]        
__________________________________________________________________________________________________
activation_18 (Activation)      (None, 32, 32, 16)   0           batch_normalization_18[0][0]     
__________________________________________________________________________________________________
quantized_conv2d_19 (QuantizedC (None, 32, 32, 16)   2320        activation_18[0][0]              
__________________________________________________________________________________________________
batch_normalization_19 (BatchNo (None, 32, 32, 16)   64          quantized_conv2d_19[0][0]        
__________________________________________________________________________________________________
add_9 (Add)                     (None, 32, 32, 16)   0           activation_17[0][0]              
                                                                 batch_normalization_19[0][0]     
__________________________________________________________________________________________________
activation_19 (Activation)      (None, 32, 32, 16)   0           add_9[0][0]                      
__________________________________________________________________________________________________
quantized_conv2d_20 (QuantizedC (None, 32, 32, 16)   2320        activation_19[0][0]              
__________________________________________________________________________________________________
batch_normalization_20 (BatchNo (None, 32, 32, 16)   64          quantized_conv2d_20[0][0]        
__________________________________________________________________________________________________
activation_20 (Activation)      (None, 32, 32, 16)   0           batch_normalization_20[0][0]     
__________________________________________________________________________________________________
quantized_conv2d_21 (QuantizedC (None, 32, 32, 16)   2320        activation_20[0][0]              
__________________________________________________________________________________________________
batch_normalization_21 (BatchNo (None, 32, 32, 16)   64          quantized_conv2d_21[0][0]        
__________________________________________________________________________________________________
add_10 (Add)                    (None, 32, 32, 16)   0           activation_19[0][0]              
                                                                 batch_normalization_21[0][0]     
__________________________________________________________________________________________________
activation_21 (Activation)      (None, 32, 32, 16)   0           add_10[0][0]                     
__________________________________________________________________________________________________
quantized_conv2d_22 (QuantizedC (None, 16, 16, 32)   4640        activation_21[0][0]              
__________________________________________________________________________________________________
batch_normalization_22 (BatchNo (None, 16, 16, 32)   128         quantized_conv2d_22[0][0]        
__________________________________________________________________________________________________
activation_22 (Activation)      (None, 16, 16, 32)   0           batch_normalization_22[0][0]     
__________________________________________________________________________________________________
quantized_conv2d_23 (QuantizedC (None, 16, 16, 32)   9248        activation_22[0][0]              
__________________________________________________________________________________________________
quantized_conv2d_24 (QuantizedC (None, 16, 16, 32)   544         activation_21[0][0]              
__________________________________________________________________________________________________
batch_normalization_23 (BatchNo (None, 16, 16, 32)   128         quantized_conv2d_23[0][0]        
__________________________________________________________________________________________________
add_11 (Add)                    (None, 16, 16, 32)   0           quantized_conv2d_24[0][0]        
                                                                 batch_normalization_23[0][0]     
__________________________________________________________________________________________________
activation_23 (Activation)      (None, 16, 16, 32)   0           add_11[0][0]                     
__________________________________________________________________________________________________
quantized_conv2d_25 (QuantizedC (None, 16, 16, 32)   9248        activation_23[0][0]              
__________________________________________________________________________________________________
batch_normalization_24 (BatchNo (None, 16, 16, 32)   128         quantized_conv2d_25[0][0]        
__________________________________________________________________________________________________
activation_24 (Activation)      (None, 16, 16, 32)   0           batch_normalization_24[0][0]     
__________________________________________________________________________________________________
quantized_conv2d_26 (QuantizedC (None, 16, 16, 32)   9248        activation_24[0][0]              
__________________________________________________________________________________________________
batch_normalization_25 (BatchNo (None, 16, 16, 32)   128         quantized_conv2d_26[0][0]        
__________________________________________________________________________________________________
add_12 (Add)                    (None, 16, 16, 32)   0           activation_23[0][0]              
                                                                 batch_normalization_25[0][0]     
__________________________________________________________________________________________________
activation_25 (Activation)      (None, 16, 16, 32)   0           add_12[0][0]                     
__________________________________________________________________________________________________
quantized_conv2d_27 (QuantizedC (None, 16, 16, 32)   9248        activation_25[0][0]              
__________________________________________________________________________________________________
batch_normalization_26 (BatchNo (None, 16, 16, 32)   128         quantized_conv2d_27[0][0]        
__________________________________________________________________________________________________
activation_26 (Activation)      (None, 16, 16, 32)   0           batch_normalization_26[0][0]     
__________________________________________________________________________________________________
quantized_conv2d_28 (QuantizedC (None, 16, 16, 32)   9248        activation_26[0][0]              
__________________________________________________________________________________________________
batch_normalization_27 (BatchNo (None, 16, 16, 32)   128         quantized_conv2d_28[0][0]        
__________________________________________________________________________________________________
add_13 (Add)                    (None, 16, 16, 32)   0           activation_25[0][0]              
                                                                 batch_normalization_27[0][0]     
__________________________________________________________________________________________________
activation_27 (Activation)      (None, 16, 16, 32)   0           add_13[0][0]                     
__________________________________________________________________________________________________
quantized_conv2d_29 (QuantizedC (None, 16, 16, 32)   9248        activation_27[0][0]              
__________________________________________________________________________________________________
batch_normalization_28 (BatchNo (None, 16, 16, 32)   128         quantized_conv2d_29[0][0]        
__________________________________________________________________________________________________
activation_28 (Activation)      (None, 16, 16, 32)   0           batch_normalization_28[0][0]     
__________________________________________________________________________________________________
quantized_conv2d_30 (QuantizedC (None, 16, 16, 32)   9248        activation_28[0][0]              
__________________________________________________________________________________________________
batch_normalization_29 (BatchNo (None, 16, 16, 32)   128         quantized_conv2d_30[0][0]        
__________________________________________________________________________________________________
add_14 (Add)                    (None, 16, 16, 32)   0           activation_27[0][0]              
                                                                 batch_normalization_29[0][0]     
__________________________________________________________________________________________________
activation_29 (Activation)      (None, 16, 16, 32)   0           add_14[0][0]                     
__________________________________________________________________________________________________
quantized_conv2d_31 (QuantizedC (None, 16, 16, 32)   9248        activation_29[0][0]              
__________________________________________________________________________________________________
batch_normalization_30 (BatchNo (None, 16, 16, 32)   128         quantized_conv2d_31[0][0]        
__________________________________________________________________________________________________
activation_30 (Activation)      (None, 16, 16, 32)   0           batch_normalization_30[0][0]     
__________________________________________________________________________________________________
quantized_conv2d_32 (QuantizedC (None, 16, 16, 32)   9248        activation_30[0][0]              
__________________________________________________________________________________________________
batch_normalization_31 (BatchNo (None, 16, 16, 32)   128         quantized_conv2d_32[0][0]        
__________________________________________________________________________________________________
add_15 (Add)                    (None, 16, 16, 32)   0           activation_29[0][0]              
                                                                 batch_normalization_31[0][0]     
__________________________________________________________________________________________________
activation_31 (Activation)      (None, 16, 16, 32)   0           add_15[0][0]                     
__________________________________________________________________________________________________
quantized_conv2d_33 (QuantizedC (None, 16, 16, 32)   9248        activation_31[0][0]              
__________________________________________________________________________________________________
batch_normalization_32 (BatchNo (None, 16, 16, 32)   128         quantized_conv2d_33[0][0]        
__________________________________________________________________________________________________
activation_32 (Activation)      (None, 16, 16, 32)   0           batch_normalization_32[0][0]     
__________________________________________________________________________________________________
quantized_conv2d_34 (QuantizedC (None, 16, 16, 32)   9248        activation_32[0][0]              
__________________________________________________________________________________________________
batch_normalization_33 (BatchNo (None, 16, 16, 32)   128         quantized_conv2d_34[0][0]        
__________________________________________________________________________________________________
add_16 (Add)                    (None, 16, 16, 32)   0           activation_31[0][0]              
                                                                 batch_normalization_33[0][0]     
__________________________________________________________________________________________________
activation_33 (Activation)      (None, 16, 16, 32)   0           add_16[0][0]                     
__________________________________________________________________________________________________
quantized_conv2d_35 (QuantizedC (None, 16, 16, 32)   9248        activation_33[0][0]              
__________________________________________________________________________________________________
batch_normalization_34 (BatchNo (None, 16, 16, 32)   128         quantized_conv2d_35[0][0]        
__________________________________________________________________________________________________
activation_34 (Activation)      (None, 16, 16, 32)   0           batch_normalization_34[0][0]     
__________________________________________________________________________________________________
quantized_conv2d_36 (QuantizedC (None, 16, 16, 32)   9248        activation_34[0][0]              
__________________________________________________________________________________________________
batch_normalization_35 (BatchNo (None, 16, 16, 32)   128         quantized_conv2d_36[0][0]        
__________________________________________________________________________________________________
add_17 (Add)                    (None, 16, 16, 32)   0           activation_33[0][0]              
                                                                 batch_normalization_35[0][0]     
__________________________________________________________________________________________________
activation_35 (Activation)      (None, 16, 16, 32)   0           add_17[0][0]                     
__________________________________________________________________________________________________
quantized_conv2d_37 (QuantizedC (None, 16, 16, 32)   9248        activation_35[0][0]              
__________________________________________________________________________________________________
batch_normalization_36 (BatchNo (None, 16, 16, 32)   128         quantized_conv2d_37[0][0]        
__________________________________________________________________________________________________
activation_36 (Activation)      (None, 16, 16, 32)   0           batch_normalization_36[0][0]     
__________________________________________________________________________________________________
quantized_conv2d_38 (QuantizedC (None, 16, 16, 32)   9248        activation_36[0][0]              
__________________________________________________________________________________________________
batch_normalization_37 (BatchNo (None, 16, 16, 32)   128         quantized_conv2d_38[0][0]        
__________________________________________________________________________________________________
add_18 (Add)                    (None, 16, 16, 32)   0           activation_35[0][0]              
                                                                 batch_normalization_37[0][0]     
__________________________________________________________________________________________________
activation_37 (Activation)      (None, 16, 16, 32)   0           add_18[0][0]                     
__________________________________________________________________________________________________
quantized_conv2d_39 (QuantizedC (None, 16, 16, 32)   9248        activation_37[0][0]              
__________________________________________________________________________________________________
batch_normalization_38 (BatchNo (None, 16, 16, 32)   128         quantized_conv2d_39[0][0]        
__________________________________________________________________________________________________
activation_38 (Activation)      (None, 16, 16, 32)   0           batch_normalization_38[0][0]     
__________________________________________________________________________________________________
quantized_conv2d_40 (QuantizedC (None, 16, 16, 32)   9248        activation_38[0][0]              
__________________________________________________________________________________________________
batch_normalization_39 (BatchNo (None, 16, 16, 32)   128         quantized_conv2d_40[0][0]        
__________________________________________________________________________________________________
add_19 (Add)                    (None, 16, 16, 32)   0           activation_37[0][0]              
                                                                 batch_normalization_39[0][0]     
__________________________________________________________________________________________________
activation_39 (Activation)      (None, 16, 16, 32)   0           add_19[0][0]                     
__________________________________________________________________________________________________
quantized_conv2d_41 (QuantizedC (None, 16, 16, 32)   9248        activation_39[0][0]              
__________________________________________________________________________________________________
batch_normalization_40 (BatchNo (None, 16, 16, 32)   128         quantized_conv2d_41[0][0]        
__________________________________________________________________________________________________
activation_40 (Activation)      (None, 16, 16, 32)   0           batch_normalization_40[0][0]     
__________________________________________________________________________________________________
quantized_conv2d_42 (QuantizedC (None, 16, 16, 32)   9248        activation_40[0][0]              
__________________________________________________________________________________________________
batch_normalization_41 (BatchNo (None, 16, 16, 32)   128         quantized_conv2d_42[0][0]        
__________________________________________________________________________________________________
add_20 (Add)                    (None, 16, 16, 32)   0           activation_39[0][0]              
                                                                 batch_normalization_41[0][0]     
__________________________________________________________________________________________________
activation_41 (Activation)      (None, 16, 16, 32)   0           add_20[0][0]                     
__________________________________________________________________________________________________
quantized_conv2d_43 (QuantizedC (None, 8, 8, 64)     18496       activation_41[0][0]              
__________________________________________________________________________________________________
batch_normalization_42 (BatchNo (None, 8, 8, 64)     256         quantized_conv2d_43[0][0]        
__________________________________________________________________________________________________
activation_42 (Activation)      (None, 8, 8, 64)     0           batch_normalization_42[0][0]     
__________________________________________________________________________________________________
quantized_conv2d_44 (QuantizedC (None, 8, 8, 64)     36928       activation_42[0][0]              
__________________________________________________________________________________________________
quantized_conv2d_45 (QuantizedC (None, 8, 8, 64)     2112        activation_41[0][0]              
__________________________________________________________________________________________________
batch_normalization_43 (BatchNo (None, 8, 8, 64)     256         quantized_conv2d_44[0][0]        
__________________________________________________________________________________________________
add_21 (Add)                    (None, 8, 8, 64)     0           quantized_conv2d_45[0][0]        
                                                                 batch_normalization_43[0][0]     
__________________________________________________________________________________________________
activation_43 (Activation)      (None, 8, 8, 64)     0           add_21[0][0]                     
__________________________________________________________________________________________________
quantized_conv2d_46 (QuantizedC (None, 8, 8, 64)     36928       activation_43[0][0]              
__________________________________________________________________________________________________
batch_normalization_44 (BatchNo (None, 8, 8, 64)     256         quantized_conv2d_46[0][0]        
__________________________________________________________________________________________________
activation_44 (Activation)      (None, 8, 8, 64)     0           batch_normalization_44[0][0]     
__________________________________________________________________________________________________
quantized_conv2d_47 (QuantizedC (None, 8, 8, 64)     36928       activation_44[0][0]              
__________________________________________________________________________________________________
batch_normalization_45 (BatchNo (None, 8, 8, 64)     256         quantized_conv2d_47[0][0]        
__________________________________________________________________________________________________
add_22 (Add)                    (None, 8, 8, 64)     0           activation_43[0][0]              
                                                                 batch_normalization_45[0][0]     
__________________________________________________________________________________________________
activation_45 (Activation)      (None, 8, 8, 64)     0           add_22[0][0]                     
__________________________________________________________________________________________________
quantized_conv2d_48 (QuantizedC (None, 8, 8, 64)     36928       activation_45[0][0]              
__________________________________________________________________________________________________
batch_normalization_46 (BatchNo (None, 8, 8, 64)     256         quantized_conv2d_48[0][0]        
__________________________________________________________________________________________________
activation_46 (Activation)      (None, 8, 8, 64)     0           batch_normalization_46[0][0]     
__________________________________________________________________________________________________
quantized_conv2d_49 (QuantizedC (None, 8, 8, 64)     36928       activation_46[0][0]              
__________________________________________________________________________________________________
batch_normalization_47 (BatchNo (None, 8, 8, 64)     256         quantized_conv2d_49[0][0]        
__________________________________________________________________________________________________
add_23 (Add)                    (None, 8, 8, 64)     0           activation_45[0][0]              
                                                                 batch_normalization_47[0][0]     
__________________________________________________________________________________________________
activation_47 (Activation)      (None, 8, 8, 64)     0           add_23[0][0]                     
__________________________________________________________________________________________________
quantized_conv2d_50 (QuantizedC (None, 8, 8, 64)     36928       activation_47[0][0]              
__________________________________________________________________________________________________
batch_normalization_48 (BatchNo (None, 8, 8, 64)     256         quantized_conv2d_50[0][0]        
__________________________________________________________________________________________________
activation_48 (Activation)      (None, 8, 8, 64)     0           batch_normalization_48[0][0]     
__________________________________________________________________________________________________
quantized_conv2d_51 (QuantizedC (None, 8, 8, 64)     36928       activation_48[0][0]              
__________________________________________________________________________________________________
batch_normalization_49 (BatchNo (None, 8, 8, 64)     256         quantized_conv2d_51[0][0]        
__________________________________________________________________________________________________
add_24 (Add)                    (None, 8, 8, 64)     0           activation_47[0][0]              
                                                                 batch_normalization_49[0][0]     
__________________________________________________________________________________________________
activation_49 (Activation)      (None, 8, 8, 64)     0           add_24[0][0]                     
__________________________________________________________________________________________________
quantized_conv2d_52 (QuantizedC (None, 8, 8, 64)     36928       activation_49[0][0]              
__________________________________________________________________________________________________
batch_normalization_50 (BatchNo (None, 8, 8, 64)     256         quantized_conv2d_52[0][0]        
__________________________________________________________________________________________________
activation_50 (Activation)      (None, 8, 8, 64)     0           batch_normalization_50[0][0]     
__________________________________________________________________________________________________
quantized_conv2d_53 (QuantizedC (None, 8, 8, 64)     36928       activation_50[0][0]              
__________________________________________________________________________________________________
batch_normalization_51 (BatchNo (None, 8, 8, 64)     256         quantized_conv2d_53[0][0]        
__________________________________________________________________________________________________
add_25 (Add)                    (None, 8, 8, 64)     0           activation_49[0][0]              
                                                                 batch_normalization_51[0][0]     
__________________________________________________________________________________________________
activation_51 (Activation)      (None, 8, 8, 64)     0           add_25[0][0]                     
__________________________________________________________________________________________________
quantized_conv2d_54 (QuantizedC (None, 8, 8, 64)     36928       activation_51[0][0]              
__________________________________________________________________________________________________
batch_normalization_52 (BatchNo (None, 8, 8, 64)     256         quantized_conv2d_54[0][0]        
__________________________________________________________________________________________________
activation_52 (Activation)      (None, 8, 8, 64)     0           batch_normalization_52[0][0]     
__________________________________________________________________________________________________
quantized_conv2d_55 (QuantizedC (None, 8, 8, 64)     36928       activation_52[0][0]              
__________________________________________________________________________________________________
batch_normalization_53 (BatchNo (None, 8, 8, 64)     256         quantized_conv2d_55[0][0]        
__________________________________________________________________________________________________
add_26 (Add)                    (None, 8, 8, 64)     0           activation_51[0][0]              
                                                                 batch_normalization_53[0][0]     
__________________________________________________________________________________________________
activation_53 (Activation)      (None, 8, 8, 64)     0           add_26[0][0]                     
__________________________________________________________________________________________________
quantized_conv2d_56 (QuantizedC (None, 8, 8, 64)     36928       activation_53[0][0]              
__________________________________________________________________________________________________
batch_normalization_54 (BatchNo (None, 8, 8, 64)     256         quantized_conv2d_56[0][0]        
__________________________________________________________________________________________________
activation_54 (Activation)      (None, 8, 8, 64)     0           batch_normalization_54[0][0]     
__________________________________________________________________________________________________
quantized_conv2d_57 (QuantizedC (None, 8, 8, 64)     36928       activation_54[0][0]              
__________________________________________________________________________________________________
batch_normalization_55 (BatchNo (None, 8, 8, 64)     256         quantized_conv2d_57[0][0]        
__________________________________________________________________________________________________
add_27 (Add)                    (None, 8, 8, 64)     0           activation_53[0][0]              
                                                                 batch_normalization_55[0][0]     
__________________________________________________________________________________________________
activation_55 (Activation)      (None, 8, 8, 64)     0           add_27[0][0]                     
__________________________________________________________________________________________________
quantized_conv2d_58 (QuantizedC (None, 8, 8, 64)     36928       activation_55[0][0]              
__________________________________________________________________________________________________
batch_normalization_56 (BatchNo (None, 8, 8, 64)     256         quantized_conv2d_58[0][0]        
__________________________________________________________________________________________________
activation_56 (Activation)      (None, 8, 8, 64)     0           batch_normalization_56[0][0]     
__________________________________________________________________________________________________
quantized_conv2d_59 (QuantizedC (None, 8, 8, 64)     36928       activation_56[0][0]              
__________________________________________________________________________________________________
batch_normalization_57 (BatchNo (None, 8, 8, 64)     256         quantized_conv2d_59[0][0]        
__________________________________________________________________________________________________
add_28 (Add)                    (None, 8, 8, 64)     0           activation_55[0][0]              
                                                                 batch_normalization_57[0][0]     
__________________________________________________________________________________________________
activation_57 (Activation)      (None, 8, 8, 64)     0           add_28[0][0]                     
__________________________________________________________________________________________________
quantized_conv2d_60 (QuantizedC (None, 8, 8, 64)     36928       activation_57[0][0]              
__________________________________________________________________________________________________
batch_normalization_58 (BatchNo (None, 8, 8, 64)     256         quantized_conv2d_60[0][0]        
__________________________________________________________________________________________________
activation_58 (Activation)      (None, 8, 8, 64)     0           batch_normalization_58[0][0]     
__________________________________________________________________________________________________
quantized_conv2d_61 (QuantizedC (None, 8, 8, 64)     36928       activation_58[0][0]              
__________________________________________________________________________________________________
batch_normalization_59 (BatchNo (None, 8, 8, 64)     256         quantized_conv2d_61[0][0]        
__________________________________________________________________________________________________
add_29 (Add)                    (None, 8, 8, 64)     0           activation_57[0][0]              
                                                                 batch_normalization_59[0][0]     
__________________________________________________________________________________________________
activation_59 (Activation)      (None, 8, 8, 64)     0           add_29[0][0]                     
__________________________________________________________________________________________________
quantized_conv2d_62 (QuantizedC (None, 8, 8, 64)     36928       activation_59[0][0]              
__________________________________________________________________________________________________
batch_normalization_60 (BatchNo (None, 8, 8, 64)     256         quantized_conv2d_62[0][0]        
__________________________________________________________________________________________________
activation_60 (Activation)      (None, 8, 8, 64)     0           batch_normalization_60[0][0]     
__________________________________________________________________________________________________
quantized_conv2d_63 (QuantizedC (None, 8, 8, 64)     36928       activation_60[0][0]              
__________________________________________________________________________________________________
batch_normalization_61 (BatchNo (None, 8, 8, 64)     256         quantized_conv2d_63[0][0]        
__________________________________________________________________________________________________
add_30 (Add)                    (None, 8, 8, 64)     0           activation_59[0][0]              
                                                                 batch_normalization_61[0][0]     
__________________________________________________________________________________________________
activation_61 (Activation)      (None, 8, 8, 64)     0           add_30[0][0]                     
__________________________________________________________________________________________________
average_pooling2d_1 (AveragePoo (None, 1, 1, 64)     0           activation_61[0][0]              
__________________________________________________________________________________________________
flatten_1 (Flatten)             (None, 64)           0           average_pooling2d_1[0][0]        
__________________________________________________________________________________________________
quantized_dense_2 (QuantizedDen (None, 10)           650         flatten_1[0][0]                  
==================================================================================================
Total params: 959,658
Trainable params: 955,146
Non-trainable params: 4,512
__________________________________________________________________________________________________
loading data

Loading CIFAR-10 dataset...
(45000, 32, 32, 3)
setting up the network and creating callbacks

Learning rate:  0.001
compiling the network

No weights preloaded, training from scratch

(re)training the network

Train on 45000 samples, validate on 5000 samples
Learning rate:  0.001
Epoch 1/200

Epoch 00001: val_acc improved from -inf to 0.09980, saving model to ./weights/CIFAR-10_full-qnn_2b_4b_1_64_1_128_1_256.hdf5
 - 146s - loss: 33.7670 - acc: 0.1008 - val_loss: 33.6935 - val_acc: 0.0998
Learning rate:  0.001
Epoch 2/200

Epoch 00002: val_acc improved from 0.09980 to 0.10360, saving model to ./weights/CIFAR-10_full-qnn_2b_4b_1_64_1_128_1_256.hdf5
 - 66s - loss: 33.6728 - acc: 0.1011 - val_loss: 33.6541 - val_acc: 0.1036
Learning rate:  0.001
Epoch 3/200

Epoch 00003: val_acc did not improve
 - 64s - loss: 33.6386 - acc: 0.0994 - val_loss: 33.6221 - val_acc: 0.0996
Learning rate:  0.001
Epoch 4/200

Epoch 00004: val_acc did not improve
 - 65s - loss: 33.6028 - acc: 0.1006 - val_loss: 33.5845 - val_acc: 0.0998
Learning rate:  0.001
Epoch 5/200

Epoch 00005: val_acc did not improve
 - 65s - loss: 33.5662 - acc: 0.1020 - val_loss: 33.5544 - val_acc: 0.0978
Learning rate:  0.001
Epoch 6/200

Epoch 00006: val_acc did not improve
 - 65s - loss: 33.5321 - acc: 0.0990 - val_loss: 33.5176 - val_acc: 0.0936
Learning rate:  0.001
Epoch 7/200

Epoch 00007: val_acc did not improve
 - 65s - loss: 33.4948 - acc: 0.1014 - val_loss: 33.4774 - val_acc: 0.0966
Learning rate:  0.001
Epoch 8/200

Epoch 00008: val_acc did not improve
 - 65s - loss: 33.4581 - acc: 0.1000 - val_loss: 33.4395 - val_acc: 0.0968
Learning rate:  0.001
Epoch 9/200

Epoch 00009: val_acc did not improve
 - 65s - loss: 33.4219 - acc: 0.0991 - val_loss: 33.4036 - val_acc: 0.1028
Learning rate:  0.001
Epoch 10/200

Epoch 00010: val_acc did not improve
 - 65s - loss: 33.3839 - acc: 0.0981 - val_loss: 33.3671 - val_acc: 0.1006
Learning rate:  0.001
Epoch 11/200

Epoch 00011: val_acc did not improve
 - 65s - loss: 33.3453 - acc: 0.0992 - val_loss: 33.3314 - val_acc: 0.0974
Learning rate:  0.001
Epoch 12/200

Epoch 00012: val_acc did not improve
 - 65s - loss: 33.3065 - acc: 0.0998 - val_loss: 33.2886 - val_acc: 0.0986
Learning rate:  0.001
Epoch 13/200

Epoch 00013: val_acc did not improve
 - 65s - loss: 33.2689 - acc: 0.0982 - val_loss: 33.2474 - val_acc: 0.1036
Learning rate:  0.001
Epoch 14/200

Epoch 00014: val_acc did not improve
 - 65s - loss: 33.2284 - acc: 0.1014 - val_loss: 33.2091 - val_acc: 0.1000
Learning rate:  0.001
Epoch 15/200

Epoch 00015: val_acc did not improve
 - 65s - loss: 33.1895 - acc: 0.0985 - val_loss: 33.1694 - val_acc: 0.1000
Learning rate:  0.001
Epoch 16/200

Epoch 00016: val_acc improved from 0.10360 to 0.10420, saving model to ./weights/CIFAR-10_full-qnn_2b_4b_1_64_1_128_1_256.hdf5
 - 67s - loss: 33.1486 - acc: 0.1010 - val_loss: 33.1276 - val_acc: 0.1042
Learning rate:  0.001
Epoch 17/200

Epoch 00017: val_acc did not improve
 - 65s - loss: 33.1078 - acc: 0.0995 - val_loss: 33.0869 - val_acc: 0.1032
Learning rate:  0.001
Epoch 18/200

Epoch 00018: val_acc did not improve
 - 65s - loss: 33.0658 - acc: 0.0995 - val_loss: 33.0503 - val_acc: 0.0954
Learning rate:  0.001
Epoch 19/200

Epoch 00019: val_acc did not improve
 - 65s - loss: 33.0250 - acc: 0.0978 - val_loss: 33.0060 - val_acc: 0.1004
Learning rate:  0.001
Epoch 20/200

Epoch 00020: val_acc did not improve
 - 65s - loss: 32.9834 - acc: 0.0967 - val_loss: 32.9647 - val_acc: 0.0988
Learning rate:  0.001
Epoch 21/200

Epoch 00021: val_acc improved from 0.10420 to 0.10560, saving model to ./weights/CIFAR-10_full-qnn_2b_4b_1_64_1_128_1_256.hdf5
 - 67s - loss: 32.9405 - acc: 0.1018 - val_loss: 32.9160 - val_acc: 0.1056
Learning rate:  0.001
Epoch 22/200

Epoch 00022: val_acc did not improve
 - 65s - loss: 32.8967 - acc: 0.1023 - val_loss: 32.8811 - val_acc: 0.1050
Learning rate:  0.001
Epoch 23/200

Epoch 00023: val_acc did not improve
 - 65s - loss: 32.8511 - acc: 0.0972 - val_loss: 32.8299 - val_acc: 0.1040
Learning rate:  0.001
Epoch 24/200

Epoch 00024: val_acc did not improve
 - 65s - loss: 32.8057 - acc: 0.0971 - val_loss: 32.7886 - val_acc: 0.0992
Learning rate:  0.001
Epoch 25/200

Epoch 00025: val_acc did not improve
 - 65s - loss: 32.7589 - acc: 0.1021 - val_loss: 32.7384 - val_acc: 0.0938
Learning rate:  0.001
Epoch 26/200

Epoch 00026: val_acc did not improve
 - 65s - loss: 32.7140 - acc: 0.0983 - val_loss: 32.6921 - val_acc: 0.0930
Learning rate:  0.001
Epoch 27/200

Epoch 00027: val_acc did not improve
 - 65s - loss: 32.6660 - acc: 0.1002 - val_loss: 32.6450 - val_acc: 0.0992
Learning rate:  0.001
Epoch 28/200

Epoch 00028: val_acc did not improve
 - 65s - loss: 32.6191 - acc: 0.0981 - val_loss: 32.5977 - val_acc: 0.0996
Learning rate:  0.001
Epoch 29/200

Epoch 00029: val_acc did not improve
 - 65s - loss: 32.5715 - acc: 0.1000 - val_loss: 32.5489 - val_acc: 0.0954
Learning rate:  0.001
Epoch 30/200

Epoch 00030: val_acc did not improve
 - 65s - loss: 32.5231 - acc: 0.1011 - val_loss: 32.5007 - val_acc: 0.1004
Learning rate:  0.001
Epoch 31/200

Epoch 00031: val_acc improved from 0.10560 to 0.10740, saving model to ./weights/CIFAR-10_full-qnn_2b_4b_1_64_1_128_1_256.hdf5
 - 67s - loss: 32.4756 - acc: 0.0991 - val_loss: 32.4498 - val_acc: 0.1074
Learning rate:  0.001
Epoch 32/200

Epoch 00032: val_acc improved from 0.10740 to 0.10900, saving model to ./weights/CIFAR-10_full-qnn_2b_4b_1_64_1_128_1_256.hdf5
 - 67s - loss: 32.4254 - acc: 0.1010 - val_loss: 32.4011 - val_acc: 0.1090
Learning rate:  0.001
Epoch 33/200

Epoch 00033: val_acc did not improve
 - 65s - loss: 32.3760 - acc: 0.1018 - val_loss: 32.3531 - val_acc: 0.1000
Learning rate:  0.001
Epoch 34/200

Epoch 00034: val_acc did not improve
 - 65s - loss: 32.3266 - acc: 0.0990 - val_loss: 32.3029 - val_acc: 0.1006
Learning rate:  0.001
Epoch 35/200

Epoch 00035: val_acc did not improve
 - 65s - loss: 32.2771 - acc: 0.0999 - val_loss: 32.2518 - val_acc: 0.1012
Learning rate:  0.001
Epoch 36/200

Epoch 00036: val_acc did not improve
 - 65s - loss: 32.2262 - acc: 0.0996 - val_loss: 32.2030 - val_acc: 0.0950
Learning rate:  0.001
Epoch 37/200

Epoch 00037: val_acc did not improve
 - 65s - loss: 32.1749 - acc: 0.1000 - val_loss: 32.1494 - val_acc: 0.0902
Learning rate:  0.001
Epoch 38/200

Epoch 00038: val_acc did not improve
 - 65s - loss: 32.1243 - acc: 0.0983 - val_loss: 32.0987 - val_acc: 0.1000
Learning rate:  0.001
Epoch 39/200

Epoch 00039: val_acc did not improve
 - 65s - loss: 32.0730 - acc: 0.0995 - val_loss: 32.0478 - val_acc: 0.0988
Learning rate:  0.001
Epoch 40/200

Epoch 00040: val_acc did not improve
 - 65s - loss: 32.0220 - acc: 0.0982 - val_loss: 31.9941 - val_acc: 0.1082
Learning rate:  0.001
Epoch 41/200

Epoch 00041: val_acc did not improve
 - 65s - loss: 31.9687 - acc: 0.1001 - val_loss: 31.9436 - val_acc: 0.1016
Learning rate:  0.001
Epoch 42/200

Epoch 00042: val_acc did not improve
 - 65s - loss: 31.9169 - acc: 0.1001 - val_loss: 31.8905 - val_acc: 0.0918
Learning rate:  0.001
Epoch 43/200

Epoch 00043: val_acc did not improve
 - 65s - loss: 31.8635 - acc: 0.1002 - val_loss: 31.8365 - val_acc: 0.1054
Learning rate:  0.001
Epoch 44/200

Epoch 00044: val_acc did not improve
 - 65s - loss: 31.8120 - acc: 0.0988 - val_loss: 31.7855 - val_acc: 0.0954
Learning rate:  0.001
Epoch 45/200

Epoch 00045: val_acc did not improve
 - 65s - loss: 31.7606 - acc: 0.0995 - val_loss: 31.7361 - val_acc: 0.1004
Learning rate:  0.001
Epoch 46/200

Epoch 00046: val_acc did not improve
 - 65s - loss: 31.7070 - acc: 0.1000 - val_loss: 31.6819 - val_acc: 0.1042
Learning rate:  0.001
Epoch 47/200

Epoch 00047: val_acc did not improve
 - 65s - loss: 31.6546 - acc: 0.0981 - val_loss: 31.6297 - val_acc: 0.0978
Learning rate:  0.001
Epoch 48/200

Epoch 00048: val_acc did not improve
 - 65s - loss: 31.5995 - acc: 0.0968 - val_loss: 31.5726 - val_acc: 0.0990
Learning rate:  0.001
Epoch 49/200

Epoch 00049: val_acc did not improve
 - 66s - loss: 31.5442 - acc: 0.1001 - val_loss: 31.5204 - val_acc: 0.0960
Learning rate:  0.001
Epoch 50/200

Epoch 00050: val_acc did not improve
 - 66s - loss: 31.4905 - acc: 0.1001 - val_loss: 31.4647 - val_acc: 0.1026
Learning rate:  0.001
Epoch 51/200

Epoch 00051: val_acc did not improve
 - 66s - loss: 31.4391 - acc: 0.0992 - val_loss: 31.4113 - val_acc: 0.1024
Learning rate:  0.001
Epoch 52/200

Epoch 00052: val_acc did not improve
 - 66s - loss: 31.3858 - acc: 0.0997 - val_loss: 31.3630 - val_acc: 0.0950
Learning rate:  0.001
Epoch 53/200

Epoch 00053: val_acc did not improve
 - 66s - loss: 31.3317 - acc: 0.0995 - val_loss: 31.3061 - val_acc: 0.1006
Learning rate:  0.001
Epoch 54/200

Epoch 00054: val_acc did not improve
 - 66s - loss: 31.2767 - acc: 0.1021 - val_loss: 31.2469 - val_acc: 0.0972
Learning rate:  0.001
Epoch 55/200

Epoch 00055: val_acc did not improve
 - 66s - loss: 31.2210 - acc: 0.1007 - val_loss: 31.1962 - val_acc: 0.0926
Learning rate:  0.001
Epoch 56/200

Epoch 00056: val_acc did not improve
 - 66s - loss: 31.1672 - acc: 0.0988 - val_loss: 31.1397 - val_acc: 0.1024
Learning rate:  0.001
Epoch 57/200

Epoch 00057: val_acc did not improve
 - 66s - loss: 31.1119 - acc: 0.0994 - val_loss: 31.0866 - val_acc: 0.0996
Learning rate:  0.001
Epoch 58/200

Epoch 00058: val_acc did not improve
 - 66s - loss: 31.0562 - acc: 0.1012 - val_loss: 31.0264 - val_acc: 0.1034
Learning rate:  0.001
Epoch 59/200

Epoch 00059: val_acc did not improve
 - 66s - loss: 31.0018 - acc: 0.0990 - val_loss: 30.9737 - val_acc: 0.1040
Learning rate:  0.001
Epoch 60/200

Epoch 00060: val_acc did not improve
 - 66s - loss: 30.9465 - acc: 0.0998 - val_loss: 30.9191 - val_acc: 0.1004
Learning rate:  0.001
Epoch 61/200

Epoch 00061: val_acc did not improve
 - 66s - loss: 30.8904 - acc: 0.0996 - val_loss: 30.8609 - val_acc: 0.1036
Learning rate:  0.001
Epoch 62/200

Epoch 00062: val_acc did not improve
 - 66s - loss: 30.8361 - acc: 0.1008 - val_loss: 30.8087 - val_acc: 0.1018
Learning rate:  0.001
Epoch 63/200

Epoch 00063: val_acc did not improve
 - 66s - loss: 30.7805 - acc: 0.1001 - val_loss: 30.7562 - val_acc: 0.0954
Learning rate:  0.001
Epoch 64/200

Epoch 00064: val_acc did not improve
 - 66s - loss: 30.7238 - acc: 0.1001 - val_loss: 30.6949 - val_acc: 0.1032
Learning rate:  0.001
Epoch 65/200

Epoch 00065: val_acc did not improve
 - 66s - loss: 30.6676 - acc: 0.1002 - val_loss: 30.6406 - val_acc: 0.0950
Learning rate:  0.001
Epoch 66/200

Epoch 00066: val_acc did not improve
 - 66s - loss: 30.6099 - acc: 0.0978 - val_loss: 30.5790 - val_acc: 0.0980
Learning rate:  0.001
Epoch 67/200

Epoch 00067: val_acc did not improve
 - 66s - loss: 30.5498 - acc: 0.1012 - val_loss: 30.5202 - val_acc: 0.0926
Learning rate:  0.001
Epoch 68/200

Epoch 00068: val_acc did not improve
 - 66s - loss: 30.4895 - acc: 0.0992 - val_loss: 30.4576 - val_acc: 0.1044
Learning rate:  0.001
Epoch 69/200

Epoch 00069: val_acc did not improve
 - 66s - loss: 30.4272 - acc: 0.0983 - val_loss: 30.3949 - val_acc: 0.0966
Learning rate:  0.001
Epoch 70/200

Epoch 00070: val_acc did not improve
 - 66s - loss: 30.3657 - acc: 0.0988 - val_loss: 30.3350 - val_acc: 0.1002
Learning rate:  0.001
Epoch 71/200

Epoch 00071: val_acc did not improve
 - 66s - loss: 30.3046 - acc: 0.0984 - val_loss: 30.2763 - val_acc: 0.1034
Learning rate:  0.001
Epoch 72/200

Epoch 00072: val_acc did not improve
 - 66s - loss: 30.2437 - acc: 0.1036 - val_loss: 30.2114 - val_acc: 0.1002
Learning rate:  0.001
Epoch 73/200

Epoch 00073: val_acc did not improve
 - 66s - loss: 30.1824 - acc: 0.1001 - val_loss: 30.1512 - val_acc: 0.0976
Learning rate:  0.001
Epoch 74/200

Epoch 00074: val_acc did not improve
 - 66s - loss: 30.1191 - acc: 0.1021 - val_loss: 30.0925 - val_acc: 0.0978
Learning rate:  0.001
Epoch 75/200

Epoch 00075: val_acc did not improve
 - 66s - loss: 30.0582 - acc: 0.0988 - val_loss: 30.0308 - val_acc: 0.0948
Learning rate:  0.001
Epoch 76/200

Epoch 00076: val_acc did not improve
 - 66s - loss: 29.9975 - acc: 0.0994 - val_loss: 29.9671 - val_acc: 0.0950
Learning rate:  0.001
Epoch 77/200

Epoch 00077: val_acc did not improve
 - 66s - loss: 29.9374 - acc: 0.0990 - val_loss: 29.9084 - val_acc: 0.1008
Learning rate:  0.001
Epoch 78/200

Epoch 00078: val_acc did not improve
 - 66s - loss: 29.8769 - acc: 0.1000 - val_loss: 29.8459 - val_acc: 0.0982
Learning rate:  0.001
Epoch 79/200

Epoch 00079: val_acc did not improve
 - 66s - loss: 29.8143 - acc: 0.0988 - val_loss: 29.7853 - val_acc: 0.0984
Learning rate:  0.001
Epoch 80/200

Epoch 00080: val_acc did not improve
 - 66s - loss: 29.7536 - acc: 0.0973 - val_loss: 29.7224 - val_acc: 0.0970
Learning rate:  0.001
Epoch 81/200

Epoch 00081: val_acc did not improve
 - 66s - loss: 29.6905 - acc: 0.1016 - val_loss: 29.6592 - val_acc: 0.1020
Learning rate:  0.0001
Epoch 82/200

Epoch 00082: val_acc did not improve
 - 66s - loss: 29.6544 - acc: 0.1018 - val_loss: 29.6507 - val_acc: 0.0942
Learning rate:  0.0001
Epoch 83/200

Epoch 00083: val_acc did not improve
 - 66s - loss: 29.6460 - acc: 0.1015 - val_loss: 29.6410 - val_acc: 0.0952
Learning rate:  0.0001
Epoch 84/200

Epoch 00084: val_acc did not improve
 - 66s - loss: 29.6372 - acc: 0.0991 - val_loss: 29.6328 - val_acc: 0.1012
Learning rate:  0.0001
Epoch 85/200

Epoch 00085: val_acc did not improve
 - 66s - loss: 29.6286 - acc: 0.0981 - val_loss: 29.6227 - val_acc: 0.1040
Learning rate:  0.0001
Epoch 86/200

Epoch 00086: val_acc did not improve
 - 66s - loss: 29.6197 - acc: 0.0970 - val_loss: 29.6150 - val_acc: 0.0978
Learning rate:  0.0001
Epoch 87/200

Epoch 00087: val_acc did not improve
 - 66s - loss: 29.6102 - acc: 0.0992 - val_loss: 29.6059 - val_acc: 0.0998
Learning rate:  0.0001
Epoch 88/200

Epoch 00088: val_acc improved from 0.10900 to 0.11140, saving model to ./weights/CIFAR-10_full-qnn_2b_4b_1_64_1_128_1_256.hdf5
 - 68s - loss: 29.6004 - acc: 0.1002 - val_loss: 29.5940 - val_acc: 0.1114
Learning rate:  0.0001
Epoch 89/200

Epoch 00089: val_acc did not improve
 - 66s - loss: 29.5906 - acc: 0.1008 - val_loss: 29.5869 - val_acc: 0.0970
Learning rate:  0.0001
Epoch 90/200

Epoch 00090: val_acc did not improve
 - 66s - loss: 29.5811 - acc: 0.0979 - val_loss: 29.5754 - val_acc: 0.1000
Learning rate:  0.0001
Epoch 91/200

Epoch 00091: val_acc did not improve
 - 66s - loss: 29.5705 - acc: 0.0991 - val_loss: 29.5665 - val_acc: 0.0936
Learning rate:  0.0001
Epoch 92/200

Epoch 00092: val_acc did not improve
 - 65s - loss: 29.5603 - acc: 0.1002 - val_loss: 29.5551 - val_acc: 0.0986
Learning rate:  0.0001
Epoch 93/200

Epoch 00093: val_acc did not improve
 - 66s - loss: 29.5500 - acc: 0.1003 - val_loss: 29.5451 - val_acc: 0.0980
Learning rate:  0.0001
Epoch 94/200

Epoch 00094: val_acc did not improve
 - 66s - loss: 29.5400 - acc: 0.1004 - val_loss: 29.5350 - val_acc: 0.1004
Learning rate:  0.0001
Epoch 95/200

Epoch 00095: val_acc did not improve
 - 66s - loss: 29.5295 - acc: 0.0984 - val_loss: 29.5243 - val_acc: 0.0980
Learning rate:  0.0001
Epoch 96/200

Epoch 00096: val_acc did not improve
 - 66s - loss: 29.5194 - acc: 0.1000 - val_loss: 29.5152 - val_acc: 0.0962
Learning rate:  0.0001
Epoch 97/200

Epoch 00097: val_acc did not improve
 - 66s - loss: 29.5092 - acc: 0.1013 - val_loss: 29.5045 - val_acc: 0.0964
Learning rate:  0.0001
Epoch 98/200

Epoch 00098: val_acc did not improve
 - 66s - loss: 29.4990 - acc: 0.1007 - val_loss: 29.4947 - val_acc: 0.0982
Learning rate:  0.0001
Epoch 99/200

Epoch 00099: val_acc did not improve
 - 66s - loss: 29.4890 - acc: 0.0997 - val_loss: 29.4827 - val_acc: 0.1000
Learning rate:  0.0001
Epoch 100/200

Epoch 00100: val_acc did not improve
 - 66s - loss: 29.4789 - acc: 0.0980 - val_loss: 29.4737 - val_acc: 0.0984
Learning rate:  0.0001
Epoch 101/200

Epoch 00101: val_acc did not improve
 - 66s - loss: 29.4685 - acc: 0.0982 - val_loss: 29.4624 - val_acc: 0.0996
Learning rate:  0.0001
Epoch 102/200

Epoch 00102: val_acc did not improve
 - 66s - loss: 29.4583 - acc: 0.0994 - val_loss: 29.4529 - val_acc: 0.0948
Learning rate:  0.0001
Epoch 103/200

Epoch 00103: val_acc did not improve
 - 66s - loss: 29.4479 - acc: 0.0987 - val_loss: 29.4420 - val_acc: 0.0966
Learning rate:  0.0001
Epoch 104/200

Epoch 00104: val_acc did not improve
 - 66s - loss: 29.4377 - acc: 0.1001 - val_loss: 29.4320 - val_acc: 0.1020
Learning rate:  0.0001
Epoch 105/200

Epoch 00105: val_acc did not improve
 - 66s - loss: 29.4281 - acc: 0.0988 - val_loss: 29.4225 - val_acc: 0.1024
Learning rate:  0.0001
Epoch 106/200

Epoch 00106: val_acc did not improve
 - 66s - loss: 29.4183 - acc: 0.0991 - val_loss: 29.4133 - val_acc: 0.1006
Learning rate:  0.0001
Epoch 107/200

Epoch 00107: val_acc did not improve
 - 66s - loss: 29.4083 - acc: 0.1014 - val_loss: 29.4040 - val_acc: 0.0966
Learning rate:  0.0001
Epoch 108/200

Epoch 00108: val_acc did not improve
 - 66s - loss: 29.3991 - acc: 0.0988 - val_loss: 29.3940 - val_acc: 0.0986
Learning rate:  0.0001
Epoch 109/200

Epoch 00109: val_acc did not improve
 - 66s - loss: 29.3894 - acc: 0.1012 - val_loss: 29.3847 - val_acc: 0.1002
Learning rate:  0.0001
Epoch 110/200

Epoch 00110: val_acc did not improve
 - 66s - loss: 29.3801 - acc: 0.0994 - val_loss: 29.3763 - val_acc: 0.0992
Learning rate:  0.0001
Epoch 111/200

Epoch 00111: val_acc did not improve
 - 66s - loss: 29.3708 - acc: 0.1006 - val_loss: 29.3657 - val_acc: 0.0966
Learning rate:  0.0001
Epoch 112/200

Epoch 00112: val_acc did not improve
 - 66s - loss: 29.3615 - acc: 0.0981 - val_loss: 29.3571 - val_acc: 0.0946
Learning rate:  0.0001
Epoch 113/200

Epoch 00113: val_acc did not improve
 - 66s - loss: 29.3521 - acc: 0.1009 - val_loss: 29.3468 - val_acc: 0.1042
Learning rate:  0.0001
Epoch 114/200

Epoch 00114: val_acc did not improve
 - 66s - loss: 29.3433 - acc: 0.0987 - val_loss: 29.3378 - val_acc: 0.1078
Learning rate:  0.0001
Epoch 115/200

Epoch 00115: val_acc did not improve
 - 66s - loss: 29.3343 - acc: 0.1004 - val_loss: 29.3297 - val_acc: 0.1030
Learning rate:  0.0001
Epoch 116/200

Epoch 00116: val_acc did not improve
 - 66s - loss: 29.3254 - acc: 0.0994 - val_loss: 29.3202 - val_acc: 0.1020
Learning rate:  0.0001
Epoch 117/200

Epoch 00117: val_acc did not improve
 - 66s - loss: 29.3160 - acc: 0.1010 - val_loss: 29.3128 - val_acc: 0.0984
Learning rate:  0.0001
Epoch 118/200

Epoch 00118: val_acc did not improve
 - 65s - loss: 29.3074 - acc: 0.1024 - val_loss: 29.3018 - val_acc: 0.1052
Learning rate:  0.0001
Epoch 119/200

Epoch 00119: val_acc did not improve
 - 66s - loss: 29.2992 - acc: 0.0991 - val_loss: 29.2950 - val_acc: 0.0958
Learning rate:  0.0001
Epoch 120/200

Epoch 00120: val_acc did not improve
 - 66s - loss: 29.2909 - acc: 0.0988 - val_loss: 29.2861 - val_acc: 0.1004
Learning rate:  0.0001
Epoch 121/200

Epoch 00121: val_acc did not improve
 - 66s - loss: 29.2822 - acc: 0.0996 - val_loss: 29.2790 - val_acc: 0.0978
Learning rate:  1e-05
Epoch 122/200

Epoch 00122: val_acc did not improve
 - 66s - loss: 29.2776 - acc: 0.1003 - val_loss: 29.2775 - val_acc: 0.0926
Learning rate:  1e-05
Epoch 123/200

Epoch 00123: val_acc did not improve
 - 66s - loss: 29.2763 - acc: 0.1012 - val_loss: 29.2782 - val_acc: 0.0924
Learning rate:  1e-05
Epoch 124/200

Epoch 00124: val_acc did not improve
 - 66s - loss: 29.2759 - acc: 0.1012 - val_loss: 29.2743 - val_acc: 0.1016
Learning rate:  1e-05
Epoch 125/200

Epoch 00125: val_acc did not improve
 - 66s - loss: 29.2746 - acc: 0.0997 - val_loss: 29.2743 - val_acc: 0.1016
Learning rate:  1e-05
Epoch 126/200

Epoch 00126: val_acc did not improve
 - 65s - loss: 29.2735 - acc: 0.1026 - val_loss: 29.2733 - val_acc: 0.1036
Learning rate:  1e-05
Epoch 127/200

Epoch 00127: val_acc did not improve
 - 66s - loss: 29.2730 - acc: 0.0988 - val_loss: 29.2717 - val_acc: 0.1046
Learning rate:  1e-05
Epoch 128/200

Epoch 00128: val_acc did not improve
 - 66s - loss: 29.2718 - acc: 0.1016 - val_loss: 29.2720 - val_acc: 0.0954
Learning rate:  1e-05
Epoch 129/200

Epoch 00129: val_acc did not improve
 - 66s - loss: 29.2707 - acc: 0.0995 - val_loss: 29.2707 - val_acc: 0.0988
Learning rate:  1e-05
Epoch 130/200

Epoch 00130: val_acc did not improve
 - 66s - loss: 29.2695 - acc: 0.1008 - val_loss: 29.2700 - val_acc: 0.0910
Learning rate:  1e-05
Epoch 131/200

Epoch 00131: val_acc did not improve
 - 66s - loss: 29.2681 - acc: 0.1021 - val_loss: 29.2684 - val_acc: 0.1008
Learning rate:  1e-05
Epoch 132/200

Epoch 00132: val_acc did not improve
 - 66s - loss: 29.2674 - acc: 0.0994 - val_loss: 29.2677 - val_acc: 0.0974
Learning rate:  1e-05
Epoch 133/200

Epoch 00133: val_acc did not improve
 - 66s - loss: 29.2658 - acc: 0.0964 - val_loss: 29.2661 - val_acc: 0.0920
Learning rate:  1e-05
Epoch 134/200

Epoch 00134: val_acc did not improve
 - 66s - loss: 29.2646 - acc: 0.0984 - val_loss: 29.2634 - val_acc: 0.1006
Learning rate:  1e-05
Epoch 135/200

Epoch 00135: val_acc did not improve
 - 66s - loss: 29.2640 - acc: 0.0980 - val_loss: 29.2622 - val_acc: 0.1036
Learning rate:  1e-05
Epoch 136/200

Epoch 00136: val_acc did not improve
 - 66s - loss: 29.2620 - acc: 0.1027 - val_loss: 29.2608 - val_acc: 0.0998
Learning rate:  1e-05
Epoch 137/200

Epoch 00137: val_acc did not improve
 - 66s - loss: 29.2611 - acc: 0.0996 - val_loss: 29.2604 - val_acc: 0.1100
Learning rate:  1e-05
Epoch 138/200

Epoch 00138: val_acc did not improve
 - 66s - loss: 29.2593 - acc: 0.1004 - val_loss: 29.2602 - val_acc: 0.1010
Learning rate:  1e-05
Epoch 139/200

Epoch 00139: val_acc did not improve
 - 66s - loss: 29.2586 - acc: 0.0973 - val_loss: 29.2589 - val_acc: 0.1008
Learning rate:  1e-05
Epoch 140/200

Epoch 00140: val_acc did not improve
 - 66s - loss: 29.2574 - acc: 0.0968 - val_loss: 29.2574 - val_acc: 0.0970
Learning rate:  1e-05
Epoch 141/200

Epoch 00141: val_acc did not improve
 - 66s - loss: 29.2557 - acc: 0.0997 - val_loss: 29.2554 - val_acc: 0.1030
Learning rate:  1e-05
Epoch 142/200

Epoch 00142: val_acc did not improve
 - 66s - loss: 29.2547 - acc: 0.1008 - val_loss: 29.2540 - val_acc: 0.0982
Learning rate:  1e-05
Epoch 143/200

Epoch 00143: val_acc did not improve
 - 66s - loss: 29.2531 - acc: 0.1003 - val_loss: 29.2526 - val_acc: 0.0982
Learning rate:  1e-05
Epoch 144/200

Epoch 00144: val_acc did not improve
 - 66s - loss: 29.2518 - acc: 0.1024 - val_loss: 29.2510 - val_acc: 0.1002
Learning rate:  1e-05
Epoch 145/200

Epoch 00145: val_acc did not improve
 - 66s - loss: 29.2505 - acc: 0.1018 - val_loss: 29.2514 - val_acc: 0.0996
Learning rate:  1e-05
Epoch 146/200

Epoch 00146: val_acc did not improve
 - 66s - loss: 29.2498 - acc: 0.0978 - val_loss: 29.2490 - val_acc: 0.0964
Learning rate:  1e-05
Epoch 147/200

Epoch 00147: val_acc did not improve
 - 66s - loss: 29.2483 - acc: 0.1006 - val_loss: 29.2481 - val_acc: 0.1012
Learning rate:  1e-05
Epoch 148/200

Epoch 00148: val_acc did not improve
 - 66s - loss: 29.2474 - acc: 0.0989 - val_loss: 29.2466 - val_acc: 0.1018
Learning rate:  1e-05
Epoch 149/200

Epoch 00149: val_acc did not improve
 - 66s - loss: 29.2460 - acc: 0.0991 - val_loss: 29.2466 - val_acc: 0.0948
Learning rate:  1e-05
Epoch 150/200

Epoch 00150: val_acc did not improve
 - 66s - loss: 29.2449 - acc: 0.1000 - val_loss: 29.2441 - val_acc: 0.0948
Learning rate:  1e-05
Epoch 151/200

Epoch 00151: val_acc did not improve
 - 66s - loss: 29.2440 - acc: 0.0990 - val_loss: 29.2431 - val_acc: 0.0998
Learning rate:  1e-05
Epoch 152/200

Epoch 00152: val_acc did not improve
 - 66s - loss: 29.2425 - acc: 0.1027 - val_loss: 29.2423 - val_acc: 0.1028
Learning rate:  1e-05
Epoch 153/200

Epoch 00153: val_acc did not improve
 - 66s - loss: 29.2418 - acc: 0.0990 - val_loss: 29.2409 - val_acc: 0.0908
Learning rate:  1e-05
Epoch 154/200

Epoch 00154: val_acc did not improve
 - 66s - loss: 29.2410 - acc: 0.0990 - val_loss: 29.2409 - val_acc: 0.1004
Learning rate:  1e-05
Epoch 155/200

Epoch 00155: val_acc did not improve
 - 66s - loss: 29.2396 - acc: 0.1007 - val_loss: 29.2397 - val_acc: 0.1008
Learning rate:  1e-05
Epoch 156/200

Epoch 00156: val_acc did not improve
 - 66s - loss: 29.2383 - acc: 0.1011 - val_loss: 29.2383 - val_acc: 0.1044
Learning rate:  1e-05
Epoch 157/200

Epoch 00157: val_acc did not improve
 - 66s - loss: 29.2374 - acc: 0.1002 - val_loss: 29.2373 - val_acc: 0.1034
Learning rate:  1e-05
Epoch 158/200

Epoch 00158: val_acc did not improve
 - 66s - loss: 29.2366 - acc: 0.0998 - val_loss: 29.2374 - val_acc: 0.0972
Learning rate:  1e-05
Epoch 159/200

Epoch 00159: val_acc did not improve
 - 66s - loss: 29.2358 - acc: 0.0978 - val_loss: 29.2358 - val_acc: 0.0958
Learning rate:  1e-05
Epoch 160/200

Epoch 00160: val_acc did not improve
 - 66s - loss: 29.2347 - acc: 0.0990 - val_loss: 29.2343 - val_acc: 0.0956
Learning rate:  1e-05
Epoch 161/200

Epoch 00161: val_acc did not improve
 - 66s - loss: 29.2330 - acc: 0.1010 - val_loss: 29.2327 - val_acc: 0.1094
Learning rate:  1e-06
Epoch 162/200

Epoch 00162: val_acc did not improve
 - 66s - loss: 29.2330 - acc: 0.1010 - val_loss: 29.2333 - val_acc: 0.0978
Learning rate:  1e-06
Epoch 163/200

Epoch 00163: val_acc did not improve
 - 66s - loss: 29.2330 - acc: 0.0983 - val_loss: 29.2334 - val_acc: 0.0992
Learning rate:  1e-06
Epoch 164/200

Epoch 00164: val_acc did not improve
 - 66s - loss: 29.2331 - acc: 0.0986 - val_loss: 29.2330 - val_acc: 0.1052
Learning rate:  1e-06
Epoch 165/200

Epoch 00165: val_acc did not improve
 - 66s - loss: 29.2332 - acc: 0.0993 - val_loss: 29.2324 - val_acc: 0.1046
Learning rate:  1e-06
Epoch 166/200

Epoch 00166: val_acc did not improve
 - 66s - loss: 29.2327 - acc: 0.0989 - val_loss: 29.2332 - val_acc: 0.0996
Learning rate:  1e-06
Epoch 167/200

Epoch 00167: val_acc did not improve
 - 66s - loss: 29.2324 - acc: 0.1016 - val_loss: 29.2319 - val_acc: 0.0988
Learning rate:  1e-06
Epoch 168/200

Epoch 00168: val_acc did not improve
 - 66s - loss: 29.2319 - acc: 0.0998 - val_loss: 29.2327 - val_acc: 0.0988
Learning rate:  1e-06
Epoch 169/200

Epoch 00169: val_acc did not improve
 - 66s - loss: 29.2322 - acc: 0.0998 - val_loss: 29.2320 - val_acc: 0.1070
Learning rate:  1e-06
Epoch 170/200

Epoch 00170: val_acc did not improve
 - 66s - loss: 29.2321 - acc: 0.1002 - val_loss: 29.2327 - val_acc: 0.0956
Learning rate:  1e-06
Epoch 171/200

Epoch 00171: val_acc did not improve
 - 66s - loss: 29.2322 - acc: 0.1020 - val_loss: 29.2318 - val_acc: 0.1034
Learning rate:  1e-06
Epoch 172/200

Epoch 00172: val_acc did not improve
 - 66s - loss: 29.2320 - acc: 0.1007 - val_loss: 29.2325 - val_acc: 0.0952
Learning rate:  1e-06
Epoch 173/200

Epoch 00173: val_acc did not improve
 - 66s - loss: 29.2312 - acc: 0.1024 - val_loss: 29.2317 - val_acc: 0.1020
Learning rate:  1e-06
Epoch 174/200

Epoch 00174: val_acc did not improve
 - 66s - loss: 29.2313 - acc: 0.1004 - val_loss: 29.2328 - val_acc: 0.0852
Learning rate:  1e-06
Epoch 175/200

Epoch 00175: val_acc did not improve
 - 66s - loss: 29.2314 - acc: 0.0992 - val_loss: 29.2316 - val_acc: 0.0944
Learning rate:  1e-06
Epoch 176/200

Epoch 00176: val_acc did not improve
 - 66s - loss: 29.2312 - acc: 0.0977 - val_loss: 29.2299 - val_acc: 0.1032
Learning rate:  1e-06
Epoch 177/200

Epoch 00177: val_acc did not improve
 - 66s - loss: 29.2307 - acc: 0.1001 - val_loss: 29.2303 - val_acc: 0.0982
Learning rate:  1e-06
Epoch 178/200

Epoch 00178: val_acc did not improve
 - 66s - loss: 29.2307 - acc: 0.0996 - val_loss: 29.2313 - val_acc: 0.1008
Learning rate:  1e-06
Epoch 179/200

Epoch 00179: val_acc did not improve
 - 66s - loss: 29.2305 - acc: 0.1012 - val_loss: 29.2311 - val_acc: 0.0990
Learning rate:  1e-06
Epoch 180/200

Epoch 00180: val_acc did not improve
 - 66s - loss: 29.2301 - acc: 0.0989 - val_loss: 29.2306 - val_acc: 0.0980
Learning rate:  1e-06
Epoch 181/200

Epoch 00181: val_acc did not improve
 - 66s - loss: 29.2303 - acc: 0.0992 - val_loss: 29.2312 - val_acc: 0.0962
Learning rate:  5e-07
Epoch 182/200

Epoch 00182: val_acc did not improve
 - 66s - loss: 29.2299 - acc: 0.1008 - val_loss: 29.2306 - val_acc: 0.0944
Learning rate:  5e-07
Epoch 183/200

Epoch 00183: val_acc did not improve
 - 66s - loss: 29.2297 - acc: 0.1005 - val_loss: 29.2296 - val_acc: 0.1026
Learning rate:  5e-07
Epoch 184/200

Epoch 00184: val_acc did not improve
 - 66s - loss: 29.2300 - acc: 0.0987 - val_loss: 29.2301 - val_acc: 0.1000
Learning rate:  5e-07
Epoch 185/200

Epoch 00185: val_acc did not improve
 - 66s - loss: 29.2298 - acc: 0.0990 - val_loss: 29.2294 - val_acc: 0.0988
Learning rate:  5e-07
Epoch 186/200

Epoch 00186: val_acc did not improve
 - 66s - loss: 29.2295 - acc: 0.1012 - val_loss: 29.2294 - val_acc: 0.1004
Learning rate:  5e-07
Epoch 187/200

Epoch 00187: val_acc did not improve
 - 66s - loss: 29.2295 - acc: 0.0986 - val_loss: 29.2301 - val_acc: 0.0986
Learning rate:  5e-07
Epoch 188/200

Epoch 00188: val_acc did not improve
 - 66s - loss: 29.2297 - acc: 0.0986 - val_loss: 29.2298 - val_acc: 0.1036
Learning rate:  5e-07
Epoch 189/200

Epoch 00189: val_acc did not improve
 - 66s - loss: 29.2289 - acc: 0.0996 - val_loss: 29.2290 - val_acc: 0.0994
Learning rate:  5e-07
Epoch 190/200

Epoch 00190: val_acc did not improve
 - 66s - loss: 29.2293 - acc: 0.0989 - val_loss: 29.2301 - val_acc: 0.1018
Learning rate:  5e-07
Epoch 191/200

Epoch 00191: val_acc improved from 0.11140 to 0.11340, saving model to ./weights/CIFAR-10_full-qnn_2b_4b_1_64_1_128_1_256.hdf5
 - 68s - loss: 29.2290 - acc: 0.1004 - val_loss: 29.2294 - val_acc: 0.1134
Learning rate:  5e-07
Epoch 192/200

Epoch 00192: val_acc did not improve
 - 65s - loss: 29.2289 - acc: 0.1023 - val_loss: 29.2291 - val_acc: 0.1002
Learning rate:  5e-07
Epoch 193/200

Epoch 00193: val_acc did not improve
 - 65s - loss: 29.2286 - acc: 0.1003 - val_loss: 29.2284 - val_acc: 0.0994
Learning rate:  5e-07
Epoch 194/200

Epoch 00194: val_acc did not improve
 - 65s - loss: 29.2286 - acc: 0.0986 - val_loss: 29.2285 - val_acc: 0.0992
Learning rate:  5e-07
Epoch 195/200

Epoch 00195: val_acc did not improve
 - 65s - loss: 29.2286 - acc: 0.1002 - val_loss: 29.2285 - val_acc: 0.1018
Learning rate:  5e-07
Epoch 196/200

Epoch 00196: val_acc did not improve
 - 65s - loss: 29.2286 - acc: 0.0990 - val_loss: 29.2281 - val_acc: 0.1032
Learning rate:  5e-07
Epoch 197/200

Epoch 00197: val_acc did not improve
 - 65s - loss: 29.2285 - acc: 0.0995 - val_loss: 29.2290 - val_acc: 0.0918
Learning rate:  5e-07
Epoch 198/200

Epoch 00198: val_acc did not improve
 - 65s - loss: 29.2281 - acc: 0.0998 - val_loss: 29.2277 - val_acc: 0.0992
Learning rate:  5e-07
Epoch 199/200

Epoch 00199: val_acc did not improve
 - 65s - loss: 29.2278 - acc: 0.0987 - val_loss: 29.2276 - val_acc: 0.0964
Learning rate:  5e-07
Epoch 200/200

Epoch 00200: val_acc did not improve
 - 66s - loss: 29.2277 - acc: 0.0986 - val_loss: 29.2279 - val_acc: 0.1028
Done

