Construct the Network

__________________________________________________________________________________________________
Layer (type)                    Output Shape         Param #     Connected to                     
==================================================================================================
input_2 (InputLayer)            (None, 32, 32, 3)    0                                            
__________________________________________________________________________________________________
quantized_conv2d_1 (QuantizedCo (None, 32, 32, 16)   448         input_2[0][0]                    
__________________________________________________________________________________________________
batch_normalization_1 (BatchNor (None, 32, 32, 16)   64          quantized_conv2d_1[0][0]         
__________________________________________________________________________________________________
activation_1 (Activation)       (None, 32, 32, 16)   0           batch_normalization_1[0][0]      
__________________________________________________________________________________________________
quantized_conv2d_2 (QuantizedCo (None, 32, 32, 16)   2320        activation_1[0][0]               
__________________________________________________________________________________________________
batch_normalization_2 (BatchNor (None, 32, 32, 16)   64          quantized_conv2d_2[0][0]         
__________________________________________________________________________________________________
activation_2 (Activation)       (None, 32, 32, 16)   0           batch_normalization_2[0][0]      
__________________________________________________________________________________________________
quantized_conv2d_3 (QuantizedCo (None, 32, 32, 16)   2320        activation_2[0][0]               
__________________________________________________________________________________________________
batch_normalization_3 (BatchNor (None, 32, 32, 16)   64          quantized_conv2d_3[0][0]         
__________________________________________________________________________________________________
add_1 (Add)                     (None, 32, 32, 16)   0           activation_1[0][0]               
                                                                 batch_normalization_3[0][0]      
__________________________________________________________________________________________________
activation_3 (Activation)       (None, 32, 32, 16)   0           add_1[0][0]                      
__________________________________________________________________________________________________
quantized_conv2d_4 (QuantizedCo (None, 32, 32, 16)   2320        activation_3[0][0]               
__________________________________________________________________________________________________
batch_normalization_4 (BatchNor (None, 32, 32, 16)   64          quantized_conv2d_4[0][0]         
__________________________________________________________________________________________________
activation_4 (Activation)       (None, 32, 32, 16)   0           batch_normalization_4[0][0]      
__________________________________________________________________________________________________
quantized_conv2d_5 (QuantizedCo (None, 32, 32, 16)   2320        activation_4[0][0]               
__________________________________________________________________________________________________
batch_normalization_5 (BatchNor (None, 32, 32, 16)   64          quantized_conv2d_5[0][0]         
__________________________________________________________________________________________________
add_2 (Add)                     (None, 32, 32, 16)   0           activation_3[0][0]               
                                                                 batch_normalization_5[0][0]      
__________________________________________________________________________________________________
activation_5 (Activation)       (None, 32, 32, 16)   0           add_2[0][0]                      
__________________________________________________________________________________________________
quantized_conv2d_6 (QuantizedCo (None, 32, 32, 16)   2320        activation_5[0][0]               
__________________________________________________________________________________________________
batch_normalization_6 (BatchNor (None, 32, 32, 16)   64          quantized_conv2d_6[0][0]         
__________________________________________________________________________________________________
activation_6 (Activation)       (None, 32, 32, 16)   0           batch_normalization_6[0][0]      
__________________________________________________________________________________________________
quantized_conv2d_7 (QuantizedCo (None, 32, 32, 16)   2320        activation_6[0][0]               
__________________________________________________________________________________________________
batch_normalization_7 (BatchNor (None, 32, 32, 16)   64          quantized_conv2d_7[0][0]         
__________________________________________________________________________________________________
add_3 (Add)                     (None, 32, 32, 16)   0           activation_5[0][0]               
                                                                 batch_normalization_7[0][0]      
__________________________________________________________________________________________________
activation_7 (Activation)       (None, 32, 32, 16)   0           add_3[0][0]                      
__________________________________________________________________________________________________
quantized_conv2d_8 (QuantizedCo (None, 32, 32, 16)   2320        activation_7[0][0]               
__________________________________________________________________________________________________
batch_normalization_8 (BatchNor (None, 32, 32, 16)   64          quantized_conv2d_8[0][0]         
__________________________________________________________________________________________________
activation_8 (Activation)       (None, 32, 32, 16)   0           batch_normalization_8[0][0]      
__________________________________________________________________________________________________
quantized_conv2d_9 (QuantizedCo (None, 32, 32, 16)   2320        activation_8[0][0]               
__________________________________________________________________________________________________
batch_normalization_9 (BatchNor (None, 32, 32, 16)   64          quantized_conv2d_9[0][0]         
__________________________________________________________________________________________________
add_4 (Add)                     (None, 32, 32, 16)   0           activation_7[0][0]               
                                                                 batch_normalization_9[0][0]      
__________________________________________________________________________________________________
activation_9 (Activation)       (None, 32, 32, 16)   0           add_4[0][0]                      
__________________________________________________________________________________________________
quantized_conv2d_10 (QuantizedC (None, 32, 32, 16)   2320        activation_9[0][0]               
__________________________________________________________________________________________________
batch_normalization_10 (BatchNo (None, 32, 32, 16)   64          quantized_conv2d_10[0][0]        
__________________________________________________________________________________________________
activation_10 (Activation)      (None, 32, 32, 16)   0           batch_normalization_10[0][0]     
__________________________________________________________________________________________________
quantized_conv2d_11 (QuantizedC (None, 32, 32, 16)   2320        activation_10[0][0]              
__________________________________________________________________________________________________
batch_normalization_11 (BatchNo (None, 32, 32, 16)   64          quantized_conv2d_11[0][0]        
__________________________________________________________________________________________________
add_5 (Add)                     (None, 32, 32, 16)   0           activation_9[0][0]               
                                                                 batch_normalization_11[0][0]     
__________________________________________________________________________________________________
activation_11 (Activation)      (None, 32, 32, 16)   0           add_5[0][0]                      
__________________________________________________________________________________________________
quantized_conv2d_12 (QuantizedC (None, 32, 32, 16)   2320        activation_11[0][0]              
__________________________________________________________________________________________________
batch_normalization_12 (BatchNo (None, 32, 32, 16)   64          quantized_conv2d_12[0][0]        
__________________________________________________________________________________________________
activation_12 (Activation)      (None, 32, 32, 16)   0           batch_normalization_12[0][0]     
__________________________________________________________________________________________________
quantized_conv2d_13 (QuantizedC (None, 32, 32, 16)   2320        activation_12[0][0]              
__________________________________________________________________________________________________
batch_normalization_13 (BatchNo (None, 32, 32, 16)   64          quantized_conv2d_13[0][0]        
__________________________________________________________________________________________________
add_6 (Add)                     (None, 32, 32, 16)   0           activation_11[0][0]              
                                                                 batch_normalization_13[0][0]     
__________________________________________________________________________________________________
activation_13 (Activation)      (None, 32, 32, 16)   0           add_6[0][0]                      
__________________________________________________________________________________________________
quantized_conv2d_14 (QuantizedC (None, 32, 32, 16)   2320        activation_13[0][0]              
__________________________________________________________________________________________________
batch_normalization_14 (BatchNo (None, 32, 32, 16)   64          quantized_conv2d_14[0][0]        
__________________________________________________________________________________________________
activation_14 (Activation)      (None, 32, 32, 16)   0           batch_normalization_14[0][0]     
__________________________________________________________________________________________________
quantized_conv2d_15 (QuantizedC (None, 32, 32, 16)   2320        activation_14[0][0]              
__________________________________________________________________________________________________
batch_normalization_15 (BatchNo (None, 32, 32, 16)   64          quantized_conv2d_15[0][0]        
__________________________________________________________________________________________________
add_7 (Add)                     (None, 32, 32, 16)   0           activation_13[0][0]              
                                                                 batch_normalization_15[0][0]     
__________________________________________________________________________________________________
activation_15 (Activation)      (None, 32, 32, 16)   0           add_7[0][0]                      
__________________________________________________________________________________________________
quantized_conv2d_16 (QuantizedC (None, 32, 32, 16)   2320        activation_15[0][0]              
__________________________________________________________________________________________________
batch_normalization_16 (BatchNo (None, 32, 32, 16)   64          quantized_conv2d_16[0][0]        
__________________________________________________________________________________________________
activation_16 (Activation)      (None, 32, 32, 16)   0           batch_normalization_16[0][0]     
__________________________________________________________________________________________________
quantized_conv2d_17 (QuantizedC (None, 32, 32, 16)   2320        activation_16[0][0]              
__________________________________________________________________________________________________
batch_normalization_17 (BatchNo (None, 32, 32, 16)   64          quantized_conv2d_17[0][0]        
__________________________________________________________________________________________________
add_8 (Add)                     (None, 32, 32, 16)   0           activation_15[0][0]              
                                                                 batch_normalization_17[0][0]     
__________________________________________________________________________________________________
activation_17 (Activation)      (None, 32, 32, 16)   0           add_8[0][0]                      
__________________________________________________________________________________________________
quantized_conv2d_18 (QuantizedC (None, 32, 32, 16)   2320        activation_17[0][0]              
__________________________________________________________________________________________________
batch_normalization_18 (BatchNo (None, 32, 32, 16)   64          quantized_conv2d_18[0][0]        
__________________________________________________________________________________________________
activation_18 (Activation)      (None, 32, 32, 16)   0           batch_normalization_18[0][0]     
__________________________________________________________________________________________________
quantized_conv2d_19 (QuantizedC (None, 32, 32, 16)   2320        activation_18[0][0]              
__________________________________________________________________________________________________
batch_normalization_19 (BatchNo (None, 32, 32, 16)   64          quantized_conv2d_19[0][0]        
__________________________________________________________________________________________________
add_9 (Add)                     (None, 32, 32, 16)   0           activation_17[0][0]              
                                                                 batch_normalization_19[0][0]     
__________________________________________________________________________________________________
activation_19 (Activation)      (None, 32, 32, 16)   0           add_9[0][0]                      
__________________________________________________________________________________________________
quantized_conv2d_20 (QuantizedC (None, 32, 32, 16)   2320        activation_19[0][0]              
__________________________________________________________________________________________________
batch_normalization_20 (BatchNo (None, 32, 32, 16)   64          quantized_conv2d_20[0][0]        
__________________________________________________________________________________________________
activation_20 (Activation)      (None, 32, 32, 16)   0           batch_normalization_20[0][0]     
__________________________________________________________________________________________________
quantized_conv2d_21 (QuantizedC (None, 32, 32, 16)   2320        activation_20[0][0]              
__________________________________________________________________________________________________
batch_normalization_21 (BatchNo (None, 32, 32, 16)   64          quantized_conv2d_21[0][0]        
__________________________________________________________________________________________________
add_10 (Add)                    (None, 32, 32, 16)   0           activation_19[0][0]              
                                                                 batch_normalization_21[0][0]     
__________________________________________________________________________________________________
activation_21 (Activation)      (None, 32, 32, 16)   0           add_10[0][0]                     
__________________________________________________________________________________________________
quantized_conv2d_22 (QuantizedC (None, 16, 16, 32)   4640        activation_21[0][0]              
__________________________________________________________________________________________________
batch_normalization_22 (BatchNo (None, 16, 16, 32)   128         quantized_conv2d_22[0][0]        
__________________________________________________________________________________________________
activation_22 (Activation)      (None, 16, 16, 32)   0           batch_normalization_22[0][0]     
__________________________________________________________________________________________________
quantized_conv2d_23 (QuantizedC (None, 16, 16, 32)   9248        activation_22[0][0]              
__________________________________________________________________________________________________
quantized_conv2d_24 (QuantizedC (None, 16, 16, 32)   544         activation_21[0][0]              
__________________________________________________________________________________________________
batch_normalization_23 (BatchNo (None, 16, 16, 32)   128         quantized_conv2d_23[0][0]        
__________________________________________________________________________________________________
add_11 (Add)                    (None, 16, 16, 32)   0           quantized_conv2d_24[0][0]        
                                                                 batch_normalization_23[0][0]     
__________________________________________________________________________________________________
activation_23 (Activation)      (None, 16, 16, 32)   0           add_11[0][0]                     
__________________________________________________________________________________________________
quantized_conv2d_25 (QuantizedC (None, 16, 16, 32)   9248        activation_23[0][0]              
__________________________________________________________________________________________________
batch_normalization_24 (BatchNo (None, 16, 16, 32)   128         quantized_conv2d_25[0][0]        
__________________________________________________________________________________________________
activation_24 (Activation)      (None, 16, 16, 32)   0           batch_normalization_24[0][0]     
__________________________________________________________________________________________________
quantized_conv2d_26 (QuantizedC (None, 16, 16, 32)   9248        activation_24[0][0]              
__________________________________________________________________________________________________
batch_normalization_25 (BatchNo (None, 16, 16, 32)   128         quantized_conv2d_26[0][0]        
__________________________________________________________________________________________________
add_12 (Add)                    (None, 16, 16, 32)   0           activation_23[0][0]              
                                                                 batch_normalization_25[0][0]     
__________________________________________________________________________________________________
activation_25 (Activation)      (None, 16, 16, 32)   0           add_12[0][0]                     
__________________________________________________________________________________________________
quantized_conv2d_27 (QuantizedC (None, 16, 16, 32)   9248        activation_25[0][0]              
__________________________________________________________________________________________________
batch_normalization_26 (BatchNo (None, 16, 16, 32)   128         quantized_conv2d_27[0][0]        
__________________________________________________________________________________________________
activation_26 (Activation)      (None, 16, 16, 32)   0           batch_normalization_26[0][0]     
__________________________________________________________________________________________________
quantized_conv2d_28 (QuantizedC (None, 16, 16, 32)   9248        activation_26[0][0]              
__________________________________________________________________________________________________
batch_normalization_27 (BatchNo (None, 16, 16, 32)   128         quantized_conv2d_28[0][0]        
__________________________________________________________________________________________________
add_13 (Add)                    (None, 16, 16, 32)   0           activation_25[0][0]              
                                                                 batch_normalization_27[0][0]     
__________________________________________________________________________________________________
activation_27 (Activation)      (None, 16, 16, 32)   0           add_13[0][0]                     
__________________________________________________________________________________________________
quantized_conv2d_29 (QuantizedC (None, 16, 16, 32)   9248        activation_27[0][0]              
__________________________________________________________________________________________________
batch_normalization_28 (BatchNo (None, 16, 16, 32)   128         quantized_conv2d_29[0][0]        
__________________________________________________________________________________________________
activation_28 (Activation)      (None, 16, 16, 32)   0           batch_normalization_28[0][0]     
__________________________________________________________________________________________________
quantized_conv2d_30 (QuantizedC (None, 16, 16, 32)   9248        activation_28[0][0]              
__________________________________________________________________________________________________
batch_normalization_29 (BatchNo (None, 16, 16, 32)   128         quantized_conv2d_30[0][0]        
__________________________________________________________________________________________________
add_14 (Add)                    (None, 16, 16, 32)   0           activation_27[0][0]              
                                                                 batch_normalization_29[0][0]     
__________________________________________________________________________________________________
activation_29 (Activation)      (None, 16, 16, 32)   0           add_14[0][0]                     
__________________________________________________________________________________________________
quantized_conv2d_31 (QuantizedC (None, 16, 16, 32)   9248        activation_29[0][0]              
__________________________________________________________________________________________________
batch_normalization_30 (BatchNo (None, 16, 16, 32)   128         quantized_conv2d_31[0][0]        
__________________________________________________________________________________________________
activation_30 (Activation)      (None, 16, 16, 32)   0           batch_normalization_30[0][0]     
__________________________________________________________________________________________________
quantized_conv2d_32 (QuantizedC (None, 16, 16, 32)   9248        activation_30[0][0]              
__________________________________________________________________________________________________
batch_normalization_31 (BatchNo (None, 16, 16, 32)   128         quantized_conv2d_32[0][0]        
__________________________________________________________________________________________________
add_15 (Add)                    (None, 16, 16, 32)   0           activation_29[0][0]              
                                                                 batch_normalization_31[0][0]     
__________________________________________________________________________________________________
activation_31 (Activation)      (None, 16, 16, 32)   0           add_15[0][0]                     
__________________________________________________________________________________________________
quantized_conv2d_33 (QuantizedC (None, 16, 16, 32)   9248        activation_31[0][0]              
__________________________________________________________________________________________________
batch_normalization_32 (BatchNo (None, 16, 16, 32)   128         quantized_conv2d_33[0][0]        
__________________________________________________________________________________________________
activation_32 (Activation)      (None, 16, 16, 32)   0           batch_normalization_32[0][0]     
__________________________________________________________________________________________________
quantized_conv2d_34 (QuantizedC (None, 16, 16, 32)   9248        activation_32[0][0]              
__________________________________________________________________________________________________
batch_normalization_33 (BatchNo (None, 16, 16, 32)   128         quantized_conv2d_34[0][0]        
__________________________________________________________________________________________________
add_16 (Add)                    (None, 16, 16, 32)   0           activation_31[0][0]              
                                                                 batch_normalization_33[0][0]     
__________________________________________________________________________________________________
activation_33 (Activation)      (None, 16, 16, 32)   0           add_16[0][0]                     
__________________________________________________________________________________________________
quantized_conv2d_35 (QuantizedC (None, 16, 16, 32)   9248        activation_33[0][0]              
__________________________________________________________________________________________________
batch_normalization_34 (BatchNo (None, 16, 16, 32)   128         quantized_conv2d_35[0][0]        
__________________________________________________________________________________________________
activation_34 (Activation)      (None, 16, 16, 32)   0           batch_normalization_34[0][0]     
__________________________________________________________________________________________________
quantized_conv2d_36 (QuantizedC (None, 16, 16, 32)   9248        activation_34[0][0]              
__________________________________________________________________________________________________
batch_normalization_35 (BatchNo (None, 16, 16, 32)   128         quantized_conv2d_36[0][0]        
__________________________________________________________________________________________________
add_17 (Add)                    (None, 16, 16, 32)   0           activation_33[0][0]              
                                                                 batch_normalization_35[0][0]     
__________________________________________________________________________________________________
activation_35 (Activation)      (None, 16, 16, 32)   0           add_17[0][0]                     
__________________________________________________________________________________________________
quantized_conv2d_37 (QuantizedC (None, 16, 16, 32)   9248        activation_35[0][0]              
__________________________________________________________________________________________________
batch_normalization_36 (BatchNo (None, 16, 16, 32)   128         quantized_conv2d_37[0][0]        
__________________________________________________________________________________________________
activation_36 (Activation)      (None, 16, 16, 32)   0           batch_normalization_36[0][0]     
__________________________________________________________________________________________________
quantized_conv2d_38 (QuantizedC (None, 16, 16, 32)   9248        activation_36[0][0]              
__________________________________________________________________________________________________
batch_normalization_37 (BatchNo (None, 16, 16, 32)   128         quantized_conv2d_38[0][0]        
__________________________________________________________________________________________________
add_18 (Add)                    (None, 16, 16, 32)   0           activation_35[0][0]              
                                                                 batch_normalization_37[0][0]     
__________________________________________________________________________________________________
activation_37 (Activation)      (None, 16, 16, 32)   0           add_18[0][0]                     
__________________________________________________________________________________________________
quantized_conv2d_39 (QuantizedC (None, 16, 16, 32)   9248        activation_37[0][0]              
__________________________________________________________________________________________________
batch_normalization_38 (BatchNo (None, 16, 16, 32)   128         quantized_conv2d_39[0][0]        
__________________________________________________________________________________________________
activation_38 (Activation)      (None, 16, 16, 32)   0           batch_normalization_38[0][0]     
__________________________________________________________________________________________________
quantized_conv2d_40 (QuantizedC (None, 16, 16, 32)   9248        activation_38[0][0]              
__________________________________________________________________________________________________
batch_normalization_39 (BatchNo (None, 16, 16, 32)   128         quantized_conv2d_40[0][0]        
__________________________________________________________________________________________________
add_19 (Add)                    (None, 16, 16, 32)   0           activation_37[0][0]              
                                                                 batch_normalization_39[0][0]     
__________________________________________________________________________________________________
activation_39 (Activation)      (None, 16, 16, 32)   0           add_19[0][0]                     
__________________________________________________________________________________________________
quantized_conv2d_41 (QuantizedC (None, 16, 16, 32)   9248        activation_39[0][0]              
__________________________________________________________________________________________________
batch_normalization_40 (BatchNo (None, 16, 16, 32)   128         quantized_conv2d_41[0][0]        
__________________________________________________________________________________________________
activation_40 (Activation)      (None, 16, 16, 32)   0           batch_normalization_40[0][0]     
__________________________________________________________________________________________________
quantized_conv2d_42 (QuantizedC (None, 16, 16, 32)   9248        activation_40[0][0]              
__________________________________________________________________________________________________
batch_normalization_41 (BatchNo (None, 16, 16, 32)   128         quantized_conv2d_42[0][0]        
__________________________________________________________________________________________________
add_20 (Add)                    (None, 16, 16, 32)   0           activation_39[0][0]              
                                                                 batch_normalization_41[0][0]     
__________________________________________________________________________________________________
activation_41 (Activation)      (None, 16, 16, 32)   0           add_20[0][0]                     
__________________________________________________________________________________________________
quantized_conv2d_43 (QuantizedC (None, 8, 8, 64)     18496       activation_41[0][0]              
__________________________________________________________________________________________________
batch_normalization_42 (BatchNo (None, 8, 8, 64)     256         quantized_conv2d_43[0][0]        
__________________________________________________________________________________________________
activation_42 (Activation)      (None, 8, 8, 64)     0           batch_normalization_42[0][0]     
__________________________________________________________________________________________________
quantized_conv2d_44 (QuantizedC (None, 8, 8, 64)     36928       activation_42[0][0]              
__________________________________________________________________________________________________
quantized_conv2d_45 (QuantizedC (None, 8, 8, 64)     2112        activation_41[0][0]              
__________________________________________________________________________________________________
batch_normalization_43 (BatchNo (None, 8, 8, 64)     256         quantized_conv2d_44[0][0]        
__________________________________________________________________________________________________
add_21 (Add)                    (None, 8, 8, 64)     0           quantized_conv2d_45[0][0]        
                                                                 batch_normalization_43[0][0]     
__________________________________________________________________________________________________
activation_43 (Activation)      (None, 8, 8, 64)     0           add_21[0][0]                     
__________________________________________________________________________________________________
quantized_conv2d_46 (QuantizedC (None, 8, 8, 64)     36928       activation_43[0][0]              
__________________________________________________________________________________________________
batch_normalization_44 (BatchNo (None, 8, 8, 64)     256         quantized_conv2d_46[0][0]        
__________________________________________________________________________________________________
activation_44 (Activation)      (None, 8, 8, 64)     0           batch_normalization_44[0][0]     
__________________________________________________________________________________________________
quantized_conv2d_47 (QuantizedC (None, 8, 8, 64)     36928       activation_44[0][0]              
__________________________________________________________________________________________________
batch_normalization_45 (BatchNo (None, 8, 8, 64)     256         quantized_conv2d_47[0][0]        
__________________________________________________________________________________________________
add_22 (Add)                    (None, 8, 8, 64)     0           activation_43[0][0]              
                                                                 batch_normalization_45[0][0]     
__________________________________________________________________________________________________
activation_45 (Activation)      (None, 8, 8, 64)     0           add_22[0][0]                     
__________________________________________________________________________________________________
quantized_conv2d_48 (QuantizedC (None, 8, 8, 64)     36928       activation_45[0][0]              
__________________________________________________________________________________________________
batch_normalization_46 (BatchNo (None, 8, 8, 64)     256         quantized_conv2d_48[0][0]        
__________________________________________________________________________________________________
activation_46 (Activation)      (None, 8, 8, 64)     0           batch_normalization_46[0][0]     
__________________________________________________________________________________________________
quantized_conv2d_49 (QuantizedC (None, 8, 8, 64)     36928       activation_46[0][0]              
__________________________________________________________________________________________________
batch_normalization_47 (BatchNo (None, 8, 8, 64)     256         quantized_conv2d_49[0][0]        
__________________________________________________________________________________________________
add_23 (Add)                    (None, 8, 8, 64)     0           activation_45[0][0]              
                                                                 batch_normalization_47[0][0]     
__________________________________________________________________________________________________
activation_47 (Activation)      (None, 8, 8, 64)     0           add_23[0][0]                     
__________________________________________________________________________________________________
quantized_conv2d_50 (QuantizedC (None, 8, 8, 64)     36928       activation_47[0][0]              
__________________________________________________________________________________________________
batch_normalization_48 (BatchNo (None, 8, 8, 64)     256         quantized_conv2d_50[0][0]        
__________________________________________________________________________________________________
activation_48 (Activation)      (None, 8, 8, 64)     0           batch_normalization_48[0][0]     
__________________________________________________________________________________________________
quantized_conv2d_51 (QuantizedC (None, 8, 8, 64)     36928       activation_48[0][0]              
__________________________________________________________________________________________________
batch_normalization_49 (BatchNo (None, 8, 8, 64)     256         quantized_conv2d_51[0][0]        
__________________________________________________________________________________________________
add_24 (Add)                    (None, 8, 8, 64)     0           activation_47[0][0]              
                                                                 batch_normalization_49[0][0]     
__________________________________________________________________________________________________
activation_49 (Activation)      (None, 8, 8, 64)     0           add_24[0][0]                     
__________________________________________________________________________________________________
quantized_conv2d_52 (QuantizedC (None, 8, 8, 64)     36928       activation_49[0][0]              
__________________________________________________________________________________________________
batch_normalization_50 (BatchNo (None, 8, 8, 64)     256         quantized_conv2d_52[0][0]        
__________________________________________________________________________________________________
activation_50 (Activation)      (None, 8, 8, 64)     0           batch_normalization_50[0][0]     
__________________________________________________________________________________________________
quantized_conv2d_53 (QuantizedC (None, 8, 8, 64)     36928       activation_50[0][0]              
__________________________________________________________________________________________________
batch_normalization_51 (BatchNo (None, 8, 8, 64)     256         quantized_conv2d_53[0][0]        
__________________________________________________________________________________________________
add_25 (Add)                    (None, 8, 8, 64)     0           activation_49[0][0]              
                                                                 batch_normalization_51[0][0]     
__________________________________________________________________________________________________
activation_51 (Activation)      (None, 8, 8, 64)     0           add_25[0][0]                     
__________________________________________________________________________________________________
quantized_conv2d_54 (QuantizedC (None, 8, 8, 64)     36928       activation_51[0][0]              
__________________________________________________________________________________________________
batch_normalization_52 (BatchNo (None, 8, 8, 64)     256         quantized_conv2d_54[0][0]        
__________________________________________________________________________________________________
activation_52 (Activation)      (None, 8, 8, 64)     0           batch_normalization_52[0][0]     
__________________________________________________________________________________________________
quantized_conv2d_55 (QuantizedC (None, 8, 8, 64)     36928       activation_52[0][0]              
__________________________________________________________________________________________________
batch_normalization_53 (BatchNo (None, 8, 8, 64)     256         quantized_conv2d_55[0][0]        
__________________________________________________________________________________________________
add_26 (Add)                    (None, 8, 8, 64)     0           activation_51[0][0]              
                                                                 batch_normalization_53[0][0]     
__________________________________________________________________________________________________
activation_53 (Activation)      (None, 8, 8, 64)     0           add_26[0][0]                     
__________________________________________________________________________________________________
quantized_conv2d_56 (QuantizedC (None, 8, 8, 64)     36928       activation_53[0][0]              
__________________________________________________________________________________________________
batch_normalization_54 (BatchNo (None, 8, 8, 64)     256         quantized_conv2d_56[0][0]        
__________________________________________________________________________________________________
activation_54 (Activation)      (None, 8, 8, 64)     0           batch_normalization_54[0][0]     
__________________________________________________________________________________________________
quantized_conv2d_57 (QuantizedC (None, 8, 8, 64)     36928       activation_54[0][0]              
__________________________________________________________________________________________________
batch_normalization_55 (BatchNo (None, 8, 8, 64)     256         quantized_conv2d_57[0][0]        
__________________________________________________________________________________________________
add_27 (Add)                    (None, 8, 8, 64)     0           activation_53[0][0]              
                                                                 batch_normalization_55[0][0]     
__________________________________________________________________________________________________
activation_55 (Activation)      (None, 8, 8, 64)     0           add_27[0][0]                     
__________________________________________________________________________________________________
quantized_conv2d_58 (QuantizedC (None, 8, 8, 64)     36928       activation_55[0][0]              
__________________________________________________________________________________________________
batch_normalization_56 (BatchNo (None, 8, 8, 64)     256         quantized_conv2d_58[0][0]        
__________________________________________________________________________________________________
activation_56 (Activation)      (None, 8, 8, 64)     0           batch_normalization_56[0][0]     
__________________________________________________________________________________________________
quantized_conv2d_59 (QuantizedC (None, 8, 8, 64)     36928       activation_56[0][0]              
__________________________________________________________________________________________________
batch_normalization_57 (BatchNo (None, 8, 8, 64)     256         quantized_conv2d_59[0][0]        
__________________________________________________________________________________________________
add_28 (Add)                    (None, 8, 8, 64)     0           activation_55[0][0]              
                                                                 batch_normalization_57[0][0]     
__________________________________________________________________________________________________
activation_57 (Activation)      (None, 8, 8, 64)     0           add_28[0][0]                     
__________________________________________________________________________________________________
quantized_conv2d_60 (QuantizedC (None, 8, 8, 64)     36928       activation_57[0][0]              
__________________________________________________________________________________________________
batch_normalization_58 (BatchNo (None, 8, 8, 64)     256         quantized_conv2d_60[0][0]        
__________________________________________________________________________________________________
activation_58 (Activation)      (None, 8, 8, 64)     0           batch_normalization_58[0][0]     
__________________________________________________________________________________________________
quantized_conv2d_61 (QuantizedC (None, 8, 8, 64)     36928       activation_58[0][0]              
__________________________________________________________________________________________________
batch_normalization_59 (BatchNo (None, 8, 8, 64)     256         quantized_conv2d_61[0][0]        
__________________________________________________________________________________________________
add_29 (Add)                    (None, 8, 8, 64)     0           activation_57[0][0]              
                                                                 batch_normalization_59[0][0]     
__________________________________________________________________________________________________
activation_59 (Activation)      (None, 8, 8, 64)     0           add_29[0][0]                     
__________________________________________________________________________________________________
quantized_conv2d_62 (QuantizedC (None, 8, 8, 64)     36928       activation_59[0][0]              
__________________________________________________________________________________________________
batch_normalization_60 (BatchNo (None, 8, 8, 64)     256         quantized_conv2d_62[0][0]        
__________________________________________________________________________________________________
activation_60 (Activation)      (None, 8, 8, 64)     0           batch_normalization_60[0][0]     
__________________________________________________________________________________________________
quantized_conv2d_63 (QuantizedC (None, 8, 8, 64)     36928       activation_60[0][0]              
__________________________________________________________________________________________________
batch_normalization_61 (BatchNo (None, 8, 8, 64)     256         quantized_conv2d_63[0][0]        
__________________________________________________________________________________________________
add_30 (Add)                    (None, 8, 8, 64)     0           activation_59[0][0]              
                                                                 batch_normalization_61[0][0]     
__________________________________________________________________________________________________
activation_61 (Activation)      (None, 8, 8, 64)     0           add_30[0][0]                     
__________________________________________________________________________________________________
average_pooling2d_1 (AveragePoo (None, 1, 1, 64)     0           activation_61[0][0]              
__________________________________________________________________________________________________
flatten_1 (Flatten)             (None, 64)           0           average_pooling2d_1[0][0]        
__________________________________________________________________________________________________
quantized_dense_2 (QuantizedDen (None, 10)           650         flatten_1[0][0]                  
==================================================================================================
Total params: 959,658
Trainable params: 955,146
Non-trainable params: 4,512
__________________________________________________________________________________________________
loading data

Loading CIFAR-10 dataset...
(45000, 32, 32, 3)
setting up the network and creating callbacks

Learning rate:  0.001
compiling the network

No weights preloaded, training from scratch

(re)training the network

Train on 45000 samples, validate on 5000 samples
Learning rate:  0.001
Epoch 1/200

Epoch 00001: val_acc improved from -inf to 0.10220, saving model to ./weights/CIFAR-10_full-qnn_8b_4b_1_64_1_128_1_256.hdf5
 - 149s - loss: 33.8489 - acc: 0.1005 - val_loss: 33.6573 - val_acc: 0.1022
Learning rate:  0.001
Epoch 2/200

Epoch 00002: val_acc did not improve
 - 64s - loss: 33.5941 - acc: 0.0987 - val_loss: 33.5398 - val_acc: 0.0928
Learning rate:  0.001
Epoch 3/200

Epoch 00003: val_acc did not improve
 - 65s - loss: 33.4864 - acc: 0.0988 - val_loss: 33.4306 - val_acc: 0.1014
Learning rate:  0.001
Epoch 4/200

Epoch 00004: val_acc did not improve
 - 65s - loss: 33.3727 - acc: 0.1019 - val_loss: 33.3198 - val_acc: 0.0948
Learning rate:  0.001
Epoch 5/200

Epoch 00005: val_acc did not improve
 - 65s - loss: 33.2573 - acc: 0.1022 - val_loss: 33.2063 - val_acc: 0.0920
Learning rate:  0.001
Epoch 6/200

Epoch 00006: val_acc did not improve
 - 65s - loss: 33.1386 - acc: 0.0971 - val_loss: 33.0835 - val_acc: 0.1002
Learning rate:  0.001
Epoch 7/200

Epoch 00007: val_acc did not improve
 - 65s - loss: 33.0148 - acc: 0.1010 - val_loss: 32.9516 - val_acc: 0.0992
Learning rate:  0.001
Epoch 8/200

Epoch 00008: val_acc did not improve
 - 65s - loss: 32.8887 - acc: 0.1010 - val_loss: 32.8229 - val_acc: 0.0988
Learning rate:  0.001
Epoch 9/200

Epoch 00009: val_acc did not improve
 - 65s - loss: 32.7584 - acc: 0.0985 - val_loss: 32.6925 - val_acc: 0.1022
Learning rate:  0.001
Epoch 10/200

Epoch 00010: val_acc improved from 0.10220 to 0.10420, saving model to ./weights/CIFAR-10_full-qnn_8b_4b_1_64_1_128_1_256.hdf5
 - 67s - loss: 32.6245 - acc: 0.1021 - val_loss: 32.5632 - val_acc: 0.1042
Learning rate:  0.001
Epoch 11/200

Epoch 00011: val_acc did not improve
 - 65s - loss: 32.4872 - acc: 0.1008 - val_loss: 32.4211 - val_acc: 0.0972
Learning rate:  0.001
Epoch 12/200

Epoch 00012: val_acc did not improve
 - 65s - loss: 32.3454 - acc: 0.1004 - val_loss: 32.2717 - val_acc: 0.1008
Learning rate:  0.001
Epoch 13/200

Epoch 00013: val_acc did not improve
 - 65s - loss: 32.1995 - acc: 0.0995 - val_loss: 32.1257 - val_acc: 0.0972
Learning rate:  0.001
Epoch 14/200

Epoch 00014: val_acc did not improve
 - 65s - loss: 32.0463 - acc: 0.0992 - val_loss: 31.9686 - val_acc: 0.1042
Learning rate:  0.001
Epoch 15/200

Epoch 00015: val_acc did not improve
 - 65s - loss: 31.8890 - acc: 0.0985 - val_loss: 31.8100 - val_acc: 0.0984
Learning rate:  0.001
Epoch 16/200

Epoch 00016: val_acc did not improve
 - 65s - loss: 31.7258 - acc: 0.1016 - val_loss: 31.6436 - val_acc: 0.0964
Learning rate:  0.001
Epoch 17/200

Epoch 00017: val_acc did not improve
 - 65s - loss: 31.5562 - acc: 0.0990 - val_loss: 31.4701 - val_acc: 0.0982
Learning rate:  0.001
Epoch 18/200

Epoch 00018: val_acc did not improve
 - 65s - loss: 31.3797 - acc: 0.1018 - val_loss: 31.2884 - val_acc: 0.0986
Learning rate:  0.001
Epoch 19/200

Epoch 00019: val_acc improved from 0.10420 to 0.10460, saving model to ./weights/CIFAR-10_full-qnn_8b_4b_1_64_1_128_1_256.hdf5
 - 67s - loss: 31.1963 - acc: 0.0984 - val_loss: 31.1062 - val_acc: 0.1046
Learning rate:  0.001
Epoch 20/200

Epoch 00020: val_acc did not improve
 - 65s - loss: 31.0087 - acc: 0.0989 - val_loss: 30.9134 - val_acc: 0.0972
Learning rate:  0.001
Epoch 21/200

Epoch 00021: val_acc did not improve
 - 65s - loss: 30.8162 - acc: 0.0981 - val_loss: 30.7208 - val_acc: 0.0980
Learning rate:  0.001
Epoch 22/200

Epoch 00022: val_acc did not improve
 - 65s - loss: 30.6150 - acc: 0.0988 - val_loss: 30.5101 - val_acc: 0.1018
Learning rate:  0.001
Epoch 23/200

Epoch 00023: val_acc did not improve
 - 65s - loss: 30.4071 - acc: 0.1019 - val_loss: 30.2984 - val_acc: 0.1038
Learning rate:  0.001
Epoch 24/200

Epoch 00024: val_acc improved from 0.10460 to 0.10780, saving model to ./weights/CIFAR-10_full-qnn_8b_4b_1_64_1_128_1_256.hdf5
 - 67s - loss: 30.1919 - acc: 0.0978 - val_loss: 30.0770 - val_acc: 0.1078
Learning rate:  0.001
Epoch 25/200

Epoch 00025: val_acc did not improve
 - 65s - loss: 29.9671 - acc: 0.0981 - val_loss: 29.8526 - val_acc: 0.0940
Learning rate:  0.001
Epoch 26/200

Epoch 00026: val_acc did not improve
 - 65s - loss: 29.7337 - acc: 0.1001 - val_loss: 29.6181 - val_acc: 0.1044
Learning rate:  0.001
Epoch 27/200

Epoch 00027: val_acc did not improve
 - 65s - loss: 29.4917 - acc: 0.0983 - val_loss: 29.3678 - val_acc: 0.0954
Learning rate:  0.001
Epoch 28/200

Epoch 00028: val_acc did not improve
 - 65s - loss: 29.2397 - acc: 0.1005 - val_loss: 29.1122 - val_acc: 0.0978
Learning rate:  0.001
Epoch 29/200

Epoch 00029: val_acc did not improve
 - 65s - loss: 28.9802 - acc: 0.0998 - val_loss: 28.8473 - val_acc: 0.0980
Learning rate:  0.001
Epoch 30/200

Epoch 00030: val_acc did not improve
 - 65s - loss: 28.7122 - acc: 0.0991 - val_loss: 28.5758 - val_acc: 0.0988
Learning rate:  0.001
Epoch 31/200

Epoch 00031: val_acc did not improve
 - 65s - loss: 28.4319 - acc: 0.1021 - val_loss: 28.2931 - val_acc: 0.0954
Learning rate:  0.001
Epoch 32/200

Epoch 00032: val_acc did not improve
 - 65s - loss: 28.1436 - acc: 0.0982 - val_loss: 27.9974 - val_acc: 0.0976
Learning rate:  0.001
Epoch 33/200

Epoch 00033: val_acc did not improve
 - 65s - loss: 27.8463 - acc: 0.1000 - val_loss: 27.6945 - val_acc: 0.0950
Learning rate:  0.001
Epoch 34/200

Epoch 00034: val_acc did not improve
 - 65s - loss: 27.5363 - acc: 0.0994 - val_loss: 27.3789 - val_acc: 0.0972
Learning rate:  0.001
Epoch 35/200

Epoch 00035: val_acc did not improve
 - 65s - loss: 27.2162 - acc: 0.0986 - val_loss: 27.0533 - val_acc: 0.0978
Learning rate:  0.001
Epoch 36/200

Epoch 00036: val_acc did not improve
 - 65s - loss: 26.8850 - acc: 0.0993 - val_loss: 26.7147 - val_acc: 0.1018
Learning rate:  0.001
Epoch 37/200

Epoch 00037: val_acc did not improve
 - 65s - loss: 26.5458 - acc: 0.0993 - val_loss: 26.3737 - val_acc: 0.0980
Learning rate:  0.001
Epoch 38/200

Epoch 00038: val_acc did not improve
 - 65s - loss: 26.2007 - acc: 0.0992 - val_loss: 26.0229 - val_acc: 0.0968
Learning rate:  0.001
Epoch 39/200

Epoch 00039: val_acc did not improve
 - 65s - loss: 25.8425 - acc: 0.0999 - val_loss: 25.6558 - val_acc: 0.0960
Learning rate:  0.001
Epoch 40/200

Epoch 00040: val_acc did not improve
 - 65s - loss: 25.4698 - acc: 0.1006 - val_loss: 25.2819 - val_acc: 0.0948
Learning rate:  0.001
Epoch 41/200

Epoch 00041: val_acc did not improve
 - 65s - loss: 25.0834 - acc: 0.1002 - val_loss: 24.8893 - val_acc: 0.0950
Learning rate:  0.001
Epoch 42/200

Epoch 00042: val_acc did not improve
 - 65s - loss: 24.6829 - acc: 0.0987 - val_loss: 24.4768 - val_acc: 0.0976
Learning rate:  0.001
Epoch 43/200

Epoch 00043: val_acc did not improve
 - 65s - loss: 24.2675 - acc: 0.0990 - val_loss: 24.0605 - val_acc: 0.0970
Learning rate:  0.001
Epoch 44/200

Epoch 00044: val_acc did not improve
 - 65s - loss: 23.8458 - acc: 0.0989 - val_loss: 23.6332 - val_acc: 0.0944
Learning rate:  0.001
Epoch 45/200

Epoch 00045: val_acc did not improve
 - 65s - loss: 23.4162 - acc: 0.1016 - val_loss: 23.1986 - val_acc: 0.0958
Learning rate:  0.001
Epoch 46/200

Epoch 00046: val_acc did not improve
 - 65s - loss: 22.9786 - acc: 0.0999 - val_loss: 22.7564 - val_acc: 0.0930
Learning rate:  0.001
Epoch 47/200

Epoch 00047: val_acc did not improve
 - 65s - loss: 22.5338 - acc: 0.1008 - val_loss: 22.3061 - val_acc: 0.0986
Learning rate:  0.001
Epoch 48/200

Epoch 00048: val_acc did not improve
 - 65s - loss: 22.0738 - acc: 0.1014 - val_loss: 21.8383 - val_acc: 0.0976
Learning rate:  0.001
Epoch 49/200

Epoch 00049: val_acc did not improve
 - 65s - loss: 21.5958 - acc: 0.1006 - val_loss: 21.3474 - val_acc: 0.0956
Learning rate:  0.001
Epoch 50/200

Epoch 00050: val_acc did not improve
 - 65s - loss: 21.0973 - acc: 0.1024 - val_loss: 20.8371 - val_acc: 0.1064
Learning rate:  0.001
Epoch 51/200

Epoch 00051: val_acc did not improve
 - 65s - loss: 20.5775 - acc: 0.1008 - val_loss: 20.3101 - val_acc: 0.1014
Learning rate:  0.001
Epoch 52/200

Epoch 00052: val_acc did not improve
 - 65s - loss: 20.0484 - acc: 0.0984 - val_loss: 19.7836 - val_acc: 0.0976
Learning rate:  0.001
Epoch 53/200

Epoch 00053: val_acc did not improve
 - 65s - loss: 19.5157 - acc: 0.0981 - val_loss: 19.2433 - val_acc: 0.0976
Learning rate:  0.001
Epoch 54/200

Epoch 00054: val_acc did not improve
 - 65s - loss: 18.9673 - acc: 0.0990 - val_loss: 18.6888 - val_acc: 0.0950
Learning rate:  0.001
Epoch 55/200

Epoch 00055: val_acc did not improve
 - 65s - loss: 18.4028 - acc: 0.0986 - val_loss: 18.1150 - val_acc: 0.0976
Learning rate:  0.001
Epoch 56/200

Epoch 00056: val_acc did not improve
 - 65s - loss: 17.8194 - acc: 0.0997 - val_loss: 17.5256 - val_acc: 0.0970
Learning rate:  0.001
Epoch 57/200

Epoch 00057: val_acc did not improve
 - 65s - loss: 17.2462 - acc: 0.0987 - val_loss: 16.9634 - val_acc: 0.1022
Learning rate:  0.001
Epoch 58/200

Epoch 00058: val_acc did not improve
 - 65s - loss: 16.6832 - acc: 0.1010 - val_loss: 16.3966 - val_acc: 0.0976
Learning rate:  0.001
Epoch 59/200

Epoch 00059: val_acc did not improve
 - 65s - loss: 16.1242 - acc: 0.0990 - val_loss: 15.8481 - val_acc: 0.0976
Learning rate:  0.001
Epoch 60/200

Epoch 00060: val_acc did not improve
 - 65s - loss: 15.5799 - acc: 0.0983 - val_loss: 15.3072 - val_acc: 0.1038
Learning rate:  0.001
Epoch 61/200

Epoch 00061: val_acc did not improve
 - 65s - loss: 15.0400 - acc: 0.1012 - val_loss: 14.7707 - val_acc: 0.0986
Learning rate:  0.001
Epoch 62/200

Epoch 00062: val_acc did not improve
 - 65s - loss: 14.5234 - acc: 0.0986 - val_loss: 14.2808 - val_acc: 0.0958
Learning rate:  0.001
Epoch 63/200

Epoch 00063: val_acc did not improve
 - 65s - loss: 14.0361 - acc: 0.0988 - val_loss: 13.7950 - val_acc: 0.0958
Learning rate:  0.001
Epoch 64/200

Epoch 00064: val_acc did not improve
 - 65s - loss: 13.5519 - acc: 0.0972 - val_loss: 13.3145 - val_acc: 0.1058
Learning rate:  0.001
Epoch 65/200

Epoch 00065: val_acc did not improve
 - 65s - loss: 13.0795 - acc: 0.0992 - val_loss: 12.8426 - val_acc: 0.0950
Learning rate:  0.001
Epoch 66/200

Epoch 00066: val_acc did not improve
 - 65s - loss: 12.6176 - acc: 0.1032 - val_loss: 12.3986 - val_acc: 0.0970
Learning rate:  0.001
Epoch 67/200

Epoch 00067: val_acc did not improve
 - 65s - loss: 12.1898 - acc: 0.1004 - val_loss: 11.9804 - val_acc: 0.0950
Learning rate:  0.001
Epoch 68/200

Epoch 00068: val_acc did not improve
 - 65s - loss: 11.7743 - acc: 0.1026 - val_loss: 11.5737 - val_acc: 0.0958
Learning rate:  0.001
Epoch 69/200

Epoch 00069: val_acc did not improve
 - 65s - loss: 11.3875 - acc: 0.1000 - val_loss: 11.2150 - val_acc: 0.0970
Learning rate:  0.001
Epoch 70/200

Epoch 00070: val_acc did not improve
 - 65s - loss: 11.0382 - acc: 0.0995 - val_loss: 10.8650 - val_acc: 0.0986
Learning rate:  0.001
Epoch 71/200

Epoch 00071: val_acc did not improve
 - 65s - loss: 10.6994 - acc: 0.0999 - val_loss: 10.5413 - val_acc: 0.1026
Learning rate:  0.001
Epoch 72/200

Epoch 00072: val_acc did not improve
 - 65s - loss: 10.4017 - acc: 0.0985 - val_loss: 10.2579 - val_acc: 0.0990
Learning rate:  0.001
Epoch 73/200

Epoch 00073: val_acc did not improve
 - 65s - loss: 10.1291 - acc: 0.1010 - val_loss: 10.1223 - val_acc: 0.0976
Learning rate:  0.001
Epoch 74/200

Epoch 00074: val_acc did not improve
 - 65s - loss: 9.9947 - acc: 0.0993 - val_loss: 9.9103 - val_acc: 0.0962
Learning rate:  0.001
Epoch 75/200

Epoch 00075: val_acc did not improve
 - 65s - loss: 9.8315 - acc: 0.0981 - val_loss: 9.7458 - val_acc: 0.0986
Learning rate:  0.001
Epoch 76/200

Epoch 00076: val_acc did not improve
 - 65s - loss: 9.6579 - acc: 0.1023 - val_loss: 9.5726 - val_acc: 0.1064
Learning rate:  0.001
Epoch 77/200

Epoch 00077: val_acc did not improve
 - 65s - loss: 9.4840 - acc: 0.1009 - val_loss: 9.3931 - val_acc: 0.1058
Learning rate:  0.001
Epoch 78/200

Epoch 00078: val_acc did not improve
 - 65s - loss: 9.3449 - acc: 0.0984 - val_loss: 9.3361 - val_acc: 0.0986
Learning rate:  0.001
Epoch 79/200

Epoch 00079: val_acc did not improve
 - 65s - loss: 9.2736 - acc: 0.1016 - val_loss: 9.2347 - val_acc: 0.0930
Learning rate:  0.001
Epoch 80/200

Epoch 00080: val_acc improved from 0.10780 to 0.15380, saving model to ./weights/CIFAR-10_full-qnn_8b_4b_1_64_1_128_1_256.hdf5
 - 67s - loss: 9.1811 - acc: 0.1409 - val_loss: 9.1853 - val_acc: 0.1538
Learning rate:  0.001
Epoch 81/200

Epoch 00081: val_acc did not improve
 - 65s - loss: 9.1265 - acc: 0.2002 - val_loss: 9.3102 - val_acc: 0.1198
Learning rate:  0.0001
Epoch 82/200

Epoch 00082: val_acc improved from 0.15380 to 0.19520, saving model to ./weights/CIFAR-10_full-qnn_8b_4b_1_64_1_128_1_256.hdf5
 - 67s - loss: 9.1349 - acc: 0.1971 - val_loss: 9.1266 - val_acc: 0.1952
Learning rate:  0.0001
Epoch 83/200

Epoch 00083: val_acc improved from 0.19520 to 0.20560, saving model to ./weights/CIFAR-10_full-qnn_8b_4b_1_64_1_128_1_256.hdf5
 - 67s - loss: 9.1197 - acc: 0.2000 - val_loss: 9.1157 - val_acc: 0.2056
Learning rate:  0.0001
Epoch 84/200

Epoch 00084: val_acc did not improve
 - 65s - loss: 9.1189 - acc: 0.2015 - val_loss: 9.1307 - val_acc: 0.1960
Learning rate:  0.0001
Epoch 85/200

Epoch 00085: val_acc improved from 0.20560 to 0.20660, saving model to ./weights/CIFAR-10_full-qnn_8b_4b_1_64_1_128_1_256.hdf5
 - 67s - loss: 9.1064 - acc: 0.2032 - val_loss: 9.1073 - val_acc: 0.2066
Learning rate:  0.0001
Epoch 86/200

Epoch 00086: val_acc improved from 0.20660 to 0.21460, saving model to ./weights/CIFAR-10_full-qnn_8b_4b_1_64_1_128_1_256.hdf5
 - 67s - loss: 9.0953 - acc: 0.2087 - val_loss: 9.0886 - val_acc: 0.2146
Learning rate:  0.0001
Epoch 87/200

Epoch 00087: val_acc did not improve
 - 65s - loss: 9.0885 - acc: 0.2113 - val_loss: 9.1052 - val_acc: 0.2104
Learning rate:  0.0001
Epoch 88/200

Epoch 00088: val_acc did not improve
 - 65s - loss: 9.0908 - acc: 0.2059 - val_loss: 9.0942 - val_acc: 0.2038
Learning rate:  0.0001
Epoch 89/200

Epoch 00089: val_acc improved from 0.21460 to 0.23240, saving model to ./weights/CIFAR-10_full-qnn_8b_4b_1_64_1_128_1_256.hdf5
 - 67s - loss: 9.0751 - acc: 0.2122 - val_loss: 9.0610 - val_acc: 0.2324
Learning rate:  0.0001
Epoch 90/200

Epoch 00090: val_acc did not improve
 - 65s - loss: 9.0642 - acc: 0.2144 - val_loss: 9.0726 - val_acc: 0.2138
Learning rate:  0.0001
Epoch 91/200

Epoch 00091: val_acc did not improve
 - 65s - loss: 9.0592 - acc: 0.2186 - val_loss: 9.0662 - val_acc: 0.2182
Learning rate:  0.0001
Epoch 92/200

Epoch 00092: val_acc did not improve
 - 65s - loss: 9.0523 - acc: 0.2198 - val_loss: 9.0433 - val_acc: 0.2278
Learning rate:  0.0001
Epoch 93/200

Epoch 00093: val_acc improved from 0.23240 to 0.23880, saving model to ./weights/CIFAR-10_full-qnn_8b_4b_1_64_1_128_1_256.hdf5
 - 67s - loss: 9.0282 - acc: 0.2289 - val_loss: 9.0291 - val_acc: 0.2388
Learning rate:  0.0001
Epoch 94/200

Epoch 00094: val_acc did not improve
 - 65s - loss: 9.0241 - acc: 0.2304 - val_loss: 9.0455 - val_acc: 0.2158
Learning rate:  0.0001
Epoch 95/200

Epoch 00095: val_acc did not improve
 - 65s - loss: 9.0305 - acc: 0.2251 - val_loss: 9.0563 - val_acc: 0.2148
Learning rate:  0.0001
Epoch 96/200

Epoch 00096: val_acc improved from 0.23880 to 0.24460, saving model to ./weights/CIFAR-10_full-qnn_8b_4b_1_64_1_128_1_256.hdf5
 - 67s - loss: 9.0278 - acc: 0.2255 - val_loss: 9.0140 - val_acc: 0.2446
Learning rate:  0.0001
Epoch 97/200

Epoch 00097: val_acc did not improve
 - 65s - loss: 9.0081 - acc: 0.2301 - val_loss: 9.0197 - val_acc: 0.2318
Learning rate:  0.0001
Epoch 98/200

Epoch 00098: val_acc did not improve
 - 65s - loss: 9.0009 - acc: 0.2347 - val_loss: 9.0075 - val_acc: 0.2350
Learning rate:  0.0001
Epoch 99/200

Epoch 00099: val_acc did not improve
 - 65s - loss: 9.0053 - acc: 0.2324 - val_loss: 9.0114 - val_acc: 0.2252
Learning rate:  0.0001
Epoch 100/200

Epoch 00100: val_acc did not improve
 - 65s - loss: 9.0026 - acc: 0.2330 - val_loss: 9.0141 - val_acc: 0.2276
Learning rate:  0.0001
Epoch 101/200

Epoch 00101: val_acc did not improve
 - 65s - loss: 8.9980 - acc: 0.2306 - val_loss: 9.0029 - val_acc: 0.2276
Learning rate:  0.0001
Epoch 102/200

Epoch 00102: val_acc did not improve
 - 65s - loss: 8.9924 - acc: 0.2348 - val_loss: 8.9863 - val_acc: 0.2402
Learning rate:  0.0001
Epoch 103/200

Epoch 00103: val_acc did not improve
 - 65s - loss: 8.9863 - acc: 0.2396 - val_loss: 9.0067 - val_acc: 0.2296
Learning rate:  0.0001
Epoch 104/200

Epoch 00104: val_acc improved from 0.24460 to 0.24600, saving model to ./weights/CIFAR-10_full-qnn_8b_4b_1_64_1_128_1_256.hdf5
 - 67s - loss: 8.9759 - acc: 0.2397 - val_loss: 8.9662 - val_acc: 0.2460
Learning rate:  0.0001
Epoch 105/200

Epoch 00105: val_acc did not improve
 - 65s - loss: 8.9586 - acc: 0.2475 - val_loss: 8.9615 - val_acc: 0.2448
Learning rate:  0.0001
Epoch 106/200

Epoch 00106: val_acc did not improve
 - 65s - loss: 8.9566 - acc: 0.2482 - val_loss: 8.9733 - val_acc: 0.2394
Learning rate:  0.0001
Epoch 107/200

Epoch 00107: val_acc improved from 0.24600 to 0.25560, saving model to ./weights/CIFAR-10_full-qnn_8b_4b_1_64_1_128_1_256.hdf5
 - 67s - loss: 8.9518 - acc: 0.2520 - val_loss: 8.9557 - val_acc: 0.2556
Learning rate:  0.0001
Epoch 108/200

Epoch 00108: val_acc improved from 0.25560 to 0.26080, saving model to ./weights/CIFAR-10_full-qnn_8b_4b_1_64_1_128_1_256.hdf5
 - 67s - loss: 8.9432 - acc: 0.2534 - val_loss: 8.9404 - val_acc: 0.2608
Learning rate:  0.0001
Epoch 109/200

Epoch 00109: val_acc did not improve
 - 65s - loss: 8.9314 - acc: 0.2563 - val_loss: 8.9344 - val_acc: 0.2598
Learning rate:  0.0001
Epoch 110/200

Epoch 00110: val_acc improved from 0.26080 to 0.26340, saving model to ./weights/CIFAR-10_full-qnn_8b_4b_1_64_1_128_1_256.hdf5
 - 67s - loss: 8.9277 - acc: 0.2588 - val_loss: 8.9256 - val_acc: 0.2634
Learning rate:  0.0001
Epoch 111/200

Epoch 00111: val_acc did not improve
 - 65s - loss: 8.9190 - acc: 0.2634 - val_loss: 8.9274 - val_acc: 0.2600
Learning rate:  0.0001
Epoch 112/200

Epoch 00112: val_acc did not improve
 - 65s - loss: 8.9236 - acc: 0.2608 - val_loss: 8.9290 - val_acc: 0.2534
Learning rate:  0.0001
Epoch 113/200

Epoch 00113: val_acc did not improve
 - 65s - loss: 8.9192 - acc: 0.2625 - val_loss: 8.9256 - val_acc: 0.2554
Learning rate:  0.0001
Epoch 114/200

Epoch 00114: val_acc improved from 0.26340 to 0.26920, saving model to ./weights/CIFAR-10_full-qnn_8b_4b_1_64_1_128_1_256.hdf5
 - 67s - loss: 8.9170 - acc: 0.2617 - val_loss: 8.9051 - val_acc: 0.2692
Learning rate:  0.0001
Epoch 115/200

Epoch 00115: val_acc did not improve
 - 65s - loss: 8.9139 - acc: 0.2625 - val_loss: 8.9199 - val_acc: 0.2542
Learning rate:  0.0001
Epoch 116/200

Epoch 00116: val_acc did not improve
 - 65s - loss: 8.9093 - acc: 0.2659 - val_loss: 8.9080 - val_acc: 0.2668
Learning rate:  0.0001
Epoch 117/200

Epoch 00117: val_acc did not improve
 - 65s - loss: 8.9055 - acc: 0.2669 - val_loss: 8.9047 - val_acc: 0.2678
Learning rate:  0.0001
Epoch 118/200

Epoch 00118: val_acc did not improve
 - 65s - loss: 8.8983 - acc: 0.2678 - val_loss: 8.9092 - val_acc: 0.2658
Learning rate:  0.0001
Epoch 119/200

Epoch 00119: val_acc did not improve
 - 65s - loss: 8.8988 - acc: 0.2680 - val_loss: 8.9069 - val_acc: 0.2682
Learning rate:  0.0001
Epoch 120/200

Epoch 00120: val_acc improved from 0.26920 to 0.27100, saving model to ./weights/CIFAR-10_full-qnn_8b_4b_1_64_1_128_1_256.hdf5
 - 67s - loss: 8.8992 - acc: 0.2663 - val_loss: 8.8997 - val_acc: 0.2710
Learning rate:  0.0001
Epoch 121/200

Epoch 00121: val_acc did not improve
 - 65s - loss: 8.8898 - acc: 0.2703 - val_loss: 8.8945 - val_acc: 0.2638
Learning rate:  1e-05
Epoch 122/200

Epoch 00122: val_acc did not improve
 - 65s - loss: 8.8817 - acc: 0.2723 - val_loss: 8.8874 - val_acc: 0.2664
Learning rate:  1e-05
Epoch 123/200

Epoch 00123: val_acc improved from 0.27100 to 0.27280, saving model to ./weights/CIFAR-10_full-qnn_8b_4b_1_64_1_128_1_256.hdf5
 - 67s - loss: 8.8785 - acc: 0.2721 - val_loss: 8.8859 - val_acc: 0.2728
Learning rate:  1e-05
Epoch 124/200

Epoch 00124: val_acc improved from 0.27280 to 0.28140, saving model to ./weights/CIFAR-10_full-qnn_8b_4b_1_64_1_128_1_256.hdf5
 - 67s - loss: 8.8781 - acc: 0.2743 - val_loss: 8.8773 - val_acc: 0.2814
Learning rate:  1e-05
Epoch 125/200

Epoch 00125: val_acc did not improve
 - 65s - loss: 8.8793 - acc: 0.2723 - val_loss: 8.8829 - val_acc: 0.2674
Learning rate:  1e-05
Epoch 126/200

Epoch 00126: val_acc did not improve
 - 65s - loss: 8.8791 - acc: 0.2729 - val_loss: 8.8802 - val_acc: 0.2712
Learning rate:  1e-05
Epoch 127/200

Epoch 00127: val_acc did not improve
 - 65s - loss: 8.8765 - acc: 0.2760 - val_loss: 8.8799 - val_acc: 0.2784
Learning rate:  1e-05
Epoch 128/200

Epoch 00128: val_acc did not improve
 - 65s - loss: 8.8792 - acc: 0.2740 - val_loss: 8.8729 - val_acc: 0.2768
Learning rate:  1e-05
Epoch 129/200

Epoch 00129: val_acc did not improve
 - 65s - loss: 8.8775 - acc: 0.2735 - val_loss: 8.8810 - val_acc: 0.2762
Learning rate:  1e-05
Epoch 130/200

Epoch 00130: val_acc did not improve
 - 65s - loss: 8.8790 - acc: 0.2728 - val_loss: 8.8822 - val_acc: 0.2720
Learning rate:  1e-05
Epoch 131/200

Epoch 00131: val_acc did not improve
 - 65s - loss: 8.8773 - acc: 0.2722 - val_loss: 8.8725 - val_acc: 0.2722
Learning rate:  1e-05
Epoch 132/200

Epoch 00132: val_acc did not improve
 - 65s - loss: 8.8759 - acc: 0.2749 - val_loss: 8.8830 - val_acc: 0.2688
Learning rate:  1e-05
Epoch 133/200

Epoch 00133: val_acc did not improve
 - 65s - loss: 8.8781 - acc: 0.2727 - val_loss: 8.8759 - val_acc: 0.2740
Learning rate:  1e-05
Epoch 134/200

Epoch 00134: val_acc did not improve
 - 65s - loss: 8.8821 - acc: 0.2715 - val_loss: 8.8794 - val_acc: 0.2698
Learning rate:  1e-05
Epoch 135/200

Epoch 00135: val_acc did not improve
 - 65s - loss: 8.8791 - acc: 0.2723 - val_loss: 8.8766 - val_acc: 0.2706
Learning rate:  1e-05
Epoch 136/200

Epoch 00136: val_acc did not improve
 - 65s - loss: 8.8809 - acc: 0.2711 - val_loss: 8.8907 - val_acc: 0.2682
Learning rate:  1e-05
Epoch 137/200

Epoch 00137: val_acc did not improve
 - 65s - loss: 8.8769 - acc: 0.2725 - val_loss: 8.8794 - val_acc: 0.2758
Learning rate:  1e-05
Epoch 138/200

Epoch 00138: val_acc did not improve
 - 65s - loss: 8.8785 - acc: 0.2707 - val_loss: 8.8825 - val_acc: 0.2740
Learning rate:  1e-05
Epoch 139/200

Epoch 00139: val_acc did not improve
 - 65s - loss: 8.8758 - acc: 0.2719 - val_loss: 8.8732 - val_acc: 0.2718
Learning rate:  1e-05
Epoch 140/200

Epoch 00140: val_acc did not improve
 - 65s - loss: 8.8752 - acc: 0.2712 - val_loss: 8.8863 - val_acc: 0.2658
Learning rate:  1e-05
Epoch 141/200

Epoch 00141: val_acc did not improve
 - 65s - loss: 8.8786 - acc: 0.2718 - val_loss: 8.8758 - val_acc: 0.2716
Learning rate:  1e-05
Epoch 142/200

Epoch 00142: val_acc did not improve
 - 65s - loss: 8.8757 - acc: 0.2721 - val_loss: 8.8834 - val_acc: 0.2706
Learning rate:  1e-05
Epoch 143/200

Epoch 00143: val_acc did not improve
 - 65s - loss: 8.8749 - acc: 0.2726 - val_loss: 8.8757 - val_acc: 0.2718
Learning rate:  1e-05
Epoch 144/200

Epoch 00144: val_acc did not improve
 - 65s - loss: 8.8757 - acc: 0.2725 - val_loss: 8.8779 - val_acc: 0.2728
Learning rate:  1e-05
Epoch 145/200

Epoch 00145: val_acc did not improve
 - 65s - loss: 8.8741 - acc: 0.2756 - val_loss: 8.8749 - val_acc: 0.2692
Learning rate:  1e-05
Epoch 146/200

Epoch 00146: val_acc did not improve
 - 65s - loss: 8.8729 - acc: 0.2742 - val_loss: 8.8749 - val_acc: 0.2734
Learning rate:  1e-05
Epoch 147/200

Epoch 00147: val_acc did not improve
 - 65s - loss: 8.8707 - acc: 0.2745 - val_loss: 8.8772 - val_acc: 0.2728
Learning rate:  1e-05
Epoch 148/200

Epoch 00148: val_acc did not improve
 - 65s - loss: 8.8744 - acc: 0.2735 - val_loss: 8.8747 - val_acc: 0.2692
Learning rate:  1e-05
Epoch 149/200

Epoch 00149: val_acc did not improve
 - 65s - loss: 8.8706 - acc: 0.2770 - val_loss: 8.8769 - val_acc: 0.2720
Learning rate:  1e-05
Epoch 150/200

Epoch 00150: val_acc did not improve
 - 65s - loss: 8.8694 - acc: 0.2736 - val_loss: 8.8801 - val_acc: 0.2706
Learning rate:  1e-05
Epoch 151/200

Epoch 00151: val_acc did not improve
 - 65s - loss: 8.8683 - acc: 0.2762 - val_loss: 8.8693 - val_acc: 0.2750
Learning rate:  1e-05
Epoch 152/200

Epoch 00152: val_acc did not improve
 - 65s - loss: 8.8654 - acc: 0.2780 - val_loss: 8.8752 - val_acc: 0.2734
Learning rate:  1e-05
Epoch 153/200

Epoch 00153: val_acc did not improve
 - 65s - loss: 8.8630 - acc: 0.2771 - val_loss: 8.8728 - val_acc: 0.2708
Learning rate:  1e-05
Epoch 154/200

Epoch 00154: val_acc did not improve
 - 65s - loss: 8.8654 - acc: 0.2779 - val_loss: 8.8654 - val_acc: 0.2716
Learning rate:  1e-05
Epoch 155/200

Epoch 00155: val_acc did not improve
 - 65s - loss: 8.8631 - acc: 0.2786 - val_loss: 8.8665 - val_acc: 0.2736
Learning rate:  1e-05
Epoch 156/200

Epoch 00156: val_acc did not improve
 - 65s - loss: 8.8646 - acc: 0.2762 - val_loss: 8.8725 - val_acc: 0.2742
Learning rate:  1e-05
Epoch 157/200

Epoch 00157: val_acc did not improve
 - 65s - loss: 8.8695 - acc: 0.2738 - val_loss: 8.8708 - val_acc: 0.2770
Learning rate:  1e-05
Epoch 158/200

Epoch 00158: val_acc improved from 0.28140 to 0.28660, saving model to ./weights/CIFAR-10_full-qnn_8b_4b_1_64_1_128_1_256.hdf5
 - 67s - loss: 8.8697 - acc: 0.2740 - val_loss: 8.8684 - val_acc: 0.2866
Learning rate:  1e-05
Epoch 159/200

Epoch 00159: val_acc did not improve
 - 65s - loss: 8.8711 - acc: 0.2746 - val_loss: 8.8711 - val_acc: 0.2672
Learning rate:  1e-05
Epoch 160/200

Epoch 00160: val_acc did not improve
 - 65s - loss: 8.8656 - acc: 0.2764 - val_loss: 8.8707 - val_acc: 0.2770
Learning rate:  1e-05
Epoch 161/200

Epoch 00161: val_acc did not improve
 - 65s - loss: 8.8688 - acc: 0.2753 - val_loss: 8.8710 - val_acc: 0.2744
Learning rate:  1e-06
Epoch 162/200

Epoch 00162: val_acc did not improve
 - 65s - loss: 8.8687 - acc: 0.2745 - val_loss: 8.8747 - val_acc: 0.2680
Learning rate:  1e-06
Epoch 163/200

Epoch 00163: val_acc did not improve
 - 65s - loss: 8.8650 - acc: 0.2757 - val_loss: 8.8729 - val_acc: 0.2726
Learning rate:  1e-06
Epoch 164/200

Epoch 00164: val_acc did not improve
 - 65s - loss: 8.8685 - acc: 0.2733 - val_loss: 8.8630 - val_acc: 0.2764
Learning rate:  1e-06
Epoch 165/200

Epoch 00165: val_acc did not improve
 - 65s - loss: 8.8674 - acc: 0.2729 - val_loss: 8.8795 - val_acc: 0.2678
Learning rate:  1e-06
Epoch 166/200

Epoch 00166: val_acc did not improve
 - 65s - loss: 8.8657 - acc: 0.2759 - val_loss: 8.8723 - val_acc: 0.2704
Learning rate:  1e-06
Epoch 167/200

Epoch 00167: val_acc did not improve
 - 65s - loss: 8.8678 - acc: 0.2739 - val_loss: 8.8722 - val_acc: 0.2746
Learning rate:  1e-06
Epoch 168/200

Epoch 00168: val_acc did not improve
 - 65s - loss: 8.8680 - acc: 0.2745 - val_loss: 8.8695 - val_acc: 0.2762
Learning rate:  1e-06
Epoch 169/200

Epoch 00169: val_acc did not improve
 - 65s - loss: 8.8664 - acc: 0.2759 - val_loss: 8.8718 - val_acc: 0.2706
Learning rate:  1e-06
Epoch 170/200

Epoch 00170: val_acc did not improve
 - 65s - loss: 8.8663 - acc: 0.2744 - val_loss: 8.8676 - val_acc: 0.2778
Learning rate:  1e-06
Epoch 171/200

Epoch 00171: val_acc did not improve
 - 65s - loss: 8.8650 - acc: 0.2754 - val_loss: 8.8711 - val_acc: 0.2772
Learning rate:  1e-06
Epoch 172/200

Epoch 00172: val_acc did not improve
 - 65s - loss: 8.8655 - acc: 0.2758 - val_loss: 8.8657 - val_acc: 0.2696
Learning rate:  1e-06
Epoch 173/200

Epoch 00173: val_acc did not improve
 - 65s - loss: 8.8636 - acc: 0.2750 - val_loss: 8.8766 - val_acc: 0.2682
Learning rate:  1e-06
Epoch 174/200

Epoch 00174: val_acc did not improve
 - 65s - loss: 8.8666 - acc: 0.2756 - val_loss: 8.8640 - val_acc: 0.2752
Learning rate:  1e-06
Epoch 175/200

Epoch 00175: val_acc did not improve
 - 65s - loss: 8.8674 - acc: 0.2746 - val_loss: 8.8737 - val_acc: 0.2672
Learning rate:  1e-06
Epoch 176/200

Epoch 00176: val_acc did not improve
 - 65s - loss: 8.8673 - acc: 0.2759 - val_loss: 8.8726 - val_acc: 0.2758
Learning rate:  1e-06
Epoch 177/200

Epoch 00177: val_acc did not improve
 - 65s - loss: 8.8650 - acc: 0.2784 - val_loss: 8.8748 - val_acc: 0.2726
Learning rate:  1e-06
Epoch 178/200

Epoch 00178: val_acc did not improve
 - 65s - loss: 8.8653 - acc: 0.2764 - val_loss: 8.8770 - val_acc: 0.2726
Learning rate:  1e-06
Epoch 179/200

Epoch 00179: val_acc did not improve
 - 65s - loss: 8.8671 - acc: 0.2767 - val_loss: 8.8688 - val_acc: 0.2838
Learning rate:  1e-06
Epoch 180/200

Epoch 00180: val_acc did not improve
 - 65s - loss: 8.8656 - acc: 0.2761 - val_loss: 8.8706 - val_acc: 0.2744
Learning rate:  1e-06
Epoch 181/200

Epoch 00181: val_acc did not improve
 - 65s - loss: 8.8657 - acc: 0.2765 - val_loss: 8.8688 - val_acc: 0.2756
Learning rate:  5e-07
Epoch 182/200

Epoch 00182: val_acc did not improve
 - 65s - loss: 8.8642 - acc: 0.2764 - val_loss: 8.8743 - val_acc: 0.2684
Learning rate:  5e-07
Epoch 183/200

Epoch 00183: val_acc did not improve
 - 65s - loss: 8.8643 - acc: 0.2754 - val_loss: 8.8689 - val_acc: 0.2714
Learning rate:  5e-07
Epoch 184/200

Epoch 00184: val_acc did not improve
 - 65s - loss: 8.8666 - acc: 0.2751 - val_loss: 8.8717 - val_acc: 0.2748
Learning rate:  5e-07
Epoch 185/200

Epoch 00185: val_acc did not improve
 - 65s - loss: 8.8666 - acc: 0.2748 - val_loss: 8.8721 - val_acc: 0.2770
Learning rate:  5e-07
Epoch 186/200

Epoch 00186: val_acc did not improve
 - 65s - loss: 8.8646 - acc: 0.2769 - val_loss: 8.8727 - val_acc: 0.2748
Learning rate:  5e-07
Epoch 187/200

Epoch 00187: val_acc did not improve
 - 65s - loss: 8.8647 - acc: 0.2749 - val_loss: 8.8680 - val_acc: 0.2672
Learning rate:  5e-07
Epoch 188/200

Epoch 00188: val_acc did not improve
 - 65s - loss: 8.8665 - acc: 0.2733 - val_loss: 8.8712 - val_acc: 0.2724
Learning rate:  5e-07
Epoch 189/200

Epoch 00189: val_acc did not improve
 - 65s - loss: 8.8666 - acc: 0.2733 - val_loss: 8.8658 - val_acc: 0.2726
Learning rate:  5e-07
Epoch 190/200

Epoch 00190: val_acc did not improve
 - 65s - loss: 8.8653 - acc: 0.2759 - val_loss: 8.8743 - val_acc: 0.2736
Learning rate:  5e-07
Epoch 191/200

Epoch 00191: val_acc did not improve
 - 65s - loss: 8.8675 - acc: 0.2740 - val_loss: 8.8654 - val_acc: 0.2704
Learning rate:  5e-07
Epoch 192/200

Epoch 00192: val_acc did not improve
 - 65s - loss: 8.8660 - acc: 0.2739 - val_loss: 8.8712 - val_acc: 0.2720
Learning rate:  5e-07
Epoch 193/200

Epoch 00193: val_acc did not improve
 - 65s - loss: 8.8679 - acc: 0.2736 - val_loss: 8.8749 - val_acc: 0.2736
Learning rate:  5e-07
Epoch 194/200

Epoch 00194: val_acc did not improve
 - 65s - loss: 8.8656 - acc: 0.2742 - val_loss: 8.8727 - val_acc: 0.2728
Learning rate:  5e-07
Epoch 195/200

Epoch 00195: val_acc did not improve
 - 65s - loss: 8.8666 - acc: 0.2754 - val_loss: 8.8695 - val_acc: 0.2724
Learning rate:  5e-07
Epoch 196/200

Epoch 00196: val_acc did not improve
 - 65s - loss: 8.8674 - acc: 0.2749 - val_loss: 8.8694 - val_acc: 0.2676
Learning rate:  5e-07
Epoch 197/200

Epoch 00197: val_acc did not improve
 - 65s - loss: 8.8653 - acc: 0.2749 - val_loss: 8.8709 - val_acc: 0.2802
Learning rate:  5e-07
Epoch 198/200

Epoch 00198: val_acc did not improve
 - 65s - loss: 8.8651 - acc: 0.2735 - val_loss: 8.8689 - val_acc: 0.2756
Learning rate:  5e-07
Epoch 199/200

Epoch 00199: val_acc did not improve
 - 65s - loss: 8.8679 - acc: 0.2740 - val_loss: 8.8808 - val_acc: 0.2654
Learning rate:  5e-07
Epoch 200/200

Epoch 00200: val_acc did not improve
 - 65s - loss: 8.8675 - acc: 0.2755 - val_loss: 8.8728 - val_acc: 0.2762
Done

