Construct the Network

__________________________________________________________________________________________________
Layer (type)                    Output Shape         Param #     Connected to                     
==================================================================================================
input_2 (InputLayer)            (None, 32, 32, 3)    0                                            
__________________________________________________________________________________________________
ternary_conv2d_1 (TernaryConv2D (None, 32, 32, 16)   448         input_2[0][0]                    
__________________________________________________________________________________________________
batch_normalization_1 (BatchNor (None, 32, 32, 16)   64          ternary_conv2d_1[0][0]           
__________________________________________________________________________________________________
activation_1 (Activation)       (None, 32, 32, 16)   0           batch_normalization_1[0][0]      
__________________________________________________________________________________________________
ternary_conv2d_2 (TernaryConv2D (None, 32, 32, 16)   2320        activation_1[0][0]               
__________________________________________________________________________________________________
batch_normalization_2 (BatchNor (None, 32, 32, 16)   64          ternary_conv2d_2[0][0]           
__________________________________________________________________________________________________
activation_2 (Activation)       (None, 32, 32, 16)   0           batch_normalization_2[0][0]      
__________________________________________________________________________________________________
ternary_conv2d_3 (TernaryConv2D (None, 32, 32, 16)   2320        activation_2[0][0]               
__________________________________________________________________________________________________
batch_normalization_3 (BatchNor (None, 32, 32, 16)   64          ternary_conv2d_3[0][0]           
__________________________________________________________________________________________________
add_1 (Add)                     (None, 32, 32, 16)   0           activation_1[0][0]               
                                                                 batch_normalization_3[0][0]      
__________________________________________________________________________________________________
activation_3 (Activation)       (None, 32, 32, 16)   0           add_1[0][0]                      
__________________________________________________________________________________________________
ternary_conv2d_4 (TernaryConv2D (None, 32, 32, 16)   2320        activation_3[0][0]               
__________________________________________________________________________________________________
batch_normalization_4 (BatchNor (None, 32, 32, 16)   64          ternary_conv2d_4[0][0]           
__________________________________________________________________________________________________
activation_4 (Activation)       (None, 32, 32, 16)   0           batch_normalization_4[0][0]      
__________________________________________________________________________________________________
ternary_conv2d_5 (TernaryConv2D (None, 32, 32, 16)   2320        activation_4[0][0]               
__________________________________________________________________________________________________
batch_normalization_5 (BatchNor (None, 32, 32, 16)   64          ternary_conv2d_5[0][0]           
__________________________________________________________________________________________________
add_2 (Add)                     (None, 32, 32, 16)   0           activation_3[0][0]               
                                                                 batch_normalization_5[0][0]      
__________________________________________________________________________________________________
activation_5 (Activation)       (None, 32, 32, 16)   0           add_2[0][0]                      
__________________________________________________________________________________________________
ternary_conv2d_6 (TernaryConv2D (None, 32, 32, 16)   2320        activation_5[0][0]               
__________________________________________________________________________________________________
batch_normalization_6 (BatchNor (None, 32, 32, 16)   64          ternary_conv2d_6[0][0]           
__________________________________________________________________________________________________
activation_6 (Activation)       (None, 32, 32, 16)   0           batch_normalization_6[0][0]      
__________________________________________________________________________________________________
ternary_conv2d_7 (TernaryConv2D (None, 32, 32, 16)   2320        activation_6[0][0]               
__________________________________________________________________________________________________
batch_normalization_7 (BatchNor (None, 32, 32, 16)   64          ternary_conv2d_7[0][0]           
__________________________________________________________________________________________________
add_3 (Add)                     (None, 32, 32, 16)   0           activation_5[0][0]               
                                                                 batch_normalization_7[0][0]      
__________________________________________________________________________________________________
activation_7 (Activation)       (None, 32, 32, 16)   0           add_3[0][0]                      
__________________________________________________________________________________________________
ternary_conv2d_8 (TernaryConv2D (None, 32, 32, 16)   2320        activation_7[0][0]               
__________________________________________________________________________________________________
batch_normalization_8 (BatchNor (None, 32, 32, 16)   64          ternary_conv2d_8[0][0]           
__________________________________________________________________________________________________
activation_8 (Activation)       (None, 32, 32, 16)   0           batch_normalization_8[0][0]      
__________________________________________________________________________________________________
ternary_conv2d_9 (TernaryConv2D (None, 32, 32, 16)   2320        activation_8[0][0]               
__________________________________________________________________________________________________
batch_normalization_9 (BatchNor (None, 32, 32, 16)   64          ternary_conv2d_9[0][0]           
__________________________________________________________________________________________________
add_4 (Add)                     (None, 32, 32, 16)   0           activation_7[0][0]               
                                                                 batch_normalization_9[0][0]      
__________________________________________________________________________________________________
activation_9 (Activation)       (None, 32, 32, 16)   0           add_4[0][0]                      
__________________________________________________________________________________________________
ternary_conv2d_10 (TernaryConv2 (None, 32, 32, 16)   2320        activation_9[0][0]               
__________________________________________________________________________________________________
batch_normalization_10 (BatchNo (None, 32, 32, 16)   64          ternary_conv2d_10[0][0]          
__________________________________________________________________________________________________
activation_10 (Activation)      (None, 32, 32, 16)   0           batch_normalization_10[0][0]     
__________________________________________________________________________________________________
ternary_conv2d_11 (TernaryConv2 (None, 32, 32, 16)   2320        activation_10[0][0]              
__________________________________________________________________________________________________
batch_normalization_11 (BatchNo (None, 32, 32, 16)   64          ternary_conv2d_11[0][0]          
__________________________________________________________________________________________________
add_5 (Add)                     (None, 32, 32, 16)   0           activation_9[0][0]               
                                                                 batch_normalization_11[0][0]     
__________________________________________________________________________________________________
activation_11 (Activation)      (None, 32, 32, 16)   0           add_5[0][0]                      
__________________________________________________________________________________________________
ternary_conv2d_12 (TernaryConv2 (None, 32, 32, 16)   2320        activation_11[0][0]              
__________________________________________________________________________________________________
batch_normalization_12 (BatchNo (None, 32, 32, 16)   64          ternary_conv2d_12[0][0]          
__________________________________________________________________________________________________
activation_12 (Activation)      (None, 32, 32, 16)   0           batch_normalization_12[0][0]     
__________________________________________________________________________________________________
ternary_conv2d_13 (TernaryConv2 (None, 32, 32, 16)   2320        activation_12[0][0]              
__________________________________________________________________________________________________
batch_normalization_13 (BatchNo (None, 32, 32, 16)   64          ternary_conv2d_13[0][0]          
__________________________________________________________________________________________________
add_6 (Add)                     (None, 32, 32, 16)   0           activation_11[0][0]              
                                                                 batch_normalization_13[0][0]     
__________________________________________________________________________________________________
activation_13 (Activation)      (None, 32, 32, 16)   0           add_6[0][0]                      
__________________________________________________________________________________________________
ternary_conv2d_14 (TernaryConv2 (None, 32, 32, 16)   2320        activation_13[0][0]              
__________________________________________________________________________________________________
batch_normalization_14 (BatchNo (None, 32, 32, 16)   64          ternary_conv2d_14[0][0]          
__________________________________________________________________________________________________
activation_14 (Activation)      (None, 32, 32, 16)   0           batch_normalization_14[0][0]     
__________________________________________________________________________________________________
ternary_conv2d_15 (TernaryConv2 (None, 32, 32, 16)   2320        activation_14[0][0]              
__________________________________________________________________________________________________
batch_normalization_15 (BatchNo (None, 32, 32, 16)   64          ternary_conv2d_15[0][0]          
__________________________________________________________________________________________________
add_7 (Add)                     (None, 32, 32, 16)   0           activation_13[0][0]              
                                                                 batch_normalization_15[0][0]     
__________________________________________________________________________________________________
activation_15 (Activation)      (None, 32, 32, 16)   0           add_7[0][0]                      
__________________________________________________________________________________________________
ternary_conv2d_16 (TernaryConv2 (None, 32, 32, 16)   2320        activation_15[0][0]              
__________________________________________________________________________________________________
batch_normalization_16 (BatchNo (None, 32, 32, 16)   64          ternary_conv2d_16[0][0]          
__________________________________________________________________________________________________
activation_16 (Activation)      (None, 32, 32, 16)   0           batch_normalization_16[0][0]     
__________________________________________________________________________________________________
ternary_conv2d_17 (TernaryConv2 (None, 32, 32, 16)   2320        activation_16[0][0]              
__________________________________________________________________________________________________
batch_normalization_17 (BatchNo (None, 32, 32, 16)   64          ternary_conv2d_17[0][0]          
__________________________________________________________________________________________________
add_8 (Add)                     (None, 32, 32, 16)   0           activation_15[0][0]              
                                                                 batch_normalization_17[0][0]     
__________________________________________________________________________________________________
activation_17 (Activation)      (None, 32, 32, 16)   0           add_8[0][0]                      
__________________________________________________________________________________________________
ternary_conv2d_18 (TernaryConv2 (None, 32, 32, 16)   2320        activation_17[0][0]              
__________________________________________________________________________________________________
batch_normalization_18 (BatchNo (None, 32, 32, 16)   64          ternary_conv2d_18[0][0]          
__________________________________________________________________________________________________
activation_18 (Activation)      (None, 32, 32, 16)   0           batch_normalization_18[0][0]     
__________________________________________________________________________________________________
ternary_conv2d_19 (TernaryConv2 (None, 32, 32, 16)   2320        activation_18[0][0]              
__________________________________________________________________________________________________
batch_normalization_19 (BatchNo (None, 32, 32, 16)   64          ternary_conv2d_19[0][0]          
__________________________________________________________________________________________________
add_9 (Add)                     (None, 32, 32, 16)   0           activation_17[0][0]              
                                                                 batch_normalization_19[0][0]     
__________________________________________________________________________________________________
activation_19 (Activation)      (None, 32, 32, 16)   0           add_9[0][0]                      
__________________________________________________________________________________________________
ternary_conv2d_20 (TernaryConv2 (None, 32, 32, 16)   2320        activation_19[0][0]              
__________________________________________________________________________________________________
batch_normalization_20 (BatchNo (None, 32, 32, 16)   64          ternary_conv2d_20[0][0]          
__________________________________________________________________________________________________
activation_20 (Activation)      (None, 32, 32, 16)   0           batch_normalization_20[0][0]     
__________________________________________________________________________________________________
ternary_conv2d_21 (TernaryConv2 (None, 32, 32, 16)   2320        activation_20[0][0]              
__________________________________________________________________________________________________
batch_normalization_21 (BatchNo (None, 32, 32, 16)   64          ternary_conv2d_21[0][0]          
__________________________________________________________________________________________________
add_10 (Add)                    (None, 32, 32, 16)   0           activation_19[0][0]              
                                                                 batch_normalization_21[0][0]     
__________________________________________________________________________________________________
activation_21 (Activation)      (None, 32, 32, 16)   0           add_10[0][0]                     
__________________________________________________________________________________________________
ternary_conv2d_22 (TernaryConv2 (None, 16, 16, 32)   4640        activation_21[0][0]              
__________________________________________________________________________________________________
batch_normalization_22 (BatchNo (None, 16, 16, 32)   128         ternary_conv2d_22[0][0]          
__________________________________________________________________________________________________
activation_22 (Activation)      (None, 16, 16, 32)   0           batch_normalization_22[0][0]     
__________________________________________________________________________________________________
ternary_conv2d_23 (TernaryConv2 (None, 16, 16, 32)   9248        activation_22[0][0]              
__________________________________________________________________________________________________
ternary_conv2d_24 (TernaryConv2 (None, 16, 16, 32)   544         activation_21[0][0]              
__________________________________________________________________________________________________
batch_normalization_23 (BatchNo (None, 16, 16, 32)   128         ternary_conv2d_23[0][0]          
__________________________________________________________________________________________________
add_11 (Add)                    (None, 16, 16, 32)   0           ternary_conv2d_24[0][0]          
                                                                 batch_normalization_23[0][0]     
__________________________________________________________________________________________________
activation_23 (Activation)      (None, 16, 16, 32)   0           add_11[0][0]                     
__________________________________________________________________________________________________
ternary_conv2d_25 (TernaryConv2 (None, 16, 16, 32)   9248        activation_23[0][0]              
__________________________________________________________________________________________________
batch_normalization_24 (BatchNo (None, 16, 16, 32)   128         ternary_conv2d_25[0][0]          
__________________________________________________________________________________________________
activation_24 (Activation)      (None, 16, 16, 32)   0           batch_normalization_24[0][0]     
__________________________________________________________________________________________________
ternary_conv2d_26 (TernaryConv2 (None, 16, 16, 32)   9248        activation_24[0][0]              
__________________________________________________________________________________________________
batch_normalization_25 (BatchNo (None, 16, 16, 32)   128         ternary_conv2d_26[0][0]          
__________________________________________________________________________________________________
add_12 (Add)                    (None, 16, 16, 32)   0           activation_23[0][0]              
                                                                 batch_normalization_25[0][0]     
__________________________________________________________________________________________________
activation_25 (Activation)      (None, 16, 16, 32)   0           add_12[0][0]                     
__________________________________________________________________________________________________
ternary_conv2d_27 (TernaryConv2 (None, 16, 16, 32)   9248        activation_25[0][0]              
__________________________________________________________________________________________________
batch_normalization_26 (BatchNo (None, 16, 16, 32)   128         ternary_conv2d_27[0][0]          
__________________________________________________________________________________________________
activation_26 (Activation)      (None, 16, 16, 32)   0           batch_normalization_26[0][0]     
__________________________________________________________________________________________________
ternary_conv2d_28 (TernaryConv2 (None, 16, 16, 32)   9248        activation_26[0][0]              
__________________________________________________________________________________________________
batch_normalization_27 (BatchNo (None, 16, 16, 32)   128         ternary_conv2d_28[0][0]          
__________________________________________________________________________________________________
add_13 (Add)                    (None, 16, 16, 32)   0           activation_25[0][0]              
                                                                 batch_normalization_27[0][0]     
__________________________________________________________________________________________________
activation_27 (Activation)      (None, 16, 16, 32)   0           add_13[0][0]                     
__________________________________________________________________________________________________
ternary_conv2d_29 (TernaryConv2 (None, 16, 16, 32)   9248        activation_27[0][0]              
__________________________________________________________________________________________________
batch_normalization_28 (BatchNo (None, 16, 16, 32)   128         ternary_conv2d_29[0][0]          
__________________________________________________________________________________________________
activation_28 (Activation)      (None, 16, 16, 32)   0           batch_normalization_28[0][0]     
__________________________________________________________________________________________________
ternary_conv2d_30 (TernaryConv2 (None, 16, 16, 32)   9248        activation_28[0][0]              
__________________________________________________________________________________________________
batch_normalization_29 (BatchNo (None, 16, 16, 32)   128         ternary_conv2d_30[0][0]          
__________________________________________________________________________________________________
add_14 (Add)                    (None, 16, 16, 32)   0           activation_27[0][0]              
                                                                 batch_normalization_29[0][0]     
__________________________________________________________________________________________________
activation_29 (Activation)      (None, 16, 16, 32)   0           add_14[0][0]                     
__________________________________________________________________________________________________
ternary_conv2d_31 (TernaryConv2 (None, 16, 16, 32)   9248        activation_29[0][0]              
__________________________________________________________________________________________________
batch_normalization_30 (BatchNo (None, 16, 16, 32)   128         ternary_conv2d_31[0][0]          
__________________________________________________________________________________________________
activation_30 (Activation)      (None, 16, 16, 32)   0           batch_normalization_30[0][0]     
__________________________________________________________________________________________________
ternary_conv2d_32 (TernaryConv2 (None, 16, 16, 32)   9248        activation_30[0][0]              
__________________________________________________________________________________________________
batch_normalization_31 (BatchNo (None, 16, 16, 32)   128         ternary_conv2d_32[0][0]          
__________________________________________________________________________________________________
add_15 (Add)                    (None, 16, 16, 32)   0           activation_29[0][0]              
                                                                 batch_normalization_31[0][0]     
__________________________________________________________________________________________________
activation_31 (Activation)      (None, 16, 16, 32)   0           add_15[0][0]                     
__________________________________________________________________________________________________
ternary_conv2d_33 (TernaryConv2 (None, 16, 16, 32)   9248        activation_31[0][0]              
__________________________________________________________________________________________________
batch_normalization_32 (BatchNo (None, 16, 16, 32)   128         ternary_conv2d_33[0][0]          
__________________________________________________________________________________________________
activation_32 (Activation)      (None, 16, 16, 32)   0           batch_normalization_32[0][0]     
__________________________________________________________________________________________________
ternary_conv2d_34 (TernaryConv2 (None, 16, 16, 32)   9248        activation_32[0][0]              
__________________________________________________________________________________________________
batch_normalization_33 (BatchNo (None, 16, 16, 32)   128         ternary_conv2d_34[0][0]          
__________________________________________________________________________________________________
add_16 (Add)                    (None, 16, 16, 32)   0           activation_31[0][0]              
                                                                 batch_normalization_33[0][0]     
__________________________________________________________________________________________________
activation_33 (Activation)      (None, 16, 16, 32)   0           add_16[0][0]                     
__________________________________________________________________________________________________
ternary_conv2d_35 (TernaryConv2 (None, 16, 16, 32)   9248        activation_33[0][0]              
__________________________________________________________________________________________________
batch_normalization_34 (BatchNo (None, 16, 16, 32)   128         ternary_conv2d_35[0][0]          
__________________________________________________________________________________________________
activation_34 (Activation)      (None, 16, 16, 32)   0           batch_normalization_34[0][0]     
__________________________________________________________________________________________________
ternary_conv2d_36 (TernaryConv2 (None, 16, 16, 32)   9248        activation_34[0][0]              
__________________________________________________________________________________________________
batch_normalization_35 (BatchNo (None, 16, 16, 32)   128         ternary_conv2d_36[0][0]          
__________________________________________________________________________________________________
add_17 (Add)                    (None, 16, 16, 32)   0           activation_33[0][0]              
                                                                 batch_normalization_35[0][0]     
__________________________________________________________________________________________________
activation_35 (Activation)      (None, 16, 16, 32)   0           add_17[0][0]                     
__________________________________________________________________________________________________
ternary_conv2d_37 (TernaryConv2 (None, 16, 16, 32)   9248        activation_35[0][0]              
__________________________________________________________________________________________________
batch_normalization_36 (BatchNo (None, 16, 16, 32)   128         ternary_conv2d_37[0][0]          
__________________________________________________________________________________________________
activation_36 (Activation)      (None, 16, 16, 32)   0           batch_normalization_36[0][0]     
__________________________________________________________________________________________________
ternary_conv2d_38 (TernaryConv2 (None, 16, 16, 32)   9248        activation_36[0][0]              
__________________________________________________________________________________________________
batch_normalization_37 (BatchNo (None, 16, 16, 32)   128         ternary_conv2d_38[0][0]          
__________________________________________________________________________________________________
add_18 (Add)                    (None, 16, 16, 32)   0           activation_35[0][0]              
                                                                 batch_normalization_37[0][0]     
__________________________________________________________________________________________________
activation_37 (Activation)      (None, 16, 16, 32)   0           add_18[0][0]                     
__________________________________________________________________________________________________
ternary_conv2d_39 (TernaryConv2 (None, 16, 16, 32)   9248        activation_37[0][0]              
__________________________________________________________________________________________________
batch_normalization_38 (BatchNo (None, 16, 16, 32)   128         ternary_conv2d_39[0][0]          
__________________________________________________________________________________________________
activation_38 (Activation)      (None, 16, 16, 32)   0           batch_normalization_38[0][0]     
__________________________________________________________________________________________________
ternary_conv2d_40 (TernaryConv2 (None, 16, 16, 32)   9248        activation_38[0][0]              
__________________________________________________________________________________________________
batch_normalization_39 (BatchNo (None, 16, 16, 32)   128         ternary_conv2d_40[0][0]          
__________________________________________________________________________________________________
add_19 (Add)                    (None, 16, 16, 32)   0           activation_37[0][0]              
                                                                 batch_normalization_39[0][0]     
__________________________________________________________________________________________________
activation_39 (Activation)      (None, 16, 16, 32)   0           add_19[0][0]                     
__________________________________________________________________________________________________
ternary_conv2d_41 (TernaryConv2 (None, 16, 16, 32)   9248        activation_39[0][0]              
__________________________________________________________________________________________________
batch_normalization_40 (BatchNo (None, 16, 16, 32)   128         ternary_conv2d_41[0][0]          
__________________________________________________________________________________________________
activation_40 (Activation)      (None, 16, 16, 32)   0           batch_normalization_40[0][0]     
__________________________________________________________________________________________________
ternary_conv2d_42 (TernaryConv2 (None, 16, 16, 32)   9248        activation_40[0][0]              
__________________________________________________________________________________________________
batch_normalization_41 (BatchNo (None, 16, 16, 32)   128         ternary_conv2d_42[0][0]          
__________________________________________________________________________________________________
add_20 (Add)                    (None, 16, 16, 32)   0           activation_39[0][0]              
                                                                 batch_normalization_41[0][0]     
__________________________________________________________________________________________________
activation_41 (Activation)      (None, 16, 16, 32)   0           add_20[0][0]                     
__________________________________________________________________________________________________
ternary_conv2d_43 (TernaryConv2 (None, 8, 8, 64)     18496       activation_41[0][0]              
__________________________________________________________________________________________________
batch_normalization_42 (BatchNo (None, 8, 8, 64)     256         ternary_conv2d_43[0][0]          
__________________________________________________________________________________________________
activation_42 (Activation)      (None, 8, 8, 64)     0           batch_normalization_42[0][0]     
__________________________________________________________________________________________________
ternary_conv2d_44 (TernaryConv2 (None, 8, 8, 64)     36928       activation_42[0][0]              
__________________________________________________________________________________________________
ternary_conv2d_45 (TernaryConv2 (None, 8, 8, 64)     2112        activation_41[0][0]              
__________________________________________________________________________________________________
batch_normalization_43 (BatchNo (None, 8, 8, 64)     256         ternary_conv2d_44[0][0]          
__________________________________________________________________________________________________
add_21 (Add)                    (None, 8, 8, 64)     0           ternary_conv2d_45[0][0]          
                                                                 batch_normalization_43[0][0]     
__________________________________________________________________________________________________
activation_43 (Activation)      (None, 8, 8, 64)     0           add_21[0][0]                     
__________________________________________________________________________________________________
ternary_conv2d_46 (TernaryConv2 (None, 8, 8, 64)     36928       activation_43[0][0]              
__________________________________________________________________________________________________
batch_normalization_44 (BatchNo (None, 8, 8, 64)     256         ternary_conv2d_46[0][0]          
__________________________________________________________________________________________________
activation_44 (Activation)      (None, 8, 8, 64)     0           batch_normalization_44[0][0]     
__________________________________________________________________________________________________
ternary_conv2d_47 (TernaryConv2 (None, 8, 8, 64)     36928       activation_44[0][0]              
__________________________________________________________________________________________________
batch_normalization_45 (BatchNo (None, 8, 8, 64)     256         ternary_conv2d_47[0][0]          
__________________________________________________________________________________________________
add_22 (Add)                    (None, 8, 8, 64)     0           activation_43[0][0]              
                                                                 batch_normalization_45[0][0]     
__________________________________________________________________________________________________
activation_45 (Activation)      (None, 8, 8, 64)     0           add_22[0][0]                     
__________________________________________________________________________________________________
ternary_conv2d_48 (TernaryConv2 (None, 8, 8, 64)     36928       activation_45[0][0]              
__________________________________________________________________________________________________
batch_normalization_46 (BatchNo (None, 8, 8, 64)     256         ternary_conv2d_48[0][0]          
__________________________________________________________________________________________________
activation_46 (Activation)      (None, 8, 8, 64)     0           batch_normalization_46[0][0]     
__________________________________________________________________________________________________
ternary_conv2d_49 (TernaryConv2 (None, 8, 8, 64)     36928       activation_46[0][0]              
__________________________________________________________________________________________________
batch_normalization_47 (BatchNo (None, 8, 8, 64)     256         ternary_conv2d_49[0][0]          
__________________________________________________________________________________________________
add_23 (Add)                    (None, 8, 8, 64)     0           activation_45[0][0]              
                                                                 batch_normalization_47[0][0]     
__________________________________________________________________________________________________
activation_47 (Activation)      (None, 8, 8, 64)     0           add_23[0][0]                     
__________________________________________________________________________________________________
ternary_conv2d_50 (TernaryConv2 (None, 8, 8, 64)     36928       activation_47[0][0]              
__________________________________________________________________________________________________
batch_normalization_48 (BatchNo (None, 8, 8, 64)     256         ternary_conv2d_50[0][0]          
__________________________________________________________________________________________________
activation_48 (Activation)      (None, 8, 8, 64)     0           batch_normalization_48[0][0]     
__________________________________________________________________________________________________
ternary_conv2d_51 (TernaryConv2 (None, 8, 8, 64)     36928       activation_48[0][0]              
__________________________________________________________________________________________________
batch_normalization_49 (BatchNo (None, 8, 8, 64)     256         ternary_conv2d_51[0][0]          
__________________________________________________________________________________________________
add_24 (Add)                    (None, 8, 8, 64)     0           activation_47[0][0]              
                                                                 batch_normalization_49[0][0]     
__________________________________________________________________________________________________
activation_49 (Activation)      (None, 8, 8, 64)     0           add_24[0][0]                     
__________________________________________________________________________________________________
ternary_conv2d_52 (TernaryConv2 (None, 8, 8, 64)     36928       activation_49[0][0]              
__________________________________________________________________________________________________
batch_normalization_50 (BatchNo (None, 8, 8, 64)     256         ternary_conv2d_52[0][0]          
__________________________________________________________________________________________________
activation_50 (Activation)      (None, 8, 8, 64)     0           batch_normalization_50[0][0]     
__________________________________________________________________________________________________
ternary_conv2d_53 (TernaryConv2 (None, 8, 8, 64)     36928       activation_50[0][0]              
__________________________________________________________________________________________________
batch_normalization_51 (BatchNo (None, 8, 8, 64)     256         ternary_conv2d_53[0][0]          
__________________________________________________________________________________________________
add_25 (Add)                    (None, 8, 8, 64)     0           activation_49[0][0]              
                                                                 batch_normalization_51[0][0]     
__________________________________________________________________________________________________
activation_51 (Activation)      (None, 8, 8, 64)     0           add_25[0][0]                     
__________________________________________________________________________________________________
ternary_conv2d_54 (TernaryConv2 (None, 8, 8, 64)     36928       activation_51[0][0]              
__________________________________________________________________________________________________
batch_normalization_52 (BatchNo (None, 8, 8, 64)     256         ternary_conv2d_54[0][0]          
__________________________________________________________________________________________________
activation_52 (Activation)      (None, 8, 8, 64)     0           batch_normalization_52[0][0]     
__________________________________________________________________________________________________
ternary_conv2d_55 (TernaryConv2 (None, 8, 8, 64)     36928       activation_52[0][0]              
__________________________________________________________________________________________________
batch_normalization_53 (BatchNo (None, 8, 8, 64)     256         ternary_conv2d_55[0][0]          
__________________________________________________________________________________________________
add_26 (Add)                    (None, 8, 8, 64)     0           activation_51[0][0]              
                                                                 batch_normalization_53[0][0]     
__________________________________________________________________________________________________
activation_53 (Activation)      (None, 8, 8, 64)     0           add_26[0][0]                     
__________________________________________________________________________________________________
ternary_conv2d_56 (TernaryConv2 (None, 8, 8, 64)     36928       activation_53[0][0]              
__________________________________________________________________________________________________
batch_normalization_54 (BatchNo (None, 8, 8, 64)     256         ternary_conv2d_56[0][0]          
__________________________________________________________________________________________________
activation_54 (Activation)      (None, 8, 8, 64)     0           batch_normalization_54[0][0]     
__________________________________________________________________________________________________
ternary_conv2d_57 (TernaryConv2 (None, 8, 8, 64)     36928       activation_54[0][0]              
__________________________________________________________________________________________________
batch_normalization_55 (BatchNo (None, 8, 8, 64)     256         ternary_conv2d_57[0][0]          
__________________________________________________________________________________________________
add_27 (Add)                    (None, 8, 8, 64)     0           activation_53[0][0]              
                                                                 batch_normalization_55[0][0]     
__________________________________________________________________________________________________
activation_55 (Activation)      (None, 8, 8, 64)     0           add_27[0][0]                     
__________________________________________________________________________________________________
ternary_conv2d_58 (TernaryConv2 (None, 8, 8, 64)     36928       activation_55[0][0]              
__________________________________________________________________________________________________
batch_normalization_56 (BatchNo (None, 8, 8, 64)     256         ternary_conv2d_58[0][0]          
__________________________________________________________________________________________________
activation_56 (Activation)      (None, 8, 8, 64)     0           batch_normalization_56[0][0]     
__________________________________________________________________________________________________
ternary_conv2d_59 (TernaryConv2 (None, 8, 8, 64)     36928       activation_56[0][0]              
__________________________________________________________________________________________________
batch_normalization_57 (BatchNo (None, 8, 8, 64)     256         ternary_conv2d_59[0][0]          
__________________________________________________________________________________________________
add_28 (Add)                    (None, 8, 8, 64)     0           activation_55[0][0]              
                                                                 batch_normalization_57[0][0]     
__________________________________________________________________________________________________
activation_57 (Activation)      (None, 8, 8, 64)     0           add_28[0][0]                     
__________________________________________________________________________________________________
ternary_conv2d_60 (TernaryConv2 (None, 8, 8, 64)     36928       activation_57[0][0]              
__________________________________________________________________________________________________
batch_normalization_58 (BatchNo (None, 8, 8, 64)     256         ternary_conv2d_60[0][0]          
__________________________________________________________________________________________________
activation_58 (Activation)      (None, 8, 8, 64)     0           batch_normalization_58[0][0]     
__________________________________________________________________________________________________
ternary_conv2d_61 (TernaryConv2 (None, 8, 8, 64)     36928       activation_58[0][0]              
__________________________________________________________________________________________________
batch_normalization_59 (BatchNo (None, 8, 8, 64)     256         ternary_conv2d_61[0][0]          
__________________________________________________________________________________________________
add_29 (Add)                    (None, 8, 8, 64)     0           activation_57[0][0]              
                                                                 batch_normalization_59[0][0]     
__________________________________________________________________________________________________
activation_59 (Activation)      (None, 8, 8, 64)     0           add_29[0][0]                     
__________________________________________________________________________________________________
ternary_conv2d_62 (TernaryConv2 (None, 8, 8, 64)     36928       activation_59[0][0]              
__________________________________________________________________________________________________
batch_normalization_60 (BatchNo (None, 8, 8, 64)     256         ternary_conv2d_62[0][0]          
__________________________________________________________________________________________________
activation_60 (Activation)      (None, 8, 8, 64)     0           batch_normalization_60[0][0]     
__________________________________________________________________________________________________
ternary_conv2d_63 (TernaryConv2 (None, 8, 8, 64)     36928       activation_60[0][0]              
__________________________________________________________________________________________________
batch_normalization_61 (BatchNo (None, 8, 8, 64)     256         ternary_conv2d_63[0][0]          
__________________________________________________________________________________________________
add_30 (Add)                    (None, 8, 8, 64)     0           activation_59[0][0]              
                                                                 batch_normalization_61[0][0]     
__________________________________________________________________________________________________
activation_61 (Activation)      (None, 8, 8, 64)     0           add_30[0][0]                     
__________________________________________________________________________________________________
average_pooling2d_1 (AveragePoo (None, 1, 1, 64)     0           activation_61[0][0]              
__________________________________________________________________________________________________
flatten_1 (Flatten)             (None, 64)           0           average_pooling2d_1[0][0]        
__________________________________________________________________________________________________
ternary_dense_1 (TernaryDense)  (None, 10)           650         flatten_1[0][0]                  
==================================================================================================
Total params: 959,658
Trainable params: 955,146
Non-trainable params: 4,512
__________________________________________________________________________________________________
loading data

Loading CIFAR-10 dataset...
(45000, 32, 32, 3)
setting up the network and creating callbacks

Learning rate:  0.001
compiling the network

No weights preloaded, training from scratch

(re)training the network

Train on 45000 samples, validate on 5000 samples
Learning rate:  0.001
Epoch 1/200

Epoch 00001: val_acc improved from -inf to 0.10280, saving model to ./weights/CIFAR-10_qtnn_4b_4b_1_64_1_128_1_256.hdf5
 - 140s - loss: 33.2504 - acc: 0.1000 - val_loss: 32.3406 - val_acc: 0.1028
Learning rate:  0.001
Epoch 2/200

Epoch 00002: val_acc did not improve
 - 59s - loss: 31.6705 - acc: 0.1019 - val_loss: 31.0650 - val_acc: 0.0958
Learning rate:  0.001
Epoch 3/200

Epoch 00003: val_acc did not improve
 - 59s - loss: 30.5226 - acc: 0.0986 - val_loss: 30.0285 - val_acc: 0.1012
Learning rate:  0.001
Epoch 4/200

Epoch 00004: val_acc did not improve
 - 59s - loss: 29.5929 - acc: 0.1014 - val_loss: 29.2154 - val_acc: 0.0990
Learning rate:  0.001
Epoch 5/200

Epoch 00005: val_acc did not improve
 - 59s - loss: 28.8177 - acc: 0.0992 - val_loss: 28.4847 - val_acc: 0.0926
Learning rate:  0.001
Epoch 6/200

Epoch 00006: val_acc did not improve
 - 59s - loss: 28.1575 - acc: 0.0964 - val_loss: 27.8932 - val_acc: 0.0970
Learning rate:  0.001
Epoch 7/200

Epoch 00007: val_acc improved from 0.10280 to 0.10640, saving model to ./weights/CIFAR-10_qtnn_4b_4b_1_64_1_128_1_256.hdf5
 - 61s - loss: 27.5610 - acc: 0.1013 - val_loss: 27.3497 - val_acc: 0.1064
Learning rate:  0.001
Epoch 8/200

Epoch 00008: val_acc did not improve
 - 59s - loss: 27.0276 - acc: 0.0981 - val_loss: 26.7892 - val_acc: 0.0996
Learning rate:  0.001
Epoch 9/200

Epoch 00009: val_acc did not improve
 - 59s - loss: 26.5262 - acc: 0.0997 - val_loss: 26.2986 - val_acc: 0.0976
Learning rate:  0.001
Epoch 10/200

Epoch 00010: val_acc did not improve
 - 59s - loss: 26.0521 - acc: 0.1000 - val_loss: 25.8407 - val_acc: 0.0992
Learning rate:  0.001
Epoch 11/200

Epoch 00011: val_acc did not improve
 - 59s - loss: 25.5969 - acc: 0.0986 - val_loss: 25.3816 - val_acc: 0.0956
Learning rate:  0.001
Epoch 12/200

Epoch 00012: val_acc did not improve
 - 59s - loss: 25.1478 - acc: 0.0986 - val_loss: 24.9515 - val_acc: 0.0982
Learning rate:  0.001
Epoch 13/200

Epoch 00013: val_acc did not improve
 - 59s - loss: 24.7116 - acc: 0.1001 - val_loss: 24.5006 - val_acc: 0.0984
Learning rate:  0.001
Epoch 14/200

Epoch 00014: val_acc did not improve
 - 60s - loss: 24.2728 - acc: 0.0982 - val_loss: 24.0746 - val_acc: 0.0962
Learning rate:  0.001
Epoch 15/200

Epoch 00015: val_acc did not improve
 - 59s - loss: 23.8433 - acc: 0.0975 - val_loss: 23.6980 - val_acc: 0.1024
Learning rate:  0.001
Epoch 16/200

Epoch 00016: val_acc did not improve
 - 59s - loss: 23.4115 - acc: 0.0983 - val_loss: 23.2401 - val_acc: 0.1064
Learning rate:  0.001
Epoch 17/200

Epoch 00017: val_acc did not improve
 - 59s - loss: 22.9794 - acc: 0.1018 - val_loss: 22.7879 - val_acc: 0.0986
Learning rate:  0.001
Epoch 18/200

Epoch 00018: val_acc did not improve
 - 59s - loss: 22.5494 - acc: 0.1000 - val_loss: 22.3404 - val_acc: 0.0958
Learning rate:  0.001
Epoch 19/200

Epoch 00019: val_acc did not improve
 - 59s - loss: 22.1086 - acc: 0.1022 - val_loss: 21.9130 - val_acc: 0.0980
Learning rate:  0.001
Epoch 20/200

Epoch 00020: val_acc did not improve
 - 59s - loss: 21.6744 - acc: 0.1005 - val_loss: 21.5043 - val_acc: 0.0980
Learning rate:  0.001
Epoch 21/200

Epoch 00021: val_acc did not improve
 - 59s - loss: 21.2452 - acc: 0.0984 - val_loss: 21.1043 - val_acc: 0.0978
Learning rate:  0.001
Epoch 22/200

Epoch 00022: val_acc did not improve
 - 59s - loss: 20.8155 - acc: 0.1002 - val_loss: 20.7108 - val_acc: 0.1038
Learning rate:  0.001
Epoch 23/200

Epoch 00023: val_acc did not improve
 - 59s - loss: 20.3871 - acc: 0.1022 - val_loss: 20.2602 - val_acc: 0.1054
Learning rate:  0.001
Epoch 24/200

Epoch 00024: val_acc did not improve
 - 59s - loss: 19.9604 - acc: 0.1003 - val_loss: 20.0323 - val_acc: 0.0978
Learning rate:  0.001
Epoch 25/200

Epoch 00025: val_acc did not improve
 - 59s - loss: 19.5322 - acc: 0.0997 - val_loss: 19.5489 - val_acc: 0.1064
Learning rate:  0.001
Epoch 26/200

Epoch 00026: val_acc did not improve
 - 59s - loss: 19.1078 - acc: 0.0973 - val_loss: 19.0644 - val_acc: 0.0908
Learning rate:  0.001
Epoch 27/200

Epoch 00027: val_acc did not improve
 - 59s - loss: 18.6837 - acc: 0.0967 - val_loss: 18.7582 - val_acc: 0.1058
Learning rate:  0.001
Epoch 28/200

Epoch 00028: val_acc did not improve
 - 59s - loss: 18.2561 - acc: 0.0987 - val_loss: 18.4362 - val_acc: 0.1038
Learning rate:  0.001
Epoch 29/200

Epoch 00029: val_acc did not improve
 - 60s - loss: 17.8314 - acc: 0.0996 - val_loss: 18.2459 - val_acc: 0.0970
Learning rate:  0.001
Epoch 30/200

Epoch 00030: val_acc did not improve
 - 59s - loss: 17.4044 - acc: 0.1008 - val_loss: 17.5753 - val_acc: 0.1058
Learning rate:  0.001
Epoch 31/200

Epoch 00031: val_acc did not improve
 - 60s - loss: 16.9802 - acc: 0.0999 - val_loss: 17.1571 - val_acc: 0.0950
Learning rate:  0.001
Epoch 32/200

Epoch 00032: val_acc did not improve
 - 59s - loss: 16.5592 - acc: 0.1003 - val_loss: 16.6287 - val_acc: 0.1056
Learning rate:  0.001
Epoch 33/200

Epoch 00033: val_acc did not improve
 - 60s - loss: 16.1356 - acc: 0.1002 - val_loss: 16.8510 - val_acc: 0.0986
Learning rate:  0.001
Epoch 34/200

Epoch 00034: val_acc did not improve
 - 59s - loss: 15.7144 - acc: 0.0999 - val_loss: 15.6712 - val_acc: 0.1024
Learning rate:  0.001
Epoch 35/200

Epoch 00035: val_acc did not improve
 - 59s - loss: 15.2922 - acc: 0.0990 - val_loss: 15.4137 - val_acc: 0.1058
Learning rate:  0.001
Epoch 36/200

Epoch 00036: val_acc did not improve
 - 59s - loss: 14.8696 - acc: 0.0979 - val_loss: 15.6194 - val_acc: 0.0958
Learning rate:  0.001
Epoch 37/200

Epoch 00037: val_acc did not improve
 - 59s - loss: 14.4573 - acc: 0.0987 - val_loss: 14.3709 - val_acc: 0.0982
Learning rate:  0.001
Epoch 38/200

Epoch 00038: val_acc did not improve
 - 60s - loss: 14.0517 - acc: 0.0993 - val_loss: 14.9370 - val_acc: 0.0976
Learning rate:  0.001
Epoch 39/200

Epoch 00039: val_acc did not improve
 - 60s - loss: 13.6530 - acc: 0.0998 - val_loss: 13.6134 - val_acc: 0.0982
Learning rate:  0.001
Epoch 40/200

Epoch 00040: val_acc did not improve
 - 59s - loss: 13.2658 - acc: 0.1009 - val_loss: 13.2832 - val_acc: 0.0966
Learning rate:  0.001
Epoch 41/200

Epoch 00041: val_acc did not improve
 - 59s - loss: 12.8911 - acc: 0.1015 - val_loss: 13.0650 - val_acc: 0.0976
Learning rate:  0.001
Epoch 42/200

Epoch 00042: val_acc did not improve
 - 59s - loss: 12.5294 - acc: 0.1007 - val_loss: 13.0151 - val_acc: 0.0950
Learning rate:  0.001
Epoch 43/200

Epoch 00043: val_acc did not improve
 - 59s - loss: 12.1924 - acc: 0.1000 - val_loss: 12.7567 - val_acc: 0.0958
Learning rate:  0.001
Epoch 44/200

Epoch 00044: val_acc did not improve
 - 59s - loss: 11.8687 - acc: 0.0997 - val_loss: 12.0500 - val_acc: 0.0970
Learning rate:  0.001
Epoch 45/200

Epoch 00045: val_acc did not improve
 - 60s - loss: 11.5594 - acc: 0.1008 - val_loss: 12.2548 - val_acc: 0.1064
Learning rate:  0.001
Epoch 46/200

Epoch 00046: val_acc did not improve
 - 59s - loss: 11.2806 - acc: 0.0985 - val_loss: 11.4781 - val_acc: 0.1064
Learning rate:  0.001
Epoch 47/200

Epoch 00047: val_acc did not improve
 - 59s - loss: 11.0244 - acc: 0.0992 - val_loss: 11.0729 - val_acc: 0.0950
Learning rate:  0.001
Epoch 48/200

Epoch 00048: val_acc did not improve
 - 59s - loss: 10.7797 - acc: 0.0986 - val_loss: 11.6363 - val_acc: 0.1058
Learning rate:  0.001
Epoch 49/200

Epoch 00049: val_acc did not improve
 - 60s - loss: 10.5648 - acc: 0.0987 - val_loss: 10.6952 - val_acc: 0.0976
Learning rate:  0.001
Epoch 50/200

Epoch 00050: val_acc did not improve
 - 59s - loss: 10.3605 - acc: 0.1009 - val_loss: 10.7105 - val_acc: 0.1064
Learning rate:  0.001
Epoch 51/200

Epoch 00051: val_acc did not improve
 - 59s - loss: 10.1858 - acc: 0.1020 - val_loss: 10.1462 - val_acc: 0.1024
Learning rate:  0.001
Epoch 52/200

Epoch 00052: val_acc did not improve
 - 59s - loss: 10.0426 - acc: 0.0990 - val_loss: 10.6796 - val_acc: 0.1038
Learning rate:  0.001
Epoch 53/200

Epoch 00053: val_acc did not improve
 - 59s - loss: 9.9083 - acc: 0.1003 - val_loss: 10.2450 - val_acc: 0.0950
Learning rate:  0.001
Epoch 54/200

Epoch 00054: val_acc did not improve
 - 59s - loss: 9.7875 - acc: 0.1022 - val_loss: 9.9633 - val_acc: 0.0986
Learning rate:  0.001
Epoch 55/200

Epoch 00055: val_acc did not improve
 - 59s - loss: 9.6848 - acc: 0.0986 - val_loss: 11.2738 - val_acc: 0.0950
Learning rate:  0.001
Epoch 56/200

Epoch 00056: val_acc did not improve
 - 59s - loss: 9.5867 - acc: 0.1024 - val_loss: 9.7104 - val_acc: 0.1012
Learning rate:  0.001
Epoch 57/200

Epoch 00057: val_acc did not improve
 - 59s - loss: 9.4991 - acc: 0.0976 - val_loss: 9.4885 - val_acc: 0.0986
Learning rate:  0.001
Epoch 58/200

Epoch 00058: val_acc did not improve
 - 59s - loss: 9.4180 - acc: 0.0998 - val_loss: 9.9366 - val_acc: 0.0952
Learning rate:  0.001
Epoch 59/200

Epoch 00059: val_acc did not improve
 - 59s - loss: 9.3391 - acc: 0.1006 - val_loss: 10.2534 - val_acc: 0.0986
Learning rate:  0.001
Epoch 60/200

Epoch 00060: val_acc did not improve
 - 59s - loss: 9.2577 - acc: 0.1009 - val_loss: 10.1691 - val_acc: 0.0986
Learning rate:  0.001
Epoch 61/200

Epoch 00061: val_acc improved from 0.10640 to 0.12200, saving model to ./weights/CIFAR-10_qtnn_4b_4b_1_64_1_128_1_256.hdf5
 - 61s - loss: 9.1627 - acc: 0.1131 - val_loss: 9.1798 - val_acc: 0.1220
Learning rate:  0.001
Epoch 62/200

Epoch 00062: val_acc did not improve
 - 59s - loss: 9.1085 - acc: 0.1180 - val_loss: 9.2865 - val_acc: 0.0996
Learning rate:  0.001
Epoch 63/200

Epoch 00063: val_acc did not improve
 - 59s - loss: 9.0404 - acc: 0.1263 - val_loss: 9.1195 - val_acc: 0.1146
Learning rate:  0.001
Epoch 64/200

Epoch 00064: val_acc improved from 0.12200 to 0.13600, saving model to ./weights/CIFAR-10_qtnn_4b_4b_1_64_1_128_1_256.hdf5
 - 62s - loss: 8.9774 - acc: 0.1335 - val_loss: 9.1253 - val_acc: 0.1360
Learning rate:  0.001
Epoch 65/200

Epoch 00065: val_acc did not improve
 - 59s - loss: 8.8836 - acc: 0.1622 - val_loss: 9.2421 - val_acc: 0.1206
Learning rate:  0.001
Epoch 66/200

Epoch 00066: val_acc did not improve
 - 59s - loss: 8.9104 - acc: 0.1223 - val_loss: 9.7354 - val_acc: 0.0844
Learning rate:  0.001
Epoch 67/200

Epoch 00067: val_acc did not improve
 - 59s - loss: 8.8385 - acc: 0.1384 - val_loss: 8.9475 - val_acc: 0.1268
Learning rate:  0.001
Epoch 68/200

Epoch 00068: val_acc did not improve
 - 60s - loss: 8.8075 - acc: 0.1386 - val_loss: 9.0088 - val_acc: 0.1068
Learning rate:  0.001
Epoch 69/200

Epoch 00069: val_acc did not improve
 - 59s - loss: 8.7635 - acc: 0.1436 - val_loss: 8.8105 - val_acc: 0.1290
Learning rate:  0.001
Epoch 70/200

Epoch 00070: val_acc did not improve
 - 59s - loss: 8.7666 - acc: 0.1275 - val_loss: 9.9209 - val_acc: 0.1082
Learning rate:  0.001
Epoch 71/200

Epoch 00071: val_acc did not improve
 - 59s - loss: 8.6937 - acc: 0.1446 - val_loss: 9.2503 - val_acc: 0.1014
Learning rate:  0.001
Epoch 72/200

Epoch 00072: val_acc did not improve
 - 59s - loss: 8.7008 - acc: 0.1306 - val_loss: 11.0560 - val_acc: 0.0976
Learning rate:  0.001
Epoch 73/200

Epoch 00073: val_acc did not improve
 - 59s - loss: 8.6492 - acc: 0.1427 - val_loss: 9.5685 - val_acc: 0.1064
Learning rate:  0.001
Epoch 74/200

Epoch 00074: val_acc did not improve
 - 59s - loss: 8.6649 - acc: 0.1161 - val_loss: 8.8248 - val_acc: 0.1064
Learning rate:  0.001
Epoch 75/200

Epoch 00075: val_acc did not improve
 - 59s - loss: 8.5609 - acc: 0.1612 - val_loss: 8.7709 - val_acc: 0.1058
Learning rate:  0.001
Epoch 76/200

Epoch 00076: val_acc did not improve
 - 59s - loss: 8.4831 - acc: 0.1784 - val_loss: 9.3863 - val_acc: 0.0992
Learning rate:  0.001
Epoch 77/200

Epoch 00077: val_acc did not improve
 - 59s - loss: 8.5670 - acc: 0.1254 - val_loss: 10.0236 - val_acc: 0.1024
Learning rate:  0.001
Epoch 78/200

Epoch 00078: val_acc did not improve
 - 59s - loss: 8.4806 - acc: 0.1639 - val_loss: 9.1112 - val_acc: 0.1088
Learning rate:  0.001
Epoch 79/200

Epoch 00079: val_acc did not improve
 - 59s - loss: 8.4448 - acc: 0.1731 - val_loss: 8.5219 - val_acc: 0.1338
Learning rate:  0.001
Epoch 80/200

Epoch 00080: val_acc improved from 0.13600 to 0.14440, saving model to ./weights/CIFAR-10_qtnn_4b_4b_1_64_1_128_1_256.hdf5
 - 61s - loss: 8.3979 - acc: 0.1866 - val_loss: 8.6380 - val_acc: 0.1444
Learning rate:  0.001
Epoch 81/200

Epoch 00081: val_acc did not improve
 - 59s - loss: 8.3697 - acc: 0.1869 - val_loss: 8.5682 - val_acc: 0.1252
Learning rate:  0.0001
Epoch 82/200

Epoch 00082: val_acc improved from 0.14440 to 0.21420, saving model to ./weights/CIFAR-10_qtnn_4b_4b_1_64_1_128_1_256.hdf5
 - 61s - loss: 8.3134 - acc: 0.2105 - val_loss: 8.3116 - val_acc: 0.2142
Learning rate:  0.0001
Epoch 83/200

Epoch 00083: val_acc did not improve
 - 59s - loss: 8.2978 - acc: 0.2201 - val_loss: 8.4822 - val_acc: 0.1582
Learning rate:  0.0001
Epoch 84/200

Epoch 00084: val_acc improved from 0.21420 to 0.21600, saving model to ./weights/CIFAR-10_qtnn_4b_4b_1_64_1_128_1_256.hdf5
 - 61s - loss: 8.2943 - acc: 0.2222 - val_loss: 8.3429 - val_acc: 0.2160
Learning rate:  0.0001
Epoch 85/200

Epoch 00085: val_acc improved from 0.21600 to 0.21840, saving model to ./weights/CIFAR-10_qtnn_4b_4b_1_64_1_128_1_256.hdf5
 - 61s - loss: 8.2851 - acc: 0.2281 - val_loss: 8.2989 - val_acc: 0.2184
Learning rate:  0.0001
Epoch 86/200

Epoch 00086: val_acc did not improve
 - 59s - loss: 8.2769 - acc: 0.2273 - val_loss: 8.5862 - val_acc: 0.1618
Learning rate:  0.0001
Epoch 87/200

Epoch 00087: val_acc did not improve
 - 59s - loss: 8.2733 - acc: 0.2280 - val_loss: 8.3655 - val_acc: 0.1776
Learning rate:  0.0001
Epoch 88/200

Epoch 00088: val_acc did not improve
 - 60s - loss: 8.2687 - acc: 0.2307 - val_loss: 8.2950 - val_acc: 0.2140
Learning rate:  0.0001
Epoch 89/200

Epoch 00089: val_acc did not improve
 - 59s - loss: 8.2554 - acc: 0.2337 - val_loss: 8.3382 - val_acc: 0.1956
Learning rate:  0.0001
Epoch 90/200

Epoch 00090: val_acc did not improve
 - 59s - loss: 8.2519 - acc: 0.2363 - val_loss: 8.3046 - val_acc: 0.2062
Learning rate:  0.0001
Epoch 91/200

Epoch 00091: val_acc improved from 0.21840 to 0.24780, saving model to ./weights/CIFAR-10_qtnn_4b_4b_1_64_1_128_1_256.hdf5
 - 61s - loss: 8.2482 - acc: 0.2376 - val_loss: 8.2445 - val_acc: 0.2478
Learning rate:  0.0001
Epoch 92/200

Epoch 00092: val_acc did not improve
 - 60s - loss: 8.2430 - acc: 0.2389 - val_loss: 8.2579 - val_acc: 0.2346
Learning rate:  0.0001
Epoch 93/200

Epoch 00093: val_acc did not improve
 - 59s - loss: 8.2349 - acc: 0.2420 - val_loss: 8.2514 - val_acc: 0.2296
Learning rate:  0.0001
Epoch 94/200

Epoch 00094: val_acc did not improve
 - 59s - loss: 8.2334 - acc: 0.2410 - val_loss: 8.2670 - val_acc: 0.2190
Learning rate:  0.0001
Epoch 95/200

Epoch 00095: val_acc did not improve
 - 59s - loss: 8.2258 - acc: 0.2451 - val_loss: 8.4172 - val_acc: 0.1718
Learning rate:  0.0001
Epoch 96/200

Epoch 00096: val_acc did not improve
 - 60s - loss: 8.2170 - acc: 0.2448 - val_loss: 8.2825 - val_acc: 0.2298
Learning rate:  0.0001
Epoch 97/200

Epoch 00097: val_acc did not improve
 - 59s - loss: 8.2121 - acc: 0.2456 - val_loss: 8.4949 - val_acc: 0.1848
Learning rate:  0.0001
Epoch 98/200

Epoch 00098: val_acc did not improve
 - 59s - loss: 8.2091 - acc: 0.2464 - val_loss: 8.2535 - val_acc: 0.2318
Learning rate:  0.0001
Epoch 99/200

Epoch 00099: val_acc did not improve
 - 59s - loss: 8.2026 - acc: 0.2460 - val_loss: 8.2442 - val_acc: 0.2386
Learning rate:  0.0001
Epoch 100/200

Epoch 00100: val_acc did not improve
 - 59s - loss: 8.1950 - acc: 0.2529 - val_loss: 8.2438 - val_acc: 0.2274
Learning rate:  0.0001
Epoch 101/200

Epoch 00101: val_acc did not improve
 - 60s - loss: 8.1943 - acc: 0.2487 - val_loss: 8.4495 - val_acc: 0.1502
Learning rate:  0.0001
Epoch 102/200

Epoch 00102: val_acc did not improve
 - 59s - loss: 8.1970 - acc: 0.2434 - val_loss: 8.2929 - val_acc: 0.1982
Learning rate:  0.0001
Epoch 103/200

Epoch 00103: val_acc improved from 0.24780 to 0.25500, saving model to ./weights/CIFAR-10_qtnn_4b_4b_1_64_1_128_1_256.hdf5
 - 61s - loss: 8.1901 - acc: 0.2471 - val_loss: 8.1828 - val_acc: 0.2550
Learning rate:  0.0001
Epoch 104/200

Epoch 00104: val_acc did not improve
 - 59s - loss: 8.1823 - acc: 0.2516 - val_loss: 8.1721 - val_acc: 0.2524
Learning rate:  0.0001
Epoch 105/200

Epoch 00105: val_acc did not improve
 - 59s - loss: 8.1740 - acc: 0.2535 - val_loss: 8.1857 - val_acc: 0.2314
Learning rate:  0.0001
Epoch 106/200

Epoch 00106: val_acc did not improve
 - 59s - loss: 8.1681 - acc: 0.2542 - val_loss: 8.3634 - val_acc: 0.2020
Learning rate:  0.0001
Epoch 107/200

Epoch 00107: val_acc did not improve
 - 59s - loss: 8.1577 - acc: 0.2555 - val_loss: 8.2170 - val_acc: 0.2338
Learning rate:  0.0001
Epoch 108/200

Epoch 00108: val_acc did not improve
 - 59s - loss: 8.1511 - acc: 0.2557 - val_loss: 8.2052 - val_acc: 0.2220
Learning rate:  0.0001
Epoch 109/200

Epoch 00109: val_acc did not improve
 - 59s - loss: 8.1478 - acc: 0.2566 - val_loss: 8.3452 - val_acc: 0.1434
Learning rate:  0.0001
Epoch 110/200

Epoch 00110: val_acc did not improve
 - 59s - loss: 8.1464 - acc: 0.2554 - val_loss: 8.4966 - val_acc: 0.1728
Learning rate:  0.0001
Epoch 111/200

Epoch 00111: val_acc did not improve
 - 59s - loss: 8.1405 - acc: 0.2588 - val_loss: 8.1643 - val_acc: 0.2478
Learning rate:  0.0001
Epoch 112/200

Epoch 00112: val_acc did not improve
 - 59s - loss: 8.1376 - acc: 0.2584 - val_loss: 8.1697 - val_acc: 0.2404
Learning rate:  0.0001
Epoch 113/200

Epoch 00113: val_acc did not improve
 - 59s - loss: 8.1274 - acc: 0.2627 - val_loss: 8.3035 - val_acc: 0.2096
Learning rate:  0.0001
Epoch 114/200

Epoch 00114: val_acc improved from 0.25500 to 0.26240, saving model to ./weights/CIFAR-10_qtnn_4b_4b_1_64_1_128_1_256.hdf5
 - 61s - loss: 8.1212 - acc: 0.2622 - val_loss: 8.1341 - val_acc: 0.2624
Learning rate:  0.0001
Epoch 115/200

Epoch 00115: val_acc did not improve
 - 59s - loss: 8.1159 - acc: 0.2648 - val_loss: 8.1541 - val_acc: 0.2300
Learning rate:  0.0001
Epoch 116/200

Epoch 00116: val_acc did not improve
 - 59s - loss: 8.1106 - acc: 0.2613 - val_loss: 8.3250 - val_acc: 0.2110
Learning rate:  0.0001
Epoch 117/200

Epoch 00117: val_acc did not improve
 - 59s - loss: 8.0997 - acc: 0.2649 - val_loss: 8.2144 - val_acc: 0.2284
Learning rate:  0.0001
Epoch 118/200

Epoch 00118: val_acc did not improve
 - 59s - loss: 8.1086 - acc: 0.2604 - val_loss: 8.1336 - val_acc: 0.2506
Learning rate:  0.0001
Epoch 119/200

Epoch 00119: val_acc did not improve
 - 59s - loss: 8.0995 - acc: 0.2648 - val_loss: 8.2307 - val_acc: 0.2032
Learning rate:  0.0001
Epoch 120/200

Epoch 00120: val_acc did not improve
 - 59s - loss: 8.0939 - acc: 0.2658 - val_loss: 8.1206 - val_acc: 0.2492
Learning rate:  0.0001
Epoch 121/200

Epoch 00121: val_acc did not improve
 - 59s - loss: 8.0895 - acc: 0.2653 - val_loss: 8.3750 - val_acc: 0.1878
Learning rate:  1e-05
Epoch 122/200

Epoch 00122: val_acc improved from 0.26240 to 0.28320, saving model to ./weights/CIFAR-10_qtnn_4b_4b_1_64_1_128_1_256.hdf5
 - 61s - loss: 8.0639 - acc: 0.2749 - val_loss: 8.0637 - val_acc: 0.2832
Learning rate:  1e-05
Epoch 123/200

Epoch 00123: val_acc did not improve
 - 59s - loss: 8.0607 - acc: 0.2745 - val_loss: 8.0621 - val_acc: 0.2732
Learning rate:  1e-05
Epoch 124/200

Epoch 00124: val_acc did not improve
 - 59s - loss: 8.0557 - acc: 0.2773 - val_loss: 8.0633 - val_acc: 0.2718
Learning rate:  1e-05
Epoch 125/200

Epoch 00125: val_acc did not improve
 - 59s - loss: 8.0533 - acc: 0.2803 - val_loss: 8.0529 - val_acc: 0.2830
Learning rate:  1e-05
Epoch 126/200

Epoch 00126: val_acc did not improve
 - 59s - loss: 8.0528 - acc: 0.2786 - val_loss: 8.0625 - val_acc: 0.2716
Learning rate:  1e-05
Epoch 127/200

Epoch 00127: val_acc did not improve
 - 59s - loss: 8.0553 - acc: 0.2789 - val_loss: 8.0645 - val_acc: 0.2810
Learning rate:  1e-05
Epoch 128/200

Epoch 00128: val_acc did not improve
 - 59s - loss: 8.0501 - acc: 0.2786 - val_loss: 8.0687 - val_acc: 0.2768
Learning rate:  1e-05
Epoch 129/200

Epoch 00129: val_acc did not improve
 - 59s - loss: 8.0488 - acc: 0.2812 - val_loss: 8.0562 - val_acc: 0.2810
Learning rate:  1e-05
Epoch 130/200

Epoch 00130: val_acc did not improve
 - 59s - loss: 8.0471 - acc: 0.2798 - val_loss: 8.0555 - val_acc: 0.2752
Learning rate:  1e-05
Epoch 131/200

Epoch 00131: val_acc did not improve
 - 60s - loss: 8.0471 - acc: 0.2795 - val_loss: 8.0596 - val_acc: 0.2768
Learning rate:  1e-05
Epoch 132/200

Epoch 00132: val_acc did not improve
 - 59s - loss: 8.0488 - acc: 0.2797 - val_loss: 8.0442 - val_acc: 0.2800
Learning rate:  1e-05
Epoch 133/200

Epoch 00133: val_acc did not improve
 - 59s - loss: 8.0485 - acc: 0.2794 - val_loss: 8.0496 - val_acc: 0.2804
Learning rate:  1e-05
Epoch 134/200

Epoch 00134: val_acc improved from 0.28320 to 0.28600, saving model to ./weights/CIFAR-10_qtnn_4b_4b_1_64_1_128_1_256.hdf5
 - 61s - loss: 8.0446 - acc: 0.2808 - val_loss: 8.0403 - val_acc: 0.2860
Learning rate:  1e-05
Epoch 135/200

Epoch 00135: val_acc did not improve
 - 59s - loss: 8.0435 - acc: 0.2803 - val_loss: 8.0685 - val_acc: 0.2694
Learning rate:  1e-05
Epoch 136/200

Epoch 00136: val_acc did not improve
 - 59s - loss: 8.0399 - acc: 0.2843 - val_loss: 8.0425 - val_acc: 0.2824
Learning rate:  1e-05
Epoch 137/200

Epoch 00137: val_acc did not improve
 - 59s - loss: 8.0407 - acc: 0.2824 - val_loss: 8.0605 - val_acc: 0.2746
Learning rate:  1e-05
Epoch 138/200

Epoch 00138: val_acc did not improve
 - 59s - loss: 8.0412 - acc: 0.2839 - val_loss: 8.0474 - val_acc: 0.2802
Learning rate:  1e-05
Epoch 139/200

Epoch 00139: val_acc did not improve
 - 59s - loss: 8.0391 - acc: 0.2836 - val_loss: 8.0534 - val_acc: 0.2764
Learning rate:  1e-05
Epoch 140/200

Epoch 00140: val_acc did not improve
 - 59s - loss: 8.0415 - acc: 0.2809 - val_loss: 8.0457 - val_acc: 0.2756
Learning rate:  1e-05
Epoch 141/200

Epoch 00141: val_acc did not improve
 - 60s - loss: 8.0387 - acc: 0.2823 - val_loss: 8.0381 - val_acc: 0.2828
Learning rate:  1e-05
Epoch 142/200

Epoch 00142: val_acc improved from 0.28600 to 0.28620, saving model to ./weights/CIFAR-10_qtnn_4b_4b_1_64_1_128_1_256.hdf5
 - 62s - loss: 8.0361 - acc: 0.2858 - val_loss: 8.0390 - val_acc: 0.2862
Learning rate:  1e-05
Epoch 143/200

Epoch 00143: val_acc did not improve
 - 59s - loss: 8.0379 - acc: 0.2838 - val_loss: 8.0530 - val_acc: 0.2736
Learning rate:  1e-05
Epoch 144/200

Epoch 00144: val_acc did not improve
 - 59s - loss: 8.0370 - acc: 0.2808 - val_loss: 8.0372 - val_acc: 0.2862
Learning rate:  1e-05
Epoch 145/200

Epoch 00145: val_acc did not improve
 - 60s - loss: 8.0378 - acc: 0.2820 - val_loss: 8.0496 - val_acc: 0.2774
Learning rate:  1e-05
Epoch 146/200

Epoch 00146: val_acc did not improve
 - 59s - loss: 8.0352 - acc: 0.2832 - val_loss: 8.0543 - val_acc: 0.2758
Learning rate:  1e-05
Epoch 147/200

Epoch 00147: val_acc did not improve
 - 59s - loss: 8.0356 - acc: 0.2857 - val_loss: 8.0495 - val_acc: 0.2798
Learning rate:  1e-05
Epoch 148/200

Epoch 00148: val_acc did not improve
 - 59s - loss: 8.0340 - acc: 0.2817 - val_loss: 8.0401 - val_acc: 0.2788
Learning rate:  1e-05
Epoch 149/200

Epoch 00149: val_acc did not improve
 - 59s - loss: 8.0323 - acc: 0.2826 - val_loss: 8.0394 - val_acc: 0.2796
Learning rate:  1e-05
Epoch 150/200

Epoch 00150: val_acc did not improve
 - 59s - loss: 8.0287 - acc: 0.2843 - val_loss: 8.0425 - val_acc: 0.2752
Learning rate:  1e-05
Epoch 151/200

Epoch 00151: val_acc did not improve
 - 59s - loss: 8.0294 - acc: 0.2842 - val_loss: 8.0425 - val_acc: 0.2796
Learning rate:  1e-05
Epoch 152/200

Epoch 00152: val_acc did not improve
 - 59s - loss: 8.0298 - acc: 0.2822 - val_loss: 8.0638 - val_acc: 0.2752
Learning rate:  1e-05
Epoch 153/200

Epoch 00153: val_acc did not improve
 - 59s - loss: 8.0285 - acc: 0.2848 - val_loss: 8.0443 - val_acc: 0.2764
Learning rate:  1e-05
Epoch 154/200

Epoch 00154: val_acc did not improve
 - 59s - loss: 8.0286 - acc: 0.2810 - val_loss: 8.0352 - val_acc: 0.2770
Learning rate:  1e-05
Epoch 155/200

Epoch 00155: val_acc did not improve
 - 59s - loss: 8.0247 - acc: 0.2851 - val_loss: 8.0302 - val_acc: 0.2854
Learning rate:  1e-05
Epoch 156/200

Epoch 00156: val_acc did not improve
 - 60s - loss: 8.0238 - acc: 0.2863 - val_loss: 8.0394 - val_acc: 0.2848
Learning rate:  1e-05
Epoch 157/200

Epoch 00157: val_acc did not improve
 - 59s - loss: 8.0255 - acc: 0.2858 - val_loss: 8.0376 - val_acc: 0.2836
Learning rate:  1e-05
Epoch 158/200

Epoch 00158: val_acc did not improve
 - 60s - loss: 8.0231 - acc: 0.2845 - val_loss: 8.0711 - val_acc: 0.2664
Learning rate:  1e-05
Epoch 159/200

Epoch 00159: val_acc did not improve
 - 60s - loss: 8.0237 - acc: 0.2870 - val_loss: 8.0428 - val_acc: 0.2720
Learning rate:  1e-05
Epoch 160/200

Epoch 00160: val_acc improved from 0.28620 to 0.28800, saving model to ./weights/CIFAR-10_qtnn_4b_4b_1_64_1_128_1_256.hdf5
 - 62s - loss: 8.0213 - acc: 0.2864 - val_loss: 8.0320 - val_acc: 0.2880
Learning rate:  1e-05
Epoch 161/200

Epoch 00161: val_acc did not improve
 - 60s - loss: 8.0235 - acc: 0.2830 - val_loss: 8.0460 - val_acc: 0.2808
Learning rate:  1e-06
Epoch 162/200

Epoch 00162: val_acc did not improve
 - 60s - loss: 8.0151 - acc: 0.2876 - val_loss: 8.0247 - val_acc: 0.2868
Learning rate:  1e-06
Epoch 163/200

Epoch 00163: val_acc did not improve
 - 60s - loss: 8.0130 - acc: 0.2902 - val_loss: 8.0212 - val_acc: 0.2864
Learning rate:  1e-06
Epoch 164/200

Epoch 00164: val_acc improved from 0.28800 to 0.28900, saving model to ./weights/CIFAR-10_qtnn_4b_4b_1_64_1_128_1_256.hdf5
 - 62s - loss: 8.0111 - acc: 0.2896 - val_loss: 8.0176 - val_acc: 0.2890
Learning rate:  1e-06
Epoch 165/200

Epoch 00165: val_acc did not improve
 - 60s - loss: 8.0123 - acc: 0.2895 - val_loss: 8.0162 - val_acc: 0.2888
Learning rate:  1e-06
Epoch 166/200

Epoch 00166: val_acc improved from 0.28900 to 0.29040, saving model to ./weights/CIFAR-10_qtnn_4b_4b_1_64_1_128_1_256.hdf5
 - 62s - loss: 8.0114 - acc: 0.2882 - val_loss: 8.0217 - val_acc: 0.2904
Learning rate:  1e-06
Epoch 167/200

Epoch 00167: val_acc did not improve
 - 60s - loss: 8.0125 - acc: 0.2890 - val_loss: 8.0261 - val_acc: 0.2828
Learning rate:  1e-06
Epoch 168/200

Epoch 00168: val_acc did not improve
 - 60s - loss: 8.0109 - acc: 0.2892 - val_loss: 8.0178 - val_acc: 0.2846
Learning rate:  1e-06
Epoch 169/200

Epoch 00169: val_acc did not improve
 - 60s - loss: 8.0081 - acc: 0.2911 - val_loss: 8.0172 - val_acc: 0.2860
Learning rate:  1e-06
Epoch 170/200

Epoch 00170: val_acc did not improve
 - 60s - loss: 8.0108 - acc: 0.2898 - val_loss: 8.0176 - val_acc: 0.2900
Learning rate:  1e-06
Epoch 171/200

Epoch 00171: val_acc did not improve
 - 60s - loss: 8.0145 - acc: 0.2887 - val_loss: 8.0245 - val_acc: 0.2820
Learning rate:  1e-06
Epoch 172/200

Epoch 00172: val_acc did not improve
 - 60s - loss: 8.0142 - acc: 0.2861 - val_loss: 8.0213 - val_acc: 0.2840
Learning rate:  1e-06
Epoch 173/200

Epoch 00173: val_acc did not improve
 - 60s - loss: 8.0077 - acc: 0.2902 - val_loss: 8.0111 - val_acc: 0.2896
Learning rate:  1e-06
Epoch 174/200

Epoch 00174: val_acc improved from 0.29040 to 0.29620, saving model to ./weights/CIFAR-10_qtnn_4b_4b_1_64_1_128_1_256.hdf5
 - 63s - loss: 8.0124 - acc: 0.2907 - val_loss: 8.0071 - val_acc: 0.2962
Learning rate:  1e-06
Epoch 175/200

Epoch 00175: val_acc did not improve
 - 60s - loss: 8.0068 - acc: 0.2901 - val_loss: 8.0104 - val_acc: 0.2962
Learning rate:  1e-06
Epoch 176/200

Epoch 00176: val_acc did not improve
 - 60s - loss: 8.0093 - acc: 0.2896 - val_loss: 8.0109 - val_acc: 0.2892
Learning rate:  1e-06
Epoch 177/200

Epoch 00177: val_acc did not improve
 - 60s - loss: 8.0043 - acc: 0.2910 - val_loss: 8.0205 - val_acc: 0.2894
Learning rate:  1e-06
Epoch 178/200

Epoch 00178: val_acc did not improve
 - 60s - loss: 8.0085 - acc: 0.2892 - val_loss: 8.0255 - val_acc: 0.2824
Learning rate:  1e-06
Epoch 179/200

Epoch 00179: val_acc did not improve
 - 60s - loss: 8.0068 - acc: 0.2906 - val_loss: 8.0201 - val_acc: 0.2842
Learning rate:  1e-06
Epoch 180/200

Epoch 00180: val_acc did not improve
 - 60s - loss: 8.0094 - acc: 0.2911 - val_loss: 8.0216 - val_acc: 0.2826
Learning rate:  1e-06
Epoch 181/200

Epoch 00181: val_acc did not improve
 - 60s - loss: 8.0059 - acc: 0.2907 - val_loss: 8.0102 - val_acc: 0.2888
Learning rate:  5e-07
Epoch 182/200

Epoch 00182: val_acc did not improve
 - 60s - loss: 8.0074 - acc: 0.2906 - val_loss: 8.0121 - val_acc: 0.2868
Learning rate:  5e-07
Epoch 183/200

Epoch 00183: val_acc did not improve
 - 60s - loss: 8.0068 - acc: 0.2914 - val_loss: 8.0146 - val_acc: 0.2874
Learning rate:  5e-07
Epoch 184/200

Epoch 00184: val_acc did not improve
 - 60s - loss: 8.0073 - acc: 0.2900 - val_loss: 8.0210 - val_acc: 0.2858
Learning rate:  5e-07
Epoch 185/200

Epoch 00185: val_acc did not improve
 - 60s - loss: 8.0072 - acc: 0.2909 - val_loss: 8.0147 - val_acc: 0.2852
Learning rate:  5e-07
Epoch 186/200

Epoch 00186: val_acc did not improve
 - 60s - loss: 8.0038 - acc: 0.2924 - val_loss: 8.0148 - val_acc: 0.2898
Learning rate:  5e-07
Epoch 187/200

Epoch 00187: val_acc did not improve
 - 60s - loss: 8.0069 - acc: 0.2909 - val_loss: 8.0173 - val_acc: 0.2870
Learning rate:  5e-07
Epoch 188/200

Epoch 00188: val_acc improved from 0.29620 to 0.29720, saving model to ./weights/CIFAR-10_qtnn_4b_4b_1_64_1_128_1_256.hdf5
 - 62s - loss: 8.0071 - acc: 0.2912 - val_loss: 8.0051 - val_acc: 0.2972
Learning rate:  5e-07
Epoch 189/200

Epoch 00189: val_acc did not improve
 - 60s - loss: 8.0048 - acc: 0.2924 - val_loss: 8.0172 - val_acc: 0.2848
Learning rate:  5e-07
Epoch 190/200

Epoch 00190: val_acc did not improve
 - 60s - loss: 8.0067 - acc: 0.2904 - val_loss: 8.0139 - val_acc: 0.2874
Learning rate:  5e-07
Epoch 191/200

Epoch 00191: val_acc did not improve
 - 60s - loss: 8.0078 - acc: 0.2907 - val_loss: 8.0192 - val_acc: 0.2886
Learning rate:  5e-07
Epoch 192/200

Epoch 00192: val_acc did not improve
 - 60s - loss: 8.0040 - acc: 0.2913 - val_loss: 8.0090 - val_acc: 0.2858
Learning rate:  5e-07
Epoch 193/200

Epoch 00193: val_acc did not improve
 - 60s - loss: 8.0027 - acc: 0.2939 - val_loss: 8.0177 - val_acc: 0.2862
Learning rate:  5e-07
Epoch 194/200

Epoch 00194: val_acc did not improve
 - 60s - loss: 8.0042 - acc: 0.2927 - val_loss: 8.0071 - val_acc: 0.2946
Learning rate:  5e-07
Epoch 195/200

Epoch 00195: val_acc did not improve
 - 60s - loss: 7.9988 - acc: 0.2926 - val_loss: 8.0097 - val_acc: 0.2960
Learning rate:  5e-07
Epoch 196/200

Epoch 00196: val_acc did not improve
 - 60s - loss: 8.0022 - acc: 0.2928 - val_loss: 8.0079 - val_acc: 0.2892
Learning rate:  5e-07
Epoch 197/200

Epoch 00197: val_acc did not improve
 - 60s - loss: 8.0052 - acc: 0.2913 - val_loss: 8.0177 - val_acc: 0.2898
Learning rate:  5e-07
Epoch 198/200

Epoch 00198: val_acc did not improve
 - 60s - loss: 8.0042 - acc: 0.2923 - val_loss: 8.0140 - val_acc: 0.2924
Learning rate:  5e-07
Epoch 199/200

Epoch 00199: val_acc did not improve
 - 60s - loss: 8.0037 - acc: 0.2918 - val_loss: 8.0137 - val_acc: 0.2912
Learning rate:  5e-07
Epoch 200/200

Epoch 00200: val_acc did not improve
 - 60s - loss: 8.0011 - acc: 0.2935 - val_loss: 8.0238 - val_acc: 0.2824
Done

