Construct the Network

__________________________________________________________________________________________________
Layer (type)                    Output Shape         Param #     Connected to                     
==================================================================================================
input_2 (InputLayer)            (None, 32, 32, 3)    0                                            
__________________________________________________________________________________________________
binary_conv2d_1 (BinaryConv2D)  (None, 32, 32, 16)   448         input_2[0][0]                    
__________________________________________________________________________________________________
batch_normalization_1 (BatchNor (None, 32, 32, 16)   64          binary_conv2d_1[0][0]            
__________________________________________________________________________________________________
activation_1 (Activation)       (None, 32, 32, 16)   0           batch_normalization_1[0][0]      
__________________________________________________________________________________________________
binary_conv2d_2 (BinaryConv2D)  (None, 32, 32, 16)   2320        activation_1[0][0]               
__________________________________________________________________________________________________
batch_normalization_2 (BatchNor (None, 32, 32, 16)   64          binary_conv2d_2[0][0]            
__________________________________________________________________________________________________
activation_2 (Activation)       (None, 32, 32, 16)   0           batch_normalization_2[0][0]      
__________________________________________________________________________________________________
binary_conv2d_3 (BinaryConv2D)  (None, 32, 32, 16)   2320        activation_2[0][0]               
__________________________________________________________________________________________________
batch_normalization_3 (BatchNor (None, 32, 32, 16)   64          binary_conv2d_3[0][0]            
__________________________________________________________________________________________________
add_1 (Add)                     (None, 32, 32, 16)   0           activation_1[0][0]               
                                                                 batch_normalization_3[0][0]      
__________________________________________________________________________________________________
activation_3 (Activation)       (None, 32, 32, 16)   0           add_1[0][0]                      
__________________________________________________________________________________________________
binary_conv2d_4 (BinaryConv2D)  (None, 32, 32, 16)   2320        activation_3[0][0]               
__________________________________________________________________________________________________
batch_normalization_4 (BatchNor (None, 32, 32, 16)   64          binary_conv2d_4[0][0]            
__________________________________________________________________________________________________
activation_4 (Activation)       (None, 32, 32, 16)   0           batch_normalization_4[0][0]      
__________________________________________________________________________________________________
binary_conv2d_5 (BinaryConv2D)  (None, 32, 32, 16)   2320        activation_4[0][0]               
__________________________________________________________________________________________________
batch_normalization_5 (BatchNor (None, 32, 32, 16)   64          binary_conv2d_5[0][0]            
__________________________________________________________________________________________________
add_2 (Add)                     (None, 32, 32, 16)   0           activation_3[0][0]               
                                                                 batch_normalization_5[0][0]      
__________________________________________________________________________________________________
activation_5 (Activation)       (None, 32, 32, 16)   0           add_2[0][0]                      
__________________________________________________________________________________________________
binary_conv2d_6 (BinaryConv2D)  (None, 32, 32, 16)   2320        activation_5[0][0]               
__________________________________________________________________________________________________
batch_normalization_6 (BatchNor (None, 32, 32, 16)   64          binary_conv2d_6[0][0]            
__________________________________________________________________________________________________
activation_6 (Activation)       (None, 32, 32, 16)   0           batch_normalization_6[0][0]      
__________________________________________________________________________________________________
binary_conv2d_7 (BinaryConv2D)  (None, 32, 32, 16)   2320        activation_6[0][0]               
__________________________________________________________________________________________________
batch_normalization_7 (BatchNor (None, 32, 32, 16)   64          binary_conv2d_7[0][0]            
__________________________________________________________________________________________________
add_3 (Add)                     (None, 32, 32, 16)   0           activation_5[0][0]               
                                                                 batch_normalization_7[0][0]      
__________________________________________________________________________________________________
activation_7 (Activation)       (None, 32, 32, 16)   0           add_3[0][0]                      
__________________________________________________________________________________________________
binary_conv2d_8 (BinaryConv2D)  (None, 32, 32, 16)   2320        activation_7[0][0]               
__________________________________________________________________________________________________
batch_normalization_8 (BatchNor (None, 32, 32, 16)   64          binary_conv2d_8[0][0]            
__________________________________________________________________________________________________
activation_8 (Activation)       (None, 32, 32, 16)   0           batch_normalization_8[0][0]      
__________________________________________________________________________________________________
binary_conv2d_9 (BinaryConv2D)  (None, 32, 32, 16)   2320        activation_8[0][0]               
__________________________________________________________________________________________________
batch_normalization_9 (BatchNor (None, 32, 32, 16)   64          binary_conv2d_9[0][0]            
__________________________________________________________________________________________________
add_4 (Add)                     (None, 32, 32, 16)   0           activation_7[0][0]               
                                                                 batch_normalization_9[0][0]      
__________________________________________________________________________________________________
activation_9 (Activation)       (None, 32, 32, 16)   0           add_4[0][0]                      
__________________________________________________________________________________________________
binary_conv2d_10 (BinaryConv2D) (None, 32, 32, 16)   2320        activation_9[0][0]               
__________________________________________________________________________________________________
batch_normalization_10 (BatchNo (None, 32, 32, 16)   64          binary_conv2d_10[0][0]           
__________________________________________________________________________________________________
activation_10 (Activation)      (None, 32, 32, 16)   0           batch_normalization_10[0][0]     
__________________________________________________________________________________________________
binary_conv2d_11 (BinaryConv2D) (None, 32, 32, 16)   2320        activation_10[0][0]              
__________________________________________________________________________________________________
batch_normalization_11 (BatchNo (None, 32, 32, 16)   64          binary_conv2d_11[0][0]           
__________________________________________________________________________________________________
add_5 (Add)                     (None, 32, 32, 16)   0           activation_9[0][0]               
                                                                 batch_normalization_11[0][0]     
__________________________________________________________________________________________________
activation_11 (Activation)      (None, 32, 32, 16)   0           add_5[0][0]                      
__________________________________________________________________________________________________
binary_conv2d_12 (BinaryConv2D) (None, 16, 16, 32)   4640        activation_11[0][0]              
__________________________________________________________________________________________________
batch_normalization_12 (BatchNo (None, 16, 16, 32)   128         binary_conv2d_12[0][0]           
__________________________________________________________________________________________________
activation_12 (Activation)      (None, 16, 16, 32)   0           batch_normalization_12[0][0]     
__________________________________________________________________________________________________
binary_conv2d_13 (BinaryConv2D) (None, 16, 16, 32)   9248        activation_12[0][0]              
__________________________________________________________________________________________________
binary_conv2d_14 (BinaryConv2D) (None, 16, 16, 32)   544         activation_11[0][0]              
__________________________________________________________________________________________________
batch_normalization_13 (BatchNo (None, 16, 16, 32)   128         binary_conv2d_13[0][0]           
__________________________________________________________________________________________________
add_6 (Add)                     (None, 16, 16, 32)   0           binary_conv2d_14[0][0]           
                                                                 batch_normalization_13[0][0]     
__________________________________________________________________________________________________
activation_13 (Activation)      (None, 16, 16, 32)   0           add_6[0][0]                      
__________________________________________________________________________________________________
binary_conv2d_15 (BinaryConv2D) (None, 16, 16, 32)   9248        activation_13[0][0]              
__________________________________________________________________________________________________
batch_normalization_14 (BatchNo (None, 16, 16, 32)   128         binary_conv2d_15[0][0]           
__________________________________________________________________________________________________
activation_14 (Activation)      (None, 16, 16, 32)   0           batch_normalization_14[0][0]     
__________________________________________________________________________________________________
binary_conv2d_16 (BinaryConv2D) (None, 16, 16, 32)   9248        activation_14[0][0]              
__________________________________________________________________________________________________
batch_normalization_15 (BatchNo (None, 16, 16, 32)   128         binary_conv2d_16[0][0]           
__________________________________________________________________________________________________
add_7 (Add)                     (None, 16, 16, 32)   0           activation_13[0][0]              
                                                                 batch_normalization_15[0][0]     
__________________________________________________________________________________________________
activation_15 (Activation)      (None, 16, 16, 32)   0           add_7[0][0]                      
__________________________________________________________________________________________________
binary_conv2d_17 (BinaryConv2D) (None, 16, 16, 32)   9248        activation_15[0][0]              
__________________________________________________________________________________________________
batch_normalization_16 (BatchNo (None, 16, 16, 32)   128         binary_conv2d_17[0][0]           
__________________________________________________________________________________________________
activation_16 (Activation)      (None, 16, 16, 32)   0           batch_normalization_16[0][0]     
__________________________________________________________________________________________________
binary_conv2d_18 (BinaryConv2D) (None, 16, 16, 32)   9248        activation_16[0][0]              
__________________________________________________________________________________________________
batch_normalization_17 (BatchNo (None, 16, 16, 32)   128         binary_conv2d_18[0][0]           
__________________________________________________________________________________________________
add_8 (Add)                     (None, 16, 16, 32)   0           activation_15[0][0]              
                                                                 batch_normalization_17[0][0]     
__________________________________________________________________________________________________
activation_17 (Activation)      (None, 16, 16, 32)   0           add_8[0][0]                      
__________________________________________________________________________________________________
binary_conv2d_19 (BinaryConv2D) (None, 16, 16, 32)   9248        activation_17[0][0]              
__________________________________________________________________________________________________
batch_normalization_18 (BatchNo (None, 16, 16, 32)   128         binary_conv2d_19[0][0]           
__________________________________________________________________________________________________
activation_18 (Activation)      (None, 16, 16, 32)   0           batch_normalization_18[0][0]     
__________________________________________________________________________________________________
binary_conv2d_20 (BinaryConv2D) (None, 16, 16, 32)   9248        activation_18[0][0]              
__________________________________________________________________________________________________
batch_normalization_19 (BatchNo (None, 16, 16, 32)   128         binary_conv2d_20[0][0]           
__________________________________________________________________________________________________
add_9 (Add)                     (None, 16, 16, 32)   0           activation_17[0][0]              
                                                                 batch_normalization_19[0][0]     
__________________________________________________________________________________________________
activation_19 (Activation)      (None, 16, 16, 32)   0           add_9[0][0]                      
__________________________________________________________________________________________________
binary_conv2d_21 (BinaryConv2D) (None, 16, 16, 32)   9248        activation_19[0][0]              
__________________________________________________________________________________________________
batch_normalization_20 (BatchNo (None, 16, 16, 32)   128         binary_conv2d_21[0][0]           
__________________________________________________________________________________________________
activation_20 (Activation)      (None, 16, 16, 32)   0           batch_normalization_20[0][0]     
__________________________________________________________________________________________________
binary_conv2d_22 (BinaryConv2D) (None, 16, 16, 32)   9248        activation_20[0][0]              
__________________________________________________________________________________________________
batch_normalization_21 (BatchNo (None, 16, 16, 32)   128         binary_conv2d_22[0][0]           
__________________________________________________________________________________________________
add_10 (Add)                    (None, 16, 16, 32)   0           activation_19[0][0]              
                                                                 batch_normalization_21[0][0]     
__________________________________________________________________________________________________
activation_21 (Activation)      (None, 16, 16, 32)   0           add_10[0][0]                     
__________________________________________________________________________________________________
binary_conv2d_23 (BinaryConv2D) (None, 8, 8, 64)     18496       activation_21[0][0]              
__________________________________________________________________________________________________
batch_normalization_22 (BatchNo (None, 8, 8, 64)     256         binary_conv2d_23[0][0]           
__________________________________________________________________________________________________
activation_22 (Activation)      (None, 8, 8, 64)     0           batch_normalization_22[0][0]     
__________________________________________________________________________________________________
binary_conv2d_24 (BinaryConv2D) (None, 8, 8, 64)     36928       activation_22[0][0]              
__________________________________________________________________________________________________
binary_conv2d_25 (BinaryConv2D) (None, 8, 8, 64)     2112        activation_21[0][0]              
__________________________________________________________________________________________________
batch_normalization_23 (BatchNo (None, 8, 8, 64)     256         binary_conv2d_24[0][0]           
__________________________________________________________________________________________________
add_11 (Add)                    (None, 8, 8, 64)     0           binary_conv2d_25[0][0]           
                                                                 batch_normalization_23[0][0]     
__________________________________________________________________________________________________
activation_23 (Activation)      (None, 8, 8, 64)     0           add_11[0][0]                     
__________________________________________________________________________________________________
binary_conv2d_26 (BinaryConv2D) (None, 8, 8, 64)     36928       activation_23[0][0]              
__________________________________________________________________________________________________
batch_normalization_24 (BatchNo (None, 8, 8, 64)     256         binary_conv2d_26[0][0]           
__________________________________________________________________________________________________
activation_24 (Activation)      (None, 8, 8, 64)     0           batch_normalization_24[0][0]     
__________________________________________________________________________________________________
binary_conv2d_27 (BinaryConv2D) (None, 8, 8, 64)     36928       activation_24[0][0]              
__________________________________________________________________________________________________
batch_normalization_25 (BatchNo (None, 8, 8, 64)     256         binary_conv2d_27[0][0]           
__________________________________________________________________________________________________
add_12 (Add)                    (None, 8, 8, 64)     0           activation_23[0][0]              
                                                                 batch_normalization_25[0][0]     
__________________________________________________________________________________________________
activation_25 (Activation)      (None, 8, 8, 64)     0           add_12[0][0]                     
__________________________________________________________________________________________________
binary_conv2d_28 (BinaryConv2D) (None, 8, 8, 64)     36928       activation_25[0][0]              
__________________________________________________________________________________________________
batch_normalization_26 (BatchNo (None, 8, 8, 64)     256         binary_conv2d_28[0][0]           
__________________________________________________________________________________________________
activation_26 (Activation)      (None, 8, 8, 64)     0           batch_normalization_26[0][0]     
__________________________________________________________________________________________________
binary_conv2d_29 (BinaryConv2D) (None, 8, 8, 64)     36928       activation_26[0][0]              
__________________________________________________________________________________________________
batch_normalization_27 (BatchNo (None, 8, 8, 64)     256         binary_conv2d_29[0][0]           
__________________________________________________________________________________________________
add_13 (Add)                    (None, 8, 8, 64)     0           activation_25[0][0]              
                                                                 batch_normalization_27[0][0]     
__________________________________________________________________________________________________
activation_27 (Activation)      (None, 8, 8, 64)     0           add_13[0][0]                     
__________________________________________________________________________________________________
binary_conv2d_30 (BinaryConv2D) (None, 8, 8, 64)     36928       activation_27[0][0]              
__________________________________________________________________________________________________
batch_normalization_28 (BatchNo (None, 8, 8, 64)     256         binary_conv2d_30[0][0]           
__________________________________________________________________________________________________
activation_28 (Activation)      (None, 8, 8, 64)     0           batch_normalization_28[0][0]     
__________________________________________________________________________________________________
binary_conv2d_31 (BinaryConv2D) (None, 8, 8, 64)     36928       activation_28[0][0]              
__________________________________________________________________________________________________
batch_normalization_29 (BatchNo (None, 8, 8, 64)     256         binary_conv2d_31[0][0]           
__________________________________________________________________________________________________
add_14 (Add)                    (None, 8, 8, 64)     0           activation_27[0][0]              
                                                                 batch_normalization_29[0][0]     
__________________________________________________________________________________________________
activation_29 (Activation)      (None, 8, 8, 64)     0           add_14[0][0]                     
__________________________________________________________________________________________________
binary_conv2d_32 (BinaryConv2D) (None, 8, 8, 64)     36928       activation_29[0][0]              
__________________________________________________________________________________________________
batch_normalization_30 (BatchNo (None, 8, 8, 64)     256         binary_conv2d_32[0][0]           
__________________________________________________________________________________________________
activation_30 (Activation)      (None, 8, 8, 64)     0           batch_normalization_30[0][0]     
__________________________________________________________________________________________________
binary_conv2d_33 (BinaryConv2D) (None, 8, 8, 64)     36928       activation_30[0][0]              
__________________________________________________________________________________________________
batch_normalization_31 (BatchNo (None, 8, 8, 64)     256         binary_conv2d_33[0][0]           
__________________________________________________________________________________________________
add_15 (Add)                    (None, 8, 8, 64)     0           activation_29[0][0]              
                                                                 batch_normalization_31[0][0]     
__________________________________________________________________________________________________
activation_31 (Activation)      (None, 8, 8, 64)     0           add_15[0][0]                     
__________________________________________________________________________________________________
average_pooling2d_1 (AveragePoo (None, 1, 1, 64)     0           activation_31[0][0]              
__________________________________________________________________________________________________
flatten_1 (Flatten)             (None, 64)           0           average_pooling2d_1[0][0]        
__________________________________________________________________________________________________
binary_dense_2 (BinaryDense)    (None, 10)           650         flatten_1[0][0]                  
==================================================================================================
Total params: 470,218
Trainable params: 467,946
Non-trainable params: 2,272
__________________________________________________________________________________________________
loading data

Loading CIFAR-10 dataset...
(45000, 32, 32, 3)
setting up the network and creating callbacks

Learning rate:  0.001
compiling the network

No weights preloaded, training from scratch

(re)training the network

Train on 45000 samples, validate on 5000 samples
Learning rate:  0.001
Epoch 1/200

Epoch 00001: val_acc improved from -inf to 0.09540, saving model to ./weights/RESNET_CIFAR-10_full-bnn_4b_4b_5.hdf5
 - 42s - loss: 17.9008 - acc: 0.1028 - val_loss: 17.7040 - val_acc: 0.0954
Learning rate:  0.001
Epoch 2/200

Epoch 00002: val_acc improved from 0.09540 to 0.11460, saving model to ./weights/RESNET_CIFAR-10_full-bnn_4b_4b_5.hdf5
 - 34s - loss: 17.4964 - acc: 0.1085 - val_loss: 17.3011 - val_acc: 0.1146
Learning rate:  0.001
Epoch 3/200

Epoch 00003: val_acc improved from 0.11460 to 0.12540, saving model to ./weights/RESNET_CIFAR-10_full-bnn_4b_4b_5.hdf5
 - 34s - loss: 17.1271 - acc: 0.1136 - val_loss: 16.9230 - val_acc: 0.1254
Learning rate:  0.001
Epoch 4/200

Epoch 00004: val_acc did not improve
 - 33s - loss: 16.7808 - acc: 0.1144 - val_loss: 16.6066 - val_acc: 0.1102
Learning rate:  0.001
Epoch 5/200

Epoch 00005: val_acc did not improve
 - 33s - loss: 16.4143 - acc: 0.1221 - val_loss: 16.2521 - val_acc: 0.1226
Learning rate:  0.001
Epoch 6/200

Epoch 00006: val_acc improved from 0.12540 to 0.13680, saving model to ./weights/RESNET_CIFAR-10_full-bnn_4b_4b_5.hdf5
 - 34s - loss: 16.0460 - acc: 0.1317 - val_loss: 15.8600 - val_acc: 0.1368
Learning rate:  0.001
Epoch 7/200

Epoch 00007: val_acc improved from 0.13680 to 0.16060, saving model to ./weights/RESNET_CIFAR-10_full-bnn_4b_4b_5.hdf5
 - 34s - loss: 15.6534 - acc: 0.1494 - val_loss: 15.4538 - val_acc: 0.1606
Learning rate:  0.001
Epoch 8/200

Epoch 00008: val_acc improved from 0.16060 to 0.18560, saving model to ./weights/RESNET_CIFAR-10_full-bnn_4b_4b_5.hdf5
 - 35s - loss: 15.2293 - acc: 0.1725 - val_loss: 15.0145 - val_acc: 0.1856
Learning rate:  0.001
Epoch 9/200

Epoch 00009: val_acc did not improve
 - 33s - loss: 14.8356 - acc: 0.1844 - val_loss: 14.6552 - val_acc: 0.1828
Learning rate:  0.001
Epoch 10/200

Epoch 00010: val_acc improved from 0.18560 to 0.18580, saving model to ./weights/RESNET_CIFAR-10_full-bnn_4b_4b_5.hdf5
 - 34s - loss: 14.4488 - acc: 0.1920 - val_loss: 14.2741 - val_acc: 0.1858
Learning rate:  0.001
Epoch 11/200

Epoch 00011: val_acc improved from 0.18580 to 0.21160, saving model to ./weights/RESNET_CIFAR-10_full-bnn_4b_4b_5.hdf5
 - 34s - loss: 14.0616 - acc: 0.1982 - val_loss: 13.8561 - val_acc: 0.2116
Learning rate:  0.001
Epoch 12/200

Epoch 00012: val_acc did not improve
 - 33s - loss: 13.6750 - acc: 0.2072 - val_loss: 13.5029 - val_acc: 0.2116
Learning rate:  0.001
Epoch 13/200

Epoch 00013: val_acc did not improve
 - 33s - loss: 13.3026 - acc: 0.2097 - val_loss: 13.2777 - val_acc: 0.1926
Learning rate:  0.001
Epoch 14/200

Epoch 00014: val_acc improved from 0.21160 to 0.22480, saving model to ./weights/RESNET_CIFAR-10_full-bnn_4b_4b_5.hdf5
 - 34s - loss: 12.9312 - acc: 0.2170 - val_loss: 12.7361 - val_acc: 0.2248
Learning rate:  0.001
Epoch 15/200

Epoch 00015: val_acc did not improve
 - 33s - loss: 12.5592 - acc: 0.2252 - val_loss: 12.4270 - val_acc: 0.1958
Learning rate:  0.001
Epoch 16/200

Epoch 00016: val_acc did not improve
 - 33s - loss: 12.1930 - acc: 0.2325 - val_loss: 12.2184 - val_acc: 0.1820
Learning rate:  0.001
Epoch 17/200

Epoch 00017: val_acc improved from 0.22480 to 0.24640, saving model to ./weights/RESNET_CIFAR-10_full-bnn_4b_4b_5.hdf5
 - 34s - loss: 11.8355 - acc: 0.2418 - val_loss: 11.6555 - val_acc: 0.2464
Learning rate:  0.001
Epoch 18/200

Epoch 00018: val_acc improved from 0.24640 to 0.25440, saving model to ./weights/RESNET_CIFAR-10_full-bnn_4b_4b_5.hdf5
 - 34s - loss: 11.4820 - acc: 0.2510 - val_loss: 11.3231 - val_acc: 0.2544
Learning rate:  0.001
Epoch 19/200

Epoch 00019: val_acc did not improve
 - 33s - loss: 11.1628 - acc: 0.2501 - val_loss: 11.2722 - val_acc: 0.1868
Learning rate:  0.001
Epoch 20/200

Epoch 00020: val_acc did not improve
 - 33s - loss: 10.8492 - acc: 0.2548 - val_loss: 10.7551 - val_acc: 0.2414
Learning rate:  0.001
Epoch 21/200

Epoch 00021: val_acc improved from 0.25440 to 0.26380, saving model to ./weights/RESNET_CIFAR-10_full-bnn_4b_4b_5.hdf5
 - 34s - loss: 10.5140 - acc: 0.2675 - val_loss: 10.4562 - val_acc: 0.2638
Learning rate:  0.001
Epoch 22/200

Epoch 00022: val_acc did not improve
 - 33s - loss: 10.2154 - acc: 0.2703 - val_loss: 10.1078 - val_acc: 0.2450
Learning rate:  0.001
Epoch 23/200

Epoch 00023: val_acc did not improve
 - 33s - loss: 9.9276 - acc: 0.2703 - val_loss: 9.8447 - val_acc: 0.2590
Learning rate:  0.001
Epoch 24/200

Epoch 00024: val_acc improved from 0.26380 to 0.27540, saving model to ./weights/RESNET_CIFAR-10_full-bnn_4b_4b_5.hdf5
 - 34s - loss: 9.6376 - acc: 0.2777 - val_loss: 9.5523 - val_acc: 0.2754
Learning rate:  0.001
Epoch 25/200

Epoch 00025: val_acc improved from 0.27540 to 0.28120, saving model to ./weights/RESNET_CIFAR-10_full-bnn_4b_4b_5.hdf5
 - 34s - loss: 9.3633 - acc: 0.2822 - val_loss: 9.2810 - val_acc: 0.2812
Learning rate:  0.001
Epoch 26/200

Epoch 00026: val_acc did not improve
 - 33s - loss: 9.1130 - acc: 0.2799 - val_loss: 9.0465 - val_acc: 0.2754
Learning rate:  0.001
Epoch 27/200

Epoch 00027: val_acc did not improve
 - 33s - loss: 8.8603 - acc: 0.2863 - val_loss: 8.7367 - val_acc: 0.2732
Learning rate:  0.001
Epoch 28/200

Epoch 00028: val_acc did not improve
 - 33s - loss: 8.6044 - acc: 0.2911 - val_loss: 8.7392 - val_acc: 0.2542
Learning rate:  0.001
Epoch 29/200

Epoch 00029: val_acc did not improve
 - 33s - loss: 8.3561 - acc: 0.3011 - val_loss: 8.3345 - val_acc: 0.2738
Learning rate:  0.001
Epoch 30/200

Epoch 00030: val_acc did not improve
 - 33s - loss: 8.1350 - acc: 0.2983 - val_loss: 8.2796 - val_acc: 0.2502
Learning rate:  0.001
Epoch 31/200

Epoch 00031: val_acc improved from 0.28120 to 0.28700, saving model to ./weights/RESNET_CIFAR-10_full-bnn_4b_4b_5.hdf5
 - 34s - loss: 7.9115 - acc: 0.3036 - val_loss: 7.8395 - val_acc: 0.2870
Learning rate:  0.001
Epoch 32/200

Epoch 00032: val_acc improved from 0.28700 to 0.29980, saving model to ./weights/RESNET_CIFAR-10_full-bnn_4b_4b_5.hdf5
 - 34s - loss: 7.6915 - acc: 0.3043 - val_loss: 7.6514 - val_acc: 0.2998
Learning rate:  0.001
Epoch 33/200

Epoch 00033: val_acc did not improve
 - 33s - loss: 7.4788 - acc: 0.3114 - val_loss: 7.4320 - val_acc: 0.2998
Learning rate:  0.001
Epoch 34/200

Epoch 00034: val_acc did not improve
 - 33s - loss: 7.2692 - acc: 0.3139 - val_loss: 7.2337 - val_acc: 0.2994
Learning rate:  0.001
Epoch 35/200

Epoch 00035: val_acc improved from 0.29980 to 0.32260, saving model to ./weights/RESNET_CIFAR-10_full-bnn_4b_4b_5.hdf5
 - 34s - loss: 7.0758 - acc: 0.3148 - val_loss: 6.9649 - val_acc: 0.3226
Learning rate:  0.001
Epoch 36/200

Epoch 00036: val_acc did not improve
 - 33s - loss: 6.8845 - acc: 0.3178 - val_loss: 6.8372 - val_acc: 0.3020
Learning rate:  0.001
Epoch 37/200

Epoch 00037: val_acc did not improve
 - 33s - loss: 6.6874 - acc: 0.3202 - val_loss: 6.8464 - val_acc: 0.2570
Learning rate:  0.001
Epoch 38/200

Epoch 00038: val_acc did not improve
 - 33s - loss: 6.5159 - acc: 0.3191 - val_loss: 6.4574 - val_acc: 0.3038
Learning rate:  0.001
Epoch 39/200

Epoch 00039: val_acc did not improve
 - 33s - loss: 6.3388 - acc: 0.3219 - val_loss: 6.3296 - val_acc: 0.3192
Learning rate:  0.001
Epoch 40/200

Epoch 00040: val_acc did not improve
 - 33s - loss: 6.1599 - acc: 0.3261 - val_loss: 6.2895 - val_acc: 0.2890
Learning rate:  0.001
Epoch 41/200

Epoch 00041: val_acc improved from 0.32260 to 0.32420, saving model to ./weights/RESNET_CIFAR-10_full-bnn_4b_4b_5.hdf5
 - 34s - loss: 5.9830 - acc: 0.3350 - val_loss: 5.9711 - val_acc: 0.3242
Learning rate:  0.001
Epoch 42/200

Epoch 00042: val_acc improved from 0.32420 to 0.34260, saving model to ./weights/RESNET_CIFAR-10_full-bnn_4b_4b_5.hdf5
 - 34s - loss: 5.8105 - acc: 0.3384 - val_loss: 5.7549 - val_acc: 0.3426
Learning rate:  0.001
Epoch 43/200

Epoch 00043: val_acc did not improve
 - 33s - loss: 5.6645 - acc: 0.3397 - val_loss: 5.5876 - val_acc: 0.3368
Learning rate:  0.001
Epoch 44/200

Epoch 00044: val_acc did not improve
 - 33s - loss: 5.5085 - acc: 0.3434 - val_loss: 5.6024 - val_acc: 0.3214
Learning rate:  0.001
Epoch 45/200

Epoch 00045: val_acc did not improve
 - 33s - loss: 5.3557 - acc: 0.3458 - val_loss: 5.3316 - val_acc: 0.3358
Learning rate:  0.001
Epoch 46/200

Epoch 00046: val_acc improved from 0.34260 to 0.34540, saving model to ./weights/RESNET_CIFAR-10_full-bnn_4b_4b_5.hdf5
 - 34s - loss: 5.2201 - acc: 0.3450 - val_loss: 5.1427 - val_acc: 0.3454
Learning rate:  0.001
Epoch 47/200

Epoch 00047: val_acc did not improve
 - 33s - loss: 5.0702 - acc: 0.3563 - val_loss: 5.3575 - val_acc: 0.2962
Learning rate:  0.001
Epoch 48/200

Epoch 00048: val_acc improved from 0.34540 to 0.35920, saving model to ./weights/RESNET_CIFAR-10_full-bnn_4b_4b_5.hdf5
 - 34s - loss: 4.9571 - acc: 0.3532 - val_loss: 4.8767 - val_acc: 0.3592
Learning rate:  0.001
Epoch 49/200

Epoch 00049: val_acc did not improve
 - 33s - loss: 4.8295 - acc: 0.3556 - val_loss: 4.8771 - val_acc: 0.3282
Learning rate:  0.001
Epoch 50/200

Epoch 00050: val_acc did not improve
 - 33s - loss: 4.7146 - acc: 0.3539 - val_loss: 5.3283 - val_acc: 0.2228
Learning rate:  0.001
Epoch 51/200

Epoch 00051: val_acc did not improve
 - 33s - loss: 4.5996 - acc: 0.3578 - val_loss: 4.6064 - val_acc: 0.3554
Learning rate:  0.001
Epoch 52/200

Epoch 00052: val_acc did not improve
 - 33s - loss: 4.4944 - acc: 0.3566 - val_loss: 4.5129 - val_acc: 0.3482
Learning rate:  0.001
Epoch 53/200

Epoch 00053: val_acc did not improve
 - 33s - loss: 4.3945 - acc: 0.3640 - val_loss: 4.4069 - val_acc: 0.3338
Learning rate:  0.001
Epoch 54/200

Epoch 00054: val_acc did not improve
 - 33s - loss: 4.2879 - acc: 0.3625 - val_loss: 4.2909 - val_acc: 0.3434
Learning rate:  0.001
Epoch 55/200

Epoch 00055: val_acc did not improve
 - 33s - loss: 4.2068 - acc: 0.3630 - val_loss: 4.1879 - val_acc: 0.3538
Learning rate:  0.001
Epoch 56/200

Epoch 00056: val_acc improved from 0.35920 to 0.37060, saving model to ./weights/RESNET_CIFAR-10_full-bnn_4b_4b_5.hdf5
 - 34s - loss: 4.1122 - acc: 0.3604 - val_loss: 4.0473 - val_acc: 0.3706
Learning rate:  0.001
Epoch 57/200

Epoch 00057: val_acc did not improve
 - 33s - loss: 4.0076 - acc: 0.3677 - val_loss: 4.1067 - val_acc: 0.3404
Learning rate:  0.001
Epoch 58/200

Epoch 00058: val_acc did not improve
 - 33s - loss: 3.9379 - acc: 0.3673 - val_loss: 4.1307 - val_acc: 0.3088
Learning rate:  0.001
Epoch 59/200

Epoch 00059: val_acc did not improve
 - 33s - loss: 3.8489 - acc: 0.3750 - val_loss: 3.8662 - val_acc: 0.3464
Learning rate:  0.001
Epoch 60/200

Epoch 00060: val_acc did not improve
 - 33s - loss: 3.7737 - acc: 0.3748 - val_loss: 3.8763 - val_acc: 0.3506
Learning rate:  0.001
Epoch 61/200

Epoch 00061: val_acc did not improve
 - 33s - loss: 3.6932 - acc: 0.3739 - val_loss: 3.7905 - val_acc: 0.3520
Learning rate:  0.001
Epoch 62/200

Epoch 00062: val_acc improved from 0.37060 to 0.37600, saving model to ./weights/RESNET_CIFAR-10_full-bnn_4b_4b_5.hdf5
 - 34s - loss: 3.6301 - acc: 0.3786 - val_loss: 3.5869 - val_acc: 0.3760
Learning rate:  0.001
Epoch 63/200

Epoch 00063: val_acc improved from 0.37600 to 0.38240, saving model to ./weights/RESNET_CIFAR-10_full-bnn_4b_4b_5.hdf5
 - 34s - loss: 3.5584 - acc: 0.3806 - val_loss: 3.5347 - val_acc: 0.3824
Learning rate:  0.001
Epoch 64/200

Epoch 00064: val_acc did not improve
 - 33s - loss: 3.4819 - acc: 0.3870 - val_loss: 3.6070 - val_acc: 0.3386
Learning rate:  0.001
Epoch 65/200

Epoch 00065: val_acc did not improve
 - 33s - loss: 3.4235 - acc: 0.3884 - val_loss: 3.6914 - val_acc: 0.3142
Learning rate:  0.001
Epoch 66/200

Epoch 00066: val_acc did not improve
 - 33s - loss: 3.3767 - acc: 0.3857 - val_loss: 3.4606 - val_acc: 0.3520
Learning rate:  0.001
Epoch 67/200

Epoch 00067: val_acc did not improve
 - 33s - loss: 3.3159 - acc: 0.3851 - val_loss: 3.4508 - val_acc: 0.3376
Learning rate:  0.001
Epoch 68/200

Epoch 00068: val_acc did not improve
 - 33s - loss: 3.2460 - acc: 0.3949 - val_loss: 3.5128 - val_acc: 0.3170
Learning rate:  0.001
Epoch 69/200

Epoch 00069: val_acc did not improve
 - 33s - loss: 3.2116 - acc: 0.3940 - val_loss: 3.2147 - val_acc: 0.3814
Learning rate:  0.001
Epoch 70/200

Epoch 00070: val_acc improved from 0.38240 to 0.38440, saving model to ./weights/RESNET_CIFAR-10_full-bnn_4b_4b_5.hdf5
 - 34s - loss: 3.1571 - acc: 0.3944 - val_loss: 3.1789 - val_acc: 0.3844
Learning rate:  0.001
Epoch 71/200

Epoch 00071: val_acc did not improve
 - 33s - loss: 3.0954 - acc: 0.4005 - val_loss: 3.5933 - val_acc: 0.3090
Learning rate:  0.001
Epoch 72/200

Epoch 00072: val_acc did not improve
 - 33s - loss: 3.0538 - acc: 0.3980 - val_loss: 3.2483 - val_acc: 0.3468
Learning rate:  0.001
Epoch 73/200

Epoch 00073: val_acc did not improve
 - 33s - loss: 3.0223 - acc: 0.3955 - val_loss: 3.4485 - val_acc: 0.2888
Learning rate:  0.001
Epoch 74/200

Epoch 00074: val_acc did not improve
 - 33s - loss: 2.9851 - acc: 0.3978 - val_loss: 3.1016 - val_acc: 0.3598
Learning rate:  0.001
Epoch 75/200

Epoch 00075: val_acc did not improve
 - 33s - loss: 2.9385 - acc: 0.3979 - val_loss: 3.0162 - val_acc: 0.3762
Learning rate:  0.001
Epoch 76/200

Epoch 00076: val_acc did not improve
 - 33s - loss: 2.8887 - acc: 0.4041 - val_loss: 3.3024 - val_acc: 0.3112
Learning rate:  0.001
Epoch 77/200

Epoch 00077: val_acc improved from 0.38440 to 0.38660, saving model to ./weights/RESNET_CIFAR-10_full-bnn_4b_4b_5.hdf5
 - 34s - loss: 2.8527 - acc: 0.4078 - val_loss: 2.8822 - val_acc: 0.3866
Learning rate:  0.001
Epoch 78/200

Epoch 00078: val_acc did not improve
 - 33s - loss: 2.8146 - acc: 0.4077 - val_loss: 3.7754 - val_acc: 0.2536
Learning rate:  0.001
Epoch 79/200

Epoch 00079: val_acc did not improve
 - 33s - loss: 2.7868 - acc: 0.4068 - val_loss: 2.9995 - val_acc: 0.3488
Learning rate:  0.001
Epoch 80/200

Epoch 00080: val_acc did not improve
 - 33s - loss: 2.7471 - acc: 0.4122 - val_loss: 2.8701 - val_acc: 0.3782
Learning rate:  0.001
Epoch 81/200

Epoch 00081: val_acc did not improve
 - 33s - loss: 2.7107 - acc: 0.4177 - val_loss: 2.8162 - val_acc: 0.3780
Learning rate:  0.0001
Epoch 82/200

Epoch 00082: val_acc improved from 0.38660 to 0.43820, saving model to ./weights/RESNET_CIFAR-10_full-bnn_4b_4b_5.hdf5
 - 34s - loss: 2.6170 - acc: 0.4447 - val_loss: 2.6076 - val_acc: 0.4382
Learning rate:  0.0001
Epoch 83/200

Epoch 00083: val_acc did not improve
 - 33s - loss: 2.5999 - acc: 0.4476 - val_loss: 2.7010 - val_acc: 0.4256
Learning rate:  0.0001
Epoch 84/200

Epoch 00084: val_acc improved from 0.43820 to 0.45360, saving model to ./weights/RESNET_CIFAR-10_full-bnn_4b_4b_5.hdf5
 - 34s - loss: 2.5988 - acc: 0.4466 - val_loss: 2.5831 - val_acc: 0.4536
Learning rate:  0.0001
Epoch 85/200

Epoch 00085: val_acc did not improve
 - 33s - loss: 2.5765 - acc: 0.4531 - val_loss: 2.7842 - val_acc: 0.3840
Learning rate:  0.0001
Epoch 86/200

Epoch 00086: val_acc did not improve
 - 33s - loss: 2.5693 - acc: 0.4571 - val_loss: 2.5665 - val_acc: 0.4528
Learning rate:  0.0001
Epoch 87/200

Epoch 00087: val_acc did not improve
 - 33s - loss: 2.5656 - acc: 0.4530 - val_loss: 2.7515 - val_acc: 0.4038
Learning rate:  0.0001
Epoch 88/200

Epoch 00088: val_acc did not improve
 - 33s - loss: 2.5419 - acc: 0.4631 - val_loss: 2.5843 - val_acc: 0.4456
Learning rate:  0.0001
Epoch 89/200

Epoch 00089: val_acc improved from 0.45360 to 0.46540, saving model to ./weights/RESNET_CIFAR-10_full-bnn_4b_4b_5.hdf5
 - 34s - loss: 2.5357 - acc: 0.4656 - val_loss: 2.5356 - val_acc: 0.4654
Learning rate:  0.0001
Epoch 90/200

Epoch 00090: val_acc did not improve
 - 33s - loss: 2.5236 - acc: 0.4686 - val_loss: 2.5104 - val_acc: 0.4604
Learning rate:  0.0001
Epoch 91/200

Epoch 00091: val_acc did not improve
 - 33s - loss: 2.5116 - acc: 0.4660 - val_loss: 2.5471 - val_acc: 0.4506
Learning rate:  0.0001
Epoch 92/200

Epoch 00092: val_acc improved from 0.46540 to 0.46800, saving model to ./weights/RESNET_CIFAR-10_full-bnn_4b_4b_5.hdf5
 - 34s - loss: 2.5068 - acc: 0.4688 - val_loss: 2.5003 - val_acc: 0.4680
Learning rate:  0.0001
Epoch 93/200

Epoch 00093: val_acc did not improve
 - 33s - loss: 2.5047 - acc: 0.4667 - val_loss: 2.5127 - val_acc: 0.4568
Learning rate:  0.0001
Epoch 94/200

Epoch 00094: val_acc improved from 0.46800 to 0.47440, saving model to ./weights/RESNET_CIFAR-10_full-bnn_4b_4b_5.hdf5
 - 34s - loss: 2.4852 - acc: 0.4784 - val_loss: 2.4877 - val_acc: 0.4744
Learning rate:  0.0001
Epoch 95/200

Epoch 00095: val_acc did not improve
 - 33s - loss: 2.4827 - acc: 0.4755 - val_loss: 2.6497 - val_acc: 0.4206
Learning rate:  0.0001
Epoch 96/200

Epoch 00096: val_acc did not improve
 - 33s - loss: 2.4753 - acc: 0.4773 - val_loss: 2.5226 - val_acc: 0.4570
Learning rate:  0.0001
Epoch 97/200

Epoch 00097: val_acc did not improve
 - 33s - loss: 2.4720 - acc: 0.4747 - val_loss: 2.5632 - val_acc: 0.4490
Learning rate:  0.0001
Epoch 98/200

Epoch 00098: val_acc did not improve
 - 33s - loss: 2.4662 - acc: 0.4771 - val_loss: 2.5152 - val_acc: 0.4604
Learning rate:  0.0001
Epoch 99/200

Epoch 00099: val_acc did not improve
 - 33s - loss: 2.4559 - acc: 0.4776 - val_loss: 2.5184 - val_acc: 0.4612
Learning rate:  0.0001
Epoch 100/200

Epoch 00100: val_acc did not improve
 - 33s - loss: 2.4520 - acc: 0.4810 - val_loss: 2.5748 - val_acc: 0.4336
Learning rate:  0.0001
Epoch 101/200

Epoch 00101: val_acc did not improve
 - 33s - loss: 2.4443 - acc: 0.4818 - val_loss: 2.4655 - val_acc: 0.4722
Learning rate:  0.0001
Epoch 102/200

Epoch 00102: val_acc did not improve
 - 33s - loss: 2.4394 - acc: 0.4812 - val_loss: 2.4600 - val_acc: 0.4662
Learning rate:  0.0001
Epoch 103/200

Epoch 00103: val_acc did not improve
 - 33s - loss: 2.4432 - acc: 0.4775 - val_loss: 2.4881 - val_acc: 0.4648
Learning rate:  0.0001
Epoch 104/200

Epoch 00104: val_acc did not improve
 - 33s - loss: 2.4287 - acc: 0.4818 - val_loss: 2.4604 - val_acc: 0.4628
Learning rate:  0.0001
Epoch 105/200

Epoch 00105: val_acc did not improve
 - 33s - loss: 2.4126 - acc: 0.4858 - val_loss: 2.4752 - val_acc: 0.4588
Learning rate:  0.0001
Epoch 106/200

Epoch 00106: val_acc did not improve
 - 33s - loss: 2.4121 - acc: 0.4854 - val_loss: 2.4766 - val_acc: 0.4622
Learning rate:  0.0001
Epoch 107/200

Epoch 00107: val_acc did not improve
 - 33s - loss: 2.4197 - acc: 0.4819 - val_loss: 2.4619 - val_acc: 0.4530
Learning rate:  0.0001
Epoch 108/200

Epoch 00108: val_acc did not improve
 - 33s - loss: 2.4108 - acc: 0.4831 - val_loss: 2.4378 - val_acc: 0.4632
Learning rate:  0.0001
Epoch 109/200

Epoch 00109: val_acc did not improve
 - 33s - loss: 2.4072 - acc: 0.4843 - val_loss: 2.4681 - val_acc: 0.4584
Learning rate:  0.0001
Epoch 110/200

Epoch 00110: val_acc improved from 0.47440 to 0.48000, saving model to ./weights/RESNET_CIFAR-10_full-bnn_4b_4b_5.hdf5
 - 34s - loss: 2.3887 - acc: 0.4940 - val_loss: 2.4039 - val_acc: 0.4800
Learning rate:  0.0001
Epoch 111/200

Epoch 00111: val_acc did not improve
 - 33s - loss: 2.3856 - acc: 0.4888 - val_loss: 2.4346 - val_acc: 0.4618
Learning rate:  0.0001
Epoch 112/200

Epoch 00112: val_acc did not improve
 - 33s - loss: 2.3815 - acc: 0.4889 - val_loss: 2.4506 - val_acc: 0.4700
Learning rate:  0.0001
Epoch 113/200

Epoch 00113: val_acc did not improve
 - 33s - loss: 2.3814 - acc: 0.4874 - val_loss: 2.4775 - val_acc: 0.4558
Learning rate:  0.0001
Epoch 114/200

Epoch 00114: val_acc did not improve
 - 33s - loss: 2.3808 - acc: 0.4902 - val_loss: 2.4124 - val_acc: 0.4698
Learning rate:  0.0001
Epoch 115/200

Epoch 00115: val_acc did not improve
 - 33s - loss: 2.3743 - acc: 0.4909 - val_loss: 2.4129 - val_acc: 0.4780
Learning rate:  0.0001
Epoch 116/200

Epoch 00116: val_acc did not improve
 - 33s - loss: 2.3699 - acc: 0.4895 - val_loss: 2.4516 - val_acc: 0.4604
Learning rate:  0.0001
Epoch 117/200

Epoch 00117: val_acc did not improve
 - 33s - loss: 2.3635 - acc: 0.4914 - val_loss: 2.5985 - val_acc: 0.4274
Learning rate:  0.0001
Epoch 118/200

Epoch 00118: val_acc did not improve
 - 33s - loss: 2.3723 - acc: 0.4878 - val_loss: 2.4628 - val_acc: 0.4562
Learning rate:  0.0001
Epoch 119/200

Epoch 00119: val_acc did not improve
 - 33s - loss: 2.3517 - acc: 0.4920 - val_loss: 2.7589 - val_acc: 0.3816
Learning rate:  0.0001
Epoch 120/200

Epoch 00120: val_acc did not improve
 - 33s - loss: 2.3425 - acc: 0.4967 - val_loss: 2.3847 - val_acc: 0.4720
Learning rate:  0.0001
Epoch 121/200

Epoch 00121: val_acc improved from 0.48000 to 0.48120, saving model to ./weights/RESNET_CIFAR-10_full-bnn_4b_4b_5.hdf5
 - 34s - loss: 2.3298 - acc: 0.4999 - val_loss: 2.4081 - val_acc: 0.4812
Learning rate:  1e-05
Epoch 122/200

Epoch 00122: val_acc improved from 0.48120 to 0.50140, saving model to ./weights/RESNET_CIFAR-10_full-bnn_4b_4b_5.hdf5
 - 34s - loss: 2.3000 - acc: 0.5074 - val_loss: 2.3144 - val_acc: 0.5014
Learning rate:  1e-05
Epoch 123/200

Epoch 00123: val_acc did not improve
 - 33s - loss: 2.2977 - acc: 0.5073 - val_loss: 2.3283 - val_acc: 0.4966
Learning rate:  1e-05
Epoch 124/200

Epoch 00124: val_acc did not improve
 - 33s - loss: 2.3016 - acc: 0.5068 - val_loss: 2.3332 - val_acc: 0.4996
Learning rate:  1e-05
Epoch 125/200

Epoch 00125: val_acc did not improve
 - 33s - loss: 2.3028 - acc: 0.5050 - val_loss: 2.3206 - val_acc: 0.4926
Learning rate:  1e-05
Epoch 126/200

Epoch 00126: val_acc did not improve
 - 33s - loss: 2.3042 - acc: 0.5066 - val_loss: 2.3670 - val_acc: 0.4852
Learning rate:  1e-05
Epoch 127/200

Epoch 00127: val_acc did not improve
 - 34s - loss: 2.3043 - acc: 0.5074 - val_loss: 2.3907 - val_acc: 0.4752
Learning rate:  1e-05
Epoch 128/200

Epoch 00128: val_acc did not improve
 - 33s - loss: 2.3034 - acc: 0.5061 - val_loss: 2.3426 - val_acc: 0.4924
Learning rate:  1e-05
Epoch 129/200

Epoch 00129: val_acc improved from 0.50140 to 0.50360, saving model to ./weights/RESNET_CIFAR-10_full-bnn_4b_4b_5.hdf5
 - 34s - loss: 2.2915 - acc: 0.5094 - val_loss: 2.3302 - val_acc: 0.5036
Learning rate:  1e-05
Epoch 130/200

Epoch 00130: val_acc did not improve
 - 33s - loss: 2.2923 - acc: 0.5120 - val_loss: 2.3186 - val_acc: 0.4978
Learning rate:  1e-05
Epoch 131/200

Epoch 00131: val_acc did not improve
 - 33s - loss: 2.2949 - acc: 0.5100 - val_loss: 2.3794 - val_acc: 0.4858
Learning rate:  1e-05
Epoch 132/200

Epoch 00132: val_acc did not improve
 - 33s - loss: 2.3012 - acc: 0.5069 - val_loss: 2.3999 - val_acc: 0.4736
Learning rate:  1e-05
Epoch 133/200

Epoch 00133: val_acc did not improve
 - 33s - loss: 2.2957 - acc: 0.5114 - val_loss: 2.3810 - val_acc: 0.4730
Learning rate:  1e-05
Epoch 134/200

Epoch 00134: val_acc did not improve
 - 33s - loss: 2.2993 - acc: 0.5088 - val_loss: 2.3532 - val_acc: 0.4898
Learning rate:  1e-05
Epoch 135/200

Epoch 00135: val_acc did not improve
 - 33s - loss: 2.2985 - acc: 0.5059 - val_loss: 2.4006 - val_acc: 0.4750
Learning rate:  1e-05
Epoch 136/200

Epoch 00136: val_acc did not improve
 - 33s - loss: 2.2930 - acc: 0.5114 - val_loss: 2.3421 - val_acc: 0.4930
Learning rate:  1e-05
Epoch 137/200

Epoch 00137: val_acc did not improve
 - 33s - loss: 2.2997 - acc: 0.5089 - val_loss: 2.3542 - val_acc: 0.4816
Learning rate:  1e-05
Epoch 138/200

Epoch 00138: val_acc did not improve
 - 33s - loss: 2.3033 - acc: 0.5064 - val_loss: 2.3751 - val_acc: 0.4910
Learning rate:  1e-05
Epoch 139/200

Epoch 00139: val_acc did not improve
 - 33s - loss: 2.2945 - acc: 0.5112 - val_loss: 2.3884 - val_acc: 0.4808
Learning rate:  1e-05
Epoch 140/200

Epoch 00140: val_acc did not improve
 - 33s - loss: 2.2943 - acc: 0.5091 - val_loss: 2.4061 - val_acc: 0.4778
Learning rate:  1e-05
Epoch 141/200

Epoch 00141: val_acc did not improve
 - 33s - loss: 2.2934 - acc: 0.5077 - val_loss: 2.4015 - val_acc: 0.4718
Learning rate:  1e-05
Epoch 142/200

Epoch 00142: val_acc did not improve
 - 33s - loss: 2.2969 - acc: 0.5067 - val_loss: 2.4045 - val_acc: 0.4726
Learning rate:  1e-05
Epoch 143/200

Epoch 00143: val_acc did not improve
 - 33s - loss: 2.2908 - acc: 0.5095 - val_loss: 2.4108 - val_acc: 0.4846
Learning rate:  1e-05
Epoch 144/200

Epoch 00144: val_acc did not improve
 - 33s - loss: 2.2841 - acc: 0.5162 - val_loss: 2.3350 - val_acc: 0.4948
Learning rate:  1e-05
Epoch 145/200

Epoch 00145: val_acc did not improve
 - 33s - loss: 2.2952 - acc: 0.5096 - val_loss: 2.3293 - val_acc: 0.4906
Learning rate:  1e-05
Epoch 146/200

Epoch 00146: val_acc did not improve
 - 33s - loss: 2.2777 - acc: 0.5147 - val_loss: 2.3632 - val_acc: 0.4790
Learning rate:  1e-05
Epoch 147/200

Epoch 00147: val_acc improved from 0.50360 to 0.50840, saving model to ./weights/RESNET_CIFAR-10_full-bnn_4b_4b_5.hdf5
 - 34s - loss: 2.2783 - acc: 0.5120 - val_loss: 2.2914 - val_acc: 0.5084
Learning rate:  1e-05
Epoch 148/200

Epoch 00148: val_acc did not improve
 - 33s - loss: 2.2835 - acc: 0.5101 - val_loss: 2.4507 - val_acc: 0.4562
Learning rate:  1e-05
Epoch 149/200

Epoch 00149: val_acc did not improve
 - 33s - loss: 2.2963 - acc: 0.5083 - val_loss: 2.5752 - val_acc: 0.4374
Learning rate:  1e-05
Epoch 150/200

Epoch 00150: val_acc improved from 0.50840 to 0.50880, saving model to ./weights/RESNET_CIFAR-10_full-bnn_4b_4b_5.hdf5
 - 34s - loss: 2.2844 - acc: 0.5074 - val_loss: 2.2938 - val_acc: 0.5088
Learning rate:  1e-05
Epoch 151/200

Epoch 00151: val_acc did not improve
 - 33s - loss: 2.2729 - acc: 0.5146 - val_loss: 2.3333 - val_acc: 0.4996
Learning rate:  1e-05
Epoch 152/200

Epoch 00152: val_acc did not improve
 - 33s - loss: 2.2791 - acc: 0.5139 - val_loss: 2.5016 - val_acc: 0.4556
Learning rate:  1e-05
Epoch 153/200

Epoch 00153: val_acc did not improve
 - 33s - loss: 2.2751 - acc: 0.5157 - val_loss: 2.4542 - val_acc: 0.4678
Learning rate:  1e-05
Epoch 154/200

Epoch 00154: val_acc did not improve
 - 33s - loss: 2.2769 - acc: 0.5150 - val_loss: 2.3315 - val_acc: 0.5014
Learning rate:  1e-05
Epoch 155/200

Epoch 00155: val_acc did not improve
 - 33s - loss: 2.2708 - acc: 0.5152 - val_loss: 2.3733 - val_acc: 0.4770
Learning rate:  1e-05
Epoch 156/200

Epoch 00156: val_acc did not improve
 - 33s - loss: 2.2766 - acc: 0.5153 - val_loss: 2.3647 - val_acc: 0.4786
Learning rate:  1e-05
Epoch 157/200

Epoch 00157: val_acc did not improve
 - 33s - loss: 2.2679 - acc: 0.5173 - val_loss: 2.3036 - val_acc: 0.5048
Learning rate:  1e-05
Epoch 158/200

Epoch 00158: val_acc did not improve
 - 33s - loss: 2.2716 - acc: 0.5160 - val_loss: 2.3773 - val_acc: 0.4780
Learning rate:  1e-05
Epoch 159/200

Epoch 00159: val_acc did not improve
 - 33s - loss: 2.2723 - acc: 0.5132 - val_loss: 2.4342 - val_acc: 0.4524
Learning rate:  1e-05
Epoch 160/200

Epoch 00160: val_acc did not improve
 - 33s - loss: 2.2693 - acc: 0.5162 - val_loss: 2.3259 - val_acc: 0.4836
Learning rate:  1e-05
Epoch 161/200

Epoch 00161: val_acc did not improve
 - 33s - loss: 2.2747 - acc: 0.5139 - val_loss: 2.6739 - val_acc: 0.4212
Learning rate:  1e-06
Epoch 162/200

Epoch 00162: val_acc did not improve
 - 33s - loss: 2.2563 - acc: 0.5216 - val_loss: 2.3072 - val_acc: 0.5016
Learning rate:  1e-06
Epoch 163/200

Epoch 00163: val_acc did not improve
 - 33s - loss: 2.2508 - acc: 0.5216 - val_loss: 2.2926 - val_acc: 0.5048
Learning rate:  1e-06
Epoch 164/200

Epoch 00164: val_acc improved from 0.50880 to 0.50980, saving model to ./weights/RESNET_CIFAR-10_full-bnn_4b_4b_5.hdf5
 - 34s - loss: 2.2537 - acc: 0.5194 - val_loss: 2.2795 - val_acc: 0.5098
Learning rate:  1e-06
Epoch 165/200

Epoch 00165: val_acc did not improve
 - 33s - loss: 2.2592 - acc: 0.5178 - val_loss: 2.3179 - val_acc: 0.5014
Learning rate:  1e-06
Epoch 166/200

Epoch 00166: val_acc did not improve
 - 33s - loss: 2.2699 - acc: 0.5135 - val_loss: 2.3322 - val_acc: 0.4954
Learning rate:  1e-06
Epoch 167/200

Epoch 00167: val_acc improved from 0.50980 to 0.51420, saving model to ./weights/RESNET_CIFAR-10_full-bnn_4b_4b_5.hdf5
 - 34s - loss: 2.2634 - acc: 0.5176 - val_loss: 2.2794 - val_acc: 0.5142
Learning rate:  1e-06
Epoch 168/200

Epoch 00168: val_acc did not improve
 - 33s - loss: 2.2635 - acc: 0.5182 - val_loss: 2.6528 - val_acc: 0.4236
Learning rate:  1e-06
Epoch 169/200

Epoch 00169: val_acc did not improve
 - 33s - loss: 2.2626 - acc: 0.5174 - val_loss: 2.2978 - val_acc: 0.5018
Learning rate:  1e-06
Epoch 170/200

Epoch 00170: val_acc did not improve
 - 33s - loss: 2.2640 - acc: 0.5180 - val_loss: 2.3215 - val_acc: 0.4916
Learning rate:  1e-06
Epoch 171/200

Epoch 00171: val_acc did not improve
 - 33s - loss: 2.2611 - acc: 0.5174 - val_loss: 2.3618 - val_acc: 0.4854
Learning rate:  1e-06
Epoch 172/200

Epoch 00172: val_acc did not improve
 - 33s - loss: 2.2640 - acc: 0.5181 - val_loss: 2.3555 - val_acc: 0.4926
Learning rate:  1e-06
Epoch 173/200

Epoch 00173: val_acc did not improve
 - 33s - loss: 2.2630 - acc: 0.5175 - val_loss: 2.3171 - val_acc: 0.4942
Learning rate:  1e-06
Epoch 174/200

Epoch 00174: val_acc did not improve
 - 33s - loss: 2.2619 - acc: 0.5194 - val_loss: 2.4398 - val_acc: 0.4626
Learning rate:  1e-06
Epoch 175/200

Epoch 00175: val_acc did not improve
 - 33s - loss: 2.2645 - acc: 0.5193 - val_loss: 2.4441 - val_acc: 0.4516
Learning rate:  1e-06
Epoch 176/200

Epoch 00176: val_acc did not improve
 - 33s - loss: 2.2675 - acc: 0.5180 - val_loss: 2.3848 - val_acc: 0.4756
Learning rate:  1e-06
Epoch 177/200

Epoch 00177: val_acc did not improve
 - 33s - loss: 2.2702 - acc: 0.5146 - val_loss: 2.5454 - val_acc: 0.4500
Learning rate:  1e-06
Epoch 178/200

Epoch 00178: val_acc did not improve
 - 33s - loss: 2.2679 - acc: 0.5153 - val_loss: 2.3181 - val_acc: 0.4988
Learning rate:  1e-06
Epoch 179/200

Epoch 00179: val_acc did not improve
 - 33s - loss: 2.2635 - acc: 0.5179 - val_loss: 2.3307 - val_acc: 0.4888
Learning rate:  1e-06
Epoch 180/200

Epoch 00180: val_acc did not improve
 - 33s - loss: 2.2613 - acc: 0.5198 - val_loss: 2.2980 - val_acc: 0.5076
Learning rate:  1e-06
Epoch 181/200

Epoch 00181: val_acc did not improve
 - 33s - loss: 2.2638 - acc: 0.5184 - val_loss: 2.3377 - val_acc: 0.4974
Learning rate:  5e-07
Epoch 182/200

Epoch 00182: val_acc did not improve
 - 33s - loss: 2.2601 - acc: 0.5173 - val_loss: 2.3604 - val_acc: 0.4822
Learning rate:  5e-07
Epoch 183/200

Epoch 00183: val_acc did not improve
 - 33s - loss: 2.2585 - acc: 0.5196 - val_loss: 2.3873 - val_acc: 0.4908
Learning rate:  5e-07
Epoch 184/200

Epoch 00184: val_acc did not improve
 - 33s - loss: 2.2609 - acc: 0.5189 - val_loss: 2.3020 - val_acc: 0.5088
Learning rate:  5e-07
Epoch 185/200

Epoch 00185: val_acc did not improve
 - 33s - loss: 2.2588 - acc: 0.5196 - val_loss: 2.2940 - val_acc: 0.5062
Learning rate:  5e-07
Epoch 186/200

Epoch 00186: val_acc did not improve
 - 33s - loss: 2.2543 - acc: 0.5215 - val_loss: 2.3656 - val_acc: 0.4870
Learning rate:  5e-07
Epoch 187/200

Epoch 00187: val_acc did not improve
 - 33s - loss: 2.2628 - acc: 0.5205 - val_loss: 2.3366 - val_acc: 0.4808
Learning rate:  5e-07
Epoch 188/200

Epoch 00188: val_acc did not improve
 - 33s - loss: 2.2661 - acc: 0.5155 - val_loss: 2.4031 - val_acc: 0.4702
Learning rate:  5e-07
Epoch 189/200

Epoch 00189: val_acc did not improve
 - 33s - loss: 2.2693 - acc: 0.5161 - val_loss: 2.3333 - val_acc: 0.4982
Learning rate:  5e-07
Epoch 190/200

Epoch 00190: val_acc did not improve
 - 33s - loss: 2.2619 - acc: 0.5192 - val_loss: 2.3454 - val_acc: 0.4926
Learning rate:  5e-07
Epoch 191/200

Epoch 00191: val_acc did not improve
 - 33s - loss: 2.2630 - acc: 0.5189 - val_loss: 2.3755 - val_acc: 0.4818
Learning rate:  5e-07
Epoch 192/200

Epoch 00192: val_acc did not improve
 - 33s - loss: 2.2551 - acc: 0.5201 - val_loss: 2.3066 - val_acc: 0.5002
Learning rate:  5e-07
Epoch 193/200

Epoch 00193: val_acc did not improve
 - 33s - loss: 2.2578 - acc: 0.5198 - val_loss: 2.2915 - val_acc: 0.5086
Learning rate:  5e-07
Epoch 194/200

Epoch 00194: val_acc did not improve
 - 33s - loss: 2.2612 - acc: 0.5190 - val_loss: 2.4605 - val_acc: 0.4688
Learning rate:  5e-07
Epoch 195/200

Epoch 00195: val_acc did not improve
 - 33s - loss: 2.2629 - acc: 0.5178 - val_loss: 2.2940 - val_acc: 0.4994
Learning rate:  5e-07
Epoch 196/200

Epoch 00196: val_acc did not improve
 - 33s - loss: 2.2610 - acc: 0.5186 - val_loss: 2.4311 - val_acc: 0.4744
Learning rate:  5e-07
Epoch 197/200

Epoch 00197: val_acc did not improve
 - 33s - loss: 2.2611 - acc: 0.5199 - val_loss: 2.4747 - val_acc: 0.4458
Learning rate:  5e-07
Epoch 198/200

Epoch 00198: val_acc did not improve
 - 33s - loss: 2.2758 - acc: 0.5138 - val_loss: 2.3828 - val_acc: 0.4788
Learning rate:  5e-07
Epoch 199/200

Epoch 00199: val_acc did not improve
 - 33s - loss: 2.2625 - acc: 0.5172 - val_loss: 2.3443 - val_acc: 0.5010
Learning rate:  5e-07
Epoch 200/200

Epoch 00200: val_acc did not improve
 - 33s - loss: 2.2603 - acc: 0.5174 - val_loss: 2.5274 - val_acc: 0.4578
Done

