Construct the Network

__________________________________________________________________________________________________
Layer (type)                    Output Shape         Param #     Connected to                     
==================================================================================================
input_2 (InputLayer)            (None, 32, 32, 3)    0                                            
__________________________________________________________________________________________________
ternary_conv2d_1 (TernaryConv2D (None, 32, 32, 16)   448         input_2[0][0]                    
__________________________________________________________________________________________________
batch_normalization_1 (BatchNor (None, 32, 32, 16)   64          ternary_conv2d_1[0][0]           
__________________________________________________________________________________________________
leaky_re_lu_1 (LeakyReLU)       (None, 32, 32, 16)   0           batch_normalization_1[0][0]      
__________________________________________________________________________________________________
ternary_conv2d_2 (TernaryConv2D (None, 32, 32, 16)   2320        leaky_re_lu_1[0][0]              
__________________________________________________________________________________________________
batch_normalization_2 (BatchNor (None, 32, 32, 16)   64          ternary_conv2d_2[0][0]           
__________________________________________________________________________________________________
leaky_re_lu_2 (LeakyReLU)       (None, 32, 32, 16)   0           batch_normalization_2[0][0]      
__________________________________________________________________________________________________
ternary_conv2d_3 (TernaryConv2D (None, 32, 32, 16)   2320        leaky_re_lu_2[0][0]              
__________________________________________________________________________________________________
batch_normalization_3 (BatchNor (None, 32, 32, 16)   64          ternary_conv2d_3[0][0]           
__________________________________________________________________________________________________
add_1 (Add)                     (None, 32, 32, 16)   0           leaky_re_lu_1[0][0]              
                                                                 batch_normalization_3[0][0]      
__________________________________________________________________________________________________
leaky_re_lu_3 (LeakyReLU)       (None, 32, 32, 16)   0           add_1[0][0]                      
__________________________________________________________________________________________________
ternary_conv2d_4 (TernaryConv2D (None, 32, 32, 16)   2320        leaky_re_lu_3[0][0]              
__________________________________________________________________________________________________
batch_normalization_4 (BatchNor (None, 32, 32, 16)   64          ternary_conv2d_4[0][0]           
__________________________________________________________________________________________________
leaky_re_lu_4 (LeakyReLU)       (None, 32, 32, 16)   0           batch_normalization_4[0][0]      
__________________________________________________________________________________________________
ternary_conv2d_5 (TernaryConv2D (None, 32, 32, 16)   2320        leaky_re_lu_4[0][0]              
__________________________________________________________________________________________________
batch_normalization_5 (BatchNor (None, 32, 32, 16)   64          ternary_conv2d_5[0][0]           
__________________________________________________________________________________________________
add_2 (Add)                     (None, 32, 32, 16)   0           leaky_re_lu_3[0][0]              
                                                                 batch_normalization_5[0][0]      
__________________________________________________________________________________________________
leaky_re_lu_5 (LeakyReLU)       (None, 32, 32, 16)   0           add_2[0][0]                      
__________________________________________________________________________________________________
ternary_conv2d_6 (TernaryConv2D (None, 32, 32, 16)   2320        leaky_re_lu_5[0][0]              
__________________________________________________________________________________________________
batch_normalization_6 (BatchNor (None, 32, 32, 16)   64          ternary_conv2d_6[0][0]           
__________________________________________________________________________________________________
leaky_re_lu_6 (LeakyReLU)       (None, 32, 32, 16)   0           batch_normalization_6[0][0]      
__________________________________________________________________________________________________
ternary_conv2d_7 (TernaryConv2D (None, 32, 32, 16)   2320        leaky_re_lu_6[0][0]              
__________________________________________________________________________________________________
batch_normalization_7 (BatchNor (None, 32, 32, 16)   64          ternary_conv2d_7[0][0]           
__________________________________________________________________________________________________
add_3 (Add)                     (None, 32, 32, 16)   0           leaky_re_lu_5[0][0]              
                                                                 batch_normalization_7[0][0]      
__________________________________________________________________________________________________
leaky_re_lu_7 (LeakyReLU)       (None, 32, 32, 16)   0           add_3[0][0]                      
__________________________________________________________________________________________________
ternary_conv2d_8 (TernaryConv2D (None, 32, 32, 16)   2320        leaky_re_lu_7[0][0]              
__________________________________________________________________________________________________
batch_normalization_8 (BatchNor (None, 32, 32, 16)   64          ternary_conv2d_8[0][0]           
__________________________________________________________________________________________________
leaky_re_lu_8 (LeakyReLU)       (None, 32, 32, 16)   0           batch_normalization_8[0][0]      
__________________________________________________________________________________________________
ternary_conv2d_9 (TernaryConv2D (None, 32, 32, 16)   2320        leaky_re_lu_8[0][0]              
__________________________________________________________________________________________________
batch_normalization_9 (BatchNor (None, 32, 32, 16)   64          ternary_conv2d_9[0][0]           
__________________________________________________________________________________________________
add_4 (Add)                     (None, 32, 32, 16)   0           leaky_re_lu_7[0][0]              
                                                                 batch_normalization_9[0][0]      
__________________________________________________________________________________________________
leaky_re_lu_9 (LeakyReLU)       (None, 32, 32, 16)   0           add_4[0][0]                      
__________________________________________________________________________________________________
ternary_conv2d_10 (TernaryConv2 (None, 32, 32, 16)   2320        leaky_re_lu_9[0][0]              
__________________________________________________________________________________________________
batch_normalization_10 (BatchNo (None, 32, 32, 16)   64          ternary_conv2d_10[0][0]          
__________________________________________________________________________________________________
leaky_re_lu_10 (LeakyReLU)      (None, 32, 32, 16)   0           batch_normalization_10[0][0]     
__________________________________________________________________________________________________
ternary_conv2d_11 (TernaryConv2 (None, 32, 32, 16)   2320        leaky_re_lu_10[0][0]             
__________________________________________________________________________________________________
batch_normalization_11 (BatchNo (None, 32, 32, 16)   64          ternary_conv2d_11[0][0]          
__________________________________________________________________________________________________
add_5 (Add)                     (None, 32, 32, 16)   0           leaky_re_lu_9[0][0]              
                                                                 batch_normalization_11[0][0]     
__________________________________________________________________________________________________
leaky_re_lu_11 (LeakyReLU)      (None, 32, 32, 16)   0           add_5[0][0]                      
__________________________________________________________________________________________________
ternary_conv2d_12 (TernaryConv2 (None, 16, 16, 32)   4640        leaky_re_lu_11[0][0]             
__________________________________________________________________________________________________
batch_normalization_12 (BatchNo (None, 16, 16, 32)   128         ternary_conv2d_12[0][0]          
__________________________________________________________________________________________________
leaky_re_lu_12 (LeakyReLU)      (None, 16, 16, 32)   0           batch_normalization_12[0][0]     
__________________________________________________________________________________________________
ternary_conv2d_13 (TernaryConv2 (None, 16, 16, 32)   9248        leaky_re_lu_12[0][0]             
__________________________________________________________________________________________________
ternary_conv2d_14 (TernaryConv2 (None, 16, 16, 32)   544         leaky_re_lu_11[0][0]             
__________________________________________________________________________________________________
batch_normalization_13 (BatchNo (None, 16, 16, 32)   128         ternary_conv2d_13[0][0]          
__________________________________________________________________________________________________
add_6 (Add)                     (None, 16, 16, 32)   0           ternary_conv2d_14[0][0]          
                                                                 batch_normalization_13[0][0]     
__________________________________________________________________________________________________
leaky_re_lu_13 (LeakyReLU)      (None, 16, 16, 32)   0           add_6[0][0]                      
__________________________________________________________________________________________________
ternary_conv2d_15 (TernaryConv2 (None, 16, 16, 32)   9248        leaky_re_lu_13[0][0]             
__________________________________________________________________________________________________
batch_normalization_14 (BatchNo (None, 16, 16, 32)   128         ternary_conv2d_15[0][0]          
__________________________________________________________________________________________________
leaky_re_lu_14 (LeakyReLU)      (None, 16, 16, 32)   0           batch_normalization_14[0][0]     
__________________________________________________________________________________________________
ternary_conv2d_16 (TernaryConv2 (None, 16, 16, 32)   9248        leaky_re_lu_14[0][0]             
__________________________________________________________________________________________________
batch_normalization_15 (BatchNo (None, 16, 16, 32)   128         ternary_conv2d_16[0][0]          
__________________________________________________________________________________________________
add_7 (Add)                     (None, 16, 16, 32)   0           leaky_re_lu_13[0][0]             
                                                                 batch_normalization_15[0][0]     
__________________________________________________________________________________________________
leaky_re_lu_15 (LeakyReLU)      (None, 16, 16, 32)   0           add_7[0][0]                      
__________________________________________________________________________________________________
ternary_conv2d_17 (TernaryConv2 (None, 16, 16, 32)   9248        leaky_re_lu_15[0][0]             
__________________________________________________________________________________________________
batch_normalization_16 (BatchNo (None, 16, 16, 32)   128         ternary_conv2d_17[0][0]          
__________________________________________________________________________________________________
leaky_re_lu_16 (LeakyReLU)      (None, 16, 16, 32)   0           batch_normalization_16[0][0]     
__________________________________________________________________________________________________
ternary_conv2d_18 (TernaryConv2 (None, 16, 16, 32)   9248        leaky_re_lu_16[0][0]             
__________________________________________________________________________________________________
batch_normalization_17 (BatchNo (None, 16, 16, 32)   128         ternary_conv2d_18[0][0]          
__________________________________________________________________________________________________
add_8 (Add)                     (None, 16, 16, 32)   0           leaky_re_lu_15[0][0]             
                                                                 batch_normalization_17[0][0]     
__________________________________________________________________________________________________
leaky_re_lu_17 (LeakyReLU)      (None, 16, 16, 32)   0           add_8[0][0]                      
__________________________________________________________________________________________________
ternary_conv2d_19 (TernaryConv2 (None, 16, 16, 32)   9248        leaky_re_lu_17[0][0]             
__________________________________________________________________________________________________
batch_normalization_18 (BatchNo (None, 16, 16, 32)   128         ternary_conv2d_19[0][0]          
__________________________________________________________________________________________________
leaky_re_lu_18 (LeakyReLU)      (None, 16, 16, 32)   0           batch_normalization_18[0][0]     
__________________________________________________________________________________________________
ternary_conv2d_20 (TernaryConv2 (None, 16, 16, 32)   9248        leaky_re_lu_18[0][0]             
__________________________________________________________________________________________________
batch_normalization_19 (BatchNo (None, 16, 16, 32)   128         ternary_conv2d_20[0][0]          
__________________________________________________________________________________________________
add_9 (Add)                     (None, 16, 16, 32)   0           leaky_re_lu_17[0][0]             
                                                                 batch_normalization_19[0][0]     
__________________________________________________________________________________________________
leaky_re_lu_19 (LeakyReLU)      (None, 16, 16, 32)   0           add_9[0][0]                      
__________________________________________________________________________________________________
ternary_conv2d_21 (TernaryConv2 (None, 16, 16, 32)   9248        leaky_re_lu_19[0][0]             
__________________________________________________________________________________________________
batch_normalization_20 (BatchNo (None, 16, 16, 32)   128         ternary_conv2d_21[0][0]          
__________________________________________________________________________________________________
leaky_re_lu_20 (LeakyReLU)      (None, 16, 16, 32)   0           batch_normalization_20[0][0]     
__________________________________________________________________________________________________
ternary_conv2d_22 (TernaryConv2 (None, 16, 16, 32)   9248        leaky_re_lu_20[0][0]             
__________________________________________________________________________________________________
batch_normalization_21 (BatchNo (None, 16, 16, 32)   128         ternary_conv2d_22[0][0]          
__________________________________________________________________________________________________
add_10 (Add)                    (None, 16, 16, 32)   0           leaky_re_lu_19[0][0]             
                                                                 batch_normalization_21[0][0]     
__________________________________________________________________________________________________
leaky_re_lu_21 (LeakyReLU)      (None, 16, 16, 32)   0           add_10[0][0]                     
__________________________________________________________________________________________________
ternary_conv2d_23 (TernaryConv2 (None, 8, 8, 64)     18496       leaky_re_lu_21[0][0]             
__________________________________________________________________________________________________
batch_normalization_22 (BatchNo (None, 8, 8, 64)     256         ternary_conv2d_23[0][0]          
__________________________________________________________________________________________________
leaky_re_lu_22 (LeakyReLU)      (None, 8, 8, 64)     0           batch_normalization_22[0][0]     
__________________________________________________________________________________________________
ternary_conv2d_24 (TernaryConv2 (None, 8, 8, 64)     36928       leaky_re_lu_22[0][0]             
__________________________________________________________________________________________________
ternary_conv2d_25 (TernaryConv2 (None, 8, 8, 64)     2112        leaky_re_lu_21[0][0]             
__________________________________________________________________________________________________
batch_normalization_23 (BatchNo (None, 8, 8, 64)     256         ternary_conv2d_24[0][0]          
__________________________________________________________________________________________________
add_11 (Add)                    (None, 8, 8, 64)     0           ternary_conv2d_25[0][0]          
                                                                 batch_normalization_23[0][0]     
__________________________________________________________________________________________________
leaky_re_lu_23 (LeakyReLU)      (None, 8, 8, 64)     0           add_11[0][0]                     
__________________________________________________________________________________________________
ternary_conv2d_26 (TernaryConv2 (None, 8, 8, 64)     36928       leaky_re_lu_23[0][0]             
__________________________________________________________________________________________________
batch_normalization_24 (BatchNo (None, 8, 8, 64)     256         ternary_conv2d_26[0][0]          
__________________________________________________________________________________________________
leaky_re_lu_24 (LeakyReLU)      (None, 8, 8, 64)     0           batch_normalization_24[0][0]     
__________________________________________________________________________________________________
ternary_conv2d_27 (TernaryConv2 (None, 8, 8, 64)     36928       leaky_re_lu_24[0][0]             
__________________________________________________________________________________________________
batch_normalization_25 (BatchNo (None, 8, 8, 64)     256         ternary_conv2d_27[0][0]          
__________________________________________________________________________________________________
add_12 (Add)                    (None, 8, 8, 64)     0           leaky_re_lu_23[0][0]             
                                                                 batch_normalization_25[0][0]     
__________________________________________________________________________________________________
leaky_re_lu_25 (LeakyReLU)      (None, 8, 8, 64)     0           add_12[0][0]                     
__________________________________________________________________________________________________
ternary_conv2d_28 (TernaryConv2 (None, 8, 8, 64)     36928       leaky_re_lu_25[0][0]             
__________________________________________________________________________________________________
batch_normalization_26 (BatchNo (None, 8, 8, 64)     256         ternary_conv2d_28[0][0]          
__________________________________________________________________________________________________
leaky_re_lu_26 (LeakyReLU)      (None, 8, 8, 64)     0           batch_normalization_26[0][0]     
__________________________________________________________________________________________________
ternary_conv2d_29 (TernaryConv2 (None, 8, 8, 64)     36928       leaky_re_lu_26[0][0]             
__________________________________________________________________________________________________
batch_normalization_27 (BatchNo (None, 8, 8, 64)     256         ternary_conv2d_29[0][0]          
__________________________________________________________________________________________________
add_13 (Add)                    (None, 8, 8, 64)     0           leaky_re_lu_25[0][0]             
                                                                 batch_normalization_27[0][0]     
__________________________________________________________________________________________________
leaky_re_lu_27 (LeakyReLU)      (None, 8, 8, 64)     0           add_13[0][0]                     
__________________________________________________________________________________________________
ternary_conv2d_30 (TernaryConv2 (None, 8, 8, 64)     36928       leaky_re_lu_27[0][0]             
__________________________________________________________________________________________________
batch_normalization_28 (BatchNo (None, 8, 8, 64)     256         ternary_conv2d_30[0][0]          
__________________________________________________________________________________________________
leaky_re_lu_28 (LeakyReLU)      (None, 8, 8, 64)     0           batch_normalization_28[0][0]     
__________________________________________________________________________________________________
ternary_conv2d_31 (TernaryConv2 (None, 8, 8, 64)     36928       leaky_re_lu_28[0][0]             
__________________________________________________________________________________________________
batch_normalization_29 (BatchNo (None, 8, 8, 64)     256         ternary_conv2d_31[0][0]          
__________________________________________________________________________________________________
add_14 (Add)                    (None, 8, 8, 64)     0           leaky_re_lu_27[0][0]             
                                                                 batch_normalization_29[0][0]     
__________________________________________________________________________________________________
leaky_re_lu_29 (LeakyReLU)      (None, 8, 8, 64)     0           add_14[0][0]                     
__________________________________________________________________________________________________
ternary_conv2d_32 (TernaryConv2 (None, 8, 8, 64)     36928       leaky_re_lu_29[0][0]             
__________________________________________________________________________________________________
batch_normalization_30 (BatchNo (None, 8, 8, 64)     256         ternary_conv2d_32[0][0]          
__________________________________________________________________________________________________
leaky_re_lu_30 (LeakyReLU)      (None, 8, 8, 64)     0           batch_normalization_30[0][0]     
__________________________________________________________________________________________________
ternary_conv2d_33 (TernaryConv2 (None, 8, 8, 64)     36928       leaky_re_lu_30[0][0]             
__________________________________________________________________________________________________
batch_normalization_31 (BatchNo (None, 8, 8, 64)     256         ternary_conv2d_33[0][0]          
__________________________________________________________________________________________________
add_15 (Add)                    (None, 8, 8, 64)     0           leaky_re_lu_29[0][0]             
                                                                 batch_normalization_31[0][0]     
__________________________________________________________________________________________________
leaky_re_lu_31 (LeakyReLU)      (None, 8, 8, 64)     0           add_15[0][0]                     
__________________________________________________________________________________________________
average_pooling2d_1 (AveragePoo (None, 1, 1, 64)     0           leaky_re_lu_31[0][0]             
__________________________________________________________________________________________________
flatten_1 (Flatten)             (None, 64)           0           average_pooling2d_1[0][0]        
__________________________________________________________________________________________________
ternary_dense_1 (TernaryDense)  (None, 10)           650         flatten_1[0][0]                  
==================================================================================================
Total params: 470,218
Trainable params: 467,946
Non-trainable params: 2,272
__________________________________________________________________________________________________
loading data

Loading CIFAR-10 dataset...
(45000, 32, 32, 3)
setting up the network and creating callbacks

Learning rate:  0.001
compiling the network

No weights preloaded, training from scratch

(re)training the network

Train on 45000 samples, validate on 5000 samples
Learning rate:  0.001
Epoch 1/200

Epoch 00001: val_acc improved from -inf to 0.16420, saving model to ./weights/RESNET_CIFAR-10_tnn_8b_4b_5.hdf5
 - 44s - loss: 23.1817 - acc: 0.2033 - val_loss: 20.5076 - val_acc: 0.1642
Learning rate:  0.001
Epoch 2/200

Epoch 00002: val_acc improved from 0.16420 to 0.23540, saving model to ./weights/RESNET_CIFAR-10_tnn_8b_4b_5.hdf5
 - 28s - loss: 14.9943 - acc: 0.2775 - val_loss: 12.9981 - val_acc: 0.2354
Learning rate:  0.001
Epoch 3/200

Epoch 00003: val_acc improved from 0.23540 to 0.35940, saving model to ./weights/RESNET_CIFAR-10_tnn_8b_4b_5.hdf5
 - 28s - loss: 11.1944 - acc: 0.3521 - val_loss: 10.2705 - val_acc: 0.3594
Learning rate:  0.001
Epoch 4/200

Epoch 00004: val_acc improved from 0.35940 to 0.40940, saving model to ./weights/RESNET_CIFAR-10_tnn_8b_4b_5.hdf5
 - 29s - loss: 9.5402 - acc: 0.4128 - val_loss: 8.9514 - val_acc: 0.4094
Learning rate:  0.001
Epoch 5/200

Epoch 00005: val_acc did not improve
 - 27s - loss: 8.4585 - acc: 0.4237 - val_loss: 8.6515 - val_acc: 0.3244
Learning rate:  0.001
Epoch 6/200

Epoch 00006: val_acc improved from 0.40940 to 0.44380, saving model to ./weights/RESNET_CIFAR-10_tnn_8b_4b_5.hdf5
 - 28s - loss: 7.4137 - acc: 0.4620 - val_loss: 7.0440 - val_acc: 0.4438
Learning rate:  0.001
Epoch 7/200

Epoch 00007: val_acc did not improve
 - 27s - loss: 6.5807 - acc: 0.4850 - val_loss: 6.4022 - val_acc: 0.4296
Learning rate:  0.001
Epoch 8/200

Epoch 00008: val_acc improved from 0.44380 to 0.47880, saving model to ./weights/RESNET_CIFAR-10_tnn_8b_4b_5.hdf5
 - 29s - loss: 5.8779 - acc: 0.5029 - val_loss: 5.7039 - val_acc: 0.4788
Learning rate:  0.001
Epoch 9/200

Epoch 00009: val_acc did not improve
 - 27s - loss: 5.2692 - acc: 0.5206 - val_loss: 5.2419 - val_acc: 0.4684
Learning rate:  0.001
Epoch 10/200

Epoch 00010: val_acc did not improve
 - 27s - loss: 4.7467 - acc: 0.5341 - val_loss: 5.2929 - val_acc: 0.3484
Learning rate:  0.001
Epoch 11/200

Epoch 00011: val_acc improved from 0.47880 to 0.51820, saving model to ./weights/RESNET_CIFAR-10_tnn_8b_4b_5.hdf5
 - 29s - loss: 4.2647 - acc: 0.5568 - val_loss: 4.2167 - val_acc: 0.5182
Learning rate:  0.001
Epoch 12/200

Epoch 00012: val_acc did not improve
 - 27s - loss: 3.8556 - acc: 0.5752 - val_loss: 4.0875 - val_acc: 0.4498
Learning rate:  0.001
Epoch 13/200

Epoch 00013: val_acc did not improve
 - 27s - loss: 3.5129 - acc: 0.5859 - val_loss: 3.6649 - val_acc: 0.5054
Learning rate:  0.001
Epoch 14/200

Epoch 00014: val_acc did not improve
 - 27s - loss: 3.1975 - acc: 0.5988 - val_loss: 3.5052 - val_acc: 0.4716
Learning rate:  0.001
Epoch 15/200

Epoch 00015: val_acc did not improve
 - 28s - loss: 2.9327 - acc: 0.6085 - val_loss: 3.2642 - val_acc: 0.5132
Learning rate:  0.001
Epoch 16/200

Epoch 00016: val_acc did not improve
 - 27s - loss: 2.6895 - acc: 0.6237 - val_loss: 3.1635 - val_acc: 0.5100
Learning rate:  0.001
Epoch 17/200

Epoch 00017: val_acc improved from 0.51820 to 0.55780, saving model to ./weights/RESNET_CIFAR-10_tnn_8b_4b_5.hdf5
 - 28s - loss: 2.4718 - acc: 0.6349 - val_loss: 2.6449 - val_acc: 0.5578
Learning rate:  0.001
Epoch 18/200

Epoch 00018: val_acc did not improve
 - 27s - loss: 2.2778 - acc: 0.6481 - val_loss: 2.6863 - val_acc: 0.5500
Learning rate:  0.001
Epoch 19/200

Epoch 00019: val_acc did not improve
 - 27s - loss: 2.1188 - acc: 0.6574 - val_loss: 2.5555 - val_acc: 0.5330
Learning rate:  0.001
Epoch 20/200

Epoch 00020: val_acc did not improve
 - 27s - loss: 1.9787 - acc: 0.6653 - val_loss: 3.0717 - val_acc: 0.4574
Learning rate:  0.001
Epoch 21/200

Epoch 00021: val_acc did not improve
 - 27s - loss: 1.8507 - acc: 0.6727 - val_loss: 2.3594 - val_acc: 0.5334
Learning rate:  0.001
Epoch 22/200

Epoch 00022: val_acc did not improve
 - 27s - loss: 1.7504 - acc: 0.6759 - val_loss: 2.8505 - val_acc: 0.4260
Learning rate:  0.001
Epoch 23/200

Epoch 00023: val_acc did not improve
 - 27s - loss: 1.6469 - acc: 0.6826 - val_loss: 2.1487 - val_acc: 0.5234
Learning rate:  0.001
Epoch 24/200

Epoch 00024: val_acc improved from 0.55780 to 0.56300, saving model to ./weights/RESNET_CIFAR-10_tnn_8b_4b_5.hdf5
 - 28s - loss: 1.5733 - acc: 0.6836 - val_loss: 2.1013 - val_acc: 0.5630
Learning rate:  0.001
Epoch 25/200

Epoch 00025: val_acc did not improve
 - 27s - loss: 1.4868 - acc: 0.6950 - val_loss: 2.0271 - val_acc: 0.5388
Learning rate:  0.001
Epoch 26/200

Epoch 00026: val_acc improved from 0.56300 to 0.63740, saving model to ./weights/RESNET_CIFAR-10_tnn_8b_4b_5.hdf5
 - 28s - loss: 1.4185 - acc: 0.6994 - val_loss: 1.6323 - val_acc: 0.6374
Learning rate:  0.001
Epoch 27/200

Epoch 00027: val_acc did not improve
 - 27s - loss: 1.3570 - acc: 0.7035 - val_loss: 2.0485 - val_acc: 0.5282
Learning rate:  0.001
Epoch 28/200

Epoch 00028: val_acc did not improve
 - 27s - loss: 1.2938 - acc: 0.7097 - val_loss: 1.5363 - val_acc: 0.6252
Learning rate:  0.001
Epoch 29/200

Epoch 00029: val_acc improved from 0.63740 to 0.67560, saving model to ./weights/RESNET_CIFAR-10_tnn_8b_4b_5.hdf5
 - 28s - loss: 1.2522 - acc: 0.7093 - val_loss: 1.3391 - val_acc: 0.6756
Learning rate:  0.001
Epoch 30/200

Epoch 00030: val_acc did not improve
 - 27s - loss: 1.2098 - acc: 0.7098 - val_loss: 1.6952 - val_acc: 0.5880
Learning rate:  0.001
Epoch 31/200

Epoch 00031: val_acc did not improve
 - 27s - loss: 1.1673 - acc: 0.7146 - val_loss: 1.4490 - val_acc: 0.6444
Learning rate:  0.001
Epoch 32/200

Epoch 00032: val_acc did not improve
 - 27s - loss: 1.1237 - acc: 0.7229 - val_loss: 1.3277 - val_acc: 0.6628
Learning rate:  0.001
Epoch 33/200

Epoch 00033: val_acc did not improve
 - 27s - loss: 1.1015 - acc: 0.7212 - val_loss: 1.6374 - val_acc: 0.5830
Learning rate:  0.001
Epoch 34/200

Epoch 00034: val_acc did not improve
 - 27s - loss: 1.0680 - acc: 0.7244 - val_loss: 1.9346 - val_acc: 0.5116
Learning rate:  0.001
Epoch 35/200

Epoch 00035: val_acc did not improve
 - 27s - loss: 1.0281 - acc: 0.7303 - val_loss: 1.8263 - val_acc: 0.5752
Learning rate:  0.001
Epoch 36/200

Epoch 00036: val_acc did not improve
 - 27s - loss: 0.9993 - acc: 0.7328 - val_loss: 1.5946 - val_acc: 0.5838
Learning rate:  0.001
Epoch 37/200

Epoch 00037: val_acc did not improve
 - 27s - loss: 0.9707 - acc: 0.7344 - val_loss: 1.4175 - val_acc: 0.5870
Learning rate:  0.001
Epoch 38/200

Epoch 00038: val_acc improved from 0.67560 to 0.68640, saving model to ./weights/RESNET_CIFAR-10_tnn_8b_4b_5.hdf5
 - 28s - loss: 0.9592 - acc: 0.7341 - val_loss: 1.0798 - val_acc: 0.6864
Learning rate:  0.001
Epoch 39/200

Epoch 00039: val_acc did not improve
 - 27s - loss: 0.9256 - acc: 0.7407 - val_loss: 1.7020 - val_acc: 0.5394
Learning rate:  0.001
Epoch 40/200

Epoch 00040: val_acc did not improve
 - 27s - loss: 0.8971 - acc: 0.7467 - val_loss: 1.1628 - val_acc: 0.6640
Learning rate:  0.001
Epoch 41/200

Epoch 00041: val_acc improved from 0.68640 to 0.69100, saving model to ./weights/RESNET_CIFAR-10_tnn_8b_4b_5.hdf5
 - 28s - loss: 0.8770 - acc: 0.7474 - val_loss: 1.0502 - val_acc: 0.6910
Learning rate:  0.001
Epoch 42/200

Epoch 00042: val_acc did not improve
 - 27s - loss: 0.8632 - acc: 0.7481 - val_loss: 1.0684 - val_acc: 0.6838
Learning rate:  0.001
Epoch 43/200

Epoch 00043: val_acc did not improve
 - 27s - loss: 0.8451 - acc: 0.7529 - val_loss: 1.1088 - val_acc: 0.6572
Learning rate:  0.001
Epoch 44/200

Epoch 00044: val_acc did not improve
 - 27s - loss: 0.8341 - acc: 0.7542 - val_loss: 1.4913 - val_acc: 0.5730
Learning rate:  0.001
Epoch 45/200

Epoch 00045: val_acc did not improve
 - 27s - loss: 0.8183 - acc: 0.7564 - val_loss: 1.0493 - val_acc: 0.6754
Learning rate:  0.001
Epoch 46/200

Epoch 00046: val_acc did not improve
 - 27s - loss: 0.8085 - acc: 0.7573 - val_loss: 1.4969 - val_acc: 0.5552
Learning rate:  0.001
Epoch 47/200

Epoch 00047: val_acc did not improve
 - 27s - loss: 0.7980 - acc: 0.7606 - val_loss: 1.4299 - val_acc: 0.5820
Learning rate:  0.001
Epoch 48/200

Epoch 00048: val_acc did not improve
 - 27s - loss: 0.7856 - acc: 0.7592 - val_loss: 1.2364 - val_acc: 0.6372
Learning rate:  0.001
Epoch 49/200

Epoch 00049: val_acc did not improve
 - 27s - loss: 0.7762 - acc: 0.7638 - val_loss: 1.3611 - val_acc: 0.6388
Learning rate:  0.001
Epoch 50/200

Epoch 00050: val_acc improved from 0.69100 to 0.71660, saving model to ./weights/RESNET_CIFAR-10_tnn_8b_4b_5.hdf5
 - 28s - loss: 0.7679 - acc: 0.7620 - val_loss: 0.9113 - val_acc: 0.7166
Learning rate:  0.001
Epoch 51/200

Epoch 00051: val_acc did not improve
 - 27s - loss: 0.7577 - acc: 0.7637 - val_loss: 1.2285 - val_acc: 0.6266
Learning rate:  0.001
Epoch 52/200

Epoch 00052: val_acc did not improve
 - 27s - loss: 0.7503 - acc: 0.7653 - val_loss: 0.9321 - val_acc: 0.7012
Learning rate:  0.001
Epoch 53/200

Epoch 00053: val_acc did not improve
 - 27s - loss: 0.7528 - acc: 0.7614 - val_loss: 1.0115 - val_acc: 0.6894
Learning rate:  0.001
Epoch 54/200

Epoch 00054: val_acc did not improve
 - 27s - loss: 0.7340 - acc: 0.7694 - val_loss: 0.9205 - val_acc: 0.7064
Learning rate:  0.001
Epoch 55/200

Epoch 00055: val_acc did not improve
 - 27s - loss: 0.7355 - acc: 0.7660 - val_loss: 0.9946 - val_acc: 0.6972
Learning rate:  0.001
Epoch 56/200

Epoch 00056: val_acc did not improve
 - 27s - loss: 0.7225 - acc: 0.7701 - val_loss: 1.0809 - val_acc: 0.6772
Learning rate:  0.001
Epoch 57/200

Epoch 00057: val_acc did not improve
 - 27s - loss: 0.7178 - acc: 0.7711 - val_loss: 1.1782 - val_acc: 0.6424
Learning rate:  0.001
Epoch 58/200

Epoch 00058: val_acc did not improve
 - 27s - loss: 0.7171 - acc: 0.7718 - val_loss: 1.3421 - val_acc: 0.6074
Learning rate:  0.001
Epoch 59/200

Epoch 00059: val_acc improved from 0.71660 to 0.73400, saving model to ./weights/RESNET_CIFAR-10_tnn_8b_4b_5.hdf5
 - 28s - loss: 0.7084 - acc: 0.7726 - val_loss: 0.8283 - val_acc: 0.7340
Learning rate:  0.001
Epoch 60/200

Epoch 00060: val_acc did not improve
 - 27s - loss: 0.7037 - acc: 0.7718 - val_loss: 0.9297 - val_acc: 0.7100
Learning rate:  0.001
Epoch 61/200

Epoch 00061: val_acc did not improve
 - 27s - loss: 0.7013 - acc: 0.7743 - val_loss: 0.9688 - val_acc: 0.6948
Learning rate:  0.001
Epoch 62/200

Epoch 00062: val_acc did not improve
 - 27s - loss: 0.6960 - acc: 0.7746 - val_loss: 1.0207 - val_acc: 0.6804
Learning rate:  0.001
Epoch 63/200

Epoch 00063: val_acc did not improve
 - 27s - loss: 0.6847 - acc: 0.7774 - val_loss: 1.0132 - val_acc: 0.6830
Learning rate:  0.001
Epoch 64/200

Epoch 00064: val_acc did not improve
 - 27s - loss: 0.6913 - acc: 0.7746 - val_loss: 0.9275 - val_acc: 0.6952
Learning rate:  0.001
Epoch 65/200

Epoch 00065: val_acc did not improve
 - 27s - loss: 0.6803 - acc: 0.7778 - val_loss: 0.8090 - val_acc: 0.7332
Learning rate:  0.001
Epoch 66/200

Epoch 00066: val_acc did not improve
 - 27s - loss: 0.6744 - acc: 0.7792 - val_loss: 0.9518 - val_acc: 0.6948
Learning rate:  0.001
Epoch 67/200

Epoch 00067: val_acc did not improve
 - 27s - loss: 0.6719 - acc: 0.7811 - val_loss: 0.9926 - val_acc: 0.6838
Learning rate:  0.001
Epoch 68/200

Epoch 00068: val_acc did not improve
 - 27s - loss: 0.6783 - acc: 0.7787 - val_loss: 1.2696 - val_acc: 0.6060
Learning rate:  0.001
Epoch 69/200

Epoch 00069: val_acc did not improve
 - 27s - loss: 0.6690 - acc: 0.7793 - val_loss: 1.1824 - val_acc: 0.6130
Learning rate:  0.001
Epoch 70/200

Epoch 00070: val_acc did not improve
 - 27s - loss: 0.6707 - acc: 0.7801 - val_loss: 0.9674 - val_acc: 0.6974
Learning rate:  0.001
Epoch 71/200

Epoch 00071: val_acc did not improve
 - 27s - loss: 0.6759 - acc: 0.7791 - val_loss: 0.7976 - val_acc: 0.7330
Learning rate:  0.001
Epoch 72/200

Epoch 00072: val_acc did not improve
 - 27s - loss: 0.6569 - acc: 0.7860 - val_loss: 1.0618 - val_acc: 0.6734
Learning rate:  0.001
Epoch 73/200

Epoch 00073: val_acc did not improve
 - 27s - loss: 0.6632 - acc: 0.7816 - val_loss: 1.4120 - val_acc: 0.5972
Learning rate:  0.001
Epoch 74/200

Epoch 00074: val_acc did not improve
 - 27s - loss: 0.6608 - acc: 0.7820 - val_loss: 0.9379 - val_acc: 0.7082
Learning rate:  0.001
Epoch 75/200

Epoch 00075: val_acc did not improve
 - 27s - loss: 0.6625 - acc: 0.7819 - val_loss: 0.8294 - val_acc: 0.7236
Learning rate:  0.001
Epoch 76/200

Epoch 00076: val_acc did not improve
 - 27s - loss: 0.6567 - acc: 0.7832 - val_loss: 0.9696 - val_acc: 0.6986
Learning rate:  0.001
Epoch 77/200

Epoch 00077: val_acc did not improve
 - 27s - loss: 0.6453 - acc: 0.7898 - val_loss: 0.9095 - val_acc: 0.6946
Learning rate:  0.001
Epoch 78/200

Epoch 00078: val_acc did not improve
 - 27s - loss: 0.6429 - acc: 0.7865 - val_loss: 1.2309 - val_acc: 0.6222
Learning rate:  0.001
Epoch 79/200

Epoch 00079: val_acc did not improve
 - 27s - loss: 0.6454 - acc: 0.7873 - val_loss: 0.9412 - val_acc: 0.7062
Learning rate:  0.001
Epoch 80/200

Epoch 00080: val_acc did not improve
 - 27s - loss: 0.6494 - acc: 0.7860 - val_loss: 0.9114 - val_acc: 0.6932
Learning rate:  0.001
Epoch 81/200

Epoch 00081: val_acc did not improve
 - 27s - loss: 0.6397 - acc: 0.7884 - val_loss: 1.2103 - val_acc: 0.6326
Learning rate:  0.0001
Epoch 82/200

Epoch 00082: val_acc improved from 0.73400 to 0.81480, saving model to ./weights/RESNET_CIFAR-10_tnn_8b_4b_5.hdf5
 - 28s - loss: 0.4658 - acc: 0.8499 - val_loss: 0.5798 - val_acc: 0.8148
Learning rate:  0.0001
Epoch 83/200

Epoch 00083: val_acc improved from 0.81480 to 0.81880, saving model to ./weights/RESNET_CIFAR-10_tnn_8b_4b_5.hdf5
 - 28s - loss: 0.4123 - acc: 0.8662 - val_loss: 0.5680 - val_acc: 0.8188
Learning rate:  0.0001
Epoch 84/200

Epoch 00084: val_acc did not improve
 - 27s - loss: 0.3934 - acc: 0.8744 - val_loss: 0.5845 - val_acc: 0.8138
Learning rate:  0.0001
Epoch 85/200

Epoch 00085: val_acc did not improve
 - 27s - loss: 0.3834 - acc: 0.8783 - val_loss: 0.5980 - val_acc: 0.8076
Learning rate:  0.0001
Epoch 86/200

Epoch 00086: val_acc did not improve
 - 27s - loss: 0.3705 - acc: 0.8820 - val_loss: 0.5856 - val_acc: 0.8038
Learning rate:  0.0001
Epoch 87/200

Epoch 00087: val_acc did not improve
 - 27s - loss: 0.3620 - acc: 0.8837 - val_loss: 0.5948 - val_acc: 0.8098
Learning rate:  0.0001
Epoch 88/200

Epoch 00088: val_acc did not improve
 - 27s - loss: 0.3579 - acc: 0.8843 - val_loss: 0.6030 - val_acc: 0.8052
Learning rate:  0.0001
Epoch 89/200

Epoch 00089: val_acc did not improve
 - 27s - loss: 0.3551 - acc: 0.8837 - val_loss: 0.5917 - val_acc: 0.8102
Learning rate:  0.0001
Epoch 90/200

Epoch 00090: val_acc did not improve
 - 27s - loss: 0.3450 - acc: 0.8884 - val_loss: 0.5595 - val_acc: 0.8166
Learning rate:  0.0001
Epoch 91/200

Epoch 00091: val_acc improved from 0.81880 to 0.82720, saving model to ./weights/RESNET_CIFAR-10_tnn_8b_4b_5.hdf5
 - 28s - loss: 0.3421 - acc: 0.8900 - val_loss: 0.5709 - val_acc: 0.8272
Learning rate:  0.0001
Epoch 92/200

Epoch 00092: val_acc did not improve
 - 27s - loss: 0.3366 - acc: 0.8934 - val_loss: 0.5932 - val_acc: 0.8178
Learning rate:  0.0001
Epoch 93/200

Epoch 00093: val_acc did not improve
 - 27s - loss: 0.3308 - acc: 0.8936 - val_loss: 0.6325 - val_acc: 0.8012
Learning rate:  0.0001
Epoch 94/200

Epoch 00094: val_acc did not improve
 - 27s - loss: 0.3316 - acc: 0.8921 - val_loss: 0.6412 - val_acc: 0.8058
Learning rate:  0.0001
Epoch 95/200

Epoch 00095: val_acc did not improve
 - 27s - loss: 0.3270 - acc: 0.8955 - val_loss: 0.6066 - val_acc: 0.8100
Learning rate:  0.0001
Epoch 96/200

Epoch 00096: val_acc did not improve
 - 27s - loss: 0.3207 - acc: 0.8962 - val_loss: 0.6227 - val_acc: 0.8130
Learning rate:  0.0001
Epoch 97/200

Epoch 00097: val_acc did not improve
 - 27s - loss: 0.3210 - acc: 0.8957 - val_loss: 0.7104 - val_acc: 0.7920
Learning rate:  0.0001
Epoch 98/200

Epoch 00098: val_acc did not improve
 - 27s - loss: 0.3205 - acc: 0.8962 - val_loss: 0.6608 - val_acc: 0.7924
Learning rate:  0.0001
Epoch 99/200

Epoch 00099: val_acc did not improve
 - 27s - loss: 0.3223 - acc: 0.8953 - val_loss: 0.6912 - val_acc: 0.7914
Learning rate:  0.0001
Epoch 100/200

Epoch 00100: val_acc did not improve
 - 27s - loss: 0.3179 - acc: 0.8961 - val_loss: 0.6450 - val_acc: 0.8114
Learning rate:  0.0001
Epoch 101/200

Epoch 00101: val_acc did not improve
 - 27s - loss: 0.3136 - acc: 0.8978 - val_loss: 0.6594 - val_acc: 0.8014
Learning rate:  0.0001
Epoch 102/200

Epoch 00102: val_acc did not improve
 - 27s - loss: 0.3156 - acc: 0.8972 - val_loss: 0.6174 - val_acc: 0.8100
Learning rate:  0.0001
Epoch 103/200

Epoch 00103: val_acc did not improve
 - 27s - loss: 0.3087 - acc: 0.8992 - val_loss: 0.6988 - val_acc: 0.7914
Learning rate:  0.0001
Epoch 104/200

Epoch 00104: val_acc did not improve
 - 27s - loss: 0.3115 - acc: 0.8981 - val_loss: 0.6583 - val_acc: 0.7978
Learning rate:  0.0001
Epoch 105/200

Epoch 00105: val_acc did not improve
 - 27s - loss: 0.3049 - acc: 0.8996 - val_loss: 0.6534 - val_acc: 0.8020
Learning rate:  0.0001
Epoch 106/200

Epoch 00106: val_acc did not improve
 - 27s - loss: 0.3119 - acc: 0.8973 - val_loss: 0.6969 - val_acc: 0.7924
Learning rate:  0.0001
Epoch 107/200

Epoch 00107: val_acc did not improve
 - 27s - loss: 0.3067 - acc: 0.9007 - val_loss: 0.7496 - val_acc: 0.7758
Learning rate:  0.0001
Epoch 108/200

Epoch 00108: val_acc did not improve
 - 27s - loss: 0.3096 - acc: 0.8990 - val_loss: 0.7256 - val_acc: 0.7842
Learning rate:  0.0001
Epoch 109/200

Epoch 00109: val_acc did not improve
 - 27s - loss: 0.3065 - acc: 0.9002 - val_loss: 0.6970 - val_acc: 0.8104
Learning rate:  0.0001
Epoch 110/200

Epoch 00110: val_acc did not improve
 - 27s - loss: 0.3049 - acc: 0.9003 - val_loss: 0.7629 - val_acc: 0.7778
Learning rate:  0.0001
Epoch 111/200

Epoch 00111: val_acc did not improve
 - 27s - loss: 0.2986 - acc: 0.9028 - val_loss: 0.6240 - val_acc: 0.8068
Learning rate:  0.0001
Epoch 112/200

Epoch 00112: val_acc did not improve
 - 27s - loss: 0.3030 - acc: 0.9005 - val_loss: 0.7093 - val_acc: 0.7868
Learning rate:  0.0001
Epoch 113/200

Epoch 00113: val_acc did not improve
 - 27s - loss: 0.3033 - acc: 0.9004 - val_loss: 0.6956 - val_acc: 0.7948
Learning rate:  0.0001
Epoch 114/200

Epoch 00114: val_acc did not improve
 - 27s - loss: 0.2941 - acc: 0.9042 - val_loss: 0.7172 - val_acc: 0.7958
Learning rate:  0.0001
Epoch 115/200

Epoch 00115: val_acc did not improve
 - 27s - loss: 0.3001 - acc: 0.9011 - val_loss: 0.6891 - val_acc: 0.7968
Learning rate:  0.0001
Epoch 116/200

Epoch 00116: val_acc did not improve
 - 27s - loss: 0.2980 - acc: 0.9020 - val_loss: 0.6745 - val_acc: 0.7966
Learning rate:  0.0001
Epoch 117/200

Epoch 00117: val_acc did not improve
 - 27s - loss: 0.2998 - acc: 0.9020 - val_loss: 0.8436 - val_acc: 0.7516
Learning rate:  0.0001
Epoch 118/200

Epoch 00118: val_acc did not improve
 - 27s - loss: 0.2943 - acc: 0.9052 - val_loss: 0.6876 - val_acc: 0.7988
Learning rate:  0.0001
Epoch 119/200

Epoch 00119: val_acc did not improve
 - 27s - loss: 0.2949 - acc: 0.9035 - val_loss: 0.7304 - val_acc: 0.7872
Learning rate:  0.0001
Epoch 120/200

Epoch 00120: val_acc did not improve
 - 27s - loss: 0.2946 - acc: 0.9031 - val_loss: 0.6825 - val_acc: 0.8014
Learning rate:  0.0001
Epoch 121/200

Epoch 00121: val_acc did not improve
 - 27s - loss: 0.2978 - acc: 0.9017 - val_loss: 0.7549 - val_acc: 0.7854
Learning rate:  1e-05
Epoch 122/200

Epoch 00122: val_acc improved from 0.82720 to 0.84180, saving model to ./weights/RESNET_CIFAR-10_tnn_8b_4b_5.hdf5
 - 28s - loss: 0.2040 - acc: 0.9388 - val_loss: 0.5356 - val_acc: 0.8418
Learning rate:  1e-05
Epoch 123/200

Epoch 00123: val_acc did not improve
 - 27s - loss: 0.1810 - acc: 0.9485 - val_loss: 0.6539 - val_acc: 0.8080
Learning rate:  1e-05
Epoch 124/200

Epoch 00124: val_acc did not improve
 - 27s - loss: 0.1761 - acc: 0.9496 - val_loss: 0.5636 - val_acc: 0.8368
Learning rate:  1e-05
Epoch 125/200

Epoch 00125: val_acc did not improve
 - 27s - loss: 0.1726 - acc: 0.9497 - val_loss: 0.6451 - val_acc: 0.8238
Learning rate:  1e-05
Epoch 126/200

Epoch 00126: val_acc did not improve
 - 27s - loss: 0.1757 - acc: 0.9492 - val_loss: 0.5917 - val_acc: 0.8276
Learning rate:  1e-05
Epoch 127/200

Epoch 00127: val_acc did not improve
 - 27s - loss: 0.1728 - acc: 0.9499 - val_loss: 0.6583 - val_acc: 0.8176
Learning rate:  1e-05
Epoch 128/200

Epoch 00128: val_acc did not improve
 - 27s - loss: 0.1709 - acc: 0.9505 - val_loss: 0.6284 - val_acc: 0.8166
Learning rate:  1e-05
Epoch 129/200

Epoch 00129: val_acc did not improve
 - 27s - loss: 0.1712 - acc: 0.9495 - val_loss: 0.6429 - val_acc: 0.8224
Learning rate:  1e-05
Epoch 130/200

Epoch 00130: val_acc did not improve
 - 27s - loss: 0.1725 - acc: 0.9502 - val_loss: 0.6793 - val_acc: 0.8100
Learning rate:  1e-05
Epoch 131/200

Epoch 00131: val_acc did not improve
 - 27s - loss: 0.1761 - acc: 0.9480 - val_loss: 0.6318 - val_acc: 0.8286
Learning rate:  1e-05
Epoch 132/200

Epoch 00132: val_acc did not improve
 - 27s - loss: 0.1718 - acc: 0.9498 - val_loss: 0.6964 - val_acc: 0.8176
Learning rate:  1e-05
Epoch 133/200

Epoch 00133: val_acc did not improve
 - 27s - loss: 0.1688 - acc: 0.9504 - val_loss: 0.6023 - val_acc: 0.8254
Learning rate:  1e-05
Epoch 134/200

Epoch 00134: val_acc did not improve
 - 27s - loss: 0.1759 - acc: 0.9468 - val_loss: 0.7138 - val_acc: 0.8114
Learning rate:  1e-05
Epoch 135/200

Epoch 00135: val_acc did not improve
 - 27s - loss: 0.1717 - acc: 0.9493 - val_loss: 0.6362 - val_acc: 0.8284
Learning rate:  1e-05
Epoch 136/200

Epoch 00136: val_acc did not improve
 - 27s - loss: 0.1706 - acc: 0.9494 - val_loss: 0.6702 - val_acc: 0.8212
Learning rate:  1e-05
Epoch 137/200

Epoch 00137: val_acc did not improve
 - 27s - loss: 0.1677 - acc: 0.9503 - val_loss: 0.7050 - val_acc: 0.8136
Learning rate:  1e-05
Epoch 138/200

Epoch 00138: val_acc did not improve
 - 27s - loss: 0.1699 - acc: 0.9498 - val_loss: 0.6249 - val_acc: 0.8244
Learning rate:  1e-05
Epoch 139/200

Epoch 00139: val_acc did not improve
 - 27s - loss: 0.1750 - acc: 0.9478 - val_loss: 0.6262 - val_acc: 0.8268
Learning rate:  1e-05
Epoch 140/200

Epoch 00140: val_acc did not improve
 - 27s - loss: 0.1686 - acc: 0.9504 - val_loss: 0.6636 - val_acc: 0.8146
Learning rate:  1e-05
Epoch 141/200

Epoch 00141: val_acc did not improve
 - 27s - loss: 0.1693 - acc: 0.9494 - val_loss: 0.6911 - val_acc: 0.8142
Learning rate:  1e-05
Epoch 142/200

Epoch 00142: val_acc did not improve
 - 27s - loss: 0.1703 - acc: 0.9494 - val_loss: 0.6745 - val_acc: 0.8156
Learning rate:  1e-05
Epoch 143/200

Epoch 00143: val_acc did not improve
 - 27s - loss: 0.1749 - acc: 0.9471 - val_loss: 0.6879 - val_acc: 0.8184
Learning rate:  1e-05
Epoch 144/200

Epoch 00144: val_acc did not improve
 - 27s - loss: 0.1702 - acc: 0.9495 - val_loss: 0.7159 - val_acc: 0.8118
Learning rate:  1e-05
Epoch 145/200

Epoch 00145: val_acc did not improve
 - 27s - loss: 0.1698 - acc: 0.9491 - val_loss: 0.7575 - val_acc: 0.7990
Learning rate:  1e-05
Epoch 146/200

Epoch 00146: val_acc did not improve
 - 27s - loss: 0.1704 - acc: 0.9504 - val_loss: 0.6743 - val_acc: 0.8182
Learning rate:  1e-05
Epoch 147/200

Epoch 00147: val_acc did not improve
 - 27s - loss: 0.1685 - acc: 0.9492 - val_loss: 0.6422 - val_acc: 0.8176
Learning rate:  1e-05
Epoch 148/200

Epoch 00148: val_acc did not improve
 - 27s - loss: 0.1707 - acc: 0.9490 - val_loss: 0.6125 - val_acc: 0.8322
Learning rate:  1e-05
Epoch 149/200

Epoch 00149: val_acc did not improve
 - 27s - loss: 0.1685 - acc: 0.9490 - val_loss: 0.7011 - val_acc: 0.8122
Learning rate:  1e-05
Epoch 150/200

Epoch 00150: val_acc did not improve
 - 27s - loss: 0.1680 - acc: 0.9491 - val_loss: 0.6574 - val_acc: 0.8212
Learning rate:  1e-05
Epoch 151/200

Epoch 00151: val_acc did not improve
 - 27s - loss: 0.1685 - acc: 0.9487 - val_loss: 0.7362 - val_acc: 0.8050
Learning rate:  1e-05
Epoch 152/200

Epoch 00152: val_acc did not improve
 - 27s - loss: 0.1719 - acc: 0.9481 - val_loss: 0.7396 - val_acc: 0.8080
Learning rate:  1e-05
Epoch 153/200

Epoch 00153: val_acc did not improve
 - 27s - loss: 0.1752 - acc: 0.9472 - val_loss: 0.6838 - val_acc: 0.8152
Learning rate:  1e-05
Epoch 154/200

Epoch 00154: val_acc did not improve
 - 27s - loss: 0.1715 - acc: 0.9481 - val_loss: 0.7023 - val_acc: 0.8086
Learning rate:  1e-05
Epoch 155/200

Epoch 00155: val_acc did not improve
 - 27s - loss: 0.1701 - acc: 0.9487 - val_loss: 0.6717 - val_acc: 0.8182
Learning rate:  1e-05
Epoch 156/200

Epoch 00156: val_acc did not improve
 - 27s - loss: 0.1709 - acc: 0.9494 - val_loss: 0.6553 - val_acc: 0.8208
Learning rate:  1e-05
Epoch 157/200

Epoch 00157: val_acc did not improve
 - 27s - loss: 0.1723 - acc: 0.9484 - val_loss: 0.6990 - val_acc: 0.8172
Learning rate:  1e-05
Epoch 158/200

Epoch 00158: val_acc did not improve
 - 27s - loss: 0.1722 - acc: 0.9482 - val_loss: 0.6736 - val_acc: 0.8156
Learning rate:  1e-05
Epoch 159/200

Epoch 00159: val_acc did not improve
 - 27s - loss: 0.1702 - acc: 0.9482 - val_loss: 0.6614 - val_acc: 0.8146
Learning rate:  1e-05
Epoch 160/200

Epoch 00160: val_acc did not improve
 - 27s - loss: 0.1722 - acc: 0.9476 - val_loss: 0.6858 - val_acc: 0.8118
Learning rate:  1e-05
Epoch 161/200

Epoch 00161: val_acc did not improve
 - 27s - loss: 0.1728 - acc: 0.9477 - val_loss: 0.7730 - val_acc: 0.7954
Learning rate:  1e-06
Epoch 162/200

Epoch 00162: val_acc did not improve
 - 27s - loss: 0.1281 - acc: 0.9666 - val_loss: 0.5943 - val_acc: 0.8366
Learning rate:  1e-06
Epoch 163/200

Epoch 00163: val_acc did not improve
 - 27s - loss: 0.1160 - acc: 0.9724 - val_loss: 0.6296 - val_acc: 0.8310
Learning rate:  1e-06
Epoch 164/200

Epoch 00164: val_acc did not improve
 - 27s - loss: 0.1164 - acc: 0.9722 - val_loss: 0.6309 - val_acc: 0.8358
Learning rate:  1e-06
Epoch 165/200

Epoch 00165: val_acc did not improve
 - 27s - loss: 0.1180 - acc: 0.9711 - val_loss: 0.6446 - val_acc: 0.8278
Learning rate:  1e-06
Epoch 166/200

Epoch 00166: val_acc did not improve
 - 27s - loss: 0.1200 - acc: 0.9702 - val_loss: 0.6357 - val_acc: 0.8344
Learning rate:  1e-06
Epoch 167/200

Epoch 00167: val_acc did not improve
 - 27s - loss: 0.1215 - acc: 0.9694 - val_loss: 0.6652 - val_acc: 0.8196
Learning rate:  1e-06
Epoch 168/200

Epoch 00168: val_acc did not improve
 - 27s - loss: 0.1218 - acc: 0.9687 - val_loss: 0.6669 - val_acc: 0.8242
Learning rate:  1e-06
Epoch 169/200

Epoch 00169: val_acc did not improve
 - 27s - loss: 0.1239 - acc: 0.9670 - val_loss: 0.7339 - val_acc: 0.8048
Learning rate:  1e-06
Epoch 170/200

Epoch 00170: val_acc did not improve
 - 27s - loss: 0.1227 - acc: 0.9684 - val_loss: 0.6683 - val_acc: 0.8216
Learning rate:  1e-06
Epoch 171/200

Epoch 00171: val_acc did not improve
 - 27s - loss: 0.1259 - acc: 0.9671 - val_loss: 0.7078 - val_acc: 0.8090
Learning rate:  1e-06
Epoch 172/200

Epoch 00172: val_acc did not improve
 - 27s - loss: 0.1241 - acc: 0.9676 - val_loss: 0.6401 - val_acc: 0.8288
Learning rate:  1e-06
Epoch 173/200

Epoch 00173: val_acc did not improve
 - 27s - loss: 0.1284 - acc: 0.9653 - val_loss: 0.6551 - val_acc: 0.8248
Learning rate:  1e-06
Epoch 174/200

Epoch 00174: val_acc did not improve
 - 27s - loss: 0.1282 - acc: 0.9664 - val_loss: 0.6719 - val_acc: 0.8238
Learning rate:  1e-06
Epoch 175/200

Epoch 00175: val_acc did not improve
 - 27s - loss: 0.1257 - acc: 0.9671 - val_loss: 0.6569 - val_acc: 0.8236
Learning rate:  1e-06
Epoch 176/200

Epoch 00176: val_acc did not improve
 - 27s - loss: 0.1301 - acc: 0.9650 - val_loss: 0.6566 - val_acc: 0.8214
Learning rate:  1e-06
Epoch 177/200

Epoch 00177: val_acc did not improve
 - 27s - loss: 0.1261 - acc: 0.9673 - val_loss: 0.6789 - val_acc: 0.8224
Learning rate:  1e-06
Epoch 178/200

Epoch 00178: val_acc did not improve
 - 27s - loss: 0.1300 - acc: 0.9641 - val_loss: 0.6795 - val_acc: 0.8222
Learning rate:  1e-06
Epoch 179/200

Epoch 00179: val_acc did not improve
 - 27s - loss: 0.1293 - acc: 0.9657 - val_loss: 0.6170 - val_acc: 0.8302
Learning rate:  1e-06
Epoch 180/200

Epoch 00180: val_acc did not improve
 - 27s - loss: 0.1322 - acc: 0.9636 - val_loss: 0.6334 - val_acc: 0.8256
Learning rate:  1e-06
Epoch 181/200

Epoch 00181: val_acc did not improve
 - 27s - loss: 0.1325 - acc: 0.9640 - val_loss: 0.8353 - val_acc: 0.7870
Learning rate:  5e-07
Epoch 182/200

Epoch 00182: val_acc did not improve
 - 27s - loss: 0.1184 - acc: 0.9706 - val_loss: 0.6668 - val_acc: 0.8260
Learning rate:  5e-07
Epoch 183/200

Epoch 00183: val_acc did not improve
 - 27s - loss: 0.1233 - acc: 0.9673 - val_loss: 0.6544 - val_acc: 0.8372
Learning rate:  5e-07
Epoch 184/200

Epoch 00184: val_acc did not improve
 - 27s - loss: 0.1223 - acc: 0.9674 - val_loss: 0.7404 - val_acc: 0.8076
Learning rate:  5e-07
Epoch 185/200

Epoch 00185: val_acc did not improve
 - 27s - loss: 0.1229 - acc: 0.9676 - val_loss: 0.6645 - val_acc: 0.8282
Learning rate:  5e-07
Epoch 186/200

Epoch 00186: val_acc did not improve
 - 27s - loss: 0.1253 - acc: 0.9671 - val_loss: 0.6556 - val_acc: 0.8250
Learning rate:  5e-07
Epoch 187/200

Epoch 00187: val_acc did not improve
 - 27s - loss: 0.1272 - acc: 0.9662 - val_loss: 0.7172 - val_acc: 0.8200
Learning rate:  5e-07
Epoch 188/200

Epoch 00188: val_acc did not improve
 - 27s - loss: 0.1284 - acc: 0.9651 - val_loss: 0.6796 - val_acc: 0.8210
Learning rate:  5e-07
Epoch 189/200

Epoch 00189: val_acc did not improve
 - 27s - loss: 0.1263 - acc: 0.9670 - val_loss: 0.6931 - val_acc: 0.8176
Learning rate:  5e-07
Epoch 190/200

Epoch 00190: val_acc did not improve
 - 27s - loss: 0.1261 - acc: 0.9676 - val_loss: 0.7060 - val_acc: 0.8136
Learning rate:  5e-07
Epoch 191/200

Epoch 00191: val_acc did not improve
 - 27s - loss: 0.1279 - acc: 0.9660 - val_loss: 0.7478 - val_acc: 0.8096
Learning rate:  5e-07
Epoch 192/200

Epoch 00192: val_acc did not improve
 - 27s - loss: 0.1301 - acc: 0.9646 - val_loss: 0.7278 - val_acc: 0.8106
Learning rate:  5e-07
Epoch 193/200

Epoch 00193: val_acc did not improve
 - 27s - loss: 0.1291 - acc: 0.9649 - val_loss: 0.6302 - val_acc: 0.8320
Learning rate:  5e-07
Epoch 194/200

Epoch 00194: val_acc did not improve
 - 27s - loss: 0.1285 - acc: 0.9654 - val_loss: 0.6261 - val_acc: 0.8384
Learning rate:  5e-07
Epoch 195/200

Epoch 00195: val_acc did not improve
 - 27s - loss: 0.1285 - acc: 0.9655 - val_loss: 0.6531 - val_acc: 0.8312
Learning rate:  5e-07
Epoch 196/200

Epoch 00196: val_acc did not improve
 - 27s - loss: 0.1274 - acc: 0.9652 - val_loss: 0.7149 - val_acc: 0.8202
Learning rate:  5e-07
Epoch 197/200

Epoch 00197: val_acc did not improve
 - 27s - loss: 0.1273 - acc: 0.9662 - val_loss: 0.6341 - val_acc: 0.8340
Learning rate:  5e-07
Epoch 198/200

Epoch 00198: val_acc did not improve
 - 27s - loss: 0.1282 - acc: 0.9662 - val_loss: 0.6486 - val_acc: 0.8290
Learning rate:  5e-07
Epoch 199/200

Epoch 00199: val_acc did not improve
 - 27s - loss: 0.1293 - acc: 0.9653 - val_loss: 0.7028 - val_acc: 0.8252
Learning rate:  5e-07
Epoch 200/200

Epoch 00200: val_acc did not improve
 - 27s - loss: 0.1283 - acc: 0.9652 - val_loss: 0.6813 - val_acc: 0.8174
Done

