Construct the Network

__________________________________________________________________________________________________
Layer (type)                    Output Shape         Param #     Connected to                     
==================================================================================================
input_2 (InputLayer)            (None, 32, 32, 3)    0                                            
__________________________________________________________________________________________________
binary_conv2d_1 (BinaryConv2D)  (None, 32, 32, 16)   448         input_2[0][0]                    
__________________________________________________________________________________________________
batch_normalization_1 (BatchNor (None, 32, 32, 16)   64          binary_conv2d_1[0][0]            
__________________________________________________________________________________________________
activation_1 (Activation)       (None, 32, 32, 16)   0           batch_normalization_1[0][0]      
__________________________________________________________________________________________________
binary_conv2d_2 (BinaryConv2D)  (None, 32, 32, 16)   2320        activation_1[0][0]               
__________________________________________________________________________________________________
batch_normalization_2 (BatchNor (None, 32, 32, 16)   64          binary_conv2d_2[0][0]            
__________________________________________________________________________________________________
activation_2 (Activation)       (None, 32, 32, 16)   0           batch_normalization_2[0][0]      
__________________________________________________________________________________________________
binary_conv2d_3 (BinaryConv2D)  (None, 32, 32, 16)   2320        activation_2[0][0]               
__________________________________________________________________________________________________
batch_normalization_3 (BatchNor (None, 32, 32, 16)   64          binary_conv2d_3[0][0]            
__________________________________________________________________________________________________
add_1 (Add)                     (None, 32, 32, 16)   0           activation_1[0][0]               
                                                                 batch_normalization_3[0][0]      
__________________________________________________________________________________________________
activation_3 (Activation)       (None, 32, 32, 16)   0           add_1[0][0]                      
__________________________________________________________________________________________________
binary_conv2d_4 (BinaryConv2D)  (None, 32, 32, 16)   2320        activation_3[0][0]               
__________________________________________________________________________________________________
batch_normalization_4 (BatchNor (None, 32, 32, 16)   64          binary_conv2d_4[0][0]            
__________________________________________________________________________________________________
activation_4 (Activation)       (None, 32, 32, 16)   0           batch_normalization_4[0][0]      
__________________________________________________________________________________________________
binary_conv2d_5 (BinaryConv2D)  (None, 32, 32, 16)   2320        activation_4[0][0]               
__________________________________________________________________________________________________
batch_normalization_5 (BatchNor (None, 32, 32, 16)   64          binary_conv2d_5[0][0]            
__________________________________________________________________________________________________
add_2 (Add)                     (None, 32, 32, 16)   0           activation_3[0][0]               
                                                                 batch_normalization_5[0][0]      
__________________________________________________________________________________________________
activation_5 (Activation)       (None, 32, 32, 16)   0           add_2[0][0]                      
__________________________________________________________________________________________________
binary_conv2d_6 (BinaryConv2D)  (None, 32, 32, 16)   2320        activation_5[0][0]               
__________________________________________________________________________________________________
batch_normalization_6 (BatchNor (None, 32, 32, 16)   64          binary_conv2d_6[0][0]            
__________________________________________________________________________________________________
activation_6 (Activation)       (None, 32, 32, 16)   0           batch_normalization_6[0][0]      
__________________________________________________________________________________________________
binary_conv2d_7 (BinaryConv2D)  (None, 32, 32, 16)   2320        activation_6[0][0]               
__________________________________________________________________________________________________
batch_normalization_7 (BatchNor (None, 32, 32, 16)   64          binary_conv2d_7[0][0]            
__________________________________________________________________________________________________
add_3 (Add)                     (None, 32, 32, 16)   0           activation_5[0][0]               
                                                                 batch_normalization_7[0][0]      
__________________________________________________________________________________________________
activation_7 (Activation)       (None, 32, 32, 16)   0           add_3[0][0]                      
__________________________________________________________________________________________________
binary_conv2d_8 (BinaryConv2D)  (None, 32, 32, 16)   2320        activation_7[0][0]               
__________________________________________________________________________________________________
batch_normalization_8 (BatchNor (None, 32, 32, 16)   64          binary_conv2d_8[0][0]            
__________________________________________________________________________________________________
activation_8 (Activation)       (None, 32, 32, 16)   0           batch_normalization_8[0][0]      
__________________________________________________________________________________________________
binary_conv2d_9 (BinaryConv2D)  (None, 32, 32, 16)   2320        activation_8[0][0]               
__________________________________________________________________________________________________
batch_normalization_9 (BatchNor (None, 32, 32, 16)   64          binary_conv2d_9[0][0]            
__________________________________________________________________________________________________
add_4 (Add)                     (None, 32, 32, 16)   0           activation_7[0][0]               
                                                                 batch_normalization_9[0][0]      
__________________________________________________________________________________________________
activation_9 (Activation)       (None, 32, 32, 16)   0           add_4[0][0]                      
__________________________________________________________________________________________________
binary_conv2d_10 (BinaryConv2D) (None, 32, 32, 16)   2320        activation_9[0][0]               
__________________________________________________________________________________________________
batch_normalization_10 (BatchNo (None, 32, 32, 16)   64          binary_conv2d_10[0][0]           
__________________________________________________________________________________________________
activation_10 (Activation)      (None, 32, 32, 16)   0           batch_normalization_10[0][0]     
__________________________________________________________________________________________________
binary_conv2d_11 (BinaryConv2D) (None, 32, 32, 16)   2320        activation_10[0][0]              
__________________________________________________________________________________________________
batch_normalization_11 (BatchNo (None, 32, 32, 16)   64          binary_conv2d_11[0][0]           
__________________________________________________________________________________________________
add_5 (Add)                     (None, 32, 32, 16)   0           activation_9[0][0]               
                                                                 batch_normalization_11[0][0]     
__________________________________________________________________________________________________
activation_11 (Activation)      (None, 32, 32, 16)   0           add_5[0][0]                      
__________________________________________________________________________________________________
binary_conv2d_12 (BinaryConv2D) (None, 16, 16, 32)   4640        activation_11[0][0]              
__________________________________________________________________________________________________
batch_normalization_12 (BatchNo (None, 16, 16, 32)   128         binary_conv2d_12[0][0]           
__________________________________________________________________________________________________
activation_12 (Activation)      (None, 16, 16, 32)   0           batch_normalization_12[0][0]     
__________________________________________________________________________________________________
binary_conv2d_13 (BinaryConv2D) (None, 16, 16, 32)   9248        activation_12[0][0]              
__________________________________________________________________________________________________
binary_conv2d_14 (BinaryConv2D) (None, 16, 16, 32)   544         activation_11[0][0]              
__________________________________________________________________________________________________
batch_normalization_13 (BatchNo (None, 16, 16, 32)   128         binary_conv2d_13[0][0]           
__________________________________________________________________________________________________
add_6 (Add)                     (None, 16, 16, 32)   0           binary_conv2d_14[0][0]           
                                                                 batch_normalization_13[0][0]     
__________________________________________________________________________________________________
activation_13 (Activation)      (None, 16, 16, 32)   0           add_6[0][0]                      
__________________________________________________________________________________________________
binary_conv2d_15 (BinaryConv2D) (None, 16, 16, 32)   9248        activation_13[0][0]              
__________________________________________________________________________________________________
batch_normalization_14 (BatchNo (None, 16, 16, 32)   128         binary_conv2d_15[0][0]           
__________________________________________________________________________________________________
activation_14 (Activation)      (None, 16, 16, 32)   0           batch_normalization_14[0][0]     
__________________________________________________________________________________________________
binary_conv2d_16 (BinaryConv2D) (None, 16, 16, 32)   9248        activation_14[0][0]              
__________________________________________________________________________________________________
batch_normalization_15 (BatchNo (None, 16, 16, 32)   128         binary_conv2d_16[0][0]           
__________________________________________________________________________________________________
add_7 (Add)                     (None, 16, 16, 32)   0           activation_13[0][0]              
                                                                 batch_normalization_15[0][0]     
__________________________________________________________________________________________________
activation_15 (Activation)      (None, 16, 16, 32)   0           add_7[0][0]                      
__________________________________________________________________________________________________
binary_conv2d_17 (BinaryConv2D) (None, 16, 16, 32)   9248        activation_15[0][0]              
__________________________________________________________________________________________________
batch_normalization_16 (BatchNo (None, 16, 16, 32)   128         binary_conv2d_17[0][0]           
__________________________________________________________________________________________________
activation_16 (Activation)      (None, 16, 16, 32)   0           batch_normalization_16[0][0]     
__________________________________________________________________________________________________
binary_conv2d_18 (BinaryConv2D) (None, 16, 16, 32)   9248        activation_16[0][0]              
__________________________________________________________________________________________________
batch_normalization_17 (BatchNo (None, 16, 16, 32)   128         binary_conv2d_18[0][0]           
__________________________________________________________________________________________________
add_8 (Add)                     (None, 16, 16, 32)   0           activation_15[0][0]              
                                                                 batch_normalization_17[0][0]     
__________________________________________________________________________________________________
activation_17 (Activation)      (None, 16, 16, 32)   0           add_8[0][0]                      
__________________________________________________________________________________________________
binary_conv2d_19 (BinaryConv2D) (None, 16, 16, 32)   9248        activation_17[0][0]              
__________________________________________________________________________________________________
batch_normalization_18 (BatchNo (None, 16, 16, 32)   128         binary_conv2d_19[0][0]           
__________________________________________________________________________________________________
activation_18 (Activation)      (None, 16, 16, 32)   0           batch_normalization_18[0][0]     
__________________________________________________________________________________________________
binary_conv2d_20 (BinaryConv2D) (None, 16, 16, 32)   9248        activation_18[0][0]              
__________________________________________________________________________________________________
batch_normalization_19 (BatchNo (None, 16, 16, 32)   128         binary_conv2d_20[0][0]           
__________________________________________________________________________________________________
add_9 (Add)                     (None, 16, 16, 32)   0           activation_17[0][0]              
                                                                 batch_normalization_19[0][0]     
__________________________________________________________________________________________________
activation_19 (Activation)      (None, 16, 16, 32)   0           add_9[0][0]                      
__________________________________________________________________________________________________
binary_conv2d_21 (BinaryConv2D) (None, 16, 16, 32)   9248        activation_19[0][0]              
__________________________________________________________________________________________________
batch_normalization_20 (BatchNo (None, 16, 16, 32)   128         binary_conv2d_21[0][0]           
__________________________________________________________________________________________________
activation_20 (Activation)      (None, 16, 16, 32)   0           batch_normalization_20[0][0]     
__________________________________________________________________________________________________
binary_conv2d_22 (BinaryConv2D) (None, 16, 16, 32)   9248        activation_20[0][0]              
__________________________________________________________________________________________________
batch_normalization_21 (BatchNo (None, 16, 16, 32)   128         binary_conv2d_22[0][0]           
__________________________________________________________________________________________________
add_10 (Add)                    (None, 16, 16, 32)   0           activation_19[0][0]              
                                                                 batch_normalization_21[0][0]     
__________________________________________________________________________________________________
activation_21 (Activation)      (None, 16, 16, 32)   0           add_10[0][0]                     
__________________________________________________________________________________________________
binary_conv2d_23 (BinaryConv2D) (None, 8, 8, 64)     18496       activation_21[0][0]              
__________________________________________________________________________________________________
batch_normalization_22 (BatchNo (None, 8, 8, 64)     256         binary_conv2d_23[0][0]           
__________________________________________________________________________________________________
activation_22 (Activation)      (None, 8, 8, 64)     0           batch_normalization_22[0][0]     
__________________________________________________________________________________________________
binary_conv2d_24 (BinaryConv2D) (None, 8, 8, 64)     36928       activation_22[0][0]              
__________________________________________________________________________________________________
binary_conv2d_25 (BinaryConv2D) (None, 8, 8, 64)     2112        activation_21[0][0]              
__________________________________________________________________________________________________
batch_normalization_23 (BatchNo (None, 8, 8, 64)     256         binary_conv2d_24[0][0]           
__________________________________________________________________________________________________
add_11 (Add)                    (None, 8, 8, 64)     0           binary_conv2d_25[0][0]           
                                                                 batch_normalization_23[0][0]     
__________________________________________________________________________________________________
activation_23 (Activation)      (None, 8, 8, 64)     0           add_11[0][0]                     
__________________________________________________________________________________________________
binary_conv2d_26 (BinaryConv2D) (None, 8, 8, 64)     36928       activation_23[0][0]              
__________________________________________________________________________________________________
batch_normalization_24 (BatchNo (None, 8, 8, 64)     256         binary_conv2d_26[0][0]           
__________________________________________________________________________________________________
activation_24 (Activation)      (None, 8, 8, 64)     0           batch_normalization_24[0][0]     
__________________________________________________________________________________________________
binary_conv2d_27 (BinaryConv2D) (None, 8, 8, 64)     36928       activation_24[0][0]              
__________________________________________________________________________________________________
batch_normalization_25 (BatchNo (None, 8, 8, 64)     256         binary_conv2d_27[0][0]           
__________________________________________________________________________________________________
add_12 (Add)                    (None, 8, 8, 64)     0           activation_23[0][0]              
                                                                 batch_normalization_25[0][0]     
__________________________________________________________________________________________________
activation_25 (Activation)      (None, 8, 8, 64)     0           add_12[0][0]                     
__________________________________________________________________________________________________
binary_conv2d_28 (BinaryConv2D) (None, 8, 8, 64)     36928       activation_25[0][0]              
__________________________________________________________________________________________________
batch_normalization_26 (BatchNo (None, 8, 8, 64)     256         binary_conv2d_28[0][0]           
__________________________________________________________________________________________________
activation_26 (Activation)      (None, 8, 8, 64)     0           batch_normalization_26[0][0]     
__________________________________________________________________________________________________
binary_conv2d_29 (BinaryConv2D) (None, 8, 8, 64)     36928       activation_26[0][0]              
__________________________________________________________________________________________________
batch_normalization_27 (BatchNo (None, 8, 8, 64)     256         binary_conv2d_29[0][0]           
__________________________________________________________________________________________________
add_13 (Add)                    (None, 8, 8, 64)     0           activation_25[0][0]              
                                                                 batch_normalization_27[0][0]     
__________________________________________________________________________________________________
activation_27 (Activation)      (None, 8, 8, 64)     0           add_13[0][0]                     
__________________________________________________________________________________________________
binary_conv2d_30 (BinaryConv2D) (None, 8, 8, 64)     36928       activation_27[0][0]              
__________________________________________________________________________________________________
batch_normalization_28 (BatchNo (None, 8, 8, 64)     256         binary_conv2d_30[0][0]           
__________________________________________________________________________________________________
activation_28 (Activation)      (None, 8, 8, 64)     0           batch_normalization_28[0][0]     
__________________________________________________________________________________________________
binary_conv2d_31 (BinaryConv2D) (None, 8, 8, 64)     36928       activation_28[0][0]              
__________________________________________________________________________________________________
batch_normalization_29 (BatchNo (None, 8, 8, 64)     256         binary_conv2d_31[0][0]           
__________________________________________________________________________________________________
add_14 (Add)                    (None, 8, 8, 64)     0           activation_27[0][0]              
                                                                 batch_normalization_29[0][0]     
__________________________________________________________________________________________________
activation_29 (Activation)      (None, 8, 8, 64)     0           add_14[0][0]                     
__________________________________________________________________________________________________
binary_conv2d_32 (BinaryConv2D) (None, 8, 8, 64)     36928       activation_29[0][0]              
__________________________________________________________________________________________________
batch_normalization_30 (BatchNo (None, 8, 8, 64)     256         binary_conv2d_32[0][0]           
__________________________________________________________________________________________________
activation_30 (Activation)      (None, 8, 8, 64)     0           batch_normalization_30[0][0]     
__________________________________________________________________________________________________
binary_conv2d_33 (BinaryConv2D) (None, 8, 8, 64)     36928       activation_30[0][0]              
__________________________________________________________________________________________________
batch_normalization_31 (BatchNo (None, 8, 8, 64)     256         binary_conv2d_33[0][0]           
__________________________________________________________________________________________________
add_15 (Add)                    (None, 8, 8, 64)     0           activation_29[0][0]              
                                                                 batch_normalization_31[0][0]     
__________________________________________________________________________________________________
activation_31 (Activation)      (None, 8, 8, 64)     0           add_15[0][0]                     
__________________________________________________________________________________________________
average_pooling2d_1 (AveragePoo (None, 1, 1, 64)     0           activation_31[0][0]              
__________________________________________________________________________________________________
flatten_1 (Flatten)             (None, 64)           0           average_pooling2d_1[0][0]        
__________________________________________________________________________________________________
binary_dense_2 (BinaryDense)    (None, 10)           650         flatten_1[0][0]                  
==================================================================================================
Total params: 470,218
Trainable params: 467,946
Non-trainable params: 2,272
__________________________________________________________________________________________________
loading data

Loading CIFAR-10 dataset...
(45000, 32, 32, 3)
setting up the network and creating callbacks

Learning rate:  0.001
compiling the network

No weights preloaded, training from scratch

(re)training the network

Train on 45000 samples, validate on 5000 samples
Learning rate:  0.001
Epoch 1/200

Epoch 00001: val_acc improved from -inf to 0.10120, saving model to ./weights/RESNET_CIFAR-10_qbnn_2b_4b_5.hdf5
 - 47s - loss: 17.8505 - acc: 0.1001 - val_loss: 17.7924 - val_acc: 0.1012
Learning rate:  0.001
Epoch 2/200

Epoch 00002: val_acc did not improve
 - 37s - loss: 17.7590 - acc: 0.0990 - val_loss: 17.7521 - val_acc: 0.0956
Learning rate:  0.001
Epoch 3/200

Epoch 00003: val_acc improved from 0.10120 to 0.10400, saving model to ./weights/RESNET_CIFAR-10_qbnn_2b_4b_5.hdf5
 - 38s - loss: 17.7174 - acc: 0.1009 - val_loss: 17.6956 - val_acc: 0.1040
Learning rate:  0.001
Epoch 4/200

Epoch 00004: val_acc did not improve
 - 37s - loss: 17.6804 - acc: 0.1014 - val_loss: 17.6660 - val_acc: 0.0954
Learning rate:  0.001
Epoch 5/200

Epoch 00005: val_acc improved from 0.10400 to 0.10540, saving model to ./weights/RESNET_CIFAR-10_qbnn_2b_4b_5.hdf5
 - 38s - loss: 17.6406 - acc: 0.0996 - val_loss: 17.6147 - val_acc: 0.1054
Learning rate:  0.001
Epoch 6/200

Epoch 00006: val_acc did not improve
 - 37s - loss: 17.5951 - acc: 0.0984 - val_loss: 17.5783 - val_acc: 0.0966
Learning rate:  0.001
Epoch 7/200

Epoch 00007: val_acc did not improve
 - 37s - loss: 17.5567 - acc: 0.1001 - val_loss: 17.5354 - val_acc: 0.0966
Learning rate:  0.001
Epoch 8/200

Epoch 00008: val_acc did not improve
 - 37s - loss: 17.5142 - acc: 0.0986 - val_loss: 17.4839 - val_acc: 0.0958
Learning rate:  0.001
Epoch 9/200

Epoch 00009: val_acc did not improve
 - 38s - loss: 17.4629 - acc: 0.0972 - val_loss: 17.4376 - val_acc: 0.0970
Learning rate:  0.001
Epoch 10/200

Epoch 00010: val_acc did not improve
 - 37s - loss: 17.4194 - acc: 0.1007 - val_loss: 17.3882 - val_acc: 0.0984
Learning rate:  0.001
Epoch 11/200

Epoch 00011: val_acc did not improve
 - 38s - loss: 17.3751 - acc: 0.1026 - val_loss: 17.3448 - val_acc: 0.0976
Learning rate:  0.001
Epoch 12/200

Epoch 00012: val_acc did not improve
 - 37s - loss: 17.3255 - acc: 0.1006 - val_loss: 17.3041 - val_acc: 0.1004
Learning rate:  0.001
Epoch 13/200

Epoch 00013: val_acc did not improve
 - 37s - loss: 17.2778 - acc: 0.0988 - val_loss: 17.2440 - val_acc: 0.0988
Learning rate:  0.001
Epoch 14/200

Epoch 00014: val_acc did not improve
 - 37s - loss: 17.2262 - acc: 0.1000 - val_loss: 17.2112 - val_acc: 0.0962
Learning rate:  0.001
Epoch 15/200

Epoch 00015: val_acc did not improve
 - 38s - loss: 17.1720 - acc: 0.1017 - val_loss: 17.1382 - val_acc: 0.0976
Learning rate:  0.001
Epoch 16/200

Epoch 00016: val_acc did not improve
 - 37s - loss: 17.1107 - acc: 0.1006 - val_loss: 17.0868 - val_acc: 0.0968
Learning rate:  0.001
Epoch 17/200

Epoch 00017: val_acc did not improve
 - 37s - loss: 17.0500 - acc: 0.1012 - val_loss: 17.0362 - val_acc: 0.0958
Learning rate:  0.001
Epoch 18/200

Epoch 00018: val_acc did not improve
 - 37s - loss: 16.9938 - acc: 0.1001 - val_loss: 16.9689 - val_acc: 0.1018
Learning rate:  0.001
Epoch 19/200

Epoch 00019: val_acc did not improve
 - 37s - loss: 16.9302 - acc: 0.1004 - val_loss: 16.9007 - val_acc: 0.1002
Learning rate:  0.001
Epoch 20/200

Epoch 00020: val_acc did not improve
 - 37s - loss: 16.8680 - acc: 0.0995 - val_loss: 16.8421 - val_acc: 0.0962
Learning rate:  0.001
Epoch 21/200

Epoch 00021: val_acc did not improve
 - 37s - loss: 16.8060 - acc: 0.0995 - val_loss: 16.7767 - val_acc: 0.0974
Learning rate:  0.001
Epoch 22/200

Epoch 00022: val_acc improved from 0.10540 to 0.10580, saving model to ./weights/RESNET_CIFAR-10_qbnn_2b_4b_5.hdf5
 - 38s - loss: 16.7365 - acc: 0.0996 - val_loss: 16.6959 - val_acc: 0.1058
Learning rate:  0.001
Epoch 23/200

Epoch 00023: val_acc did not improve
 - 37s - loss: 16.6679 - acc: 0.0973 - val_loss: 16.6356 - val_acc: 0.1002
Learning rate:  0.001
Epoch 24/200

Epoch 00024: val_acc did not improve
 - 37s - loss: 16.5950 - acc: 0.1000 - val_loss: 16.5625 - val_acc: 0.1056
Learning rate:  0.001
Epoch 25/200

Epoch 00025: val_acc did not improve
 - 37s - loss: 16.5219 - acc: 0.1006 - val_loss: 16.4856 - val_acc: 0.1038
Learning rate:  0.001
Epoch 26/200

Epoch 00026: val_acc did not improve
 - 38s - loss: 16.4496 - acc: 0.1000 - val_loss: 16.4229 - val_acc: 0.1004
Learning rate:  0.001
Epoch 27/200

Epoch 00027: val_acc did not improve
 - 37s - loss: 16.3760 - acc: 0.1014 - val_loss: 16.3391 - val_acc: 0.0946
Learning rate:  0.001
Epoch 28/200

Epoch 00028: val_acc did not improve
 - 37s - loss: 16.3044 - acc: 0.0963 - val_loss: 16.2777 - val_acc: 0.0984
Learning rate:  0.001
Epoch 29/200

Epoch 00029: val_acc did not improve
 - 37s - loss: 16.2263 - acc: 0.1005 - val_loss: 16.1909 - val_acc: 0.0952
Learning rate:  0.001
Epoch 30/200

Epoch 00030: val_acc did not improve
 - 37s - loss: 16.1500 - acc: 0.1011 - val_loss: 16.1158 - val_acc: 0.0978
Learning rate:  0.001
Epoch 31/200

Epoch 00031: val_acc did not improve
 - 37s - loss: 16.0757 - acc: 0.1018 - val_loss: 16.0563 - val_acc: 0.0966
Learning rate:  0.001
Epoch 32/200

Epoch 00032: val_acc did not improve
 - 37s - loss: 16.0014 - acc: 0.0987 - val_loss: 15.9577 - val_acc: 0.1042
Learning rate:  0.001
Epoch 33/200

Epoch 00033: val_acc did not improve
 - 37s - loss: 15.9194 - acc: 0.0985 - val_loss: 15.8842 - val_acc: 0.0970
Learning rate:  0.001
Epoch 34/200

Epoch 00034: val_acc did not improve
 - 37s - loss: 15.8398 - acc: 0.0998 - val_loss: 15.8132 - val_acc: 0.0968
Learning rate:  0.001
Epoch 35/200

Epoch 00035: val_acc did not improve
 - 37s - loss: 15.7609 - acc: 0.0995 - val_loss: 15.7170 - val_acc: 0.0994
Learning rate:  0.001
Epoch 36/200

Epoch 00036: val_acc did not improve
 - 37s - loss: 15.6794 - acc: 0.1000 - val_loss: 15.6404 - val_acc: 0.0992
Learning rate:  0.001
Epoch 37/200

Epoch 00037: val_acc did not improve
 - 37s - loss: 15.5998 - acc: 0.1013 - val_loss: 15.5608 - val_acc: 0.1044
Learning rate:  0.001
Epoch 38/200

Epoch 00038: val_acc did not improve
 - 38s - loss: 15.5204 - acc: 0.0996 - val_loss: 15.4801 - val_acc: 0.0994
Learning rate:  0.001
Epoch 39/200

Epoch 00039: val_acc did not improve
 - 37s - loss: 15.4414 - acc: 0.1018 - val_loss: 15.4033 - val_acc: 0.0992
Learning rate:  0.001
Epoch 40/200

Epoch 00040: val_acc did not improve
 - 37s - loss: 15.3655 - acc: 0.0999 - val_loss: 15.3253 - val_acc: 0.1010
Learning rate:  0.001
Epoch 41/200

Epoch 00041: val_acc did not improve
 - 37s - loss: 15.2839 - acc: 0.0992 - val_loss: 15.2432 - val_acc: 0.0988
Learning rate:  0.001
Epoch 42/200

Epoch 00042: val_acc did not improve
 - 37s - loss: 15.2048 - acc: 0.0999 - val_loss: 15.1646 - val_acc: 0.1010
Learning rate:  0.001
Epoch 43/200

Epoch 00043: val_acc did not improve
 - 37s - loss: 15.1302 - acc: 0.0996 - val_loss: 15.0870 - val_acc: 0.0970
Learning rate:  0.001
Epoch 44/200

Epoch 00044: val_acc did not improve
 - 37s - loss: 15.0548 - acc: 0.0979 - val_loss: 15.0288 - val_acc: 0.0980
Learning rate:  0.001
Epoch 45/200

Epoch 00045: val_acc did not improve
 - 37s - loss: 14.9752 - acc: 0.0988 - val_loss: 14.9371 - val_acc: 0.1030
Learning rate:  0.001
Epoch 46/200

Epoch 00046: val_acc did not improve
 - 37s - loss: 14.8943 - acc: 0.1013 - val_loss: 14.8527 - val_acc: 0.0958
Learning rate:  0.001
Epoch 47/200

Epoch 00047: val_acc did not improve
 - 37s - loss: 14.8198 - acc: 0.1008 - val_loss: 14.7749 - val_acc: 0.1054
Learning rate:  0.001
Epoch 48/200

Epoch 00048: val_acc did not improve
 - 37s - loss: 14.7424 - acc: 0.1024 - val_loss: 14.7044 - val_acc: 0.1014
Learning rate:  0.001
Epoch 49/200

Epoch 00049: val_acc did not improve
 - 37s - loss: 14.6682 - acc: 0.1059 - val_loss: 14.6498 - val_acc: 0.1012
Learning rate:  0.001
Epoch 50/200

Epoch 00050: val_acc improved from 0.10580 to 0.17200, saving model to ./weights/RESNET_CIFAR-10_qbnn_2b_4b_5.hdf5
 - 38s - loss: 14.5709 - acc: 0.1391 - val_loss: 14.5053 - val_acc: 0.1720
Learning rate:  0.001
Epoch 51/200

Epoch 00051: val_acc improved from 0.17200 to 0.19900, saving model to ./weights/RESNET_CIFAR-10_qbnn_2b_4b_5.hdf5
 - 38s - loss: 14.4526 - acc: 0.1808 - val_loss: 14.4058 - val_acc: 0.1990
Learning rate:  0.001
Epoch 52/200

Epoch 00052: val_acc improved from 0.19900 to 0.21300, saving model to ./weights/RESNET_CIFAR-10_qbnn_2b_4b_5.hdf5
 - 38s - loss: 14.3690 - acc: 0.2056 - val_loss: 14.3345 - val_acc: 0.2130
Learning rate:  0.001
Epoch 53/200

Epoch 00053: val_acc improved from 0.21300 to 0.21600, saving model to ./weights/RESNET_CIFAR-10_qbnn_2b_4b_5.hdf5
 - 38s - loss: 14.3051 - acc: 0.2155 - val_loss: 14.2789 - val_acc: 0.2160
Learning rate:  0.001
Epoch 54/200

Epoch 00054: val_acc improved from 0.21600 to 0.22160, saving model to ./weights/RESNET_CIFAR-10_qbnn_2b_4b_5.hdf5
 - 38s - loss: 14.2536 - acc: 0.2251 - val_loss: 14.2455 - val_acc: 0.2216
Learning rate:  0.001
Epoch 55/200

Epoch 00055: val_acc improved from 0.22160 to 0.23820, saving model to ./weights/RESNET_CIFAR-10_qbnn_2b_4b_5.hdf5
 - 38s - loss: 14.2082 - acc: 0.2308 - val_loss: 14.1798 - val_acc: 0.2382
Learning rate:  0.001
Epoch 56/200

Epoch 00056: val_acc did not improve
 - 37s - loss: 14.1474 - acc: 0.2471 - val_loss: 14.1570 - val_acc: 0.2296
Learning rate:  0.001
Epoch 57/200

Epoch 00057: val_acc improved from 0.23820 to 0.23960, saving model to ./weights/RESNET_CIFAR-10_qbnn_2b_4b_5.hdf5
 - 38s - loss: 14.0974 - acc: 0.2574 - val_loss: 14.1308 - val_acc: 0.2396
Learning rate:  0.001
Epoch 58/200

Epoch 00058: val_acc improved from 0.23960 to 0.26340, saving model to ./weights/RESNET_CIFAR-10_qbnn_2b_4b_5.hdf5
 - 38s - loss: 14.0533 - acc: 0.2692 - val_loss: 14.0592 - val_acc: 0.2634
Learning rate:  0.001
Epoch 59/200

Epoch 00059: val_acc improved from 0.26340 to 0.26960, saving model to ./weights/RESNET_CIFAR-10_qbnn_2b_4b_5.hdf5
 - 38s - loss: 14.0144 - acc: 0.2794 - val_loss: 14.0241 - val_acc: 0.2696
Learning rate:  0.001
Epoch 60/200

Epoch 00060: val_acc improved from 0.26960 to 0.27400, saving model to ./weights/RESNET_CIFAR-10_qbnn_2b_4b_5.hdf5
 - 38s - loss: 13.9735 - acc: 0.2885 - val_loss: 13.9924 - val_acc: 0.2740
Learning rate:  0.001
Epoch 61/200

Epoch 00061: val_acc improved from 0.27400 to 0.30520, saving model to ./weights/RESNET_CIFAR-10_qbnn_2b_4b_5.hdf5
 - 38s - loss: 13.9394 - acc: 0.2932 - val_loss: 13.9258 - val_acc: 0.3052
Learning rate:  0.001
Epoch 62/200

Epoch 00062: val_acc did not improve
 - 37s - loss: 13.9014 - acc: 0.2991 - val_loss: 13.8892 - val_acc: 0.2996
Learning rate:  0.001
Epoch 63/200

Epoch 00063: val_acc did not improve
 - 38s - loss: 13.8666 - acc: 0.3068 - val_loss: 13.8465 - val_acc: 0.3050
Learning rate:  0.001
Epoch 64/200

Epoch 00064: val_acc improved from 0.30520 to 0.31540, saving model to ./weights/RESNET_CIFAR-10_qbnn_2b_4b_5.hdf5
 - 38s - loss: 13.8281 - acc: 0.3124 - val_loss: 13.8160 - val_acc: 0.3154
Learning rate:  0.001
Epoch 65/200

Epoch 00065: val_acc did not improve
 - 37s - loss: 13.8035 - acc: 0.3149 - val_loss: 13.8343 - val_acc: 0.2952
Learning rate:  0.001
Epoch 66/200

Epoch 00066: val_acc did not improve
 - 37s - loss: 13.7793 - acc: 0.3186 - val_loss: 13.7957 - val_acc: 0.3090
Learning rate:  0.001
Epoch 67/200

Epoch 00067: val_acc did not improve
 - 37s - loss: 13.7503 - acc: 0.3259 - val_loss: 13.7521 - val_acc: 0.3110
Learning rate:  0.001
Epoch 68/200

Epoch 00068: val_acc did not improve
 - 37s - loss: 13.7231 - acc: 0.3279 - val_loss: 13.7598 - val_acc: 0.3086
Learning rate:  0.001
Epoch 69/200

Epoch 00069: val_acc improved from 0.31540 to 0.32360, saving model to ./weights/RESNET_CIFAR-10_qbnn_2b_4b_5.hdf5
 - 38s - loss: 13.6974 - acc: 0.3347 - val_loss: 13.7095 - val_acc: 0.3236
Learning rate:  0.001
Epoch 70/200

Epoch 00070: val_acc did not improve
 - 37s - loss: 13.6737 - acc: 0.3388 - val_loss: 13.6916 - val_acc: 0.3236
Learning rate:  0.001
Epoch 71/200

Epoch 00071: val_acc did not improve
 - 37s - loss: 13.6549 - acc: 0.3420 - val_loss: 13.6706 - val_acc: 0.3230
Learning rate:  0.001
Epoch 72/200

Epoch 00072: val_acc improved from 0.32360 to 0.33780, saving model to ./weights/RESNET_CIFAR-10_qbnn_2b_4b_5.hdf5
 - 38s - loss: 13.6243 - acc: 0.3472 - val_loss: 13.6499 - val_acc: 0.3378
Learning rate:  0.001
Epoch 73/200

Epoch 00073: val_acc did not improve
 - 37s - loss: 13.6034 - acc: 0.3498 - val_loss: 13.6499 - val_acc: 0.3320
Learning rate:  0.001
Epoch 74/200

Epoch 00074: val_acc improved from 0.33780 to 0.34660, saving model to ./weights/RESNET_CIFAR-10_qbnn_2b_4b_5.hdf5
 - 38s - loss: 13.5762 - acc: 0.3532 - val_loss: 13.5843 - val_acc: 0.3466
Learning rate:  0.001
Epoch 75/200

Epoch 00075: val_acc improved from 0.34660 to 0.35800, saving model to ./weights/RESNET_CIFAR-10_qbnn_2b_4b_5.hdf5
 - 38s - loss: 13.5477 - acc: 0.3610 - val_loss: 13.5696 - val_acc: 0.3580
Learning rate:  0.001
Epoch 76/200

Epoch 00076: val_acc improved from 0.35800 to 0.36160, saving model to ./weights/RESNET_CIFAR-10_qbnn_2b_4b_5.hdf5
 - 38s - loss: 13.5253 - acc: 0.3652 - val_loss: 13.5472 - val_acc: 0.3616
Learning rate:  0.001
Epoch 77/200

Epoch 00077: val_acc did not improve
 - 37s - loss: 13.5076 - acc: 0.3684 - val_loss: 13.6108 - val_acc: 0.3238
Learning rate:  0.001
Epoch 78/200

Epoch 00078: val_acc did not improve
 - 37s - loss: 13.4784 - acc: 0.3756 - val_loss: 13.5274 - val_acc: 0.3562
Learning rate:  0.001
Epoch 79/200

Epoch 00079: val_acc did not improve
 - 37s - loss: 13.4537 - acc: 0.3799 - val_loss: 13.5317 - val_acc: 0.3534
Learning rate:  0.001
Epoch 80/200

Epoch 00080: val_acc improved from 0.36160 to 0.38000, saving model to ./weights/RESNET_CIFAR-10_qbnn_2b_4b_5.hdf5
 - 38s - loss: 13.4284 - acc: 0.3857 - val_loss: 13.4519 - val_acc: 0.3800
Learning rate:  0.001
Epoch 81/200

Epoch 00081: val_acc did not improve
 - 37s - loss: 13.4001 - acc: 0.3929 - val_loss: 13.4247 - val_acc: 0.3792
Learning rate:  0.0001
Epoch 82/200

Epoch 00082: val_acc improved from 0.38000 to 0.40100, saving model to ./weights/RESNET_CIFAR-10_qbnn_2b_4b_5.hdf5
 - 38s - loss: 13.3703 - acc: 0.4018 - val_loss: 13.3750 - val_acc: 0.4010
Learning rate:  0.0001
Epoch 83/200

Epoch 00083: val_acc did not improve
 - 37s - loss: 13.3649 - acc: 0.4035 - val_loss: 13.3882 - val_acc: 0.3928
Learning rate:  0.0001
Epoch 84/200

Epoch 00084: val_acc did not improve
 - 37s - loss: 13.3569 - acc: 0.4040 - val_loss: 13.3692 - val_acc: 0.4010
Learning rate:  0.0001
Epoch 85/200

Epoch 00085: val_acc improved from 0.40100 to 0.40220, saving model to ./weights/RESNET_CIFAR-10_qbnn_2b_4b_5.hdf5
 - 38s - loss: 13.3561 - acc: 0.4063 - val_loss: 13.3609 - val_acc: 0.4022
Learning rate:  0.0001
Epoch 86/200

Epoch 00086: val_acc did not improve
 - 37s - loss: 13.3534 - acc: 0.4051 - val_loss: 13.3622 - val_acc: 0.3934
Learning rate:  0.0001
Epoch 87/200

Epoch 00087: val_acc did not improve
 - 37s - loss: 13.3470 - acc: 0.4096 - val_loss: 13.3647 - val_acc: 0.3980
Learning rate:  0.0001
Epoch 88/200

Epoch 00088: val_acc did not improve
 - 37s - loss: 13.3454 - acc: 0.4065 - val_loss: 13.3917 - val_acc: 0.3964
Learning rate:  0.0001
Epoch 89/200

Epoch 00089: val_acc improved from 0.40220 to 0.40300, saving model to ./weights/RESNET_CIFAR-10_qbnn_2b_4b_5.hdf5
 - 38s - loss: 13.3415 - acc: 0.4074 - val_loss: 13.3564 - val_acc: 0.4030
Learning rate:  0.0001
Epoch 90/200

Epoch 00090: val_acc improved from 0.40300 to 0.41280, saving model to ./weights/RESNET_CIFAR-10_qbnn_2b_4b_5.hdf5
 - 38s - loss: 13.3362 - acc: 0.4101 - val_loss: 13.3399 - val_acc: 0.4128
Learning rate:  0.0001
Epoch 91/200

Epoch 00091: val_acc did not improve
 - 37s - loss: 13.3290 - acc: 0.4124 - val_loss: 13.3433 - val_acc: 0.4054
Learning rate:  0.0001
Epoch 92/200

Epoch 00092: val_acc did not improve
 - 37s - loss: 13.3289 - acc: 0.4113 - val_loss: 13.3549 - val_acc: 0.3942
Learning rate:  0.0001
Epoch 93/200

Epoch 00093: val_acc did not improve
 - 37s - loss: 13.3246 - acc: 0.4121 - val_loss: 13.3611 - val_acc: 0.4022
Learning rate:  0.0001
Epoch 94/200

Epoch 00094: val_acc did not improve
 - 38s - loss: 13.3199 - acc: 0.4125 - val_loss: 13.3453 - val_acc: 0.4046
Learning rate:  0.0001
Epoch 95/200

Epoch 00095: val_acc did not improve
 - 37s - loss: 13.3140 - acc: 0.4139 - val_loss: 13.3350 - val_acc: 0.4030
Learning rate:  0.0001
Epoch 96/200

Epoch 00096: val_acc did not improve
 - 37s - loss: 13.3128 - acc: 0.4138 - val_loss: 13.3328 - val_acc: 0.4060
Learning rate:  0.0001
Epoch 97/200

Epoch 00097: val_acc improved from 0.41280 to 0.41680, saving model to ./weights/RESNET_CIFAR-10_qbnn_2b_4b_5.hdf5
 - 38s - loss: 13.3094 - acc: 0.4148 - val_loss: 13.3288 - val_acc: 0.4168
Learning rate:  0.0001
Epoch 98/200

Epoch 00098: val_acc did not improve
 - 37s - loss: 13.3028 - acc: 0.4161 - val_loss: 13.3848 - val_acc: 0.3818
Learning rate:  0.0001
Epoch 99/200

Epoch 00099: val_acc did not improve
 - 37s - loss: 13.3030 - acc: 0.4164 - val_loss: 13.3273 - val_acc: 0.4010
Learning rate:  0.0001
Epoch 100/200

Epoch 00100: val_acc did not improve
 - 37s - loss: 13.2963 - acc: 0.4158 - val_loss: 13.3314 - val_acc: 0.4050
Learning rate:  0.0001
Epoch 101/200

Epoch 00101: val_acc did not improve
 - 37s - loss: 13.2929 - acc: 0.4184 - val_loss: 13.3387 - val_acc: 0.4014
Learning rate:  0.0001
Epoch 102/200

Epoch 00102: val_acc did not improve
 - 37s - loss: 13.2936 - acc: 0.4173 - val_loss: 13.3384 - val_acc: 0.4026
Learning rate:  0.0001
Epoch 103/200

Epoch 00103: val_acc did not improve
 - 37s - loss: 13.2841 - acc: 0.4218 - val_loss: 13.3383 - val_acc: 0.4004
Learning rate:  0.0001
Epoch 104/200

Epoch 00104: val_acc did not improve
 - 37s - loss: 13.2825 - acc: 0.4189 - val_loss: 13.3161 - val_acc: 0.4062
Learning rate:  0.0001
Epoch 105/200

Epoch 00105: val_acc did not improve
 - 37s - loss: 13.2823 - acc: 0.4214 - val_loss: 13.3042 - val_acc: 0.4104
Learning rate:  0.0001
Epoch 106/200

Epoch 00106: val_acc did not improve
 - 37s - loss: 13.2751 - acc: 0.4222 - val_loss: 13.3273 - val_acc: 0.4018
Learning rate:  0.0001
Epoch 107/200

Epoch 00107: val_acc did not improve
 - 37s - loss: 13.2685 - acc: 0.4254 - val_loss: 13.3201 - val_acc: 0.4072
Learning rate:  0.0001
Epoch 108/200

Epoch 00108: val_acc did not improve
 - 37s - loss: 13.2698 - acc: 0.4239 - val_loss: 13.4208 - val_acc: 0.3810
Learning rate:  0.0001
Epoch 109/200

Epoch 00109: val_acc did not improve
 - 37s - loss: 13.2658 - acc: 0.4227 - val_loss: 13.3085 - val_acc: 0.4084
Learning rate:  0.0001
Epoch 110/200

Epoch 00110: val_acc improved from 0.41680 to 0.42380, saving model to ./weights/RESNET_CIFAR-10_qbnn_2b_4b_5.hdf5
 - 38s - loss: 13.2612 - acc: 0.4253 - val_loss: 13.2840 - val_acc: 0.4238
Learning rate:  0.0001
Epoch 111/200

Epoch 00111: val_acc did not improve
 - 37s - loss: 13.2563 - acc: 0.4260 - val_loss: 13.3042 - val_acc: 0.4016
Learning rate:  0.0001
Epoch 112/200

Epoch 00112: val_acc did not improve
 - 37s - loss: 13.2589 - acc: 0.4252 - val_loss: 13.2851 - val_acc: 0.4172
Learning rate:  0.0001
Epoch 113/200

Epoch 00113: val_acc did not improve
 - 37s - loss: 13.2526 - acc: 0.4267 - val_loss: 13.3218 - val_acc: 0.4058
Learning rate:  0.0001
Epoch 114/200

Epoch 00114: val_acc did not improve
 - 37s - loss: 13.2484 - acc: 0.4257 - val_loss: 13.2663 - val_acc: 0.4148
Learning rate:  0.0001
Epoch 115/200

Epoch 00115: val_acc improved from 0.42380 to 0.42460, saving model to ./weights/RESNET_CIFAR-10_qbnn_2b_4b_5.hdf5
 - 38s - loss: 13.2420 - acc: 0.4281 - val_loss: 13.2646 - val_acc: 0.4246
Learning rate:  0.0001
Epoch 116/200

Epoch 00116: val_acc did not improve
 - 37s - loss: 13.2411 - acc: 0.4277 - val_loss: 13.3331 - val_acc: 0.3952
Learning rate:  0.0001
Epoch 117/200

Epoch 00117: val_acc did not improve
 - 37s - loss: 13.2389 - acc: 0.4298 - val_loss: 13.2951 - val_acc: 0.4062
Learning rate:  0.0001
Epoch 118/200

Epoch 00118: val_acc did not improve
 - 37s - loss: 13.2341 - acc: 0.4316 - val_loss: 13.2666 - val_acc: 0.4176
Learning rate:  0.0001
Epoch 119/200

Epoch 00119: val_acc did not improve
 - 37s - loss: 13.2360 - acc: 0.4277 - val_loss: 13.2777 - val_acc: 0.4102
Learning rate:  0.0001
Epoch 120/200

Epoch 00120: val_acc did not improve
 - 37s - loss: 13.2288 - acc: 0.4302 - val_loss: 13.2551 - val_acc: 0.4182
Learning rate:  0.0001
Epoch 121/200

Epoch 00121: val_acc did not improve
 - 37s - loss: 13.2244 - acc: 0.4332 - val_loss: 13.2584 - val_acc: 0.4206
Learning rate:  1e-05
Epoch 122/200

Epoch 00122: val_acc did not improve
 - 37s - loss: 13.2213 - acc: 0.4329 - val_loss: 13.2596 - val_acc: 0.4140
Learning rate:  1e-05
Epoch 123/200

Epoch 00123: val_acc improved from 0.42460 to 0.43640, saving model to ./weights/RESNET_CIFAR-10_qbnn_2b_4b_5.hdf5
 - 38s - loss: 13.2219 - acc: 0.4343 - val_loss: 13.2217 - val_acc: 0.4364
Learning rate:  1e-05
Epoch 124/200

Epoch 00124: val_acc did not improve
 - 37s - loss: 13.2189 - acc: 0.4359 - val_loss: 13.2712 - val_acc: 0.4238
Learning rate:  1e-05
Epoch 125/200

Epoch 00125: val_acc did not improve
 - 37s - loss: 13.2185 - acc: 0.4345 - val_loss: 13.2417 - val_acc: 0.4228
Learning rate:  1e-05
Epoch 126/200

Epoch 00126: val_acc did not improve
 - 37s - loss: 13.2183 - acc: 0.4352 - val_loss: 13.2371 - val_acc: 0.4244
Learning rate:  1e-05
Epoch 127/200

Epoch 00127: val_acc did not improve
 - 37s - loss: 13.2162 - acc: 0.4346 - val_loss: 13.2769 - val_acc: 0.4108
Learning rate:  1e-05
Epoch 128/200

Epoch 00128: val_acc did not improve
 - 38s - loss: 13.2172 - acc: 0.4357 - val_loss: 13.2284 - val_acc: 0.4276
Learning rate:  1e-05
Epoch 129/200

Epoch 00129: val_acc did not improve
 - 37s - loss: 13.2153 - acc: 0.4355 - val_loss: 13.2309 - val_acc: 0.4330
Learning rate:  1e-05
Epoch 130/200

Epoch 00130: val_acc did not improve
 - 37s - loss: 13.2183 - acc: 0.4357 - val_loss: 13.2298 - val_acc: 0.4300
Learning rate:  1e-05
Epoch 131/200

Epoch 00131: val_acc did not improve
 - 37s - loss: 13.2145 - acc: 0.4346 - val_loss: 13.2256 - val_acc: 0.4328
Learning rate:  1e-05
Epoch 132/200

Epoch 00132: val_acc did not improve
 - 37s - loss: 13.2158 - acc: 0.4357 - val_loss: 13.2382 - val_acc: 0.4272
Learning rate:  1e-05
Epoch 133/200

Epoch 00133: val_acc did not improve
 - 37s - loss: 13.2161 - acc: 0.4368 - val_loss: 13.2623 - val_acc: 0.4184
Learning rate:  1e-05
Epoch 134/200

Epoch 00134: val_acc did not improve
 - 37s - loss: 13.2146 - acc: 0.4350 - val_loss: 13.2402 - val_acc: 0.4196
Learning rate:  1e-05
Epoch 135/200

Epoch 00135: val_acc did not improve
 - 37s - loss: 13.2153 - acc: 0.4362 - val_loss: 13.2311 - val_acc: 0.4254
Learning rate:  1e-05
Epoch 136/200

Epoch 00136: val_acc did not improve
 - 37s - loss: 13.2131 - acc: 0.4336 - val_loss: 13.2246 - val_acc: 0.4290
Learning rate:  1e-05
Epoch 137/200

Epoch 00137: val_acc did not improve
 - 38s - loss: 13.2167 - acc: 0.4361 - val_loss: 13.3022 - val_acc: 0.4072
Learning rate:  1e-05
Epoch 138/200

Epoch 00138: val_acc did not improve
 - 37s - loss: 13.2120 - acc: 0.4385 - val_loss: 13.2330 - val_acc: 0.4276
Learning rate:  1e-05
Epoch 139/200

Epoch 00139: val_acc did not improve
 - 37s - loss: 13.2131 - acc: 0.4381 - val_loss: 13.2341 - val_acc: 0.4290
Learning rate:  1e-05
Epoch 140/200

Epoch 00140: val_acc did not improve
 - 38s - loss: 13.2114 - acc: 0.4381 - val_loss: 13.2456 - val_acc: 0.4260
Learning rate:  1e-05
Epoch 141/200

Epoch 00141: val_acc did not improve
 - 37s - loss: 13.2157 - acc: 0.4325 - val_loss: 13.2382 - val_acc: 0.4228
Learning rate:  1e-05
Epoch 142/200

Epoch 00142: val_acc did not improve
 - 37s - loss: 13.2148 - acc: 0.4354 - val_loss: 13.2616 - val_acc: 0.4196
Learning rate:  1e-05
Epoch 143/200

Epoch 00143: val_acc did not improve
 - 37s - loss: 13.2097 - acc: 0.4356 - val_loss: 13.2544 - val_acc: 0.4314
Learning rate:  1e-05
Epoch 144/200

Epoch 00144: val_acc did not improve
 - 37s - loss: 13.2145 - acc: 0.4370 - val_loss: 13.2361 - val_acc: 0.4272
Learning rate:  1e-05
Epoch 145/200

Epoch 00145: val_acc did not improve
 - 37s - loss: 13.2133 - acc: 0.4345 - val_loss: 13.2575 - val_acc: 0.4200
Learning rate:  1e-05
Epoch 146/200

Epoch 00146: val_acc did not improve
 - 37s - loss: 13.2110 - acc: 0.4365 - val_loss: 13.2415 - val_acc: 0.4248
Learning rate:  1e-05
Epoch 147/200

Epoch 00147: val_acc did not improve
 - 37s - loss: 13.2124 - acc: 0.4350 - val_loss: 13.2501 - val_acc: 0.4254
Learning rate:  1e-05
Epoch 148/200

Epoch 00148: val_acc did not improve
 - 37s - loss: 13.2109 - acc: 0.4381 - val_loss: 13.2676 - val_acc: 0.4148
Learning rate:  1e-05
Epoch 149/200

Epoch 00149: val_acc did not improve
 - 37s - loss: 13.2060 - acc: 0.4378 - val_loss: 13.2253 - val_acc: 0.4336
Learning rate:  1e-05
Epoch 150/200

Epoch 00150: val_acc did not improve
 - 38s - loss: 13.2085 - acc: 0.4393 - val_loss: 13.2248 - val_acc: 0.4302
Learning rate:  1e-05
Epoch 151/200

Epoch 00151: val_acc did not improve
 - 38s - loss: 13.2065 - acc: 0.4369 - val_loss: 13.2143 - val_acc: 0.4316
Learning rate:  1e-05
Epoch 152/200

Epoch 00152: val_acc did not improve
 - 37s - loss: 13.2108 - acc: 0.4380 - val_loss: 13.2345 - val_acc: 0.4340
Learning rate:  1e-05
Epoch 153/200

Epoch 00153: val_acc did not improve
 - 37s - loss: 13.2092 - acc: 0.4360 - val_loss: 13.2159 - val_acc: 0.4312
Learning rate:  1e-05
Epoch 154/200

Epoch 00154: val_acc did not improve
 - 37s - loss: 13.2057 - acc: 0.4398 - val_loss: 13.2504 - val_acc: 0.4232
Learning rate:  1e-05
Epoch 155/200

Epoch 00155: val_acc did not improve
 - 37s - loss: 13.2068 - acc: 0.4381 - val_loss: 13.2202 - val_acc: 0.4258
Learning rate:  1e-05
Epoch 156/200

Epoch 00156: val_acc did not improve
 - 37s - loss: 13.2135 - acc: 0.4339 - val_loss: 13.2893 - val_acc: 0.4034
Learning rate:  1e-05
Epoch 157/200

Epoch 00157: val_acc did not improve
 - 37s - loss: 13.2084 - acc: 0.4376 - val_loss: 13.2653 - val_acc: 0.4144
Learning rate:  1e-05
Epoch 158/200

Epoch 00158: val_acc did not improve
 - 37s - loss: 13.2116 - acc: 0.4351 - val_loss: 13.2601 - val_acc: 0.4266
Learning rate:  1e-05
Epoch 159/200

Epoch 00159: val_acc did not improve
 - 37s - loss: 13.2061 - acc: 0.4381 - val_loss: 13.2881 - val_acc: 0.4142
Learning rate:  1e-05
Epoch 160/200

Epoch 00160: val_acc did not improve
 - 37s - loss: 13.2068 - acc: 0.4373 - val_loss: 13.2339 - val_acc: 0.4360
Learning rate:  1e-05
Epoch 161/200

Epoch 00161: val_acc did not improve
 - 37s - loss: 13.2075 - acc: 0.4345 - val_loss: 13.2364 - val_acc: 0.4264
Learning rate:  1e-06
Epoch 162/200

Epoch 00162: val_acc did not improve
 - 37s - loss: 13.2062 - acc: 0.4357 - val_loss: 13.2426 - val_acc: 0.4224
Learning rate:  1e-06
Epoch 163/200

Epoch 00163: val_acc did not improve
 - 37s - loss: 13.2044 - acc: 0.4393 - val_loss: 13.2426 - val_acc: 0.4250
Learning rate:  1e-06
Epoch 164/200

Epoch 00164: val_acc did not improve
 - 38s - loss: 13.2032 - acc: 0.4386 - val_loss: 13.2399 - val_acc: 0.4174
Learning rate:  1e-06
Epoch 165/200

Epoch 00165: val_acc did not improve
 - 37s - loss: 13.2051 - acc: 0.4393 - val_loss: 13.2674 - val_acc: 0.4178
Learning rate:  1e-06
Epoch 166/200

Epoch 00166: val_acc did not improve
 - 37s - loss: 13.2050 - acc: 0.4397 - val_loss: 13.2174 - val_acc: 0.4286
Learning rate:  1e-06
Epoch 167/200

Epoch 00167: val_acc did not improve
 - 37s - loss: 13.2129 - acc: 0.4364 - val_loss: 13.2366 - val_acc: 0.4236
Learning rate:  1e-06
Epoch 168/200

Epoch 00168: val_acc did not improve
 - 37s - loss: 13.2031 - acc: 0.4382 - val_loss: 13.2317 - val_acc: 0.4286
Learning rate:  1e-06
Epoch 169/200

Epoch 00169: val_acc improved from 0.43640 to 0.44720, saving model to ./weights/RESNET_CIFAR-10_qbnn_2b_4b_5.hdf5
 - 38s - loss: 13.2030 - acc: 0.4393 - val_loss: 13.2128 - val_acc: 0.4472
Learning rate:  1e-06
Epoch 170/200

Epoch 00170: val_acc did not improve
 - 37s - loss: 13.2071 - acc: 0.4354 - val_loss: 13.3037 - val_acc: 0.4074
Learning rate:  1e-06
Epoch 171/200

Epoch 00171: val_acc did not improve
 - 37s - loss: 13.2059 - acc: 0.4402 - val_loss: 13.2306 - val_acc: 0.4310
Learning rate:  1e-06
Epoch 172/200

Epoch 00172: val_acc did not improve
 - 37s - loss: 13.2074 - acc: 0.4388 - val_loss: 13.2765 - val_acc: 0.4150
Learning rate:  1e-06
Epoch 173/200

Epoch 00173: val_acc did not improve
 - 37s - loss: 13.2062 - acc: 0.4382 - val_loss: 13.2471 - val_acc: 0.4270
Learning rate:  1e-06
Epoch 174/200

Epoch 00174: val_acc did not improve
 - 37s - loss: 13.2037 - acc: 0.4402 - val_loss: 13.2252 - val_acc: 0.4288
Learning rate:  1e-06
Epoch 175/200

Epoch 00175: val_acc did not improve
 - 37s - loss: 13.2089 - acc: 0.4348 - val_loss: 13.2522 - val_acc: 0.4218
Learning rate:  1e-06
Epoch 176/200

Epoch 00176: val_acc did not improve
 - 37s - loss: 13.2072 - acc: 0.4352 - val_loss: 13.2256 - val_acc: 0.4332
Learning rate:  1e-06
Epoch 177/200

Epoch 00177: val_acc did not improve
 - 37s - loss: 13.2035 - acc: 0.4362 - val_loss: 13.2235 - val_acc: 0.4262
Learning rate:  1e-06
Epoch 178/200

Epoch 00178: val_acc did not improve
 - 37s - loss: 13.2052 - acc: 0.4386 - val_loss: 13.2490 - val_acc: 0.4298
Learning rate:  1e-06
Epoch 179/200

Epoch 00179: val_acc did not improve
 - 37s - loss: 13.2044 - acc: 0.4384 - val_loss: 13.2431 - val_acc: 0.4250
Learning rate:  1e-06
Epoch 180/200

Epoch 00180: val_acc did not improve
 - 37s - loss: 13.2051 - acc: 0.4396 - val_loss: 13.2457 - val_acc: 0.4320
Learning rate:  1e-06
Epoch 181/200

Epoch 00181: val_acc did not improve
 - 37s - loss: 13.2048 - acc: 0.4385 - val_loss: 13.2948 - val_acc: 0.4116
Learning rate:  5e-07
Epoch 182/200

Epoch 00182: val_acc did not improve
 - 37s - loss: 13.2064 - acc: 0.4398 - val_loss: 13.2841 - val_acc: 0.4050
Learning rate:  5e-07
Epoch 183/200

Epoch 00183: val_acc did not improve
 - 37s - loss: 13.2063 - acc: 0.4388 - val_loss: 13.2319 - val_acc: 0.4338
Learning rate:  5e-07
Epoch 184/200

Epoch 00184: val_acc did not improve
 - 37s - loss: 13.2024 - acc: 0.4386 - val_loss: 13.2689 - val_acc: 0.4134
Learning rate:  5e-07
Epoch 185/200

Epoch 00185: val_acc did not improve
 - 37s - loss: 13.2058 - acc: 0.4382 - val_loss: 13.2245 - val_acc: 0.4340
Learning rate:  5e-07
Epoch 186/200

Epoch 00186: val_acc did not improve
 - 37s - loss: 13.2062 - acc: 0.4386 - val_loss: 13.2563 - val_acc: 0.4214
Learning rate:  5e-07
Epoch 187/200

Epoch 00187: val_acc did not improve
 - 37s - loss: 13.2040 - acc: 0.4382 - val_loss: 13.2591 - val_acc: 0.4210
Learning rate:  5e-07
Epoch 188/200

Epoch 00188: val_acc did not improve
 - 37s - loss: 13.2020 - acc: 0.4380 - val_loss: 13.2807 - val_acc: 0.4180
Learning rate:  5e-07
Epoch 189/200

Epoch 00189: val_acc did not improve
 - 37s - loss: 13.2032 - acc: 0.4399 - val_loss: 13.2562 - val_acc: 0.4244
Learning rate:  5e-07
Epoch 190/200

Epoch 00190: val_acc did not improve
 - 37s - loss: 13.2054 - acc: 0.4378 - val_loss: 13.2465 - val_acc: 0.4214
Learning rate:  5e-07
Epoch 191/200

Epoch 00191: val_acc did not improve
 - 37s - loss: 13.2028 - acc: 0.4388 - val_loss: 13.2565 - val_acc: 0.4220
Learning rate:  5e-07
Epoch 192/200

Epoch 00192: val_acc did not improve
 - 37s - loss: 13.2033 - acc: 0.4393 - val_loss: 13.2446 - val_acc: 0.4190
Learning rate:  5e-07
Epoch 193/200

Epoch 00193: val_acc did not improve
 - 37s - loss: 13.2024 - acc: 0.4398 - val_loss: 13.2531 - val_acc: 0.4150
Learning rate:  5e-07
Epoch 194/200

Epoch 00194: val_acc did not improve
 - 37s - loss: 13.2046 - acc: 0.4380 - val_loss: 13.2467 - val_acc: 0.4228
Learning rate:  5e-07
Epoch 195/200

Epoch 00195: val_acc did not improve
 - 37s - loss: 13.2028 - acc: 0.4387 - val_loss: 13.2191 - val_acc: 0.4256
Learning rate:  5e-07
Epoch 196/200

Epoch 00196: val_acc did not improve
 - 37s - loss: 13.2032 - acc: 0.4374 - val_loss: 13.3896 - val_acc: 0.3872
Learning rate:  5e-07
Epoch 197/200

Epoch 00197: val_acc did not improve
 - 37s - loss: 13.2026 - acc: 0.4377 - val_loss: 13.2739 - val_acc: 0.4160
Learning rate:  5e-07
Epoch 198/200

Epoch 00198: val_acc did not improve
 - 37s - loss: 13.2025 - acc: 0.4381 - val_loss: 13.2357 - val_acc: 0.4308
Learning rate:  5e-07
Epoch 199/200

Epoch 00199: val_acc did not improve
 - 37s - loss: 13.2074 - acc: 0.4364 - val_loss: 13.2421 - val_acc: 0.4234
Learning rate:  5e-07
Epoch 200/200

Epoch 00200: val_acc did not improve
 - 37s - loss: 13.2056 - acc: 0.4358 - val_loss: 13.3467 - val_acc: 0.3956
Done

