Construct the Network

__________________________________________________________________________________________________
Layer (type)                    Output Shape         Param #     Connected to                     
==================================================================================================
input_2 (InputLayer)            (None, 32, 32, 3)    0                                            
__________________________________________________________________________________________________
binary_conv2d_1 (BinaryConv2D)  (None, 32, 32, 16)   448         input_2[0][0]                    
__________________________________________________________________________________________________
batch_normalization_1 (BatchNor (None, 32, 32, 16)   64          binary_conv2d_1[0][0]            
__________________________________________________________________________________________________
leaky_re_lu_1 (LeakyReLU)       (None, 32, 32, 16)   0           batch_normalization_1[0][0]      
__________________________________________________________________________________________________
binary_conv2d_2 (BinaryConv2D)  (None, 32, 32, 16)   2320        leaky_re_lu_1[0][0]              
__________________________________________________________________________________________________
batch_normalization_2 (BatchNor (None, 32, 32, 16)   64          binary_conv2d_2[0][0]            
__________________________________________________________________________________________________
leaky_re_lu_2 (LeakyReLU)       (None, 32, 32, 16)   0           batch_normalization_2[0][0]      
__________________________________________________________________________________________________
binary_conv2d_3 (BinaryConv2D)  (None, 32, 32, 16)   2320        leaky_re_lu_2[0][0]              
__________________________________________________________________________________________________
batch_normalization_3 (BatchNor (None, 32, 32, 16)   64          binary_conv2d_3[0][0]            
__________________________________________________________________________________________________
add_1 (Add)                     (None, 32, 32, 16)   0           leaky_re_lu_1[0][0]              
                                                                 batch_normalization_3[0][0]      
__________________________________________________________________________________________________
leaky_re_lu_3 (LeakyReLU)       (None, 32, 32, 16)   0           add_1[0][0]                      
__________________________________________________________________________________________________
binary_conv2d_4 (BinaryConv2D)  (None, 32, 32, 16)   2320        leaky_re_lu_3[0][0]              
__________________________________________________________________________________________________
batch_normalization_4 (BatchNor (None, 32, 32, 16)   64          binary_conv2d_4[0][0]            
__________________________________________________________________________________________________
leaky_re_lu_4 (LeakyReLU)       (None, 32, 32, 16)   0           batch_normalization_4[0][0]      
__________________________________________________________________________________________________
binary_conv2d_5 (BinaryConv2D)  (None, 32, 32, 16)   2320        leaky_re_lu_4[0][0]              
__________________________________________________________________________________________________
batch_normalization_5 (BatchNor (None, 32, 32, 16)   64          binary_conv2d_5[0][0]            
__________________________________________________________________________________________________
add_2 (Add)                     (None, 32, 32, 16)   0           leaky_re_lu_3[0][0]              
                                                                 batch_normalization_5[0][0]      
__________________________________________________________________________________________________
leaky_re_lu_5 (LeakyReLU)       (None, 32, 32, 16)   0           add_2[0][0]                      
__________________________________________________________________________________________________
binary_conv2d_6 (BinaryConv2D)  (None, 32, 32, 16)   2320        leaky_re_lu_5[0][0]              
__________________________________________________________________________________________________
batch_normalization_6 (BatchNor (None, 32, 32, 16)   64          binary_conv2d_6[0][0]            
__________________________________________________________________________________________________
leaky_re_lu_6 (LeakyReLU)       (None, 32, 32, 16)   0           batch_normalization_6[0][0]      
__________________________________________________________________________________________________
binary_conv2d_7 (BinaryConv2D)  (None, 32, 32, 16)   2320        leaky_re_lu_6[0][0]              
__________________________________________________________________________________________________
batch_normalization_7 (BatchNor (None, 32, 32, 16)   64          binary_conv2d_7[0][0]            
__________________________________________________________________________________________________
add_3 (Add)                     (None, 32, 32, 16)   0           leaky_re_lu_5[0][0]              
                                                                 batch_normalization_7[0][0]      
__________________________________________________________________________________________________
leaky_re_lu_7 (LeakyReLU)       (None, 32, 32, 16)   0           add_3[0][0]                      
__________________________________________________________________________________________________
binary_conv2d_8 (BinaryConv2D)  (None, 32, 32, 16)   2320        leaky_re_lu_7[0][0]              
__________________________________________________________________________________________________
batch_normalization_8 (BatchNor (None, 32, 32, 16)   64          binary_conv2d_8[0][0]            
__________________________________________________________________________________________________
leaky_re_lu_8 (LeakyReLU)       (None, 32, 32, 16)   0           batch_normalization_8[0][0]      
__________________________________________________________________________________________________
binary_conv2d_9 (BinaryConv2D)  (None, 32, 32, 16)   2320        leaky_re_lu_8[0][0]              
__________________________________________________________________________________________________
batch_normalization_9 (BatchNor (None, 32, 32, 16)   64          binary_conv2d_9[0][0]            
__________________________________________________________________________________________________
add_4 (Add)                     (None, 32, 32, 16)   0           leaky_re_lu_7[0][0]              
                                                                 batch_normalization_9[0][0]      
__________________________________________________________________________________________________
leaky_re_lu_9 (LeakyReLU)       (None, 32, 32, 16)   0           add_4[0][0]                      
__________________________________________________________________________________________________
binary_conv2d_10 (BinaryConv2D) (None, 32, 32, 16)   2320        leaky_re_lu_9[0][0]              
__________________________________________________________________________________________________
batch_normalization_10 (BatchNo (None, 32, 32, 16)   64          binary_conv2d_10[0][0]           
__________________________________________________________________________________________________
leaky_re_lu_10 (LeakyReLU)      (None, 32, 32, 16)   0           batch_normalization_10[0][0]     
__________________________________________________________________________________________________
binary_conv2d_11 (BinaryConv2D) (None, 32, 32, 16)   2320        leaky_re_lu_10[0][0]             
__________________________________________________________________________________________________
batch_normalization_11 (BatchNo (None, 32, 32, 16)   64          binary_conv2d_11[0][0]           
__________________________________________________________________________________________________
add_5 (Add)                     (None, 32, 32, 16)   0           leaky_re_lu_9[0][0]              
                                                                 batch_normalization_11[0][0]     
__________________________________________________________________________________________________
leaky_re_lu_11 (LeakyReLU)      (None, 32, 32, 16)   0           add_5[0][0]                      
__________________________________________________________________________________________________
binary_conv2d_12 (BinaryConv2D) (None, 16, 16, 32)   4640        leaky_re_lu_11[0][0]             
__________________________________________________________________________________________________
batch_normalization_12 (BatchNo (None, 16, 16, 32)   128         binary_conv2d_12[0][0]           
__________________________________________________________________________________________________
leaky_re_lu_12 (LeakyReLU)      (None, 16, 16, 32)   0           batch_normalization_12[0][0]     
__________________________________________________________________________________________________
binary_conv2d_13 (BinaryConv2D) (None, 16, 16, 32)   9248        leaky_re_lu_12[0][0]             
__________________________________________________________________________________________________
binary_conv2d_14 (BinaryConv2D) (None, 16, 16, 32)   544         leaky_re_lu_11[0][0]             
__________________________________________________________________________________________________
batch_normalization_13 (BatchNo (None, 16, 16, 32)   128         binary_conv2d_13[0][0]           
__________________________________________________________________________________________________
add_6 (Add)                     (None, 16, 16, 32)   0           binary_conv2d_14[0][0]           
                                                                 batch_normalization_13[0][0]     
__________________________________________________________________________________________________
leaky_re_lu_13 (LeakyReLU)      (None, 16, 16, 32)   0           add_6[0][0]                      
__________________________________________________________________________________________________
binary_conv2d_15 (BinaryConv2D) (None, 16, 16, 32)   9248        leaky_re_lu_13[0][0]             
__________________________________________________________________________________________________
batch_normalization_14 (BatchNo (None, 16, 16, 32)   128         binary_conv2d_15[0][0]           
__________________________________________________________________________________________________
leaky_re_lu_14 (LeakyReLU)      (None, 16, 16, 32)   0           batch_normalization_14[0][0]     
__________________________________________________________________________________________________
binary_conv2d_16 (BinaryConv2D) (None, 16, 16, 32)   9248        leaky_re_lu_14[0][0]             
__________________________________________________________________________________________________
batch_normalization_15 (BatchNo (None, 16, 16, 32)   128         binary_conv2d_16[0][0]           
__________________________________________________________________________________________________
add_7 (Add)                     (None, 16, 16, 32)   0           leaky_re_lu_13[0][0]             
                                                                 batch_normalization_15[0][0]     
__________________________________________________________________________________________________
leaky_re_lu_15 (LeakyReLU)      (None, 16, 16, 32)   0           add_7[0][0]                      
__________________________________________________________________________________________________
binary_conv2d_17 (BinaryConv2D) (None, 16, 16, 32)   9248        leaky_re_lu_15[0][0]             
__________________________________________________________________________________________________
batch_normalization_16 (BatchNo (None, 16, 16, 32)   128         binary_conv2d_17[0][0]           
__________________________________________________________________________________________________
leaky_re_lu_16 (LeakyReLU)      (None, 16, 16, 32)   0           batch_normalization_16[0][0]     
__________________________________________________________________________________________________
binary_conv2d_18 (BinaryConv2D) (None, 16, 16, 32)   9248        leaky_re_lu_16[0][0]             
__________________________________________________________________________________________________
batch_normalization_17 (BatchNo (None, 16, 16, 32)   128         binary_conv2d_18[0][0]           
__________________________________________________________________________________________________
add_8 (Add)                     (None, 16, 16, 32)   0           leaky_re_lu_15[0][0]             
                                                                 batch_normalization_17[0][0]     
__________________________________________________________________________________________________
leaky_re_lu_17 (LeakyReLU)      (None, 16, 16, 32)   0           add_8[0][0]                      
__________________________________________________________________________________________________
binary_conv2d_19 (BinaryConv2D) (None, 16, 16, 32)   9248        leaky_re_lu_17[0][0]             
__________________________________________________________________________________________________
batch_normalization_18 (BatchNo (None, 16, 16, 32)   128         binary_conv2d_19[0][0]           
__________________________________________________________________________________________________
leaky_re_lu_18 (LeakyReLU)      (None, 16, 16, 32)   0           batch_normalization_18[0][0]     
__________________________________________________________________________________________________
binary_conv2d_20 (BinaryConv2D) (None, 16, 16, 32)   9248        leaky_re_lu_18[0][0]             
__________________________________________________________________________________________________
batch_normalization_19 (BatchNo (None, 16, 16, 32)   128         binary_conv2d_20[0][0]           
__________________________________________________________________________________________________
add_9 (Add)                     (None, 16, 16, 32)   0           leaky_re_lu_17[0][0]             
                                                                 batch_normalization_19[0][0]     
__________________________________________________________________________________________________
leaky_re_lu_19 (LeakyReLU)      (None, 16, 16, 32)   0           add_9[0][0]                      
__________________________________________________________________________________________________
binary_conv2d_21 (BinaryConv2D) (None, 16, 16, 32)   9248        leaky_re_lu_19[0][0]             
__________________________________________________________________________________________________
batch_normalization_20 (BatchNo (None, 16, 16, 32)   128         binary_conv2d_21[0][0]           
__________________________________________________________________________________________________
leaky_re_lu_20 (LeakyReLU)      (None, 16, 16, 32)   0           batch_normalization_20[0][0]     
__________________________________________________________________________________________________
binary_conv2d_22 (BinaryConv2D) (None, 16, 16, 32)   9248        leaky_re_lu_20[0][0]             
__________________________________________________________________________________________________
batch_normalization_21 (BatchNo (None, 16, 16, 32)   128         binary_conv2d_22[0][0]           
__________________________________________________________________________________________________
add_10 (Add)                    (None, 16, 16, 32)   0           leaky_re_lu_19[0][0]             
                                                                 batch_normalization_21[0][0]     
__________________________________________________________________________________________________
leaky_re_lu_21 (LeakyReLU)      (None, 16, 16, 32)   0           add_10[0][0]                     
__________________________________________________________________________________________________
binary_conv2d_23 (BinaryConv2D) (None, 8, 8, 64)     18496       leaky_re_lu_21[0][0]             
__________________________________________________________________________________________________
batch_normalization_22 (BatchNo (None, 8, 8, 64)     256         binary_conv2d_23[0][0]           
__________________________________________________________________________________________________
leaky_re_lu_22 (LeakyReLU)      (None, 8, 8, 64)     0           batch_normalization_22[0][0]     
__________________________________________________________________________________________________
binary_conv2d_24 (BinaryConv2D) (None, 8, 8, 64)     36928       leaky_re_lu_22[0][0]             
__________________________________________________________________________________________________
binary_conv2d_25 (BinaryConv2D) (None, 8, 8, 64)     2112        leaky_re_lu_21[0][0]             
__________________________________________________________________________________________________
batch_normalization_23 (BatchNo (None, 8, 8, 64)     256         binary_conv2d_24[0][0]           
__________________________________________________________________________________________________
add_11 (Add)                    (None, 8, 8, 64)     0           binary_conv2d_25[0][0]           
                                                                 batch_normalization_23[0][0]     
__________________________________________________________________________________________________
leaky_re_lu_23 (LeakyReLU)      (None, 8, 8, 64)     0           add_11[0][0]                     
__________________________________________________________________________________________________
binary_conv2d_26 (BinaryConv2D) (None, 8, 8, 64)     36928       leaky_re_lu_23[0][0]             
__________________________________________________________________________________________________
batch_normalization_24 (BatchNo (None, 8, 8, 64)     256         binary_conv2d_26[0][0]           
__________________________________________________________________________________________________
leaky_re_lu_24 (LeakyReLU)      (None, 8, 8, 64)     0           batch_normalization_24[0][0]     
__________________________________________________________________________________________________
binary_conv2d_27 (BinaryConv2D) (None, 8, 8, 64)     36928       leaky_re_lu_24[0][0]             
__________________________________________________________________________________________________
batch_normalization_25 (BatchNo (None, 8, 8, 64)     256         binary_conv2d_27[0][0]           
__________________________________________________________________________________________________
add_12 (Add)                    (None, 8, 8, 64)     0           leaky_re_lu_23[0][0]             
                                                                 batch_normalization_25[0][0]     
__________________________________________________________________________________________________
leaky_re_lu_25 (LeakyReLU)      (None, 8, 8, 64)     0           add_12[0][0]                     
__________________________________________________________________________________________________
binary_conv2d_28 (BinaryConv2D) (None, 8, 8, 64)     36928       leaky_re_lu_25[0][0]             
__________________________________________________________________________________________________
batch_normalization_26 (BatchNo (None, 8, 8, 64)     256         binary_conv2d_28[0][0]           
__________________________________________________________________________________________________
leaky_re_lu_26 (LeakyReLU)      (None, 8, 8, 64)     0           batch_normalization_26[0][0]     
__________________________________________________________________________________________________
binary_conv2d_29 (BinaryConv2D) (None, 8, 8, 64)     36928       leaky_re_lu_26[0][0]             
__________________________________________________________________________________________________
batch_normalization_27 (BatchNo (None, 8, 8, 64)     256         binary_conv2d_29[0][0]           
__________________________________________________________________________________________________
add_13 (Add)                    (None, 8, 8, 64)     0           leaky_re_lu_25[0][0]             
                                                                 batch_normalization_27[0][0]     
__________________________________________________________________________________________________
leaky_re_lu_27 (LeakyReLU)      (None, 8, 8, 64)     0           add_13[0][0]                     
__________________________________________________________________________________________________
binary_conv2d_30 (BinaryConv2D) (None, 8, 8, 64)     36928       leaky_re_lu_27[0][0]             
__________________________________________________________________________________________________
batch_normalization_28 (BatchNo (None, 8, 8, 64)     256         binary_conv2d_30[0][0]           
__________________________________________________________________________________________________
leaky_re_lu_28 (LeakyReLU)      (None, 8, 8, 64)     0           batch_normalization_28[0][0]     
__________________________________________________________________________________________________
binary_conv2d_31 (BinaryConv2D) (None, 8, 8, 64)     36928       leaky_re_lu_28[0][0]             
__________________________________________________________________________________________________
batch_normalization_29 (BatchNo (None, 8, 8, 64)     256         binary_conv2d_31[0][0]           
__________________________________________________________________________________________________
add_14 (Add)                    (None, 8, 8, 64)     0           leaky_re_lu_27[0][0]             
                                                                 batch_normalization_29[0][0]     
__________________________________________________________________________________________________
leaky_re_lu_29 (LeakyReLU)      (None, 8, 8, 64)     0           add_14[0][0]                     
__________________________________________________________________________________________________
binary_conv2d_32 (BinaryConv2D) (None, 8, 8, 64)     36928       leaky_re_lu_29[0][0]             
__________________________________________________________________________________________________
batch_normalization_30 (BatchNo (None, 8, 8, 64)     256         binary_conv2d_32[0][0]           
__________________________________________________________________________________________________
leaky_re_lu_30 (LeakyReLU)      (None, 8, 8, 64)     0           batch_normalization_30[0][0]     
__________________________________________________________________________________________________
binary_conv2d_33 (BinaryConv2D) (None, 8, 8, 64)     36928       leaky_re_lu_30[0][0]             
__________________________________________________________________________________________________
batch_normalization_31 (BatchNo (None, 8, 8, 64)     256         binary_conv2d_33[0][0]           
__________________________________________________________________________________________________
add_15 (Add)                    (None, 8, 8, 64)     0           leaky_re_lu_29[0][0]             
                                                                 batch_normalization_31[0][0]     
__________________________________________________________________________________________________
leaky_re_lu_31 (LeakyReLU)      (None, 8, 8, 64)     0           add_15[0][0]                     
__________________________________________________________________________________________________
average_pooling2d_1 (AveragePoo (None, 1, 1, 64)     0           leaky_re_lu_31[0][0]             
__________________________________________________________________________________________________
flatten_1 (Flatten)             (None, 64)           0           average_pooling2d_1[0][0]        
__________________________________________________________________________________________________
binary_dense_2 (BinaryDense)    (None, 10)           650         flatten_1[0][0]                  
==================================================================================================
Total params: 470,218
Trainable params: 467,946
Non-trainable params: 2,272
__________________________________________________________________________________________________
loading data

Loading CIFAR-10 dataset...
(45000, 32, 32, 3)
setting up the network and creating callbacks

Learning rate:  0.001
compiling the network

No weights preloaded, training from scratch

(re)training the network

Train on 45000 samples, validate on 5000 samples
Learning rate:  0.001
Epoch 1/200

Epoch 00001: val_acc improved from -inf to 0.13640, saving model to ./weights/RESNET_CIFAR-10_bnn_8b_4b_5.hdf5
 - 39s - loss: 27.7764 - acc: 0.1432 - val_loss: 26.7998 - val_acc: 0.1364
Learning rate:  0.001
Epoch 2/200

Epoch 00002: val_acc improved from 0.13640 to 0.14320, saving model to ./weights/RESNET_CIFAR-10_bnn_8b_4b_5.hdf5
 - 31s - loss: 26.0479 - acc: 0.1494 - val_loss: 25.6543 - val_acc: 0.1432
Learning rate:  0.001
Epoch 3/200

Epoch 00003: val_acc improved from 0.14320 to 0.14740, saving model to ./weights/RESNET_CIFAR-10_bnn_8b_4b_5.hdf5
 - 31s - loss: 25.0205 - acc: 0.1548 - val_loss: 24.7710 - val_acc: 0.1474
Learning rate:  0.001
Epoch 4/200

Epoch 00004: val_acc improved from 0.14740 to 0.15260, saving model to ./weights/RESNET_CIFAR-10_bnn_8b_4b_5.hdf5
 - 31s - loss: 24.3332 - acc: 0.1580 - val_loss: 24.1663 - val_acc: 0.1526
Learning rate:  0.001
Epoch 5/200

Epoch 00005: val_acc did not improve
 - 30s - loss: 23.7891 - acc: 0.1570 - val_loss: 23.6513 - val_acc: 0.1506
Learning rate:  0.001
Epoch 6/200

Epoch 00006: val_acc did not improve
 - 31s - loss: 23.2929 - acc: 0.1613 - val_loss: 23.3615 - val_acc: 0.1260
Learning rate:  0.001
Epoch 7/200

Epoch 00007: val_acc did not improve
 - 30s - loss: 22.8539 - acc: 0.1634 - val_loss: 22.8675 - val_acc: 0.1332
Learning rate:  0.001
Epoch 8/200

Epoch 00008: val_acc did not improve
 - 30s - loss: 22.4412 - acc: 0.1644 - val_loss: 22.3854 - val_acc: 0.1518
Learning rate:  0.001
Epoch 9/200

Epoch 00009: val_acc improved from 0.15260 to 0.20540, saving model to ./weights/RESNET_CIFAR-10_bnn_8b_4b_5.hdf5
 - 32s - loss: 21.3302 - acc: 0.2062 - val_loss: 21.0602 - val_acc: 0.2054
Learning rate:  0.001
Epoch 10/200

Epoch 00010: val_acc did not improve
 - 30s - loss: 20.5347 - acc: 0.2177 - val_loss: 20.4654 - val_acc: 0.2022
Learning rate:  0.001
Epoch 11/200

Epoch 00011: val_acc did not improve
 - 30s - loss: 20.1752 - acc: 0.2193 - val_loss: 20.1711 - val_acc: 0.1958
Learning rate:  0.001
Epoch 12/200

Epoch 00012: val_acc improved from 0.20540 to 0.21780, saving model to ./weights/RESNET_CIFAR-10_bnn_8b_4b_5.hdf5
 - 31s - loss: 19.8354 - acc: 0.2283 - val_loss: 19.8736 - val_acc: 0.2178
Learning rate:  0.001
Epoch 13/200

Epoch 00013: val_acc did not improve
 - 30s - loss: 19.0798 - acc: 0.2339 - val_loss: 19.7810 - val_acc: 0.1726
Learning rate:  0.001
Epoch 14/200

Epoch 00014: val_acc did not improve
 - 31s - loss: 18.0965 - acc: 0.2490 - val_loss: 18.4090 - val_acc: 0.1846
Learning rate:  0.001
Epoch 15/200

Epoch 00015: val_acc improved from 0.21780 to 0.23180, saving model to ./weights/RESNET_CIFAR-10_bnn_8b_4b_5.hdf5
 - 31s - loss: 17.7906 - acc: 0.2648 - val_loss: 17.8878 - val_acc: 0.2318
Learning rate:  0.001
Epoch 16/200

Epoch 00016: val_acc improved from 0.23180 to 0.23240, saving model to ./weights/RESNET_CIFAR-10_bnn_8b_4b_5.hdf5
 - 31s - loss: 17.6077 - acc: 0.2701 - val_loss: 17.7568 - val_acc: 0.2324
Learning rate:  0.001
Epoch 17/200

Epoch 00017: val_acc did not improve
 - 30s - loss: 17.4060 - acc: 0.2772 - val_loss: 17.6324 - val_acc: 0.2094
Learning rate:  0.001
Epoch 18/200

Epoch 00018: val_acc did not improve
 - 31s - loss: 17.0884 - acc: 0.2697 - val_loss: 16.9302 - val_acc: 0.2066
Learning rate:  0.001
Epoch 19/200

Epoch 00019: val_acc improved from 0.23240 to 0.31320, saving model to ./weights/RESNET_CIFAR-10_bnn_8b_4b_5.hdf5
 - 32s - loss: 12.1890 - acc: 0.3374 - val_loss: 11.9074 - val_acc: 0.3132
Learning rate:  0.001
Epoch 20/200

Epoch 00020: val_acc improved from 0.31320 to 0.35240, saving model to ./weights/RESNET_CIFAR-10_bnn_8b_4b_5.hdf5
 - 31s - loss: 11.2924 - acc: 0.4182 - val_loss: 11.6461 - val_acc: 0.3524
Learning rate:  0.001
Epoch 21/200

Epoch 00021: val_acc did not improve
 - 30s - loss: 11.1040 - acc: 0.4492 - val_loss: 11.9156 - val_acc: 0.2700
Learning rate:  0.001
Epoch 22/200

Epoch 00022: val_acc improved from 0.35240 to 0.41660, saving model to ./weights/RESNET_CIFAR-10_bnn_8b_4b_5.hdf5
 - 31s - loss: 10.9594 - acc: 0.4669 - val_loss: 11.2968 - val_acc: 0.4166
Learning rate:  0.001
Epoch 23/200

Epoch 00023: val_acc did not improve
 - 31s - loss: 10.0506 - acc: 0.4672 - val_loss: 10.3396 - val_acc: 0.3168
Learning rate:  0.001
Epoch 24/200

Epoch 00024: val_acc did not improve
 - 30s - loss: 9.3598 - acc: 0.5033 - val_loss: 9.9245 - val_acc: 0.3746
Learning rate:  0.001
Epoch 25/200

Epoch 00025: val_acc improved from 0.41660 to 0.48500, saving model to ./weights/RESNET_CIFAR-10_bnn_8b_4b_5.hdf5
 - 31s - loss: 9.2206 - acc: 0.5201 - val_loss: 9.2820 - val_acc: 0.4850
Learning rate:  0.001
Epoch 26/200

Epoch 00026: val_acc improved from 0.48500 to 0.49520, saving model to ./weights/RESNET_CIFAR-10_bnn_8b_4b_5.hdf5
 - 31s - loss: 9.1108 - acc: 0.5261 - val_loss: 9.1996 - val_acc: 0.4952
Learning rate:  0.001
Epoch 27/200

Epoch 00027: val_acc did not improve
 - 30s - loss: 9.0063 - acc: 0.5356 - val_loss: 9.3095 - val_acc: 0.4546
Learning rate:  0.001
Epoch 28/200

Epoch 00028: val_acc improved from 0.49520 to 0.49980, saving model to ./weights/RESNET_CIFAR-10_bnn_8b_4b_5.hdf5
 - 31s - loss: 8.8754 - acc: 0.5519 - val_loss: 9.0209 - val_acc: 0.4998
Learning rate:  0.001
Epoch 29/200

Epoch 00029: val_acc improved from 0.49980 to 0.53500, saving model to ./weights/RESNET_CIFAR-10_bnn_8b_4b_5.hdf5
 - 31s - loss: 8.4504 - acc: 0.5600 - val_loss: 7.4968 - val_acc: 0.5350
Learning rate:  0.001
Epoch 30/200

Epoch 00030: val_acc did not improve
 - 30s - loss: 7.2586 - acc: 0.6000 - val_loss: 7.8571 - val_acc: 0.4400
Learning rate:  0.001
Epoch 31/200

Epoch 00031: val_acc improved from 0.53500 to 0.53920, saving model to ./weights/RESNET_CIFAR-10_bnn_8b_4b_5.hdf5
 - 31s - loss: 7.1440 - acc: 0.6129 - val_loss: 7.3571 - val_acc: 0.5392
Learning rate:  0.001
Epoch 32/200

Epoch 00032: val_acc improved from 0.53920 to 0.57260, saving model to ./weights/RESNET_CIFAR-10_bnn_8b_4b_5.hdf5
 - 31s - loss: 7.0227 - acc: 0.6314 - val_loss: 7.1766 - val_acc: 0.5726
Learning rate:  0.001
Epoch 33/200

Epoch 00033: val_acc did not improve
 - 30s - loss: 6.9156 - acc: 0.6433 - val_loss: 7.3545 - val_acc: 0.4968
Learning rate:  0.001
Epoch 34/200

Epoch 00034: val_acc improved from 0.57260 to 0.59760, saving model to ./weights/RESNET_CIFAR-10_bnn_8b_4b_5.hdf5
 - 31s - loss: 6.8209 - acc: 0.6525 - val_loss: 6.9577 - val_acc: 0.5976
Learning rate:  0.001
Epoch 35/200

Epoch 00035: val_acc did not improve
 - 30s - loss: 6.7259 - acc: 0.6617 - val_loss: 7.2657 - val_acc: 0.5206
Learning rate:  0.001
Epoch 36/200

Epoch 00036: val_acc did not improve
 - 30s - loss: 6.6275 - acc: 0.6706 - val_loss: 7.0222 - val_acc: 0.5528
Learning rate:  0.001
Epoch 37/200

Epoch 00037: val_acc did not improve
 - 31s - loss: 6.5516 - acc: 0.6753 - val_loss: 6.8213 - val_acc: 0.5902
Learning rate:  0.001
Epoch 38/200

Epoch 00038: val_acc did not improve
 - 31s - loss: 6.4597 - acc: 0.6822 - val_loss: 6.8574 - val_acc: 0.5556
Learning rate:  0.001
Epoch 39/200

Epoch 00039: val_acc improved from 0.59760 to 0.62160, saving model to ./weights/RESNET_CIFAR-10_bnn_8b_4b_5.hdf5
 - 32s - loss: 6.3705 - acc: 0.6937 - val_loss: 6.5549 - val_acc: 0.6216
Learning rate:  0.001
Epoch 40/200

Epoch 00040: val_acc did not improve
 - 30s - loss: 6.2805 - acc: 0.7024 - val_loss: 7.0792 - val_acc: 0.5258
Learning rate:  0.001
Epoch 41/200

Epoch 00041: val_acc did not improve
 - 30s - loss: 6.1972 - acc: 0.7110 - val_loss: 6.5050 - val_acc: 0.6044
Learning rate:  0.001
Epoch 42/200

Epoch 00042: val_acc did not improve
 - 30s - loss: 6.1298 - acc: 0.7109 - val_loss: 6.8756 - val_acc: 0.5112
Learning rate:  0.001
Epoch 43/200

Epoch 00043: val_acc did not improve
 - 30s - loss: 6.0686 - acc: 0.7130 - val_loss: 6.4469 - val_acc: 0.5924
Learning rate:  0.001
Epoch 44/200

Epoch 00044: val_acc improved from 0.62160 to 0.63960, saving model to ./weights/RESNET_CIFAR-10_bnn_8b_4b_5.hdf5
 - 31s - loss: 5.9981 - acc: 0.7188 - val_loss: 6.2087 - val_acc: 0.6396
Learning rate:  0.001
Epoch 45/200

Epoch 00045: val_acc did not improve
 - 30s - loss: 5.9185 - acc: 0.7254 - val_loss: 6.4373 - val_acc: 0.5830
Learning rate:  0.001
Epoch 46/200

Epoch 00046: val_acc did not improve
 - 30s - loss: 5.8453 - acc: 0.7328 - val_loss: 6.2508 - val_acc: 0.6206
Learning rate:  0.001
Epoch 47/200

Epoch 00047: val_acc did not improve
 - 31s - loss: 5.7808 - acc: 0.7338 - val_loss: 6.4558 - val_acc: 0.5628
Learning rate:  0.001
Epoch 48/200

Epoch 00048: val_acc improved from 0.63960 to 0.67220, saving model to ./weights/RESNET_CIFAR-10_bnn_8b_4b_5.hdf5
 - 31s - loss: 5.7035 - acc: 0.7427 - val_loss: 5.9359 - val_acc: 0.6722
Learning rate:  0.001
Epoch 49/200

Epoch 00049: val_acc did not improve
 - 30s - loss: 5.6383 - acc: 0.7465 - val_loss: 6.1376 - val_acc: 0.6052
Learning rate:  0.001
Epoch 50/200

Epoch 00050: val_acc improved from 0.67220 to 0.67460, saving model to ./weights/RESNET_CIFAR-10_bnn_8b_4b_5.hdf5
 - 31s - loss: 5.5634 - acc: 0.7571 - val_loss: 5.8144 - val_acc: 0.6746
Learning rate:  0.001
Epoch 51/200

Epoch 00051: val_acc did not improve
 - 30s - loss: 5.5030 - acc: 0.7573 - val_loss: 5.9113 - val_acc: 0.6382
Learning rate:  0.001
Epoch 52/200

Epoch 00052: val_acc did not improve
 - 30s - loss: 5.4369 - acc: 0.7624 - val_loss: 5.9010 - val_acc: 0.6444
Learning rate:  0.001
Epoch 53/200

Epoch 00053: val_acc did not improve
 - 30s - loss: 5.3642 - acc: 0.7692 - val_loss: 5.7568 - val_acc: 0.6506
Learning rate:  0.001
Epoch 54/200

Epoch 00054: val_acc did not improve
 - 30s - loss: 5.3045 - acc: 0.7732 - val_loss: 5.6592 - val_acc: 0.6746
Learning rate:  0.001
Epoch 55/200

Epoch 00055: val_acc improved from 0.67460 to 0.68200, saving model to ./weights/RESNET_CIFAR-10_bnn_8b_4b_5.hdf5
 - 31s - loss: 5.2504 - acc: 0.7733 - val_loss: 5.5550 - val_acc: 0.6820
Learning rate:  0.001
Epoch 56/200

Epoch 00056: val_acc did not improve
 - 30s - loss: 5.1875 - acc: 0.7797 - val_loss: 5.5812 - val_acc: 0.6650
Learning rate:  0.001
Epoch 57/200

Epoch 00057: val_acc improved from 0.68200 to 0.68800, saving model to ./weights/RESNET_CIFAR-10_bnn_8b_4b_5.hdf5
 - 32s - loss: 5.1345 - acc: 0.7832 - val_loss: 5.4908 - val_acc: 0.6880
Learning rate:  0.001
Epoch 58/200

Epoch 00058: val_acc did not improve
 - 30s - loss: 5.0769 - acc: 0.7854 - val_loss: 6.0112 - val_acc: 0.5592
Learning rate:  0.001
Epoch 59/200

Epoch 00059: val_acc did not improve
 - 30s - loss: 5.0072 - acc: 0.7936 - val_loss: 5.3820 - val_acc: 0.6828
Learning rate:  0.001
Epoch 60/200

Epoch 00060: val_acc improved from 0.68800 to 0.71720, saving model to ./weights/RESNET_CIFAR-10_bnn_8b_4b_5.hdf5
 - 31s - loss: 4.9616 - acc: 0.7922 - val_loss: 5.2251 - val_acc: 0.7172
Learning rate:  0.001
Epoch 61/200

Epoch 00061: val_acc did not improve
 - 31s - loss: 4.9098 - acc: 0.7963 - val_loss: 5.2300 - val_acc: 0.7040
Learning rate:  0.001
Epoch 62/200

Epoch 00062: val_acc did not improve
 - 31s - loss: 4.8617 - acc: 0.7972 - val_loss: 5.6865 - val_acc: 0.5824
Learning rate:  0.001
Epoch 63/200

Epoch 00063: val_acc did not improve
 - 31s - loss: 4.8080 - acc: 0.8041 - val_loss: 5.1975 - val_acc: 0.6922
Learning rate:  0.001
Epoch 64/200

Epoch 00064: val_acc did not improve
 - 30s - loss: 4.7571 - acc: 0.8035 - val_loss: 5.3252 - val_acc: 0.6470
Learning rate:  0.001
Epoch 65/200

Epoch 00065: val_acc did not improve
 - 30s - loss: 4.7169 - acc: 0.8039 - val_loss: 5.0817 - val_acc: 0.6936
Learning rate:  0.001
Epoch 66/200

Epoch 00066: val_acc did not improve
 - 30s - loss: 4.6619 - acc: 0.8111 - val_loss: 5.1615 - val_acc: 0.6750
Learning rate:  0.001
Epoch 67/200

Epoch 00067: val_acc did not improve
 - 30s - loss: 4.6236 - acc: 0.8124 - val_loss: 4.9955 - val_acc: 0.7006
Learning rate:  0.001
Epoch 68/200

Epoch 00068: val_acc did not improve
 - 30s - loss: 4.5737 - acc: 0.8164 - val_loss: 4.8593 - val_acc: 0.7154
Learning rate:  0.001
Epoch 69/200

Epoch 00069: val_acc did not improve
 - 31s - loss: 4.5325 - acc: 0.8175 - val_loss: 4.9263 - val_acc: 0.6966
Learning rate:  0.001
Epoch 70/200

Epoch 00070: val_acc did not improve
 - 30s - loss: 4.4844 - acc: 0.8186 - val_loss: 5.0875 - val_acc: 0.6444
Learning rate:  0.001
Epoch 71/200

Epoch 00071: val_acc improved from 0.71720 to 0.72040, saving model to ./weights/RESNET_CIFAR-10_bnn_8b_4b_5.hdf5
 - 31s - loss: 4.4442 - acc: 0.8213 - val_loss: 4.8086 - val_acc: 0.7204
Learning rate:  0.001
Epoch 72/200

Epoch 00072: val_acc did not improve
 - 30s - loss: 4.4019 - acc: 0.8257 - val_loss: 4.8543 - val_acc: 0.7092
Learning rate:  0.001
Epoch 73/200

Epoch 00073: val_acc did not improve
 - 31s - loss: 4.3618 - acc: 0.8275 - val_loss: 4.7634 - val_acc: 0.6998
Learning rate:  0.001
Epoch 74/200

Epoch 00074: val_acc did not improve
 - 31s - loss: 4.3217 - acc: 0.8288 - val_loss: 4.7999 - val_acc: 0.7002
Learning rate:  0.001
Epoch 75/200

Epoch 00075: val_acc improved from 0.72040 to 0.72400, saving model to ./weights/RESNET_CIFAR-10_bnn_8b_4b_5.hdf5
 - 31s - loss: 4.2759 - acc: 0.8337 - val_loss: 4.6757 - val_acc: 0.7240
Learning rate:  0.001
Epoch 76/200

Epoch 00076: val_acc did not improve
 - 30s - loss: 4.2446 - acc: 0.8338 - val_loss: 4.9251 - val_acc: 0.6502
Learning rate:  0.001
Epoch 77/200

Epoch 00077: val_acc did not improve
 - 31s - loss: 4.2101 - acc: 0.8344 - val_loss: 4.8457 - val_acc: 0.6622
Learning rate:  0.001
Epoch 78/200

Epoch 00078: val_acc improved from 0.72400 to 0.72880, saving model to ./weights/RESNET_CIFAR-10_bnn_8b_4b_5.hdf5
 - 31s - loss: 4.1773 - acc: 0.8359 - val_loss: 4.5487 - val_acc: 0.7288
Learning rate:  0.001
Epoch 79/200

Epoch 00079: val_acc did not improve
 - 30s - loss: 4.1396 - acc: 0.8379 - val_loss: 4.9971 - val_acc: 0.6328
Learning rate:  0.001
Epoch 80/200

Epoch 00080: val_acc did not improve
 - 30s - loss: 4.1029 - acc: 0.8413 - val_loss: 5.1846 - val_acc: 0.5948
Learning rate:  0.001
Epoch 81/200

Epoch 00081: val_acc did not improve
 - 30s - loss: 4.0714 - acc: 0.8427 - val_loss: 4.6198 - val_acc: 0.6932
Learning rate:  0.0001
Epoch 82/200

Epoch 00082: val_acc improved from 0.72880 to 0.78220, saving model to ./weights/RESNET_CIFAR-10_bnn_8b_4b_5.hdf5
 - 31s - loss: 3.9109 - acc: 0.8972 - val_loss: 4.2496 - val_acc: 0.7822
Learning rate:  0.0001
Epoch 83/200

Epoch 00083: val_acc did not improve
 - 30s - loss: 3.8772 - acc: 0.9059 - val_loss: 4.3546 - val_acc: 0.7628
Learning rate:  0.0001
Epoch 84/200

Epoch 00084: val_acc did not improve
 - 30s - loss: 3.8603 - acc: 0.9088 - val_loss: 4.3854 - val_acc: 0.7542
Learning rate:  0.0001
Epoch 85/200

Epoch 00085: val_acc did not improve
 - 30s - loss: 3.8459 - acc: 0.9138 - val_loss: 4.2978 - val_acc: 0.7800
Learning rate:  0.0001
Epoch 86/200

Epoch 00086: val_acc did not improve
 - 30s - loss: 3.8443 - acc: 0.9103 - val_loss: 4.3302 - val_acc: 0.7720
Learning rate:  0.0001
Epoch 87/200

Epoch 00087: val_acc did not improve
 - 30s - loss: 3.8315 - acc: 0.9119 - val_loss: 4.2869 - val_acc: 0.7754
Learning rate:  0.0001
Epoch 88/200

Epoch 00088: val_acc did not improve
 - 30s - loss: 3.8193 - acc: 0.9135 - val_loss: 4.3581 - val_acc: 0.7592
Learning rate:  0.0001
Epoch 89/200

Epoch 00089: val_acc did not improve
 - 30s - loss: 3.8123 - acc: 0.9141 - val_loss: 4.4527 - val_acc: 0.7432
Learning rate:  0.0001
Epoch 90/200

Epoch 00090: val_acc did not improve
 - 30s - loss: 3.8103 - acc: 0.9142 - val_loss: 4.3224 - val_acc: 0.7660
Learning rate:  0.0001
Epoch 91/200

Epoch 00091: val_acc did not improve
 - 30s - loss: 3.7982 - acc: 0.9153 - val_loss: 4.3776 - val_acc: 0.7448
Learning rate:  0.0001
Epoch 92/200

Epoch 00092: val_acc did not improve
 - 30s - loss: 3.7939 - acc: 0.9127 - val_loss: 4.2952 - val_acc: 0.7774
Learning rate:  0.0001
Epoch 93/200

Epoch 00093: val_acc did not improve
 - 30s - loss: 3.7835 - acc: 0.9158 - val_loss: 4.4399 - val_acc: 0.7456
Learning rate:  0.0001
Epoch 94/200

Epoch 00094: val_acc did not improve
 - 30s - loss: 3.7793 - acc: 0.9156 - val_loss: 4.5000 - val_acc: 0.7348
Learning rate:  0.0001
Epoch 95/200

Epoch 00095: val_acc did not improve
 - 30s - loss: 3.7780 - acc: 0.9126 - val_loss: 4.5092 - val_acc: 0.7160
Learning rate:  0.0001
Epoch 96/200

Epoch 00096: val_acc did not improve
 - 30s - loss: 3.7726 - acc: 0.9145 - val_loss: 4.4180 - val_acc: 0.7464
Learning rate:  0.0001
Epoch 97/200

Epoch 00097: val_acc did not improve
 - 30s - loss: 3.7618 - acc: 0.9151 - val_loss: 4.4279 - val_acc: 0.7436
Learning rate:  0.0001
Epoch 98/200

Epoch 00098: val_acc did not improve
 - 30s - loss: 3.7627 - acc: 0.9133 - val_loss: 4.3811 - val_acc: 0.7516
Learning rate:  0.0001
Epoch 99/200

Epoch 00099: val_acc did not improve
 - 30s - loss: 3.7494 - acc: 0.9172 - val_loss: 4.3187 - val_acc: 0.7636
Learning rate:  0.0001
Epoch 100/200

Epoch 00100: val_acc did not improve
 - 30s - loss: 3.7466 - acc: 0.9154 - val_loss: 4.5880 - val_acc: 0.7256
Learning rate:  0.0001
Epoch 101/200

Epoch 00101: val_acc did not improve
 - 30s - loss: 3.7399 - acc: 0.9159 - val_loss: 4.3270 - val_acc: 0.7622
Learning rate:  0.0001
Epoch 102/200

Epoch 00102: val_acc did not improve
 - 30s - loss: 3.7401 - acc: 0.9147 - val_loss: 4.3980 - val_acc: 0.7436
Learning rate:  0.0001
Epoch 103/200

Epoch 00103: val_acc did not improve
 - 30s - loss: 3.7326 - acc: 0.9159 - val_loss: 4.4148 - val_acc: 0.7464
Learning rate:  0.0001
Epoch 104/200

Epoch 00104: val_acc did not improve
 - 30s - loss: 3.7289 - acc: 0.9154 - val_loss: 4.5808 - val_acc: 0.7172
Learning rate:  0.0001
Epoch 105/200

Epoch 00105: val_acc did not improve
 - 31s - loss: 3.7238 - acc: 0.9162 - val_loss: 4.3212 - val_acc: 0.7672
Learning rate:  0.0001
Epoch 106/200

Epoch 00106: val_acc did not improve
 - 30s - loss: 3.7173 - acc: 0.9160 - val_loss: 4.4134 - val_acc: 0.7506
Learning rate:  0.0001
Epoch 107/200

Epoch 00107: val_acc did not improve
 - 30s - loss: 3.7092 - acc: 0.9174 - val_loss: 4.3186 - val_acc: 0.7566
Learning rate:  0.0001
Epoch 108/200

Epoch 00108: val_acc did not improve
 - 30s - loss: 3.7045 - acc: 0.9182 - val_loss: 4.5247 - val_acc: 0.7244
Learning rate:  0.0001
Epoch 109/200

Epoch 00109: val_acc did not improve
 - 30s - loss: 3.7066 - acc: 0.9142 - val_loss: 4.7776 - val_acc: 0.6708
Learning rate:  0.0001
Epoch 110/200

Epoch 00110: val_acc did not improve
 - 31s - loss: 3.6916 - acc: 0.9186 - val_loss: 4.3634 - val_acc: 0.7550
Learning rate:  0.0001
Epoch 111/200

Epoch 00111: val_acc did not improve
 - 30s - loss: 3.6917 - acc: 0.9180 - val_loss: 4.3860 - val_acc: 0.7442
Learning rate:  0.0001
Epoch 112/200

Epoch 00112: val_acc did not improve
 - 30s - loss: 3.6877 - acc: 0.9181 - val_loss: 4.3168 - val_acc: 0.7618
Learning rate:  0.0001
Epoch 113/200

Epoch 00113: val_acc did not improve
 - 30s - loss: 3.6846 - acc: 0.9174 - val_loss: 4.3615 - val_acc: 0.7456
Learning rate:  0.0001
Epoch 114/200

Epoch 00114: val_acc did not improve
 - 30s - loss: 3.6824 - acc: 0.9162 - val_loss: 4.3571 - val_acc: 0.7448
Learning rate:  0.0001
Epoch 115/200

Epoch 00115: val_acc did not improve
 - 30s - loss: 3.6707 - acc: 0.9190 - val_loss: 4.3962 - val_acc: 0.7384
Learning rate:  0.0001
Epoch 116/200

Epoch 00116: val_acc did not improve
 - 30s - loss: 3.6669 - acc: 0.9188 - val_loss: 4.3742 - val_acc: 0.7566
Learning rate:  0.0001
Epoch 117/200

Epoch 00117: val_acc did not improve
 - 30s - loss: 3.6694 - acc: 0.9163 - val_loss: 4.3814 - val_acc: 0.7422
Learning rate:  0.0001
Epoch 118/200

Epoch 00118: val_acc did not improve
 - 30s - loss: 3.6600 - acc: 0.9182 - val_loss: 4.3445 - val_acc: 0.7546
Learning rate:  0.0001
Epoch 119/200

Epoch 00119: val_acc did not improve
 - 30s - loss: 3.6487 - acc: 0.9218 - val_loss: 4.4154 - val_acc: 0.7348
Learning rate:  0.0001
Epoch 120/200

Epoch 00120: val_acc did not improve
 - 30s - loss: 3.6538 - acc: 0.9174 - val_loss: 4.5724 - val_acc: 0.6980
Learning rate:  0.0001
Epoch 121/200

Epoch 00121: val_acc did not improve
 - 30s - loss: 3.6490 - acc: 0.9198 - val_loss: 4.3359 - val_acc: 0.7484
Learning rate:  1e-05
Epoch 122/200

Epoch 00122: val_acc did not improve
 - 30s - loss: 3.5703 - acc: 0.9496 - val_loss: 4.2260 - val_acc: 0.7704
Learning rate:  1e-05
Epoch 123/200

Epoch 00123: val_acc improved from 0.78220 to 0.78480, saving model to ./weights/RESNET_CIFAR-10_bnn_8b_4b_5.hdf5
 - 32s - loss: 3.5536 - acc: 0.9572 - val_loss: 4.1868 - val_acc: 0.7848
Learning rate:  1e-05
Epoch 124/200

Epoch 00124: val_acc did not improve
 - 30s - loss: 3.5541 - acc: 0.9570 - val_loss: 4.3437 - val_acc: 0.7476
Learning rate:  1e-05
Epoch 125/200

Epoch 00125: val_acc did not improve
 - 30s - loss: 3.5556 - acc: 0.9549 - val_loss: 4.2309 - val_acc: 0.7770
Learning rate:  1e-05
Epoch 126/200

Epoch 00126: val_acc did not improve
 - 30s - loss: 3.5588 - acc: 0.9528 - val_loss: 4.3307 - val_acc: 0.7596
Learning rate:  1e-05
Epoch 127/200

Epoch 00127: val_acc did not improve
 - 30s - loss: 3.5576 - acc: 0.9522 - val_loss: 4.2800 - val_acc: 0.7646
Learning rate:  1e-05
Epoch 128/200

Epoch 00128: val_acc did not improve
 - 30s - loss: 3.5582 - acc: 0.9525 - val_loss: 4.3726 - val_acc: 0.7468
Learning rate:  1e-05
Epoch 129/200

Epoch 00129: val_acc did not improve
 - 31s - loss: 3.5607 - acc: 0.9510 - val_loss: 4.4174 - val_acc: 0.7336
Learning rate:  1e-05
Epoch 130/200

Epoch 00130: val_acc did not improve
 - 30s - loss: 3.5578 - acc: 0.9516 - val_loss: 4.2599 - val_acc: 0.7836
Learning rate:  1e-05
Epoch 131/200

Epoch 00131: val_acc did not improve
 - 30s - loss: 3.5583 - acc: 0.9508 - val_loss: 4.4338 - val_acc: 0.7354
Learning rate:  1e-05
Epoch 132/200

Epoch 00132: val_acc did not improve
 - 30s - loss: 3.5615 - acc: 0.9499 - val_loss: 4.2904 - val_acc: 0.7678
Learning rate:  1e-05
Epoch 133/200

Epoch 00133: val_acc did not improve
 - 30s - loss: 3.5620 - acc: 0.9490 - val_loss: 4.3347 - val_acc: 0.7540
Learning rate:  1e-05
Epoch 134/200

Epoch 00134: val_acc did not improve
 - 30s - loss: 3.5663 - acc: 0.9482 - val_loss: 4.3245 - val_acc: 0.7606
Learning rate:  1e-05
Epoch 135/200

Epoch 00135: val_acc did not improve
 - 30s - loss: 3.5633 - acc: 0.9475 - val_loss: 4.3796 - val_acc: 0.7522
Learning rate:  1e-05
Epoch 136/200

Epoch 00136: val_acc did not improve
 - 30s - loss: 3.5620 - acc: 0.9494 - val_loss: 4.4259 - val_acc: 0.7442
Learning rate:  1e-05
Epoch 137/200

Epoch 00137: val_acc did not improve
 - 30s - loss: 3.5669 - acc: 0.9464 - val_loss: 4.5038 - val_acc: 0.7200
Learning rate:  1e-05
Epoch 138/200

Epoch 00138: val_acc did not improve
 - 30s - loss: 3.5641 - acc: 0.9470 - val_loss: 4.4046 - val_acc: 0.7484
Learning rate:  1e-05
Epoch 139/200

Epoch 00139: val_acc did not improve
 - 30s - loss: 3.5634 - acc: 0.9476 - val_loss: 4.3361 - val_acc: 0.7686
Learning rate:  1e-05
Epoch 140/200

Epoch 00140: val_acc did not improve
 - 31s - loss: 3.5645 - acc: 0.9469 - val_loss: 4.3687 - val_acc: 0.7496
Learning rate:  1e-05
Epoch 141/200

Epoch 00141: val_acc did not improve
 - 30s - loss: 3.5657 - acc: 0.9440 - val_loss: 4.2740 - val_acc: 0.7740
Learning rate:  1e-05
Epoch 142/200

Epoch 00142: val_acc did not improve
 - 30s - loss: 3.5640 - acc: 0.9462 - val_loss: 4.4080 - val_acc: 0.7464
Learning rate:  1e-05
Epoch 143/200

Epoch 00143: val_acc did not improve
 - 30s - loss: 3.5658 - acc: 0.9444 - val_loss: 4.2695 - val_acc: 0.7682
Learning rate:  1e-05
Epoch 144/200

Epoch 00144: val_acc did not improve
 - 31s - loss: 3.5640 - acc: 0.9451 - val_loss: 4.2568 - val_acc: 0.7672
Learning rate:  1e-05
Epoch 145/200

Epoch 00145: val_acc did not improve
 - 30s - loss: 3.5649 - acc: 0.9444 - val_loss: 4.2808 - val_acc: 0.7730
Learning rate:  1e-05
Epoch 146/200

Epoch 00146: val_acc did not improve
 - 30s - loss: 3.5687 - acc: 0.9435 - val_loss: 4.3728 - val_acc: 0.7378
Learning rate:  1e-05
Epoch 147/200

Epoch 00147: val_acc did not improve
 - 30s - loss: 3.5668 - acc: 0.9439 - val_loss: 4.4264 - val_acc: 0.7408
Learning rate:  1e-05
Epoch 148/200

Epoch 00148: val_acc did not improve
 - 30s - loss: 3.5616 - acc: 0.9462 - val_loss: 4.3050 - val_acc: 0.7594
Learning rate:  1e-05
Epoch 149/200

Epoch 00149: val_acc did not improve
 - 30s - loss: 3.5655 - acc: 0.9443 - val_loss: 4.3348 - val_acc: 0.7514
Learning rate:  1e-05
Epoch 150/200

Epoch 00150: val_acc did not improve
 - 30s - loss: 3.5632 - acc: 0.9448 - val_loss: 4.4518 - val_acc: 0.7434
Learning rate:  1e-05
Epoch 151/200

Epoch 00151: val_acc did not improve
 - 30s - loss: 3.5638 - acc: 0.9435 - val_loss: 4.3482 - val_acc: 0.7406
Learning rate:  1e-05
Epoch 152/200

Epoch 00152: val_acc did not improve
 - 30s - loss: 3.5668 - acc: 0.9424 - val_loss: 4.2652 - val_acc: 0.7674
Learning rate:  1e-05
Epoch 153/200

Epoch 00153: val_acc did not improve
 - 30s - loss: 3.5609 - acc: 0.9448 - val_loss: 4.3937 - val_acc: 0.7336
Learning rate:  1e-05
Epoch 154/200

Epoch 00154: val_acc did not improve
 - 30s - loss: 3.5626 - acc: 0.9452 - val_loss: 4.5653 - val_acc: 0.7132
Learning rate:  1e-05
Epoch 155/200

Epoch 00155: val_acc did not improve
 - 30s - loss: 3.5656 - acc: 0.9437 - val_loss: 4.3727 - val_acc: 0.7482
Learning rate:  1e-05
Epoch 156/200

Epoch 00156: val_acc did not improve
 - 30s - loss: 3.5604 - acc: 0.9445 - val_loss: 4.3783 - val_acc: 0.7544
Learning rate:  1e-05
Epoch 157/200

Epoch 00157: val_acc did not improve
 - 30s - loss: 3.5656 - acc: 0.9416 - val_loss: 4.3538 - val_acc: 0.7554
Learning rate:  1e-05
Epoch 158/200

Epoch 00158: val_acc did not improve
 - 30s - loss: 3.5620 - acc: 0.9428 - val_loss: 4.3993 - val_acc: 0.7532
Learning rate:  1e-05
Epoch 159/200

Epoch 00159: val_acc did not improve
 - 31s - loss: 3.5601 - acc: 0.9454 - val_loss: 4.2349 - val_acc: 0.7724
Learning rate:  1e-05
Epoch 160/200

Epoch 00160: val_acc did not improve
 - 30s - loss: 3.5620 - acc: 0.9420 - val_loss: 4.2511 - val_acc: 0.7666
Learning rate:  1e-05
Epoch 161/200

Epoch 00161: val_acc did not improve
 - 30s - loss: 3.5648 - acc: 0.9417 - val_loss: 4.3284 - val_acc: 0.7566
Learning rate:  1e-06
Epoch 162/200

Epoch 00162: val_acc did not improve
 - 31s - loss: 3.5124 - acc: 0.9646 - val_loss: 4.3125 - val_acc: 0.7654
Learning rate:  1e-06
Epoch 163/200

Epoch 00163: val_acc did not improve
 - 30s - loss: 3.5065 - acc: 0.9677 - val_loss: 4.2473 - val_acc: 0.7720
Learning rate:  1e-06
Epoch 164/200

Epoch 00164: val_acc did not improve
 - 30s - loss: 3.5065 - acc: 0.9673 - val_loss: 4.2058 - val_acc: 0.7806
Learning rate:  1e-06
Epoch 165/200

Epoch 00165: val_acc did not improve
 - 30s - loss: 3.5078 - acc: 0.9666 - val_loss: 4.3134 - val_acc: 0.7684
Learning rate:  1e-06
Epoch 166/200

Epoch 00166: val_acc did not improve
 - 30s - loss: 3.5116 - acc: 0.9644 - val_loss: 4.2938 - val_acc: 0.7632
Learning rate:  1e-06
Epoch 167/200

Epoch 00167: val_acc did not improve
 - 30s - loss: 3.5156 - acc: 0.9629 - val_loss: 4.2534 - val_acc: 0.7782
Learning rate:  1e-06
Epoch 168/200

Epoch 00168: val_acc did not improve
 - 30s - loss: 3.5162 - acc: 0.9620 - val_loss: 4.2693 - val_acc: 0.7662
Learning rate:  1e-06
Epoch 169/200

Epoch 00169: val_acc did not improve
 - 30s - loss: 3.5172 - acc: 0.9611 - val_loss: 4.2132 - val_acc: 0.7810
Learning rate:  1e-06
Epoch 170/200

Epoch 00170: val_acc did not improve
 - 31s - loss: 3.5205 - acc: 0.9599 - val_loss: 4.3337 - val_acc: 0.7696
Learning rate:  1e-06
Epoch 171/200

Epoch 00171: val_acc did not improve
 - 30s - loss: 3.5171 - acc: 0.9615 - val_loss: 4.2512 - val_acc: 0.7650
Learning rate:  1e-06
Epoch 172/200

Epoch 00172: val_acc did not improve
 - 30s - loss: 3.5223 - acc: 0.9584 - val_loss: 4.3105 - val_acc: 0.7542
Learning rate:  1e-06
Epoch 173/200

Epoch 00173: val_acc did not improve
 - 30s - loss: 3.5227 - acc: 0.9599 - val_loss: 4.2814 - val_acc: 0.7662
Learning rate:  1e-06
Epoch 174/200

Epoch 00174: val_acc did not improve
 - 30s - loss: 3.5253 - acc: 0.9580 - val_loss: 4.3290 - val_acc: 0.7558
Learning rate:  1e-06
Epoch 175/200

Epoch 00175: val_acc did not improve
 - 30s - loss: 3.5237 - acc: 0.9577 - val_loss: 4.2262 - val_acc: 0.7796
Learning rate:  1e-06
Epoch 176/200

Epoch 00176: val_acc did not improve
 - 30s - loss: 3.5240 - acc: 0.9588 - val_loss: 4.3242 - val_acc: 0.7654
Learning rate:  1e-06
Epoch 177/200

Epoch 00177: val_acc did not improve
 - 30s - loss: 3.5250 - acc: 0.9574 - val_loss: 4.3530 - val_acc: 0.7576
Learning rate:  1e-06
Epoch 178/200

Epoch 00178: val_acc did not improve
 - 30s - loss: 3.5281 - acc: 0.9557 - val_loss: 4.2671 - val_acc: 0.7658
Learning rate:  1e-06
Epoch 179/200

Epoch 00179: val_acc did not improve
 - 30s - loss: 3.5292 - acc: 0.9553 - val_loss: 4.3789 - val_acc: 0.7602
Learning rate:  1e-06
Epoch 180/200

Epoch 00180: val_acc did not improve
 - 30s - loss: 3.5300 - acc: 0.9548 - val_loss: 4.3517 - val_acc: 0.7620
Learning rate:  1e-06
Epoch 181/200

Epoch 00181: val_acc did not improve
 - 30s - loss: 3.5280 - acc: 0.9554 - val_loss: 4.4243 - val_acc: 0.7472
Learning rate:  5e-07
Epoch 182/200

Epoch 00182: val_acc did not improve
 - 30s - loss: 3.5150 - acc: 0.9613 - val_loss: 4.3192 - val_acc: 0.7642
Learning rate:  5e-07
Epoch 183/200

Epoch 00183: val_acc did not improve
 - 30s - loss: 3.5155 - acc: 0.9614 - val_loss: 4.2272 - val_acc: 0.7804
Learning rate:  5e-07
Epoch 184/200

Epoch 00184: val_acc did not improve
 - 31s - loss: 3.5211 - acc: 0.9584 - val_loss: 4.3229 - val_acc: 0.7604
Learning rate:  5e-07
Epoch 185/200

Epoch 00185: val_acc did not improve
 - 30s - loss: 3.5229 - acc: 0.9580 - val_loss: 4.5036 - val_acc: 0.7280
Learning rate:  5e-07
Epoch 186/200

Epoch 00186: val_acc did not improve
 - 31s - loss: 3.5250 - acc: 0.9577 - val_loss: 4.2805 - val_acc: 0.7760
Learning rate:  5e-07
Epoch 187/200

Epoch 00187: val_acc did not improve
 - 30s - loss: 3.5247 - acc: 0.9582 - val_loss: 4.3904 - val_acc: 0.7384
Learning rate:  5e-07
Epoch 188/200

Epoch 00188: val_acc did not improve
 - 30s - loss: 3.5259 - acc: 0.9575 - val_loss: 4.3728 - val_acc: 0.7460
Learning rate:  5e-07
Epoch 189/200

Epoch 00189: val_acc did not improve
 - 30s - loss: 3.5267 - acc: 0.9566 - val_loss: 4.3408 - val_acc: 0.7640
Learning rate:  5e-07
Epoch 190/200

Epoch 00190: val_acc did not improve
 - 30s - loss: 3.5284 - acc: 0.9562 - val_loss: 4.3915 - val_acc: 0.7610
Learning rate:  5e-07
Epoch 191/200

Epoch 00191: val_acc did not improve
 - 30s - loss: 3.5268 - acc: 0.9558 - val_loss: 4.3506 - val_acc: 0.7548
Learning rate:  5e-07
Epoch 192/200

Epoch 00192: val_acc did not improve
 - 30s - loss: 3.5277 - acc: 0.9572 - val_loss: 4.3068 - val_acc: 0.7716
Learning rate:  5e-07
Epoch 193/200

Epoch 00193: val_acc did not improve
 - 30s - loss: 3.5212 - acc: 0.9599 - val_loss: 4.2930 - val_acc: 0.7684
Learning rate:  5e-07
Epoch 194/200

Epoch 00194: val_acc did not improve
 - 30s - loss: 3.5294 - acc: 0.9552 - val_loss: 4.3627 - val_acc: 0.7592
Learning rate:  5e-07
Epoch 195/200

Epoch 00195: val_acc did not improve
 - 30s - loss: 3.5278 - acc: 0.9567 - val_loss: 4.3568 - val_acc: 0.7536
Learning rate:  5e-07
Epoch 196/200

Epoch 00196: val_acc did not improve
 - 30s - loss: 3.5304 - acc: 0.9542 - val_loss: 4.3884 - val_acc: 0.7600
Learning rate:  5e-07
Epoch 197/200

Epoch 00197: val_acc did not improve
 - 30s - loss: 3.5274 - acc: 0.9555 - val_loss: 4.3640 - val_acc: 0.7516
Learning rate:  5e-07
Epoch 198/200

Epoch 00198: val_acc did not improve
 - 30s - loss: 3.5297 - acc: 0.9548 - val_loss: 4.4144 - val_acc: 0.7452
Learning rate:  5e-07
Epoch 199/200

Epoch 00199: val_acc did not improve
 - 30s - loss: 3.5277 - acc: 0.9553 - val_loss: 4.2599 - val_acc: 0.7690
Learning rate:  5e-07
Epoch 200/200

Epoch 00200: val_acc did not improve
 - 31s - loss: 3.5327 - acc: 0.9540 - val_loss: 4.3287 - val_acc: 0.7672
Done

