Construct the Network

__________________________________________________________________________________________________
Layer (type)                    Output Shape         Param #     Connected to                     
==================================================================================================
input_2 (InputLayer)            (None, 32, 32, 3)    0                                            
__________________________________________________________________________________________________
binary_conv2d_1 (BinaryConv2D)  (None, 32, 32, 16)   448         input_2[0][0]                    
__________________________________________________________________________________________________
batch_normalization_1 (BatchNor (None, 32, 32, 16)   64          binary_conv2d_1[0][0]            
__________________________________________________________________________________________________
activation_1 (Activation)       (None, 32, 32, 16)   0           batch_normalization_1[0][0]      
__________________________________________________________________________________________________
binary_conv2d_2 (BinaryConv2D)  (None, 32, 32, 16)   2320        activation_1[0][0]               
__________________________________________________________________________________________________
batch_normalization_2 (BatchNor (None, 32, 32, 16)   64          binary_conv2d_2[0][0]            
__________________________________________________________________________________________________
activation_2 (Activation)       (None, 32, 32, 16)   0           batch_normalization_2[0][0]      
__________________________________________________________________________________________________
binary_conv2d_3 (BinaryConv2D)  (None, 32, 32, 16)   2320        activation_2[0][0]               
__________________________________________________________________________________________________
batch_normalization_3 (BatchNor (None, 32, 32, 16)   64          binary_conv2d_3[0][0]            
__________________________________________________________________________________________________
add_1 (Add)                     (None, 32, 32, 16)   0           activation_1[0][0]               
                                                                 batch_normalization_3[0][0]      
__________________________________________________________________________________________________
activation_3 (Activation)       (None, 32, 32, 16)   0           add_1[0][0]                      
__________________________________________________________________________________________________
binary_conv2d_4 (BinaryConv2D)  (None, 32, 32, 16)   2320        activation_3[0][0]               
__________________________________________________________________________________________________
batch_normalization_4 (BatchNor (None, 32, 32, 16)   64          binary_conv2d_4[0][0]            
__________________________________________________________________________________________________
activation_4 (Activation)       (None, 32, 32, 16)   0           batch_normalization_4[0][0]      
__________________________________________________________________________________________________
binary_conv2d_5 (BinaryConv2D)  (None, 32, 32, 16)   2320        activation_4[0][0]               
__________________________________________________________________________________________________
batch_normalization_5 (BatchNor (None, 32, 32, 16)   64          binary_conv2d_5[0][0]            
__________________________________________________________________________________________________
add_2 (Add)                     (None, 32, 32, 16)   0           activation_3[0][0]               
                                                                 batch_normalization_5[0][0]      
__________________________________________________________________________________________________
activation_5 (Activation)       (None, 32, 32, 16)   0           add_2[0][0]                      
__________________________________________________________________________________________________
binary_conv2d_6 (BinaryConv2D)  (None, 32, 32, 16)   2320        activation_5[0][0]               
__________________________________________________________________________________________________
batch_normalization_6 (BatchNor (None, 32, 32, 16)   64          binary_conv2d_6[0][0]            
__________________________________________________________________________________________________
activation_6 (Activation)       (None, 32, 32, 16)   0           batch_normalization_6[0][0]      
__________________________________________________________________________________________________
binary_conv2d_7 (BinaryConv2D)  (None, 32, 32, 16)   2320        activation_6[0][0]               
__________________________________________________________________________________________________
batch_normalization_7 (BatchNor (None, 32, 32, 16)   64          binary_conv2d_7[0][0]            
__________________________________________________________________________________________________
add_3 (Add)                     (None, 32, 32, 16)   0           activation_5[0][0]               
                                                                 batch_normalization_7[0][0]      
__________________________________________________________________________________________________
activation_7 (Activation)       (None, 32, 32, 16)   0           add_3[0][0]                      
__________________________________________________________________________________________________
binary_conv2d_8 (BinaryConv2D)  (None, 16, 16, 32)   4640        activation_7[0][0]               
__________________________________________________________________________________________________
batch_normalization_8 (BatchNor (None, 16, 16, 32)   128         binary_conv2d_8[0][0]            
__________________________________________________________________________________________________
activation_8 (Activation)       (None, 16, 16, 32)   0           batch_normalization_8[0][0]      
__________________________________________________________________________________________________
binary_conv2d_9 (BinaryConv2D)  (None, 16, 16, 32)   9248        activation_8[0][0]               
__________________________________________________________________________________________________
binary_conv2d_10 (BinaryConv2D) (None, 16, 16, 32)   544         activation_7[0][0]               
__________________________________________________________________________________________________
batch_normalization_9 (BatchNor (None, 16, 16, 32)   128         binary_conv2d_9[0][0]            
__________________________________________________________________________________________________
add_4 (Add)                     (None, 16, 16, 32)   0           binary_conv2d_10[0][0]           
                                                                 batch_normalization_9[0][0]      
__________________________________________________________________________________________________
activation_9 (Activation)       (None, 16, 16, 32)   0           add_4[0][0]                      
__________________________________________________________________________________________________
binary_conv2d_11 (BinaryConv2D) (None, 16, 16, 32)   9248        activation_9[0][0]               
__________________________________________________________________________________________________
batch_normalization_10 (BatchNo (None, 16, 16, 32)   128         binary_conv2d_11[0][0]           
__________________________________________________________________________________________________
activation_10 (Activation)      (None, 16, 16, 32)   0           batch_normalization_10[0][0]     
__________________________________________________________________________________________________
binary_conv2d_12 (BinaryConv2D) (None, 16, 16, 32)   9248        activation_10[0][0]              
__________________________________________________________________________________________________
batch_normalization_11 (BatchNo (None, 16, 16, 32)   128         binary_conv2d_12[0][0]           
__________________________________________________________________________________________________
add_5 (Add)                     (None, 16, 16, 32)   0           activation_9[0][0]               
                                                                 batch_normalization_11[0][0]     
__________________________________________________________________________________________________
activation_11 (Activation)      (None, 16, 16, 32)   0           add_5[0][0]                      
__________________________________________________________________________________________________
binary_conv2d_13 (BinaryConv2D) (None, 16, 16, 32)   9248        activation_11[0][0]              
__________________________________________________________________________________________________
batch_normalization_12 (BatchNo (None, 16, 16, 32)   128         binary_conv2d_13[0][0]           
__________________________________________________________________________________________________
activation_12 (Activation)      (None, 16, 16, 32)   0           batch_normalization_12[0][0]     
__________________________________________________________________________________________________
binary_conv2d_14 (BinaryConv2D) (None, 16, 16, 32)   9248        activation_12[0][0]              
__________________________________________________________________________________________________
batch_normalization_13 (BatchNo (None, 16, 16, 32)   128         binary_conv2d_14[0][0]           
__________________________________________________________________________________________________
add_6 (Add)                     (None, 16, 16, 32)   0           activation_11[0][0]              
                                                                 batch_normalization_13[0][0]     
__________________________________________________________________________________________________
activation_13 (Activation)      (None, 16, 16, 32)   0           add_6[0][0]                      
__________________________________________________________________________________________________
binary_conv2d_15 (BinaryConv2D) (None, 8, 8, 64)     18496       activation_13[0][0]              
__________________________________________________________________________________________________
batch_normalization_14 (BatchNo (None, 8, 8, 64)     256         binary_conv2d_15[0][0]           
__________________________________________________________________________________________________
activation_14 (Activation)      (None, 8, 8, 64)     0           batch_normalization_14[0][0]     
__________________________________________________________________________________________________
binary_conv2d_16 (BinaryConv2D) (None, 8, 8, 64)     36928       activation_14[0][0]              
__________________________________________________________________________________________________
binary_conv2d_17 (BinaryConv2D) (None, 8, 8, 64)     2112        activation_13[0][0]              
__________________________________________________________________________________________________
batch_normalization_15 (BatchNo (None, 8, 8, 64)     256         binary_conv2d_16[0][0]           
__________________________________________________________________________________________________
add_7 (Add)                     (None, 8, 8, 64)     0           binary_conv2d_17[0][0]           
                                                                 batch_normalization_15[0][0]     
__________________________________________________________________________________________________
activation_15 (Activation)      (None, 8, 8, 64)     0           add_7[0][0]                      
__________________________________________________________________________________________________
binary_conv2d_18 (BinaryConv2D) (None, 8, 8, 64)     36928       activation_15[0][0]              
__________________________________________________________________________________________________
batch_normalization_16 (BatchNo (None, 8, 8, 64)     256         binary_conv2d_18[0][0]           
__________________________________________________________________________________________________
activation_16 (Activation)      (None, 8, 8, 64)     0           batch_normalization_16[0][0]     
__________________________________________________________________________________________________
binary_conv2d_19 (BinaryConv2D) (None, 8, 8, 64)     36928       activation_16[0][0]              
__________________________________________________________________________________________________
batch_normalization_17 (BatchNo (None, 8, 8, 64)     256         binary_conv2d_19[0][0]           
__________________________________________________________________________________________________
add_8 (Add)                     (None, 8, 8, 64)     0           activation_15[0][0]              
                                                                 batch_normalization_17[0][0]     
__________________________________________________________________________________________________
activation_17 (Activation)      (None, 8, 8, 64)     0           add_8[0][0]                      
__________________________________________________________________________________________________
binary_conv2d_20 (BinaryConv2D) (None, 8, 8, 64)     36928       activation_17[0][0]              
__________________________________________________________________________________________________
batch_normalization_18 (BatchNo (None, 8, 8, 64)     256         binary_conv2d_20[0][0]           
__________________________________________________________________________________________________
activation_18 (Activation)      (None, 8, 8, 64)     0           batch_normalization_18[0][0]     
__________________________________________________________________________________________________
binary_conv2d_21 (BinaryConv2D) (None, 8, 8, 64)     36928       activation_18[0][0]              
__________________________________________________________________________________________________
batch_normalization_19 (BatchNo (None, 8, 8, 64)     256         binary_conv2d_21[0][0]           
__________________________________________________________________________________________________
add_9 (Add)                     (None, 8, 8, 64)     0           activation_17[0][0]              
                                                                 batch_normalization_19[0][0]     
__________________________________________________________________________________________________
activation_19 (Activation)      (None, 8, 8, 64)     0           add_9[0][0]                      
__________________________________________________________________________________________________
average_pooling2d_1 (AveragePoo (None, 1, 1, 64)     0           activation_19[0][0]              
__________________________________________________________________________________________________
flatten_1 (Flatten)             (None, 64)           0           average_pooling2d_1[0][0]        
__________________________________________________________________________________________________
binary_dense_2 (BinaryDense)    (None, 10)           650         flatten_1[0][0]                  
==================================================================================================
Total params: 274,442
Trainable params: 273,066
Non-trainable params: 1,376
__________________________________________________________________________________________________
loading data

Loading CIFAR-10 dataset...
(45000, 32, 32, 3)
setting up the network and creating callbacks

Learning rate:  0.001
compiling the network

No weights preloaded, training from scratch

(re)training the network

Train on 45000 samples, validate on 5000 samples
Learning rate:  0.001
Epoch 1/200

Epoch 00001: val_acc improved from -inf to 0.09880, saving model to ./weights/RESNET_CIFAR-10_qbnn_2b_4b_3.hdf5
 - 30s - loss: 11.5764 - acc: 0.0992 - val_loss: 11.3167 - val_acc: 0.0988
Learning rate:  0.001
Epoch 2/200

Epoch 00002: val_acc improved from 0.09880 to 0.10540, saving model to ./weights/RESNET_CIFAR-10_qbnn_2b_4b_3.hdf5
 - 25s - loss: 11.2957 - acc: 0.1071 - val_loss: 11.2878 - val_acc: 0.1054
Learning rate:  0.001
Epoch 3/200

Epoch 00003: val_acc did not improve
 - 24s - loss: 11.2423 - acc: 0.1150 - val_loss: 11.2721 - val_acc: 0.1014
Learning rate:  0.001
Epoch 4/200

Epoch 00004: val_acc improved from 0.10540 to 0.16880, saving model to ./weights/RESNET_CIFAR-10_qbnn_2b_4b_3.hdf5
 - 24s - loss: 11.0788 - acc: 0.1625 - val_loss: 11.0264 - val_acc: 0.1688
Learning rate:  0.001
Epoch 5/200

Epoch 00005: val_acc improved from 0.16880 to 0.19980, saving model to ./weights/RESNET_CIFAR-10_qbnn_2b_4b_3.hdf5
 - 25s - loss: 10.9548 - acc: 0.1959 - val_loss: 10.9115 - val_acc: 0.1998
Learning rate:  0.001
Epoch 6/200

Epoch 00006: val_acc improved from 0.19980 to 0.20780, saving model to ./weights/RESNET_CIFAR-10_qbnn_2b_4b_3.hdf5
 - 25s - loss: 10.8626 - acc: 0.2177 - val_loss: 10.8631 - val_acc: 0.2078
Learning rate:  0.001
Epoch 7/200

Epoch 00007: val_acc improved from 0.20780 to 0.22500, saving model to ./weights/RESNET_CIFAR-10_qbnn_2b_4b_3.hdf5
 - 25s - loss: 10.7932 - acc: 0.2356 - val_loss: 10.8174 - val_acc: 0.2250
Learning rate:  0.001
Epoch 8/200

Epoch 00008: val_acc improved from 0.22500 to 0.23840, saving model to ./weights/RESNET_CIFAR-10_qbnn_2b_4b_3.hdf5
 - 25s - loss: 10.7314 - acc: 0.2477 - val_loss: 10.7422 - val_acc: 0.2384
Learning rate:  0.001
Epoch 9/200

Epoch 00009: val_acc improved from 0.23840 to 0.24680, saving model to ./weights/RESNET_CIFAR-10_qbnn_2b_4b_3.hdf5
 - 25s - loss: 10.6757 - acc: 0.2530 - val_loss: 10.6824 - val_acc: 0.2468
Learning rate:  0.001
Epoch 10/200

Epoch 00010: val_acc did not improve
 - 24s - loss: 10.6160 - acc: 0.2686 - val_loss: 10.7190 - val_acc: 0.2288
Learning rate:  0.001
Epoch 11/200

Epoch 00011: val_acc improved from 0.24680 to 0.28240, saving model to ./weights/RESNET_CIFAR-10_qbnn_2b_4b_3.hdf5
 - 25s - loss: 10.5648 - acc: 0.2741 - val_loss: 10.5359 - val_acc: 0.2824
Learning rate:  0.001
Epoch 12/200

Epoch 00012: val_acc did not improve
 - 24s - loss: 10.5055 - acc: 0.2919 - val_loss: 10.5486 - val_acc: 0.2670
Learning rate:  0.001
Epoch 13/200

Epoch 00013: val_acc did not improve
 - 24s - loss: 10.4443 - acc: 0.3021 - val_loss: 10.6097 - val_acc: 0.2510
Learning rate:  0.001
Epoch 14/200

Epoch 00014: val_acc improved from 0.28240 to 0.30940, saving model to ./weights/RESNET_CIFAR-10_qbnn_2b_4b_3.hdf5
 - 25s - loss: 10.3829 - acc: 0.3140 - val_loss: 10.3571 - val_acc: 0.3094
Learning rate:  0.001
Epoch 15/200

Epoch 00015: val_acc improved from 0.30940 to 0.33420, saving model to ./weights/RESNET_CIFAR-10_qbnn_2b_4b_3.hdf5
 - 25s - loss: 10.3022 - acc: 0.3271 - val_loss: 10.2744 - val_acc: 0.3342
Learning rate:  0.001
Epoch 16/200

Epoch 00016: val_acc did not improve
 - 24s - loss: 10.2475 - acc: 0.3338 - val_loss: 10.2661 - val_acc: 0.3194
Learning rate:  0.001
Epoch 17/200

Epoch 00017: val_acc did not improve
 - 24s - loss: 10.1981 - acc: 0.3379 - val_loss: 10.2696 - val_acc: 0.3046
Learning rate:  0.001
Epoch 18/200

Epoch 00018: val_acc improved from 0.33420 to 0.34000, saving model to ./weights/RESNET_CIFAR-10_qbnn_2b_4b_3.hdf5
 - 25s - loss: 10.1309 - acc: 0.3505 - val_loss: 10.1193 - val_acc: 0.3400
Learning rate:  0.001
Epoch 19/200

Epoch 00019: val_acc improved from 0.34000 to 0.35980, saving model to ./weights/RESNET_CIFAR-10_qbnn_2b_4b_3.hdf5
 - 25s - loss: 10.0718 - acc: 0.3591 - val_loss: 10.0435 - val_acc: 0.3598
Learning rate:  0.001
Epoch 20/200

Epoch 00020: val_acc did not improve
 - 24s - loss: 10.0208 - acc: 0.3654 - val_loss: 10.0172 - val_acc: 0.3372
Learning rate:  0.001
Epoch 21/200

Epoch 00021: val_acc did not improve
 - 24s - loss: 9.9654 - acc: 0.3735 - val_loss: 10.1182 - val_acc: 0.3148
Learning rate:  0.001
Epoch 22/200

Epoch 00022: val_acc improved from 0.35980 to 0.36720, saving model to ./weights/RESNET_CIFAR-10_qbnn_2b_4b_3.hdf5
 - 25s - loss: 9.9230 - acc: 0.3728 - val_loss: 9.9238 - val_acc: 0.3672
Learning rate:  0.001
Epoch 23/200

Epoch 00023: val_acc did not improve
 - 24s - loss: 9.8658 - acc: 0.3817 - val_loss: 9.9000 - val_acc: 0.3604
Learning rate:  0.001
Epoch 24/200

Epoch 00024: val_acc improved from 0.36720 to 0.37720, saving model to ./weights/RESNET_CIFAR-10_qbnn_2b_4b_3.hdf5
 - 24s - loss: 9.8121 - acc: 0.3878 - val_loss: 9.8203 - val_acc: 0.3772
Learning rate:  0.001
Epoch 25/200

Epoch 00025: val_acc did not improve
 - 24s - loss: 9.7585 - acc: 0.3950 - val_loss: 9.9016 - val_acc: 0.3426
Learning rate:  0.001
Epoch 26/200

Epoch 00026: val_acc did not improve
 - 24s - loss: 9.7162 - acc: 0.3965 - val_loss: 9.8750 - val_acc: 0.3544
Learning rate:  0.001
Epoch 27/200

Epoch 00027: val_acc improved from 0.37720 to 0.38380, saving model to ./weights/RESNET_CIFAR-10_qbnn_2b_4b_3.hdf5
 - 25s - loss: 9.6620 - acc: 0.4082 - val_loss: 9.7103 - val_acc: 0.3838
Learning rate:  0.001
Epoch 28/200

Epoch 00028: val_acc did not improve
 - 24s - loss: 9.6145 - acc: 0.4125 - val_loss: 9.8734 - val_acc: 0.3120
Learning rate:  0.001
Epoch 29/200

Epoch 00029: val_acc did not improve
 - 24s - loss: 9.5682 - acc: 0.4169 - val_loss: 10.4353 - val_acc: 0.2424
Learning rate:  0.001
Epoch 30/200

Epoch 00030: val_acc improved from 0.38380 to 0.40280, saving model to ./weights/RESNET_CIFAR-10_qbnn_2b_4b_3.hdf5
 - 25s - loss: 9.5284 - acc: 0.4225 - val_loss: 9.5545 - val_acc: 0.4028
Learning rate:  0.001
Epoch 31/200

Epoch 00031: val_acc did not improve
 - 24s - loss: 9.4902 - acc: 0.4253 - val_loss: 9.6118 - val_acc: 0.3778
Learning rate:  0.001
Epoch 32/200

Epoch 00032: val_acc did not improve
 - 24s - loss: 9.4387 - acc: 0.4307 - val_loss: 9.5185 - val_acc: 0.3882
Learning rate:  0.001
Epoch 33/200

Epoch 00033: val_acc did not improve
 - 24s - loss: 9.3965 - acc: 0.4359 - val_loss: 11.0019 - val_acc: 0.2036
Learning rate:  0.001
Epoch 34/200

Epoch 00034: val_acc did not improve
 - 24s - loss: 9.3550 - acc: 0.4425 - val_loss: 9.5204 - val_acc: 0.3764
Learning rate:  0.001
Epoch 35/200

Epoch 00035: val_acc did not improve
 - 24s - loss: 9.3219 - acc: 0.4464 - val_loss: 9.4002 - val_acc: 0.4028
Learning rate:  0.001
Epoch 36/200

Epoch 00036: val_acc did not improve
 - 24s - loss: 9.2807 - acc: 0.4532 - val_loss: 9.6791 - val_acc: 0.3426
Learning rate:  0.001
Epoch 37/200

Epoch 00037: val_acc did not improve
 - 24s - loss: 9.2367 - acc: 0.4582 - val_loss: 9.5684 - val_acc: 0.3552
Learning rate:  0.001
Epoch 38/200

Epoch 00038: val_acc improved from 0.40280 to 0.42540, saving model to ./weights/RESNET_CIFAR-10_qbnn_2b_4b_3.hdf5
 - 25s - loss: 9.1980 - acc: 0.4624 - val_loss: 9.2740 - val_acc: 0.4254
Learning rate:  0.001
Epoch 39/200

Epoch 00039: val_acc did not improve
 - 24s - loss: 9.1639 - acc: 0.4630 - val_loss: 9.9936 - val_acc: 0.2570
Learning rate:  0.001
Epoch 40/200

Epoch 00040: val_acc did not improve
 - 24s - loss: 9.1250 - acc: 0.4723 - val_loss: 9.6985 - val_acc: 0.3090
Learning rate:  0.001
Epoch 41/200

Epoch 00041: val_acc did not improve
 - 24s - loss: 9.0855 - acc: 0.4753 - val_loss: 9.2417 - val_acc: 0.4056
Learning rate:  0.001
Epoch 42/200

Epoch 00042: val_acc did not improve
 - 24s - loss: 9.0485 - acc: 0.4795 - val_loss: 9.6771 - val_acc: 0.3106
Learning rate:  0.001
Epoch 43/200

Epoch 00043: val_acc did not improve
 - 24s - loss: 9.0225 - acc: 0.4826 - val_loss: 9.1525 - val_acc: 0.4216
Learning rate:  0.001
Epoch 44/200

Epoch 00044: val_acc did not improve
 - 24s - loss: 8.9884 - acc: 0.4827 - val_loss: 9.3755 - val_acc: 0.3692
Learning rate:  0.001
Epoch 45/200

Epoch 00045: val_acc did not improve
 - 24s - loss: 8.9505 - acc: 0.4908 - val_loss: 9.2279 - val_acc: 0.4162
Learning rate:  0.001
Epoch 46/200

Epoch 00046: val_acc improved from 0.42540 to 0.46880, saving model to ./weights/RESNET_CIFAR-10_qbnn_2b_4b_3.hdf5
 - 25s - loss: 8.9295 - acc: 0.4906 - val_loss: 8.9661 - val_acc: 0.4688
Learning rate:  0.001
Epoch 47/200

Epoch 00047: val_acc did not improve
 - 24s - loss: 8.8954 - acc: 0.4989 - val_loss: 9.1588 - val_acc: 0.4020
Learning rate:  0.001
Epoch 48/200

Epoch 00048: val_acc did not improve
 - 24s - loss: 8.8690 - acc: 0.4986 - val_loss: 9.1853 - val_acc: 0.3958
Learning rate:  0.001
Epoch 49/200

Epoch 00049: val_acc did not improve
 - 24s - loss: 8.8474 - acc: 0.5015 - val_loss: 9.0123 - val_acc: 0.4236
Learning rate:  0.001
Epoch 50/200

Epoch 00050: val_acc did not improve
 - 24s - loss: 8.8242 - acc: 0.5038 - val_loss: 8.9243 - val_acc: 0.4576
Learning rate:  0.001
Epoch 51/200

Epoch 00051: val_acc did not improve
 - 24s - loss: 8.8008 - acc: 0.5024 - val_loss: 10.6561 - val_acc: 0.2148
Learning rate:  0.001
Epoch 52/200

Epoch 00052: val_acc did not improve
 - 24s - loss: 8.7724 - acc: 0.5107 - val_loss: 9.0328 - val_acc: 0.4008
Learning rate:  0.001
Epoch 53/200

Epoch 00053: val_acc did not improve
 - 24s - loss: 8.7518 - acc: 0.5098 - val_loss: 9.0812 - val_acc: 0.4074
Learning rate:  0.001
Epoch 54/200

Epoch 00054: val_acc did not improve
 - 24s - loss: 8.7240 - acc: 0.5126 - val_loss: 9.1948 - val_acc: 0.3594
Learning rate:  0.001
Epoch 55/200

Epoch 00055: val_acc did not improve
 - 24s - loss: 8.6945 - acc: 0.5188 - val_loss: 9.0883 - val_acc: 0.3972
Learning rate:  0.001
Epoch 56/200

Epoch 00056: val_acc did not improve
 - 24s - loss: 8.6767 - acc: 0.5188 - val_loss: 9.0042 - val_acc: 0.4156
Learning rate:  0.001
Epoch 57/200

Epoch 00057: val_acc did not improve
 - 24s - loss: 8.6445 - acc: 0.5233 - val_loss: 9.4245 - val_acc: 0.3170
Learning rate:  0.001
Epoch 58/200

Epoch 00058: val_acc did not improve
 - 24s - loss: 8.6254 - acc: 0.5252 - val_loss: 9.4478 - val_acc: 0.3078
Learning rate:  0.001
Epoch 59/200

Epoch 00059: val_acc did not improve
 - 24s - loss: 8.5989 - acc: 0.5320 - val_loss: 9.1698 - val_acc: 0.3462
Learning rate:  0.001
Epoch 60/200

Epoch 00060: val_acc did not improve
 - 24s - loss: 8.5737 - acc: 0.5346 - val_loss: 8.7744 - val_acc: 0.4578
Learning rate:  0.001
Epoch 61/200

Epoch 00061: val_acc did not improve
 - 24s - loss: 8.5534 - acc: 0.5340 - val_loss: 8.8509 - val_acc: 0.4344
Learning rate:  0.001
Epoch 62/200

Epoch 00062: val_acc improved from 0.46880 to 0.48360, saving model to ./weights/RESNET_CIFAR-10_qbnn_2b_4b_3.hdf5
 - 25s - loss: 8.5243 - acc: 0.5422 - val_loss: 8.6938 - val_acc: 0.4836
Learning rate:  0.001
Epoch 63/200

Epoch 00063: val_acc did not improve
 - 24s - loss: 8.4993 - acc: 0.5448 - val_loss: 9.4498 - val_acc: 0.3076
Learning rate:  0.001
Epoch 64/200

Epoch 00064: val_acc did not improve
 - 24s - loss: 8.4787 - acc: 0.5480 - val_loss: 8.8148 - val_acc: 0.4318
Learning rate:  0.001
Epoch 65/200

Epoch 00065: val_acc did not improve
 - 24s - loss: 8.4682 - acc: 0.5486 - val_loss: 9.2871 - val_acc: 0.3140
Learning rate:  0.001
Epoch 66/200

Epoch 00066: val_acc did not improve
 - 24s - loss: 8.4496 - acc: 0.5506 - val_loss: 8.6920 - val_acc: 0.4536
Learning rate:  0.001
Epoch 67/200

Epoch 00067: val_acc did not improve
 - 24s - loss: 8.4307 - acc: 0.5529 - val_loss: 9.3270 - val_acc: 0.3312
Learning rate:  0.001
Epoch 68/200

Epoch 00068: val_acc did not improve
 - 24s - loss: 8.4070 - acc: 0.5563 - val_loss: 8.8669 - val_acc: 0.4170
Learning rate:  0.001
Epoch 69/200

Epoch 00069: val_acc did not improve
 - 24s - loss: 8.3925 - acc: 0.5572 - val_loss: 8.9090 - val_acc: 0.4032
Learning rate:  0.001
Epoch 70/200

Epoch 00070: val_acc improved from 0.48360 to 0.49120, saving model to ./weights/RESNET_CIFAR-10_qbnn_2b_4b_3.hdf5
 - 25s - loss: 8.3731 - acc: 0.5606 - val_loss: 8.5694 - val_acc: 0.4912
Learning rate:  0.001
Epoch 71/200

Epoch 00071: val_acc did not improve
 - 24s - loss: 8.3534 - acc: 0.5647 - val_loss: 8.6527 - val_acc: 0.4636
Learning rate:  0.001
Epoch 72/200

Epoch 00072: val_acc did not improve
 - 24s - loss: 8.3372 - acc: 0.5653 - val_loss: 8.7407 - val_acc: 0.4218
Learning rate:  0.001
Epoch 73/200

Epoch 00073: val_acc did not improve
 - 24s - loss: 8.3161 - acc: 0.5652 - val_loss: 8.9442 - val_acc: 0.3820
Learning rate:  0.001
Epoch 74/200

Epoch 00074: val_acc did not improve
 - 24s - loss: 8.2988 - acc: 0.5697 - val_loss: 8.7185 - val_acc: 0.4262
Learning rate:  0.001
Epoch 75/200

Epoch 00075: val_acc did not improve
 - 24s - loss: 8.2840 - acc: 0.5696 - val_loss: 9.4347 - val_acc: 0.3244
Learning rate:  0.001
Epoch 76/200

Epoch 00076: val_acc did not improve
 - 24s - loss: 8.2711 - acc: 0.5728 - val_loss: 8.6668 - val_acc: 0.4348
Learning rate:  0.001
Epoch 77/200

Epoch 00077: val_acc did not improve
 - 24s - loss: 8.2594 - acc: 0.5744 - val_loss: 9.1017 - val_acc: 0.3732
Learning rate:  0.001
Epoch 78/200

Epoch 00078: val_acc did not improve
 - 24s - loss: 8.2427 - acc: 0.5773 - val_loss: 8.9003 - val_acc: 0.3958
Learning rate:  0.001
Epoch 79/200

Epoch 00079: val_acc did not improve
 - 24s - loss: 8.2272 - acc: 0.5770 - val_loss: 8.8107 - val_acc: 0.4186
Learning rate:  0.001
Epoch 80/200

Epoch 00080: val_acc did not improve
 - 24s - loss: 8.2067 - acc: 0.5817 - val_loss: 8.6518 - val_acc: 0.4482
Learning rate:  0.001
Epoch 81/200

Epoch 00081: val_acc did not improve
 - 24s - loss: 8.1873 - acc: 0.5867 - val_loss: 8.5618 - val_acc: 0.4838
Learning rate:  0.0001
Epoch 82/200

Epoch 00082: val_acc improved from 0.49120 to 0.53560, saving model to ./weights/RESNET_CIFAR-10_qbnn_2b_4b_3.hdf5
 - 25s - loss: 8.1533 - acc: 0.5990 - val_loss: 8.3153 - val_acc: 0.5356
Learning rate:  0.0001
Epoch 83/200

Epoch 00083: val_acc improved from 0.53560 to 0.55340, saving model to ./weights/RESNET_CIFAR-10_qbnn_2b_4b_3.hdf5
 - 25s - loss: 8.1439 - acc: 0.6001 - val_loss: 8.2696 - val_acc: 0.5534
Learning rate:  0.0001
Epoch 84/200

Epoch 00084: val_acc did not improve
 - 24s - loss: 8.1416 - acc: 0.5993 - val_loss: 8.5519 - val_acc: 0.4550
Learning rate:  0.0001
Epoch 85/200

Epoch 00085: val_acc improved from 0.55340 to 0.56480, saving model to ./weights/RESNET_CIFAR-10_qbnn_2b_4b_3.hdf5
 - 25s - loss: 8.1427 - acc: 0.6015 - val_loss: 8.2292 - val_acc: 0.5648
Learning rate:  0.0001
Epoch 86/200

Epoch 00086: val_acc did not improve
 - 24s - loss: 8.1382 - acc: 0.6024 - val_loss: 8.4972 - val_acc: 0.5000
Learning rate:  0.0001
Epoch 87/200

Epoch 00087: val_acc improved from 0.56480 to 0.56580, saving model to ./weights/RESNET_CIFAR-10_qbnn_2b_4b_3.hdf5
 - 25s - loss: 8.1352 - acc: 0.6029 - val_loss: 8.2321 - val_acc: 0.5658
Learning rate:  0.0001
Epoch 88/200

Epoch 00088: val_acc did not improve
 - 24s - loss: 8.1332 - acc: 0.6040 - val_loss: 8.3823 - val_acc: 0.5134
Learning rate:  0.0001
Epoch 89/200

Epoch 00089: val_acc did not improve
 - 24s - loss: 8.1318 - acc: 0.6004 - val_loss: 8.3034 - val_acc: 0.5384
Learning rate:  0.0001
Epoch 90/200

Epoch 00090: val_acc did not improve
 - 24s - loss: 8.1320 - acc: 0.6017 - val_loss: 8.3737 - val_acc: 0.5168
Learning rate:  0.0001
Epoch 91/200

Epoch 00091: val_acc did not improve
 - 24s - loss: 8.1360 - acc: 0.5980 - val_loss: 8.3059 - val_acc: 0.5338
Learning rate:  0.0001
Epoch 92/200

Epoch 00092: val_acc did not improve
 - 24s - loss: 8.1332 - acc: 0.6018 - val_loss: 8.4910 - val_acc: 0.4714
Learning rate:  0.0001
Epoch 93/200

Epoch 00093: val_acc did not improve
 - 24s - loss: 8.1312 - acc: 0.5982 - val_loss: 8.2574 - val_acc: 0.5448
Learning rate:  0.0001
Epoch 94/200

Epoch 00094: val_acc did not improve
 - 24s - loss: 8.1241 - acc: 0.6010 - val_loss: 8.3175 - val_acc: 0.5368
Learning rate:  0.0001
Epoch 95/200

Epoch 00095: val_acc did not improve
 - 24s - loss: 8.1242 - acc: 0.6040 - val_loss: 8.7224 - val_acc: 0.4126
Learning rate:  0.0001
Epoch 96/200

Epoch 00096: val_acc did not improve
 - 24s - loss: 8.1230 - acc: 0.6037 - val_loss: 8.6489 - val_acc: 0.4616
Learning rate:  0.0001
Epoch 97/200

Epoch 00097: val_acc did not improve
 - 24s - loss: 8.1167 - acc: 0.6035 - val_loss: 8.9712 - val_acc: 0.3628
Learning rate:  0.0001
Epoch 98/200

Epoch 00098: val_acc did not improve
 - 24s - loss: 8.1198 - acc: 0.6005 - val_loss: 8.3619 - val_acc: 0.5070
Learning rate:  0.0001
Epoch 99/200

Epoch 00099: val_acc did not improve
 - 24s - loss: 8.1168 - acc: 0.6025 - val_loss: 8.5340 - val_acc: 0.4658
Learning rate:  0.0001
Epoch 100/200

Epoch 00100: val_acc did not improve
 - 24s - loss: 8.1135 - acc: 0.5989 - val_loss: 8.6667 - val_acc: 0.4410
Learning rate:  0.0001
Epoch 101/200

Epoch 00101: val_acc did not improve
 - 24s - loss: 8.1103 - acc: 0.6022 - val_loss: 8.2555 - val_acc: 0.5446
Learning rate:  0.0001
Epoch 102/200

Epoch 00102: val_acc did not improve
 - 24s - loss: 8.1096 - acc: 0.6024 - val_loss: 8.3673 - val_acc: 0.5042
Learning rate:  0.0001
Epoch 103/200

Epoch 00103: val_acc improved from 0.56580 to 0.56800, saving model to ./weights/RESNET_CIFAR-10_qbnn_2b_4b_3.hdf5
 - 25s - loss: 8.1025 - acc: 0.6048 - val_loss: 8.2170 - val_acc: 0.5680
Learning rate:  0.0001
Epoch 104/200

Epoch 00104: val_acc did not improve
 - 24s - loss: 8.1032 - acc: 0.6028 - val_loss: 8.2683 - val_acc: 0.5454
Learning rate:  0.0001
Epoch 105/200

Epoch 00105: val_acc did not improve
 - 24s - loss: 8.1026 - acc: 0.6050 - val_loss: 8.2395 - val_acc: 0.5494
Learning rate:  0.0001
Epoch 106/200

Epoch 00106: val_acc did not improve
 - 24s - loss: 8.1004 - acc: 0.6057 - val_loss: 8.3579 - val_acc: 0.5132
Learning rate:  0.0001
Epoch 107/200

Epoch 00107: val_acc did not improve
 - 24s - loss: 8.1033 - acc: 0.6047 - val_loss: 8.5941 - val_acc: 0.4558
Learning rate:  0.0001
Epoch 108/200

Epoch 00108: val_acc did not improve
 - 24s - loss: 8.0953 - acc: 0.6036 - val_loss: 8.4591 - val_acc: 0.4698
Learning rate:  0.0001
Epoch 109/200

Epoch 00109: val_acc did not improve
 - 24s - loss: 8.0994 - acc: 0.6030 - val_loss: 8.2628 - val_acc: 0.5486
Learning rate:  0.0001
Epoch 110/200

Epoch 00110: val_acc did not improve
 - 24s - loss: 8.0925 - acc: 0.6024 - val_loss: 8.6010 - val_acc: 0.4498
Learning rate:  0.0001
Epoch 111/200

Epoch 00111: val_acc did not improve
 - 24s - loss: 8.0914 - acc: 0.6036 - val_loss: 8.3080 - val_acc: 0.5174
Learning rate:  0.0001
Epoch 112/200

Epoch 00112: val_acc did not improve
 - 24s - loss: 8.0880 - acc: 0.6056 - val_loss: 8.2357 - val_acc: 0.5458
Learning rate:  0.0001
Epoch 113/200

Epoch 00113: val_acc did not improve
 - 24s - loss: 8.0885 - acc: 0.6064 - val_loss: 8.3028 - val_acc: 0.5240
Learning rate:  0.0001
Epoch 114/200

Epoch 00114: val_acc did not improve
 - 24s - loss: 8.0875 - acc: 0.6033 - val_loss: 8.3151 - val_acc: 0.5222
Learning rate:  0.0001
Epoch 115/200

Epoch 00115: val_acc did not improve
 - 24s - loss: 8.0799 - acc: 0.6052 - val_loss: 8.3540 - val_acc: 0.5238
Learning rate:  0.0001
Epoch 116/200

Epoch 00116: val_acc did not improve
 - 24s - loss: 8.0816 - acc: 0.6047 - val_loss: 8.2806 - val_acc: 0.5272
Learning rate:  0.0001
Epoch 117/200

Epoch 00117: val_acc did not improve
 - 24s - loss: 8.0845 - acc: 0.6038 - val_loss: 8.3995 - val_acc: 0.4996
Learning rate:  0.0001
Epoch 118/200

Epoch 00118: val_acc did not improve
 - 24s - loss: 8.0805 - acc: 0.6048 - val_loss: 8.3097 - val_acc: 0.5218
Learning rate:  0.0001
Epoch 119/200

Epoch 00119: val_acc did not improve
 - 24s - loss: 8.0814 - acc: 0.6051 - val_loss: 9.2534 - val_acc: 0.3542
Learning rate:  0.0001
Epoch 120/200

Epoch 00120: val_acc did not improve
 - 24s - loss: 8.0697 - acc: 0.6082 - val_loss: 8.4861 - val_acc: 0.4834
Learning rate:  0.0001
Epoch 121/200

Epoch 00121: val_acc did not improve
 - 24s - loss: 8.0706 - acc: 0.6049 - val_loss: 8.3493 - val_acc: 0.5218
Learning rate:  1e-05
Epoch 122/200

Epoch 00122: val_acc did not improve
 - 24s - loss: 8.0517 - acc: 0.6148 - val_loss: 8.5192 - val_acc: 0.4776
Learning rate:  1e-05
Epoch 123/200

Epoch 00123: val_acc did not improve
 - 24s - loss: 8.0565 - acc: 0.6116 - val_loss: 8.4676 - val_acc: 0.4768
Learning rate:  1e-05
Epoch 124/200

Epoch 00124: val_acc improved from 0.56800 to 0.58540, saving model to ./weights/RESNET_CIFAR-10_qbnn_2b_4b_3.hdf5
 - 25s - loss: 8.0557 - acc: 0.6127 - val_loss: 8.1223 - val_acc: 0.5854
Learning rate:  1e-05
Epoch 125/200

Epoch 00125: val_acc did not improve
 - 24s - loss: 8.0545 - acc: 0.6115 - val_loss: 8.2973 - val_acc: 0.5360
Learning rate:  1e-05
Epoch 126/200

Epoch 00126: val_acc did not improve
 - 24s - loss: 8.0593 - acc: 0.6110 - val_loss: 8.7026 - val_acc: 0.4366
Learning rate:  1e-05
Epoch 127/200

Epoch 00127: val_acc did not improve
 - 24s - loss: 8.0507 - acc: 0.6155 - val_loss: 8.1899 - val_acc: 0.5526
Learning rate:  1e-05
Epoch 128/200

Epoch 00128: val_acc did not improve
 - 24s - loss: 8.0579 - acc: 0.6115 - val_loss: 8.3334 - val_acc: 0.5112
Learning rate:  1e-05
Epoch 129/200

Epoch 00129: val_acc did not improve
 - 24s - loss: 8.0497 - acc: 0.6136 - val_loss: 8.5668 - val_acc: 0.4398
Learning rate:  1e-05
Epoch 130/200

Epoch 00130: val_acc did not improve
 - 24s - loss: 8.0522 - acc: 0.6160 - val_loss: 8.4482 - val_acc: 0.5038
Learning rate:  1e-05
Epoch 131/200

Epoch 00131: val_acc did not improve
 - 24s - loss: 8.0567 - acc: 0.6112 - val_loss: 8.2980 - val_acc: 0.5244
Learning rate:  1e-05
Epoch 132/200

Epoch 00132: val_acc did not improve
 - 24s - loss: 8.0578 - acc: 0.6095 - val_loss: 8.4203 - val_acc: 0.4960
Learning rate:  1e-05
Epoch 133/200

Epoch 00133: val_acc did not improve
 - 24s - loss: 8.0533 - acc: 0.6137 - val_loss: 8.1900 - val_acc: 0.5576
Learning rate:  1e-05
Epoch 134/200

Epoch 00134: val_acc did not improve
 - 24s - loss: 8.0589 - acc: 0.6100 - val_loss: 8.2893 - val_acc: 0.5394
Learning rate:  1e-05
Epoch 135/200

Epoch 00135: val_acc did not improve
 - 24s - loss: 8.0540 - acc: 0.6123 - val_loss: 8.5825 - val_acc: 0.4654
Learning rate:  1e-05
Epoch 136/200

Epoch 00136: val_acc did not improve
 - 24s - loss: 8.0546 - acc: 0.6109 - val_loss: 9.3322 - val_acc: 0.3312
Learning rate:  1e-05
Epoch 137/200

Epoch 00137: val_acc did not improve
 - 24s - loss: 8.0527 - acc: 0.6117 - val_loss: 8.2970 - val_acc: 0.5206
Learning rate:  1e-05
Epoch 138/200

Epoch 00138: val_acc did not improve
 - 24s - loss: 8.0553 - acc: 0.6126 - val_loss: 8.8284 - val_acc: 0.4354
Learning rate:  1e-05
Epoch 139/200

Epoch 00139: val_acc did not improve
 - 24s - loss: 8.0563 - acc: 0.6117 - val_loss: 8.5231 - val_acc: 0.4796
Learning rate:  1e-05
Epoch 140/200

Epoch 00140: val_acc did not improve
 - 24s - loss: 8.0525 - acc: 0.6124 - val_loss: 8.6288 - val_acc: 0.4440
Learning rate:  1e-05
Epoch 141/200

Epoch 00141: val_acc did not improve
 - 24s - loss: 8.0558 - acc: 0.6116 - val_loss: 8.4399 - val_acc: 0.4808
Learning rate:  1e-05
Epoch 142/200

Epoch 00142: val_acc did not improve
 - 24s - loss: 8.0502 - acc: 0.6111 - val_loss: 8.3252 - val_acc: 0.5064
Learning rate:  1e-05
Epoch 143/200

Epoch 00143: val_acc did not improve
 - 24s - loss: 8.0561 - acc: 0.6138 - val_loss: 8.1941 - val_acc: 0.5588
Learning rate:  1e-05
Epoch 144/200

Epoch 00144: val_acc did not improve
 - 24s - loss: 8.0468 - acc: 0.6147 - val_loss: 8.3826 - val_acc: 0.5082
Learning rate:  1e-05
Epoch 145/200

Epoch 00145: val_acc did not improve
 - 24s - loss: 8.0569 - acc: 0.6112 - val_loss: 8.5022 - val_acc: 0.4702
Learning rate:  1e-05
Epoch 146/200

Epoch 00146: val_acc did not improve
 - 24s - loss: 8.0502 - acc: 0.6146 - val_loss: 8.2540 - val_acc: 0.5452
Learning rate:  1e-05
Epoch 147/200

Epoch 00147: val_acc did not improve
 - 24s - loss: 8.0531 - acc: 0.6127 - val_loss: 8.2823 - val_acc: 0.5278
Learning rate:  1e-05
Epoch 148/200

Epoch 00148: val_acc did not improve
 - 24s - loss: 8.0553 - acc: 0.6124 - val_loss: 8.5288 - val_acc: 0.4414
Learning rate:  1e-05
Epoch 149/200

Epoch 00149: val_acc did not improve
 - 24s - loss: 8.0536 - acc: 0.6089 - val_loss: 8.5146 - val_acc: 0.4644
Learning rate:  1e-05
Epoch 150/200

Epoch 00150: val_acc did not improve
 - 24s - loss: 8.0520 - acc: 0.6101 - val_loss: 8.4683 - val_acc: 0.4980
Learning rate:  1e-05
Epoch 151/200

Epoch 00151: val_acc did not improve
 - 24s - loss: 8.0565 - acc: 0.6071 - val_loss: 8.2324 - val_acc: 0.5424
Learning rate:  1e-05
Epoch 152/200

Epoch 00152: val_acc did not improve
 - 24s - loss: 8.0515 - acc: 0.6123 - val_loss: 8.4569 - val_acc: 0.4874
Learning rate:  1e-05
Epoch 153/200

Epoch 00153: val_acc did not improve
 - 24s - loss: 8.0507 - acc: 0.6109 - val_loss: 8.3003 - val_acc: 0.5328
Learning rate:  1e-05
Epoch 154/200

Epoch 00154: val_acc did not improve
 - 24s - loss: 8.0539 - acc: 0.6088 - val_loss: 8.4100 - val_acc: 0.4966
Learning rate:  1e-05
Epoch 155/200

Epoch 00155: val_acc did not improve
 - 24s - loss: 8.0492 - acc: 0.6151 - val_loss: 8.2849 - val_acc: 0.5152
Learning rate:  1e-05
Epoch 156/200

Epoch 00156: val_acc did not improve
 - 24s - loss: 8.0493 - acc: 0.6135 - val_loss: 8.2252 - val_acc: 0.5478
Learning rate:  1e-05
Epoch 157/200

Epoch 00157: val_acc improved from 0.58540 to 0.59080, saving model to ./weights/RESNET_CIFAR-10_qbnn_2b_4b_3.hdf5
 - 25s - loss: 8.0495 - acc: 0.6121 - val_loss: 8.1088 - val_acc: 0.5908
Learning rate:  1e-05
Epoch 158/200

Epoch 00158: val_acc did not improve
 - 24s - loss: 8.0512 - acc: 0.6116 - val_loss: 8.2027 - val_acc: 0.5644
Learning rate:  1e-05
Epoch 159/200

Epoch 00159: val_acc did not improve
 - 24s - loss: 8.0500 - acc: 0.6102 - val_loss: 8.4976 - val_acc: 0.4700
Learning rate:  1e-05
Epoch 160/200

Epoch 00160: val_acc did not improve
 - 24s - loss: 8.0511 - acc: 0.6117 - val_loss: 8.2681 - val_acc: 0.5396
Learning rate:  1e-05
Epoch 161/200

Epoch 00161: val_acc did not improve
 - 24s - loss: 8.0536 - acc: 0.6124 - val_loss: 8.1719 - val_acc: 0.5648
Learning rate:  1e-06
Epoch 162/200

Epoch 00162: val_acc did not improve
 - 24s - loss: 8.0349 - acc: 0.6160 - val_loss: 8.3391 - val_acc: 0.5106
Learning rate:  1e-06
Epoch 163/200

Epoch 00163: val_acc did not improve
 - 24s - loss: 8.0399 - acc: 0.6174 - val_loss: 8.3559 - val_acc: 0.5142
Learning rate:  1e-06
Epoch 164/200

Epoch 00164: val_acc did not improve
 - 24s - loss: 8.0400 - acc: 0.6169 - val_loss: 8.5807 - val_acc: 0.4692
Learning rate:  1e-06
Epoch 165/200

Epoch 00165: val_acc did not improve
 - 24s - loss: 8.0444 - acc: 0.6134 - val_loss: 8.3629 - val_acc: 0.5002
Learning rate:  1e-06
Epoch 166/200

Epoch 00166: val_acc did not improve
 - 24s - loss: 8.0462 - acc: 0.6156 - val_loss: 8.3633 - val_acc: 0.5220
Learning rate:  1e-06
Epoch 167/200

Epoch 00167: val_acc did not improve
 - 24s - loss: 8.0451 - acc: 0.6159 - val_loss: 8.1494 - val_acc: 0.5770
Learning rate:  1e-06
Epoch 168/200

Epoch 00168: val_acc did not improve
 - 24s - loss: 8.0498 - acc: 0.6119 - val_loss: 8.1460 - val_acc: 0.5778
Learning rate:  1e-06
Epoch 169/200

Epoch 00169: val_acc did not improve
 - 24s - loss: 8.0452 - acc: 0.6125 - val_loss: 8.4897 - val_acc: 0.4842
Learning rate:  1e-06
Epoch 170/200

Epoch 00170: val_acc did not improve
 - 24s - loss: 8.0449 - acc: 0.6121 - val_loss: 8.2555 - val_acc: 0.5442
Learning rate:  1e-06
Epoch 171/200

Epoch 00171: val_acc did not improve
 - 24s - loss: 8.0501 - acc: 0.6109 - val_loss: 8.4710 - val_acc: 0.4982
Learning rate:  1e-06
Epoch 172/200

Epoch 00172: val_acc did not improve
 - 24s - loss: 8.0480 - acc: 0.6128 - val_loss: 8.2303 - val_acc: 0.5482
Learning rate:  1e-06
Epoch 173/200

Epoch 00173: val_acc did not improve
 - 24s - loss: 8.0413 - acc: 0.6160 - val_loss: 8.2274 - val_acc: 0.5480
Learning rate:  1e-06
Epoch 174/200

Epoch 00174: val_acc did not improve
 - 24s - loss: 8.0444 - acc: 0.6133 - val_loss: 8.8773 - val_acc: 0.4082
Learning rate:  1e-06
Epoch 175/200

Epoch 00175: val_acc improved from 0.59080 to 0.59820, saving model to ./weights/RESNET_CIFAR-10_qbnn_2b_4b_3.hdf5
 - 25s - loss: 8.0381 - acc: 0.6165 - val_loss: 8.0979 - val_acc: 0.5982
Learning rate:  1e-06
Epoch 176/200

Epoch 00176: val_acc did not improve
 - 24s - loss: 8.0406 - acc: 0.6140 - val_loss: 8.2845 - val_acc: 0.5274
Learning rate:  1e-06
Epoch 177/200

Epoch 00177: val_acc did not improve
 - 24s - loss: 8.0384 - acc: 0.6152 - val_loss: 8.1571 - val_acc: 0.5730
Learning rate:  1e-06
Epoch 178/200

Epoch 00178: val_acc did not improve
 - 24s - loss: 8.0471 - acc: 0.6145 - val_loss: 8.2041 - val_acc: 0.5562
Learning rate:  1e-06
Epoch 179/200

Epoch 00179: val_acc did not improve
 - 24s - loss: 8.0481 - acc: 0.6133 - val_loss: 8.2076 - val_acc: 0.5608
Learning rate:  1e-06
Epoch 180/200

Epoch 00180: val_acc did not improve
 - 24s - loss: 8.0511 - acc: 0.6081 - val_loss: 8.1662 - val_acc: 0.5600
Learning rate:  1e-06
Epoch 181/200

Epoch 00181: val_acc did not improve
 - 24s - loss: 8.0474 - acc: 0.6120 - val_loss: 8.1366 - val_acc: 0.5836
Learning rate:  5e-07
Epoch 182/200

Epoch 00182: val_acc did not improve
 - 24s - loss: 8.0438 - acc: 0.6134 - val_loss: 8.1460 - val_acc: 0.5736
Learning rate:  5e-07
Epoch 183/200

Epoch 00183: val_acc did not improve
 - 24s - loss: 8.0427 - acc: 0.6144 - val_loss: 8.1795 - val_acc: 0.5680
Learning rate:  5e-07
Epoch 184/200

Epoch 00184: val_acc did not improve
 - 24s - loss: 8.0469 - acc: 0.6139 - val_loss: 8.3695 - val_acc: 0.5212
Learning rate:  5e-07
Epoch 185/200

Epoch 00185: val_acc did not improve
 - 24s - loss: 8.0436 - acc: 0.6155 - val_loss: 8.3212 - val_acc: 0.5166
Learning rate:  5e-07
Epoch 186/200

Epoch 00186: val_acc did not improve
 - 24s - loss: 8.0479 - acc: 0.6102 - val_loss: 8.1732 - val_acc: 0.5714
Learning rate:  5e-07
Epoch 187/200

Epoch 00187: val_acc did not improve
 - 24s - loss: 8.0427 - acc: 0.6137 - val_loss: 8.2501 - val_acc: 0.5480
Learning rate:  5e-07
Epoch 188/200

Epoch 00188: val_acc did not improve
 - 24s - loss: 8.0461 - acc: 0.6129 - val_loss: 8.5689 - val_acc: 0.4652
Learning rate:  5e-07
Epoch 189/200

Epoch 00189: val_acc did not improve
 - 24s - loss: 8.0464 - acc: 0.6132 - val_loss: 8.1368 - val_acc: 0.5736
Learning rate:  5e-07
Epoch 190/200

Epoch 00190: val_acc did not improve
 - 24s - loss: 8.0395 - acc: 0.6167 - val_loss: 8.1872 - val_acc: 0.5566
Learning rate:  5e-07
Epoch 191/200

Epoch 00191: val_acc did not improve
 - 24s - loss: 8.0517 - acc: 0.6120 - val_loss: 8.3900 - val_acc: 0.5098
Learning rate:  5e-07
Epoch 192/200

Epoch 00192: val_acc did not improve
 - 24s - loss: 8.0453 - acc: 0.6132 - val_loss: 8.3210 - val_acc: 0.5176
Learning rate:  5e-07
Epoch 193/200

Epoch 00193: val_acc did not improve
 - 24s - loss: 8.0445 - acc: 0.6174 - val_loss: 8.4426 - val_acc: 0.5130
Learning rate:  5e-07
Epoch 194/200

Epoch 00194: val_acc did not improve
 - 24s - loss: 8.0475 - acc: 0.6134 - val_loss: 8.2728 - val_acc: 0.5294
Learning rate:  5e-07
Epoch 195/200

Epoch 00195: val_acc did not improve
 - 24s - loss: 8.0420 - acc: 0.6133 - val_loss: 8.3223 - val_acc: 0.5106
Learning rate:  5e-07
Epoch 196/200

Epoch 00196: val_acc did not improve
 - 24s - loss: 8.0460 - acc: 0.6135 - val_loss: 8.4060 - val_acc: 0.5070
Learning rate:  5e-07
Epoch 197/200

Epoch 00197: val_acc did not improve
 - 24s - loss: 8.0510 - acc: 0.6133 - val_loss: 8.2742 - val_acc: 0.5326
Learning rate:  5e-07
Epoch 198/200

Epoch 00198: val_acc did not improve
 - 24s - loss: 8.0467 - acc: 0.6133 - val_loss: 8.1790 - val_acc: 0.5634
Learning rate:  5e-07
Epoch 199/200

Epoch 00199: val_acc did not improve
 - 24s - loss: 8.0437 - acc: 0.6145 - val_loss: 8.4364 - val_acc: 0.4708
Learning rate:  5e-07
Epoch 200/200

Epoch 00200: val_acc did not improve
 - 24s - loss: 8.0485 - acc: 0.6115 - val_loss: 8.2687 - val_acc: 0.5414
Done

