Construct the Network

__________________________________________________________________________________________________
Layer (type)                    Output Shape         Param #     Connected to                     
==================================================================================================
input_2 (InputLayer)            (None, 32, 32, 3)    0                                            
__________________________________________________________________________________________________
binary_conv2d_1 (BinaryConv2D)  (None, 32, 32, 16)   448         input_2[0][0]                    
__________________________________________________________________________________________________
batch_normalization_1 (BatchNor (None, 32, 32, 16)   64          binary_conv2d_1[0][0]            
__________________________________________________________________________________________________
activation_1 (Activation)       (None, 32, 32, 16)   0           batch_normalization_1[0][0]      
__________________________________________________________________________________________________
binary_conv2d_2 (BinaryConv2D)  (None, 32, 32, 16)   2320        activation_1[0][0]               
__________________________________________________________________________________________________
batch_normalization_2 (BatchNor (None, 32, 32, 16)   64          binary_conv2d_2[0][0]            
__________________________________________________________________________________________________
activation_2 (Activation)       (None, 32, 32, 16)   0           batch_normalization_2[0][0]      
__________________________________________________________________________________________________
binary_conv2d_3 (BinaryConv2D)  (None, 32, 32, 16)   2320        activation_2[0][0]               
__________________________________________________________________________________________________
batch_normalization_3 (BatchNor (None, 32, 32, 16)   64          binary_conv2d_3[0][0]            
__________________________________________________________________________________________________
add_1 (Add)                     (None, 32, 32, 16)   0           activation_1[0][0]               
                                                                 batch_normalization_3[0][0]      
__________________________________________________________________________________________________
activation_3 (Activation)       (None, 32, 32, 16)   0           add_1[0][0]                      
__________________________________________________________________________________________________
binary_conv2d_4 (BinaryConv2D)  (None, 32, 32, 16)   2320        activation_3[0][0]               
__________________________________________________________________________________________________
batch_normalization_4 (BatchNor (None, 32, 32, 16)   64          binary_conv2d_4[0][0]            
__________________________________________________________________________________________________
activation_4 (Activation)       (None, 32, 32, 16)   0           batch_normalization_4[0][0]      
__________________________________________________________________________________________________
binary_conv2d_5 (BinaryConv2D)  (None, 32, 32, 16)   2320        activation_4[0][0]               
__________________________________________________________________________________________________
batch_normalization_5 (BatchNor (None, 32, 32, 16)   64          binary_conv2d_5[0][0]            
__________________________________________________________________________________________________
add_2 (Add)                     (None, 32, 32, 16)   0           activation_3[0][0]               
                                                                 batch_normalization_5[0][0]      
__________________________________________________________________________________________________
activation_5 (Activation)       (None, 32, 32, 16)   0           add_2[0][0]                      
__________________________________________________________________________________________________
binary_conv2d_6 (BinaryConv2D)  (None, 32, 32, 16)   2320        activation_5[0][0]               
__________________________________________________________________________________________________
batch_normalization_6 (BatchNor (None, 32, 32, 16)   64          binary_conv2d_6[0][0]            
__________________________________________________________________________________________________
activation_6 (Activation)       (None, 32, 32, 16)   0           batch_normalization_6[0][0]      
__________________________________________________________________________________________________
binary_conv2d_7 (BinaryConv2D)  (None, 32, 32, 16)   2320        activation_6[0][0]               
__________________________________________________________________________________________________
batch_normalization_7 (BatchNor (None, 32, 32, 16)   64          binary_conv2d_7[0][0]            
__________________________________________________________________________________________________
add_3 (Add)                     (None, 32, 32, 16)   0           activation_5[0][0]               
                                                                 batch_normalization_7[0][0]      
__________________________________________________________________________________________________
activation_7 (Activation)       (None, 32, 32, 16)   0           add_3[0][0]                      
__________________________________________________________________________________________________
binary_conv2d_8 (BinaryConv2D)  (None, 16, 16, 32)   4640        activation_7[0][0]               
__________________________________________________________________________________________________
batch_normalization_8 (BatchNor (None, 16, 16, 32)   128         binary_conv2d_8[0][0]            
__________________________________________________________________________________________________
activation_8 (Activation)       (None, 16, 16, 32)   0           batch_normalization_8[0][0]      
__________________________________________________________________________________________________
binary_conv2d_9 (BinaryConv2D)  (None, 16, 16, 32)   9248        activation_8[0][0]               
__________________________________________________________________________________________________
binary_conv2d_10 (BinaryConv2D) (None, 16, 16, 32)   544         activation_7[0][0]               
__________________________________________________________________________________________________
batch_normalization_9 (BatchNor (None, 16, 16, 32)   128         binary_conv2d_9[0][0]            
__________________________________________________________________________________________________
add_4 (Add)                     (None, 16, 16, 32)   0           binary_conv2d_10[0][0]           
                                                                 batch_normalization_9[0][0]      
__________________________________________________________________________________________________
activation_9 (Activation)       (None, 16, 16, 32)   0           add_4[0][0]                      
__________________________________________________________________________________________________
binary_conv2d_11 (BinaryConv2D) (None, 16, 16, 32)   9248        activation_9[0][0]               
__________________________________________________________________________________________________
batch_normalization_10 (BatchNo (None, 16, 16, 32)   128         binary_conv2d_11[0][0]           
__________________________________________________________________________________________________
activation_10 (Activation)      (None, 16, 16, 32)   0           batch_normalization_10[0][0]     
__________________________________________________________________________________________________
binary_conv2d_12 (BinaryConv2D) (None, 16, 16, 32)   9248        activation_10[0][0]              
__________________________________________________________________________________________________
batch_normalization_11 (BatchNo (None, 16, 16, 32)   128         binary_conv2d_12[0][0]           
__________________________________________________________________________________________________
add_5 (Add)                     (None, 16, 16, 32)   0           activation_9[0][0]               
                                                                 batch_normalization_11[0][0]     
__________________________________________________________________________________________________
activation_11 (Activation)      (None, 16, 16, 32)   0           add_5[0][0]                      
__________________________________________________________________________________________________
binary_conv2d_13 (BinaryConv2D) (None, 16, 16, 32)   9248        activation_11[0][0]              
__________________________________________________________________________________________________
batch_normalization_12 (BatchNo (None, 16, 16, 32)   128         binary_conv2d_13[0][0]           
__________________________________________________________________________________________________
activation_12 (Activation)      (None, 16, 16, 32)   0           batch_normalization_12[0][0]     
__________________________________________________________________________________________________
binary_conv2d_14 (BinaryConv2D) (None, 16, 16, 32)   9248        activation_12[0][0]              
__________________________________________________________________________________________________
batch_normalization_13 (BatchNo (None, 16, 16, 32)   128         binary_conv2d_14[0][0]           
__________________________________________________________________________________________________
add_6 (Add)                     (None, 16, 16, 32)   0           activation_11[0][0]              
                                                                 batch_normalization_13[0][0]     
__________________________________________________________________________________________________
activation_13 (Activation)      (None, 16, 16, 32)   0           add_6[0][0]                      
__________________________________________________________________________________________________
binary_conv2d_15 (BinaryConv2D) (None, 8, 8, 64)     18496       activation_13[0][0]              
__________________________________________________________________________________________________
batch_normalization_14 (BatchNo (None, 8, 8, 64)     256         binary_conv2d_15[0][0]           
__________________________________________________________________________________________________
activation_14 (Activation)      (None, 8, 8, 64)     0           batch_normalization_14[0][0]     
__________________________________________________________________________________________________
binary_conv2d_16 (BinaryConv2D) (None, 8, 8, 64)     36928       activation_14[0][0]              
__________________________________________________________________________________________________
binary_conv2d_17 (BinaryConv2D) (None, 8, 8, 64)     2112        activation_13[0][0]              
__________________________________________________________________________________________________
batch_normalization_15 (BatchNo (None, 8, 8, 64)     256         binary_conv2d_16[0][0]           
__________________________________________________________________________________________________
add_7 (Add)                     (None, 8, 8, 64)     0           binary_conv2d_17[0][0]           
                                                                 batch_normalization_15[0][0]     
__________________________________________________________________________________________________
activation_15 (Activation)      (None, 8, 8, 64)     0           add_7[0][0]                      
__________________________________________________________________________________________________
binary_conv2d_18 (BinaryConv2D) (None, 8, 8, 64)     36928       activation_15[0][0]              
__________________________________________________________________________________________________
batch_normalization_16 (BatchNo (None, 8, 8, 64)     256         binary_conv2d_18[0][0]           
__________________________________________________________________________________________________
activation_16 (Activation)      (None, 8, 8, 64)     0           batch_normalization_16[0][0]     
__________________________________________________________________________________________________
binary_conv2d_19 (BinaryConv2D) (None, 8, 8, 64)     36928       activation_16[0][0]              
__________________________________________________________________________________________________
batch_normalization_17 (BatchNo (None, 8, 8, 64)     256         binary_conv2d_19[0][0]           
__________________________________________________________________________________________________
add_8 (Add)                     (None, 8, 8, 64)     0           activation_15[0][0]              
                                                                 batch_normalization_17[0][0]     
__________________________________________________________________________________________________
activation_17 (Activation)      (None, 8, 8, 64)     0           add_8[0][0]                      
__________________________________________________________________________________________________
binary_conv2d_20 (BinaryConv2D) (None, 8, 8, 64)     36928       activation_17[0][0]              
__________________________________________________________________________________________________
batch_normalization_18 (BatchNo (None, 8, 8, 64)     256         binary_conv2d_20[0][0]           
__________________________________________________________________________________________________
activation_18 (Activation)      (None, 8, 8, 64)     0           batch_normalization_18[0][0]     
__________________________________________________________________________________________________
binary_conv2d_21 (BinaryConv2D) (None, 8, 8, 64)     36928       activation_18[0][0]              
__________________________________________________________________________________________________
batch_normalization_19 (BatchNo (None, 8, 8, 64)     256         binary_conv2d_21[0][0]           
__________________________________________________________________________________________________
add_9 (Add)                     (None, 8, 8, 64)     0           activation_17[0][0]              
                                                                 batch_normalization_19[0][0]     
__________________________________________________________________________________________________
activation_19 (Activation)      (None, 8, 8, 64)     0           add_9[0][0]                      
__________________________________________________________________________________________________
average_pooling2d_1 (AveragePoo (None, 1, 1, 64)     0           activation_19[0][0]              
__________________________________________________________________________________________________
flatten_1 (Flatten)             (None, 64)           0           average_pooling2d_1[0][0]        
__________________________________________________________________________________________________
binary_dense_2 (BinaryDense)    (None, 10)           650         flatten_1[0][0]                  
==================================================================================================
Total params: 274,442
Trainable params: 273,066
Non-trainable params: 1,376
__________________________________________________________________________________________________
loading data

Loading CIFAR-10 dataset...
(45000, 32, 32, 3)
setting up the network and creating callbacks

Learning rate:  0.001
compiling the network

No weights preloaded, training from scratch

(re)training the network

Train on 45000 samples, validate on 5000 samples
Learning rate:  0.001
Epoch 1/200

Epoch 00001: val_acc improved from -inf to 0.18360, saving model to ./weights/RESNET_CIFAR-10_qbnn_4b_4b_3.hdf5
 - 30s - loss: 11.9250 - acc: 0.1337 - val_loss: 11.2008 - val_acc: 0.1836
Learning rate:  0.001
Epoch 2/200

Epoch 00002: val_acc did not improve
 - 24s - loss: 11.1078 - acc: 0.1842 - val_loss: 11.1472 - val_acc: 0.1666
Learning rate:  0.001
Epoch 3/200

Epoch 00003: val_acc did not improve
 - 24s - loss: 10.9904 - acc: 0.2001 - val_loss: 11.5201 - val_acc: 0.1158
Learning rate:  0.001
Epoch 4/200

Epoch 00004: val_acc did not improve
 - 24s - loss: 10.8588 - acc: 0.2220 - val_loss: 10.9283 - val_acc: 0.1826
Learning rate:  0.001
Epoch 5/200

Epoch 00005: val_acc improved from 0.18360 to 0.22780, saving model to ./weights/RESNET_CIFAR-10_qbnn_4b_4b_3.hdf5
 - 25s - loss: 10.7363 - acc: 0.2444 - val_loss: 10.7960 - val_acc: 0.2278
Learning rate:  0.001
Epoch 6/200

Epoch 00006: val_acc improved from 0.22780 to 0.24340, saving model to ./weights/RESNET_CIFAR-10_qbnn_4b_4b_3.hdf5
 - 25s - loss: 10.6203 - acc: 0.2701 - val_loss: 10.7079 - val_acc: 0.2434
Learning rate:  0.001
Epoch 7/200

Epoch 00007: val_acc improved from 0.24340 to 0.26300, saving model to ./weights/RESNET_CIFAR-10_qbnn_4b_4b_3.hdf5
 - 25s - loss: 10.5002 - acc: 0.2916 - val_loss: 10.5537 - val_acc: 0.2630
Learning rate:  0.001
Epoch 8/200

Epoch 00008: val_acc improved from 0.26300 to 0.29460, saving model to ./weights/RESNET_CIFAR-10_qbnn_4b_4b_3.hdf5
 - 25s - loss: 10.3919 - acc: 0.3110 - val_loss: 10.3983 - val_acc: 0.2946
Learning rate:  0.001
Epoch 9/200

Epoch 00009: val_acc improved from 0.29460 to 0.31600, saving model to ./weights/RESNET_CIFAR-10_qbnn_4b_4b_3.hdf5
 - 25s - loss: 10.2956 - acc: 0.3172 - val_loss: 10.2649 - val_acc: 0.3160
Learning rate:  0.001
Epoch 10/200

Epoch 00010: val_acc improved from 0.31600 to 0.31700, saving model to ./weights/RESNET_CIFAR-10_qbnn_4b_4b_3.hdf5
 - 25s - loss: 10.1949 - acc: 0.3319 - val_loss: 10.1748 - val_acc: 0.3170
Learning rate:  0.001
Epoch 11/200

Epoch 00011: val_acc improved from 0.31700 to 0.32720, saving model to ./weights/RESNET_CIFAR-10_qbnn_4b_4b_3.hdf5
 - 25s - loss: 10.0980 - acc: 0.3415 - val_loss: 10.1069 - val_acc: 0.3272
Learning rate:  0.001
Epoch 12/200

Epoch 00012: val_acc did not improve
 - 24s - loss: 9.9880 - acc: 0.3546 - val_loss: 10.0562 - val_acc: 0.3188
Learning rate:  0.001
Epoch 13/200

Epoch 00013: val_acc improved from 0.32720 to 0.34540, saving model to ./weights/RESNET_CIFAR-10_qbnn_4b_4b_3.hdf5
 - 25s - loss: 9.8829 - acc: 0.3655 - val_loss: 9.8831 - val_acc: 0.3454
Learning rate:  0.001
Epoch 14/200

Epoch 00014: val_acc improved from 0.34540 to 0.35020, saving model to ./weights/RESNET_CIFAR-10_qbnn_4b_4b_3.hdf5
 - 25s - loss: 9.7781 - acc: 0.3745 - val_loss: 9.8179 - val_acc: 0.3502
Learning rate:  0.001
Epoch 15/200

Epoch 00015: val_acc improved from 0.35020 to 0.35820, saving model to ./weights/RESNET_CIFAR-10_qbnn_4b_4b_3.hdf5
 - 25s - loss: 9.6945 - acc: 0.3796 - val_loss: 9.7138 - val_acc: 0.3582
Learning rate:  0.001
Epoch 16/200

Epoch 00016: val_acc did not improve
 - 24s - loss: 9.6022 - acc: 0.3863 - val_loss: 9.7527 - val_acc: 0.3286
Learning rate:  0.001
Epoch 17/200

Epoch 00017: val_acc improved from 0.35820 to 0.38440, saving model to ./weights/RESNET_CIFAR-10_qbnn_4b_4b_3.hdf5
 - 25s - loss: 9.5181 - acc: 0.3906 - val_loss: 9.4851 - val_acc: 0.3844
Learning rate:  0.001
Epoch 18/200

Epoch 00018: val_acc improved from 0.38440 to 0.39120, saving model to ./weights/RESNET_CIFAR-10_qbnn_4b_4b_3.hdf5
 - 25s - loss: 9.4216 - acc: 0.3976 - val_loss: 9.3959 - val_acc: 0.3912
Learning rate:  0.001
Epoch 19/200

Epoch 00019: val_acc did not improve
 - 24s - loss: 9.3289 - acc: 0.4072 - val_loss: 9.3448 - val_acc: 0.3866
Learning rate:  0.001
Epoch 20/200

Epoch 00020: val_acc did not improve
 - 24s - loss: 9.2358 - acc: 0.4142 - val_loss: 9.2999 - val_acc: 0.3788
Learning rate:  0.001
Epoch 21/200

Epoch 00021: val_acc did not improve
 - 24s - loss: 9.1454 - acc: 0.4200 - val_loss: 9.3175 - val_acc: 0.3366
Learning rate:  0.001
Epoch 22/200

Epoch 00022: val_acc improved from 0.39120 to 0.39860, saving model to ./weights/RESNET_CIFAR-10_qbnn_4b_4b_3.hdf5
 - 25s - loss: 9.0511 - acc: 0.4261 - val_loss: 9.0531 - val_acc: 0.3986
Learning rate:  0.001
Epoch 23/200

Epoch 00023: val_acc improved from 0.39860 to 0.40500, saving model to ./weights/RESNET_CIFAR-10_qbnn_4b_4b_3.hdf5
 - 25s - loss: 8.9764 - acc: 0.4237 - val_loss: 8.9813 - val_acc: 0.4050
Learning rate:  0.001
Epoch 24/200

Epoch 00024: val_acc did not improve
 - 24s - loss: 8.8936 - acc: 0.4259 - val_loss: 8.9980 - val_acc: 0.3816
Learning rate:  0.001
Epoch 25/200

Epoch 00025: val_acc did not improve
 - 24s - loss: 8.7916 - acc: 0.4341 - val_loss: 8.8787 - val_acc: 0.3874
Learning rate:  0.001
Epoch 26/200

Epoch 00026: val_acc improved from 0.40500 to 0.41460, saving model to ./weights/RESNET_CIFAR-10_qbnn_4b_4b_3.hdf5
 - 25s - loss: 8.7086 - acc: 0.4386 - val_loss: 8.7323 - val_acc: 0.4146
Learning rate:  0.001
Epoch 27/200

Epoch 00027: val_acc did not improve
 - 24s - loss: 8.6393 - acc: 0.4427 - val_loss: 8.9283 - val_acc: 0.3452
Learning rate:  0.001
Epoch 28/200

Epoch 00028: val_acc did not improve
 - 24s - loss: 8.5696 - acc: 0.4387 - val_loss: 8.6217 - val_acc: 0.4002
Learning rate:  0.001
Epoch 29/200

Epoch 00029: val_acc did not improve
 - 24s - loss: 8.4774 - acc: 0.4505 - val_loss: 8.5507 - val_acc: 0.4084
Learning rate:  0.001
Epoch 30/200

Epoch 00030: val_acc improved from 0.41460 to 0.42100, saving model to ./weights/RESNET_CIFAR-10_qbnn_4b_4b_3.hdf5
 - 25s - loss: 8.3811 - acc: 0.4561 - val_loss: 8.4476 - val_acc: 0.4210
Learning rate:  0.001
Epoch 31/200

Epoch 00031: val_acc did not improve
 - 24s - loss: 8.2976 - acc: 0.4623 - val_loss: 8.4106 - val_acc: 0.4032
Learning rate:  0.001
Epoch 32/200

Epoch 00032: val_acc did not improve
 - 24s - loss: 8.2240 - acc: 0.4638 - val_loss: 8.2976 - val_acc: 0.4186
Learning rate:  0.001
Epoch 33/200

Epoch 00033: val_acc improved from 0.42100 to 0.44200, saving model to ./weights/RESNET_CIFAR-10_qbnn_4b_4b_3.hdf5
 - 25s - loss: 8.1378 - acc: 0.4705 - val_loss: 8.2040 - val_acc: 0.4420
Learning rate:  0.001
Epoch 34/200

Epoch 00034: val_acc improved from 0.44200 to 0.45820, saving model to ./weights/RESNET_CIFAR-10_qbnn_4b_4b_3.hdf5
 - 25s - loss: 8.0592 - acc: 0.4776 - val_loss: 8.1027 - val_acc: 0.4582
Learning rate:  0.001
Epoch 35/200

Epoch 00035: val_acc did not improve
 - 24s - loss: 7.9877 - acc: 0.4795 - val_loss: 8.1845 - val_acc: 0.4012
Learning rate:  0.001
Epoch 36/200

Epoch 00036: val_acc did not improve
 - 24s - loss: 7.9226 - acc: 0.4822 - val_loss: 8.0262 - val_acc: 0.4286
Learning rate:  0.001
Epoch 37/200

Epoch 00037: val_acc did not improve
 - 24s - loss: 7.8492 - acc: 0.4862 - val_loss: 8.1250 - val_acc: 0.3876
Learning rate:  0.001
Epoch 38/200

Epoch 00038: val_acc did not improve
 - 24s - loss: 7.7910 - acc: 0.4833 - val_loss: 7.9485 - val_acc: 0.4110
Learning rate:  0.001
Epoch 39/200

Epoch 00039: val_acc did not improve
 - 24s - loss: 7.7142 - acc: 0.4928 - val_loss: 7.9158 - val_acc: 0.4080
Learning rate:  0.001
Epoch 40/200

Epoch 00040: val_acc did not improve
 - 24s - loss: 7.6471 - acc: 0.4959 - val_loss: 7.8153 - val_acc: 0.4284
Learning rate:  0.001
Epoch 41/200

Epoch 00041: val_acc did not improve
 - 24s - loss: 7.5894 - acc: 0.4966 - val_loss: 7.7661 - val_acc: 0.4208
Learning rate:  0.001
Epoch 42/200

Epoch 00042: val_acc improved from 0.45820 to 0.47180, saving model to ./weights/RESNET_CIFAR-10_qbnn_4b_4b_3.hdf5
 - 25s - loss: 7.5154 - acc: 0.5017 - val_loss: 7.5630 - val_acc: 0.4718
Learning rate:  0.001
Epoch 43/200

Epoch 00043: val_acc did not improve
 - 24s - loss: 7.4533 - acc: 0.5058 - val_loss: 7.5039 - val_acc: 0.4718
Learning rate:  0.001
Epoch 44/200

Epoch 00044: val_acc did not improve
 - 24s - loss: 7.3974 - acc: 0.5052 - val_loss: 7.4657 - val_acc: 0.4716
Learning rate:  0.001
Epoch 45/200

Epoch 00045: val_acc did not improve
 - 24s - loss: 7.3274 - acc: 0.5107 - val_loss: 7.5120 - val_acc: 0.4428
Learning rate:  0.001
Epoch 46/200

Epoch 00046: val_acc did not improve
 - 24s - loss: 7.2744 - acc: 0.5125 - val_loss: 7.4747 - val_acc: 0.4382
Learning rate:  0.001
Epoch 47/200

Epoch 00047: val_acc did not improve
 - 24s - loss: 7.2087 - acc: 0.5191 - val_loss: 7.4633 - val_acc: 0.4144
Learning rate:  0.001
Epoch 48/200

Epoch 00048: val_acc did not improve
 - 24s - loss: 7.1689 - acc: 0.5167 - val_loss: 8.0584 - val_acc: 0.2826
Learning rate:  0.001
Epoch 49/200

Epoch 00049: val_acc did not improve
 - 24s - loss: 7.1083 - acc: 0.5201 - val_loss: 7.5721 - val_acc: 0.3636
Learning rate:  0.001
Epoch 50/200

Epoch 00050: val_acc did not improve
 - 24s - loss: 7.0362 - acc: 0.5285 - val_loss: 7.1814 - val_acc: 0.4664
Learning rate:  0.001
Epoch 51/200

Epoch 00051: val_acc improved from 0.47180 to 0.47460, saving model to ./weights/RESNET_CIFAR-10_qbnn_4b_4b_3.hdf5
 - 25s - loss: 6.9780 - acc: 0.5313 - val_loss: 7.1428 - val_acc: 0.4746
Learning rate:  0.001
Epoch 52/200

Epoch 00052: val_acc improved from 0.47460 to 0.48140, saving model to ./weights/RESNET_CIFAR-10_qbnn_4b_4b_3.hdf5
 - 25s - loss: 6.9202 - acc: 0.5369 - val_loss: 7.0632 - val_acc: 0.4814
Learning rate:  0.001
Epoch 53/200

Epoch 00053: val_acc did not improve
 - 24s - loss: 6.8666 - acc: 0.5393 - val_loss: 7.3111 - val_acc: 0.4052
Learning rate:  0.001
Epoch 54/200

Epoch 00054: val_acc did not improve
 - 24s - loss: 6.8152 - acc: 0.5389 - val_loss: 7.1519 - val_acc: 0.4426
Learning rate:  0.001
Epoch 55/200

Epoch 00055: val_acc did not improve
 - 24s - loss: 6.7505 - acc: 0.5488 - val_loss: 6.9294 - val_acc: 0.4770
Learning rate:  0.001
Epoch 56/200

Epoch 00056: val_acc improved from 0.48140 to 0.49820, saving model to ./weights/RESNET_CIFAR-10_qbnn_4b_4b_3.hdf5
 - 25s - loss: 6.7089 - acc: 0.5502 - val_loss: 6.8315 - val_acc: 0.4982
Learning rate:  0.001
Epoch 57/200

Epoch 00057: val_acc did not improve
 - 24s - loss: 6.6474 - acc: 0.5548 - val_loss: 6.9384 - val_acc: 0.4660
Learning rate:  0.001
Epoch 58/200

Epoch 00058: val_acc did not improve
 - 24s - loss: 6.6018 - acc: 0.5562 - val_loss: 6.7786 - val_acc: 0.4900
Learning rate:  0.001
Epoch 59/200

Epoch 00059: val_acc improved from 0.49820 to 0.50300, saving model to ./weights/RESNET_CIFAR-10_qbnn_4b_4b_3.hdf5
 - 25s - loss: 6.5521 - acc: 0.5616 - val_loss: 6.7150 - val_acc: 0.5030
Learning rate:  0.001
Epoch 60/200

Epoch 00060: val_acc did not improve
 - 24s - loss: 6.5108 - acc: 0.5602 - val_loss: 6.7616 - val_acc: 0.4652
Learning rate:  0.001
Epoch 61/200

Epoch 00061: val_acc did not improve
 - 24s - loss: 6.4609 - acc: 0.5665 - val_loss: 6.9062 - val_acc: 0.4088
Learning rate:  0.001
Epoch 62/200

Epoch 00062: val_acc did not improve
 - 24s - loss: 6.4166 - acc: 0.5668 - val_loss: 6.7513 - val_acc: 0.4354
Learning rate:  0.001
Epoch 63/200

Epoch 00063: val_acc did not improve
 - 24s - loss: 6.3790 - acc: 0.5686 - val_loss: 7.5179 - val_acc: 0.3490
Learning rate:  0.001
Epoch 64/200

Epoch 00064: val_acc did not improve
 - 24s - loss: 6.3279 - acc: 0.5766 - val_loss: 6.8619 - val_acc: 0.4274
Learning rate:  0.001
Epoch 65/200

Epoch 00065: val_acc did not improve
 - 24s - loss: 6.2709 - acc: 0.5838 - val_loss: 6.5326 - val_acc: 0.4812
Learning rate:  0.001
Epoch 66/200

Epoch 00066: val_acc improved from 0.50300 to 0.52260, saving model to ./weights/RESNET_CIFAR-10_qbnn_4b_4b_3.hdf5
 - 25s - loss: 6.2210 - acc: 0.5901 - val_loss: 6.3898 - val_acc: 0.5226
Learning rate:  0.001
Epoch 67/200

Epoch 00067: val_acc did not improve
 - 24s - loss: 6.1775 - acc: 0.5940 - val_loss: 6.5629 - val_acc: 0.4612
Learning rate:  0.001
Epoch 68/200

Epoch 00068: val_acc did not improve
 - 24s - loss: 6.1541 - acc: 0.5887 - val_loss: 6.4204 - val_acc: 0.4990
Learning rate:  0.001
Epoch 69/200

Epoch 00069: val_acc did not improve
 - 24s - loss: 6.1149 - acc: 0.5923 - val_loss: 6.4017 - val_acc: 0.4852
Learning rate:  0.001
Epoch 70/200

Epoch 00070: val_acc did not improve
 - 24s - loss: 6.0572 - acc: 0.6013 - val_loss: 6.6752 - val_acc: 0.4322
Learning rate:  0.001
Epoch 71/200

Epoch 00071: val_acc did not improve
 - 24s - loss: 6.0282 - acc: 0.5984 - val_loss: 6.2721 - val_acc: 0.5020
Learning rate:  0.001
Epoch 72/200

Epoch 00072: val_acc did not improve
 - 24s - loss: 5.9780 - acc: 0.6093 - val_loss: 6.2991 - val_acc: 0.4894
Learning rate:  0.001
Epoch 73/200

Epoch 00073: val_acc did not improve
 - 24s - loss: 5.9428 - acc: 0.6099 - val_loss: 6.3322 - val_acc: 0.4574
Learning rate:  0.001
Epoch 74/200

Epoch 00074: val_acc did not improve
 - 24s - loss: 5.9122 - acc: 0.6101 - val_loss: 6.2118 - val_acc: 0.5106
Learning rate:  0.001
Epoch 75/200

Epoch 00075: val_acc did not improve
 - 24s - loss: 5.8704 - acc: 0.6139 - val_loss: 6.3768 - val_acc: 0.4470
Learning rate:  0.001
Epoch 76/200

Epoch 00076: val_acc did not improve
 - 24s - loss: 5.8282 - acc: 0.6186 - val_loss: 6.5406 - val_acc: 0.4244
Learning rate:  0.001
Epoch 77/200

Epoch 00077: val_acc did not improve
 - 24s - loss: 5.7975 - acc: 0.6204 - val_loss: 6.1599 - val_acc: 0.4824
Learning rate:  0.001
Epoch 78/200

Epoch 00078: val_acc did not improve
 - 24s - loss: 5.7589 - acc: 0.6256 - val_loss: 6.1464 - val_acc: 0.4974
Learning rate:  0.001
Epoch 79/200

Epoch 00079: val_acc improved from 0.52260 to 0.53560, saving model to ./weights/RESNET_CIFAR-10_qbnn_4b_4b_3.hdf5
 - 25s - loss: 5.7125 - acc: 0.6305 - val_loss: 6.0118 - val_acc: 0.5356
Learning rate:  0.001
Epoch 80/200

Epoch 00080: val_acc did not improve
 - 24s - loss: 5.6777 - acc: 0.6370 - val_loss: 6.0499 - val_acc: 0.5068
Learning rate:  0.001
Epoch 81/200

Epoch 00081: val_acc did not improve
 - 24s - loss: 5.6401 - acc: 0.6391 - val_loss: 6.2783 - val_acc: 0.4696
Learning rate:  0.0001
Epoch 82/200

Epoch 00082: val_acc did not improve
 - 24s - loss: 5.5664 - acc: 0.6599 - val_loss: 5.9532 - val_acc: 0.5300
Learning rate:  0.0001
Epoch 83/200

Epoch 00083: val_acc improved from 0.53560 to 0.58860, saving model to ./weights/RESNET_CIFAR-10_qbnn_4b_4b_3.hdf5
 - 25s - loss: 5.5514 - acc: 0.6652 - val_loss: 5.7598 - val_acc: 0.5886
Learning rate:  0.0001
Epoch 84/200

Epoch 00084: val_acc improved from 0.58860 to 0.59960, saving model to ./weights/RESNET_CIFAR-10_qbnn_4b_4b_3.hdf5
 - 25s - loss: 5.5446 - acc: 0.6665 - val_loss: 5.7400 - val_acc: 0.5996
Learning rate:  0.0001
Epoch 85/200

Epoch 00085: val_acc did not improve
 - 24s - loss: 5.5363 - acc: 0.6654 - val_loss: 5.7439 - val_acc: 0.5990
Learning rate:  0.0001
Epoch 86/200

Epoch 00086: val_acc did not improve
 - 24s - loss: 5.5229 - acc: 0.6717 - val_loss: 5.7416 - val_acc: 0.5884
Learning rate:  0.0001
Epoch 87/200

Epoch 00087: val_acc improved from 0.59960 to 0.61220, saving model to ./weights/RESNET_CIFAR-10_qbnn_4b_4b_3.hdf5
 - 25s - loss: 5.5274 - acc: 0.6669 - val_loss: 5.6837 - val_acc: 0.6122
Learning rate:  0.0001
Epoch 88/200

Epoch 00088: val_acc did not improve
 - 24s - loss: 5.5155 - acc: 0.6718 - val_loss: 5.8686 - val_acc: 0.5512
Learning rate:  0.0001
Epoch 89/200

Epoch 00089: val_acc did not improve
 - 24s - loss: 5.5129 - acc: 0.6718 - val_loss: 6.1941 - val_acc: 0.4708
Learning rate:  0.0001
Epoch 90/200

Epoch 00090: val_acc did not improve
 - 24s - loss: 5.5089 - acc: 0.6697 - val_loss: 6.0045 - val_acc: 0.5292
Learning rate:  0.0001
Epoch 91/200

Epoch 00091: val_acc did not improve
 - 24s - loss: 5.5091 - acc: 0.6680 - val_loss: 5.6664 - val_acc: 0.6116
Learning rate:  0.0001
Epoch 92/200

Epoch 00092: val_acc did not improve
 - 24s - loss: 5.4997 - acc: 0.6708 - val_loss: 5.9307 - val_acc: 0.5370
Learning rate:  0.0001
Epoch 93/200

Epoch 00093: val_acc did not improve
 - 24s - loss: 5.4951 - acc: 0.6718 - val_loss: 5.7503 - val_acc: 0.5792
Learning rate:  0.0001
Epoch 94/200

Epoch 00094: val_acc did not improve
 - 24s - loss: 5.4861 - acc: 0.6730 - val_loss: 5.7698 - val_acc: 0.5734
Learning rate:  0.0001
Epoch 95/200

Epoch 00095: val_acc did not improve
 - 24s - loss: 5.4877 - acc: 0.6730 - val_loss: 6.2357 - val_acc: 0.4720
Learning rate:  0.0001
Epoch 96/200

Epoch 00096: val_acc did not improve
 - 24s - loss: 5.4844 - acc: 0.6695 - val_loss: 5.9389 - val_acc: 0.5280
Learning rate:  0.0001
Epoch 97/200

Epoch 00097: val_acc did not improve
 - 24s - loss: 5.4732 - acc: 0.6740 - val_loss: 6.0600 - val_acc: 0.5052
Learning rate:  0.0001
Epoch 98/200

Epoch 00098: val_acc did not improve
 - 24s - loss: 5.4679 - acc: 0.6766 - val_loss: 5.6996 - val_acc: 0.5880
Learning rate:  0.0001
Epoch 99/200

Epoch 00099: val_acc did not improve
 - 24s - loss: 5.4670 - acc: 0.6734 - val_loss: 5.7315 - val_acc: 0.5802
Learning rate:  0.0001
Epoch 100/200

Epoch 00100: val_acc did not improve
 - 24s - loss: 5.4621 - acc: 0.6752 - val_loss: 5.7317 - val_acc: 0.5820
Learning rate:  0.0001
Epoch 101/200

Epoch 00101: val_acc did not improve
 - 24s - loss: 5.4564 - acc: 0.6755 - val_loss: 5.8340 - val_acc: 0.5442
Learning rate:  0.0001
Epoch 102/200

Epoch 00102: val_acc did not improve
 - 24s - loss: 5.4555 - acc: 0.6744 - val_loss: 5.8175 - val_acc: 0.5532
Learning rate:  0.0001
Epoch 103/200

Epoch 00103: val_acc did not improve
 - 24s - loss: 5.4511 - acc: 0.6752 - val_loss: 5.6975 - val_acc: 0.5840
Learning rate:  0.0001
Epoch 104/200

Epoch 00104: val_acc did not improve
 - 24s - loss: 5.4486 - acc: 0.6730 - val_loss: 6.0514 - val_acc: 0.4948
Learning rate:  0.0001
Epoch 105/200

Epoch 00105: val_acc did not improve
 - 24s - loss: 5.4410 - acc: 0.6786 - val_loss: 5.7057 - val_acc: 0.5818
Learning rate:  0.0001
Epoch 106/200

Epoch 00106: val_acc did not improve
 - 24s - loss: 5.4358 - acc: 0.6761 - val_loss: 6.0502 - val_acc: 0.5060
Learning rate:  0.0001
Epoch 107/200

Epoch 00107: val_acc did not improve
 - 24s - loss: 5.4242 - acc: 0.6801 - val_loss: 5.6948 - val_acc: 0.5940
Learning rate:  0.0001
Epoch 108/200

Epoch 00108: val_acc did not improve
 - 24s - loss: 5.4213 - acc: 0.6803 - val_loss: 5.7306 - val_acc: 0.5764
Learning rate:  0.0001
Epoch 109/200

Epoch 00109: val_acc improved from 0.61220 to 0.61340, saving model to ./weights/RESNET_CIFAR-10_qbnn_4b_4b_3.hdf5
 - 25s - loss: 5.4156 - acc: 0.6819 - val_loss: 5.6123 - val_acc: 0.6134
Learning rate:  0.0001
Epoch 110/200

Epoch 00110: val_acc did not improve
 - 24s - loss: 5.4188 - acc: 0.6778 - val_loss: 5.5983 - val_acc: 0.6086
Learning rate:  0.0001
Epoch 111/200

Epoch 00111: val_acc did not improve
 - 24s - loss: 5.4189 - acc: 0.6763 - val_loss: 5.6469 - val_acc: 0.5932
Learning rate:  0.0001
Epoch 112/200

Epoch 00112: val_acc did not improve
 - 24s - loss: 5.4178 - acc: 0.6770 - val_loss: 5.6884 - val_acc: 0.5878
Learning rate:  0.0001
Epoch 113/200

Epoch 00113: val_acc did not improve
 - 24s - loss: 5.4080 - acc: 0.6789 - val_loss: 5.6997 - val_acc: 0.5748
Learning rate:  0.0001
Epoch 114/200

Epoch 00114: val_acc did not improve
 - 24s - loss: 5.4007 - acc: 0.6779 - val_loss: 5.6298 - val_acc: 0.5964
Learning rate:  0.0001
Epoch 115/200

Epoch 00115: val_acc did not improve
 - 24s - loss: 5.4040 - acc: 0.6785 - val_loss: 5.6932 - val_acc: 0.5824
Learning rate:  0.0001
Epoch 116/200

Epoch 00116: val_acc did not improve
 - 24s - loss: 5.3948 - acc: 0.6815 - val_loss: 5.7640 - val_acc: 0.5490
Learning rate:  0.0001
Epoch 117/200

Epoch 00117: val_acc improved from 0.61340 to 0.61940, saving model to ./weights/RESNET_CIFAR-10_qbnn_4b_4b_3.hdf5
 - 25s - loss: 5.3900 - acc: 0.6804 - val_loss: 5.5579 - val_acc: 0.6194
Learning rate:  0.0001
Epoch 118/200

Epoch 00118: val_acc did not improve
 - 24s - loss: 5.3932 - acc: 0.6807 - val_loss: 5.6251 - val_acc: 0.5932
Learning rate:  0.0001
Epoch 119/200

Epoch 00119: val_acc did not improve
 - 24s - loss: 5.3766 - acc: 0.6847 - val_loss: 6.2915 - val_acc: 0.4376
Learning rate:  0.0001
Epoch 120/200

Epoch 00120: val_acc did not improve
 - 24s - loss: 5.3741 - acc: 0.6845 - val_loss: 5.9283 - val_acc: 0.5248
Learning rate:  0.0001
Epoch 121/200

Epoch 00121: val_acc did not improve
 - 24s - loss: 5.3744 - acc: 0.6813 - val_loss: 5.7670 - val_acc: 0.5620
Learning rate:  1e-05
Epoch 122/200

Epoch 00122: val_acc did not improve
 - 24s - loss: 5.3619 - acc: 0.6863 - val_loss: 5.6770 - val_acc: 0.5756
Learning rate:  1e-05
Epoch 123/200

Epoch 00123: val_acc did not improve
 - 24s - loss: 5.3442 - acc: 0.6928 - val_loss: 5.7669 - val_acc: 0.5600
Learning rate:  1e-05
Epoch 124/200

Epoch 00124: val_acc did not improve
 - 24s - loss: 5.3436 - acc: 0.6932 - val_loss: 5.5740 - val_acc: 0.6194
Learning rate:  1e-05
Epoch 125/200

Epoch 00125: val_acc did not improve
 - 24s - loss: 5.3454 - acc: 0.6910 - val_loss: 5.6084 - val_acc: 0.5900
Learning rate:  1e-05
Epoch 126/200

Epoch 00126: val_acc did not improve
 - 24s - loss: 5.3467 - acc: 0.6898 - val_loss: 5.6999 - val_acc: 0.5714
Learning rate:  1e-05
Epoch 127/200

Epoch 00127: val_acc did not improve
 - 24s - loss: 5.3457 - acc: 0.6911 - val_loss: 5.7772 - val_acc: 0.5554
Learning rate:  1e-05
Epoch 128/200

Epoch 00128: val_acc did not improve
 - 24s - loss: 5.3463 - acc: 0.6931 - val_loss: 5.6338 - val_acc: 0.5962
Learning rate:  1e-05
Epoch 129/200

Epoch 00129: val_acc did not improve
 - 24s - loss: 5.3419 - acc: 0.6943 - val_loss: 5.8459 - val_acc: 0.5508
Learning rate:  1e-05
Epoch 130/200

Epoch 00130: val_acc did not improve
 - 24s - loss: 5.3488 - acc: 0.6896 - val_loss: 5.6598 - val_acc: 0.5940
Learning rate:  1e-05
Epoch 131/200

Epoch 00131: val_acc did not improve
 - 24s - loss: 5.3445 - acc: 0.6931 - val_loss: 5.7501 - val_acc: 0.5618
Learning rate:  1e-05
Epoch 132/200

Epoch 00132: val_acc did not improve
 - 24s - loss: 5.3464 - acc: 0.6919 - val_loss: 5.5993 - val_acc: 0.5996
Learning rate:  1e-05
Epoch 133/200

Epoch 00133: val_acc did not improve
 - 24s - loss: 5.3456 - acc: 0.6915 - val_loss: 5.7268 - val_acc: 0.5660
Learning rate:  1e-05
Epoch 134/200

Epoch 00134: val_acc did not improve
 - 24s - loss: 5.3485 - acc: 0.6889 - val_loss: 5.7398 - val_acc: 0.5672
Learning rate:  1e-05
Epoch 135/200

Epoch 00135: val_acc did not improve
 - 24s - loss: 5.3433 - acc: 0.6941 - val_loss: 5.7537 - val_acc: 0.5616
Learning rate:  1e-05
Epoch 136/200

Epoch 00136: val_acc did not improve
 - 24s - loss: 5.3475 - acc: 0.6912 - val_loss: 5.5454 - val_acc: 0.6174
Learning rate:  1e-05
Epoch 137/200

Epoch 00137: val_acc did not improve
 - 24s - loss: 5.3476 - acc: 0.6911 - val_loss: 5.6141 - val_acc: 0.6012
Learning rate:  1e-05
Epoch 138/200

Epoch 00138: val_acc did not improve
 - 24s - loss: 5.3511 - acc: 0.6873 - val_loss: 5.6226 - val_acc: 0.5904
Learning rate:  1e-05
Epoch 139/200

Epoch 00139: val_acc did not improve
 - 24s - loss: 5.3449 - acc: 0.6919 - val_loss: 5.6234 - val_acc: 0.6000
Learning rate:  1e-05
Epoch 140/200

Epoch 00140: val_acc did not improve
 - 24s - loss: 5.3482 - acc: 0.6898 - val_loss: 5.9533 - val_acc: 0.5224
Learning rate:  1e-05
Epoch 141/200

Epoch 00141: val_acc improved from 0.61940 to 0.62120, saving model to ./weights/RESNET_CIFAR-10_qbnn_4b_4b_3.hdf5
 - 25s - loss: 5.3452 - acc: 0.6894 - val_loss: 5.5183 - val_acc: 0.6212
Learning rate:  1e-05
Epoch 142/200

Epoch 00142: val_acc did not improve
 - 24s - loss: 5.3478 - acc: 0.6896 - val_loss: 5.9207 - val_acc: 0.5156
Learning rate:  1e-05
Epoch 143/200

Epoch 00143: val_acc did not improve
 - 24s - loss: 5.3482 - acc: 0.6880 - val_loss: 5.7459 - val_acc: 0.5648
Learning rate:  1e-05
Epoch 144/200

Epoch 00144: val_acc improved from 0.62120 to 0.63940, saving model to ./weights/RESNET_CIFAR-10_qbnn_4b_4b_3.hdf5
 - 25s - loss: 5.3415 - acc: 0.6922 - val_loss: 5.5273 - val_acc: 0.6394
Learning rate:  1e-05
Epoch 145/200

Epoch 00145: val_acc did not improve
 - 24s - loss: 5.3386 - acc: 0.6911 - val_loss: 6.0014 - val_acc: 0.5056
Learning rate:  1e-05
Epoch 146/200

Epoch 00146: val_acc did not improve
 - 24s - loss: 5.3438 - acc: 0.6886 - val_loss: 5.6788 - val_acc: 0.5864
Learning rate:  1e-05
Epoch 147/200

Epoch 00147: val_acc did not improve
 - 24s - loss: 5.3446 - acc: 0.6894 - val_loss: 5.5729 - val_acc: 0.6034
Learning rate:  1e-05
Epoch 148/200

Epoch 00148: val_acc did not improve
 - 24s - loss: 5.3435 - acc: 0.6896 - val_loss: 6.0883 - val_acc: 0.4944
Learning rate:  1e-05
Epoch 149/200

Epoch 00149: val_acc did not improve
 - 24s - loss: 5.3354 - acc: 0.6922 - val_loss: 5.8632 - val_acc: 0.5438
Learning rate:  1e-05
Epoch 150/200

Epoch 00150: val_acc did not improve
 - 24s - loss: 5.3400 - acc: 0.6906 - val_loss: 5.7926 - val_acc: 0.5526
Learning rate:  1e-05
Epoch 151/200

Epoch 00151: val_acc did not improve
 - 24s - loss: 5.3364 - acc: 0.6927 - val_loss: 5.5338 - val_acc: 0.6176
Learning rate:  1e-05
Epoch 152/200

Epoch 00152: val_acc did not improve
 - 24s - loss: 5.3343 - acc: 0.6957 - val_loss: 5.5481 - val_acc: 0.6156
Learning rate:  1e-05
Epoch 153/200

Epoch 00153: val_acc did not improve
 - 24s - loss: 5.3425 - acc: 0.6898 - val_loss: 5.8116 - val_acc: 0.5576
Learning rate:  1e-05
Epoch 154/200

Epoch 00154: val_acc did not improve
 - 24s - loss: 5.3437 - acc: 0.6894 - val_loss: 5.6168 - val_acc: 0.5948
Learning rate:  1e-05
Epoch 155/200

Epoch 00155: val_acc did not improve
 - 24s - loss: 5.3372 - acc: 0.6915 - val_loss: 6.8087 - val_acc: 0.3750
Learning rate:  1e-05
Epoch 156/200

Epoch 00156: val_acc did not improve
 - 24s - loss: 5.3398 - acc: 0.6891 - val_loss: 5.6002 - val_acc: 0.5950
Learning rate:  1e-05
Epoch 157/200

Epoch 00157: val_acc did not improve
 - 24s - loss: 5.3384 - acc: 0.6907 - val_loss: 5.5759 - val_acc: 0.6100
Learning rate:  1e-05
Epoch 158/200

Epoch 00158: val_acc did not improve
 - 24s - loss: 5.3396 - acc: 0.6904 - val_loss: 5.6417 - val_acc: 0.5860
Learning rate:  1e-05
Epoch 159/200

Epoch 00159: val_acc did not improve
 - 24s - loss: 5.3404 - acc: 0.6876 - val_loss: 6.0663 - val_acc: 0.4798
Learning rate:  1e-05
Epoch 160/200

Epoch 00160: val_acc did not improve
 - 24s - loss: 5.3385 - acc: 0.6905 - val_loss: 5.5508 - val_acc: 0.6194
Learning rate:  1e-05
Epoch 161/200

Epoch 00161: val_acc did not improve
 - 24s - loss: 5.3392 - acc: 0.6897 - val_loss: 5.5521 - val_acc: 0.6170
Learning rate:  1e-06
Epoch 162/200

Epoch 00162: val_acc did not improve
 - 24s - loss: 5.3230 - acc: 0.6953 - val_loss: 5.5404 - val_acc: 0.6248
Learning rate:  1e-06
Epoch 163/200

Epoch 00163: val_acc did not improve
 - 24s - loss: 5.3224 - acc: 0.6957 - val_loss: 5.5537 - val_acc: 0.6130
Learning rate:  1e-06
Epoch 164/200

Epoch 00164: val_acc did not improve
 - 24s - loss: 5.3205 - acc: 0.6958 - val_loss: 5.6356 - val_acc: 0.6028
Learning rate:  1e-06
Epoch 165/200

Epoch 00165: val_acc did not improve
 - 24s - loss: 5.3240 - acc: 0.6957 - val_loss: 5.5708 - val_acc: 0.5978
Learning rate:  1e-06
Epoch 166/200

Epoch 00166: val_acc did not improve
 - 24s - loss: 5.3246 - acc: 0.6959 - val_loss: 5.5924 - val_acc: 0.6008
Learning rate:  1e-06
Epoch 167/200

Epoch 00167: val_acc did not improve
 - 24s - loss: 5.3152 - acc: 0.6998 - val_loss: 5.8883 - val_acc: 0.5310
Learning rate:  1e-06
Epoch 168/200

Epoch 00168: val_acc did not improve
 - 24s - loss: 5.3173 - acc: 0.6988 - val_loss: 5.6097 - val_acc: 0.6038
Learning rate:  1e-06
Epoch 169/200

Epoch 00169: val_acc did not improve
 - 24s - loss: 5.3182 - acc: 0.6964 - val_loss: 5.5075 - val_acc: 0.6352
Learning rate:  1e-06
Epoch 170/200

Epoch 00170: val_acc did not improve
 - 24s - loss: 5.3204 - acc: 0.6961 - val_loss: 5.5802 - val_acc: 0.6066
Learning rate:  1e-06
Epoch 171/200

Epoch 00171: val_acc did not improve
 - 24s - loss: 5.3208 - acc: 0.6971 - val_loss: 5.5560 - val_acc: 0.6186
Learning rate:  1e-06
Epoch 172/200

Epoch 00172: val_acc did not improve
 - 24s - loss: 5.3215 - acc: 0.6979 - val_loss: 5.9233 - val_acc: 0.5114
Learning rate:  1e-06
Epoch 173/200

Epoch 00173: val_acc did not improve
 - 24s - loss: 5.3267 - acc: 0.6943 - val_loss: 5.6520 - val_acc: 0.5836
Learning rate:  1e-06
Epoch 174/200

Epoch 00174: val_acc did not improve
 - 24s - loss: 5.3245 - acc: 0.6944 - val_loss: 5.6232 - val_acc: 0.5982
Learning rate:  1e-06
Epoch 175/200

Epoch 00175: val_acc did not improve
 - 24s - loss: 5.3272 - acc: 0.6937 - val_loss: 5.5746 - val_acc: 0.6046
Learning rate:  1e-06
Epoch 176/200

Epoch 00176: val_acc did not improve
 - 24s - loss: 5.3186 - acc: 0.6970 - val_loss: 5.5823 - val_acc: 0.6152
Learning rate:  1e-06
Epoch 177/200

Epoch 00177: val_acc did not improve
 - 24s - loss: 5.3211 - acc: 0.6968 - val_loss: 5.6792 - val_acc: 0.5738
Learning rate:  1e-06
Epoch 178/200

Epoch 00178: val_acc did not improve
 - 24s - loss: 5.3257 - acc: 0.6947 - val_loss: 5.5894 - val_acc: 0.6044
Learning rate:  1e-06
Epoch 179/200

Epoch 00179: val_acc did not improve
 - 24s - loss: 5.3297 - acc: 0.6917 - val_loss: 5.6372 - val_acc: 0.5904
Learning rate:  1e-06
Epoch 180/200

Epoch 00180: val_acc did not improve
 - 24s - loss: 5.3272 - acc: 0.6943 - val_loss: 5.6050 - val_acc: 0.5972
Learning rate:  1e-06
Epoch 181/200

Epoch 00181: val_acc did not improve
 - 24s - loss: 5.3213 - acc: 0.6970 - val_loss: 5.6040 - val_acc: 0.5982
Learning rate:  5e-07
Epoch 182/200

Epoch 00182: val_acc did not improve
 - 24s - loss: 5.3164 - acc: 0.6970 - val_loss: 6.0437 - val_acc: 0.4970
Learning rate:  5e-07
Epoch 183/200

Epoch 00183: val_acc did not improve
 - 24s - loss: 5.3186 - acc: 0.6966 - val_loss: 5.6562 - val_acc: 0.5852
Learning rate:  5e-07
Epoch 184/200

Epoch 00184: val_acc did not improve
 - 24s - loss: 5.3203 - acc: 0.6978 - val_loss: 5.6393 - val_acc: 0.5872
Learning rate:  5e-07
Epoch 185/200

Epoch 00185: val_acc did not improve
 - 24s - loss: 5.3240 - acc: 0.6939 - val_loss: 5.6755 - val_acc: 0.5748
Learning rate:  5e-07
Epoch 186/200

Epoch 00186: val_acc did not improve
 - 24s - loss: 5.3265 - acc: 0.6942 - val_loss: 5.6597 - val_acc: 0.5868
Learning rate:  5e-07
Epoch 187/200

Epoch 00187: val_acc did not improve
 - 24s - loss: 5.3225 - acc: 0.6960 - val_loss: 5.5215 - val_acc: 0.6288
Learning rate:  5e-07
Epoch 188/200

Epoch 00188: val_acc did not improve
 - 24s - loss: 5.3217 - acc: 0.6967 - val_loss: 5.7266 - val_acc: 0.5622
Learning rate:  5e-07
Epoch 189/200

Epoch 00189: val_acc did not improve
 - 24s - loss: 5.3182 - acc: 0.6988 - val_loss: 5.8030 - val_acc: 0.5468
Learning rate:  5e-07
Epoch 190/200

Epoch 00190: val_acc did not improve
 - 24s - loss: 5.3179 - acc: 0.6979 - val_loss: 5.6438 - val_acc: 0.5836
Learning rate:  5e-07
Epoch 191/200

Epoch 00191: val_acc did not improve
 - 24s - loss: 5.3244 - acc: 0.6952 - val_loss: 5.8701 - val_acc: 0.5260
Learning rate:  5e-07
Epoch 192/200

Epoch 00192: val_acc did not improve
 - 24s - loss: 5.3259 - acc: 0.6950 - val_loss: 6.0284 - val_acc: 0.5000
Learning rate:  5e-07
Epoch 193/200

Epoch 00193: val_acc did not improve
 - 24s - loss: 5.3182 - acc: 0.6986 - val_loss: 5.5434 - val_acc: 0.6192
Learning rate:  5e-07
Epoch 194/200

Epoch 00194: val_acc did not improve
 - 24s - loss: 5.3269 - acc: 0.6942 - val_loss: 5.6453 - val_acc: 0.5804
Learning rate:  5e-07
Epoch 195/200

Epoch 00195: val_acc did not improve
 - 24s - loss: 5.3212 - acc: 0.6965 - val_loss: 5.5580 - val_acc: 0.6152
Learning rate:  5e-07
Epoch 196/200

Epoch 00196: val_acc did not improve
 - 24s - loss: 5.3218 - acc: 0.6969 - val_loss: 5.5670 - val_acc: 0.6074
Learning rate:  5e-07
Epoch 197/200

Epoch 00197: val_acc did not improve
 - 24s - loss: 5.3274 - acc: 0.6951 - val_loss: 5.5715 - val_acc: 0.6134
Learning rate:  5e-07
Epoch 198/200

Epoch 00198: val_acc did not improve
 - 24s - loss: 5.3242 - acc: 0.6953 - val_loss: 5.5784 - val_acc: 0.6086
Learning rate:  5e-07
Epoch 199/200

Epoch 00199: val_acc did not improve
 - 24s - loss: 5.3238 - acc: 0.6945 - val_loss: 5.5566 - val_acc: 0.6094
Learning rate:  5e-07
Epoch 200/200

Epoch 00200: val_acc did not improve
 - 24s - loss: 5.3266 - acc: 0.6948 - val_loss: 5.5898 - val_acc: 0.6016
Done

