Construct the Network

__________________________________________________________________________________________________
Layer (type)                    Output Shape         Param #     Connected to                     
==================================================================================================
input_2 (InputLayer)            (None, 32, 32, 3)    0                                            
__________________________________________________________________________________________________
binary_conv2d_1 (BinaryConv2D)  (None, 32, 32, 16)   448         input_2[0][0]                    
__________________________________________________________________________________________________
batch_normalization_1 (BatchNor (None, 32, 32, 16)   64          binary_conv2d_1[0][0]            
__________________________________________________________________________________________________
activation_1 (Activation)       (None, 32, 32, 16)   0           batch_normalization_1[0][0]      
__________________________________________________________________________________________________
binary_conv2d_2 (BinaryConv2D)  (None, 32, 32, 16)   2320        activation_1[0][0]               
__________________________________________________________________________________________________
batch_normalization_2 (BatchNor (None, 32, 32, 16)   64          binary_conv2d_2[0][0]            
__________________________________________________________________________________________________
activation_2 (Activation)       (None, 32, 32, 16)   0           batch_normalization_2[0][0]      
__________________________________________________________________________________________________
binary_conv2d_3 (BinaryConv2D)  (None, 32, 32, 16)   2320        activation_2[0][0]               
__________________________________________________________________________________________________
batch_normalization_3 (BatchNor (None, 32, 32, 16)   64          binary_conv2d_3[0][0]            
__________________________________________________________________________________________________
add_1 (Add)                     (None, 32, 32, 16)   0           activation_1[0][0]               
                                                                 batch_normalization_3[0][0]      
__________________________________________________________________________________________________
activation_3 (Activation)       (None, 32, 32, 16)   0           add_1[0][0]                      
__________________________________________________________________________________________________
binary_conv2d_4 (BinaryConv2D)  (None, 32, 32, 16)   2320        activation_3[0][0]               
__________________________________________________________________________________________________
batch_normalization_4 (BatchNor (None, 32, 32, 16)   64          binary_conv2d_4[0][0]            
__________________________________________________________________________________________________
activation_4 (Activation)       (None, 32, 32, 16)   0           batch_normalization_4[0][0]      
__________________________________________________________________________________________________
binary_conv2d_5 (BinaryConv2D)  (None, 32, 32, 16)   2320        activation_4[0][0]               
__________________________________________________________________________________________________
batch_normalization_5 (BatchNor (None, 32, 32, 16)   64          binary_conv2d_5[0][0]            
__________________________________________________________________________________________________
add_2 (Add)                     (None, 32, 32, 16)   0           activation_3[0][0]               
                                                                 batch_normalization_5[0][0]      
__________________________________________________________________________________________________
activation_5 (Activation)       (None, 32, 32, 16)   0           add_2[0][0]                      
__________________________________________________________________________________________________
binary_conv2d_6 (BinaryConv2D)  (None, 32, 32, 16)   2320        activation_5[0][0]               
__________________________________________________________________________________________________
batch_normalization_6 (BatchNor (None, 32, 32, 16)   64          binary_conv2d_6[0][0]            
__________________________________________________________________________________________________
activation_6 (Activation)       (None, 32, 32, 16)   0           batch_normalization_6[0][0]      
__________________________________________________________________________________________________
binary_conv2d_7 (BinaryConv2D)  (None, 32, 32, 16)   2320        activation_6[0][0]               
__________________________________________________________________________________________________
batch_normalization_7 (BatchNor (None, 32, 32, 16)   64          binary_conv2d_7[0][0]            
__________________________________________________________________________________________________
add_3 (Add)                     (None, 32, 32, 16)   0           activation_5[0][0]               
                                                                 batch_normalization_7[0][0]      
__________________________________________________________________________________________________
activation_7 (Activation)       (None, 32, 32, 16)   0           add_3[0][0]                      
__________________________________________________________________________________________________
binary_conv2d_8 (BinaryConv2D)  (None, 16, 16, 32)   4640        activation_7[0][0]               
__________________________________________________________________________________________________
batch_normalization_8 (BatchNor (None, 16, 16, 32)   128         binary_conv2d_8[0][0]            
__________________________________________________________________________________________________
activation_8 (Activation)       (None, 16, 16, 32)   0           batch_normalization_8[0][0]      
__________________________________________________________________________________________________
binary_conv2d_9 (BinaryConv2D)  (None, 16, 16, 32)   9248        activation_8[0][0]               
__________________________________________________________________________________________________
binary_conv2d_10 (BinaryConv2D) (None, 16, 16, 32)   544         activation_7[0][0]               
__________________________________________________________________________________________________
batch_normalization_9 (BatchNor (None, 16, 16, 32)   128         binary_conv2d_9[0][0]            
__________________________________________________________________________________________________
add_4 (Add)                     (None, 16, 16, 32)   0           binary_conv2d_10[0][0]           
                                                                 batch_normalization_9[0][0]      
__________________________________________________________________________________________________
activation_9 (Activation)       (None, 16, 16, 32)   0           add_4[0][0]                      
__________________________________________________________________________________________________
binary_conv2d_11 (BinaryConv2D) (None, 16, 16, 32)   9248        activation_9[0][0]               
__________________________________________________________________________________________________
batch_normalization_10 (BatchNo (None, 16, 16, 32)   128         binary_conv2d_11[0][0]           
__________________________________________________________________________________________________
activation_10 (Activation)      (None, 16, 16, 32)   0           batch_normalization_10[0][0]     
__________________________________________________________________________________________________
binary_conv2d_12 (BinaryConv2D) (None, 16, 16, 32)   9248        activation_10[0][0]              
__________________________________________________________________________________________________
batch_normalization_11 (BatchNo (None, 16, 16, 32)   128         binary_conv2d_12[0][0]           
__________________________________________________________________________________________________
add_5 (Add)                     (None, 16, 16, 32)   0           activation_9[0][0]               
                                                                 batch_normalization_11[0][0]     
__________________________________________________________________________________________________
activation_11 (Activation)      (None, 16, 16, 32)   0           add_5[0][0]                      
__________________________________________________________________________________________________
binary_conv2d_13 (BinaryConv2D) (None, 16, 16, 32)   9248        activation_11[0][0]              
__________________________________________________________________________________________________
batch_normalization_12 (BatchNo (None, 16, 16, 32)   128         binary_conv2d_13[0][0]           
__________________________________________________________________________________________________
activation_12 (Activation)      (None, 16, 16, 32)   0           batch_normalization_12[0][0]     
__________________________________________________________________________________________________
binary_conv2d_14 (BinaryConv2D) (None, 16, 16, 32)   9248        activation_12[0][0]              
__________________________________________________________________________________________________
batch_normalization_13 (BatchNo (None, 16, 16, 32)   128         binary_conv2d_14[0][0]           
__________________________________________________________________________________________________
add_6 (Add)                     (None, 16, 16, 32)   0           activation_11[0][0]              
                                                                 batch_normalization_13[0][0]     
__________________________________________________________________________________________________
activation_13 (Activation)      (None, 16, 16, 32)   0           add_6[0][0]                      
__________________________________________________________________________________________________
binary_conv2d_15 (BinaryConv2D) (None, 8, 8, 64)     18496       activation_13[0][0]              
__________________________________________________________________________________________________
batch_normalization_14 (BatchNo (None, 8, 8, 64)     256         binary_conv2d_15[0][0]           
__________________________________________________________________________________________________
activation_14 (Activation)      (None, 8, 8, 64)     0           batch_normalization_14[0][0]     
__________________________________________________________________________________________________
binary_conv2d_16 (BinaryConv2D) (None, 8, 8, 64)     36928       activation_14[0][0]              
__________________________________________________________________________________________________
binary_conv2d_17 (BinaryConv2D) (None, 8, 8, 64)     2112        activation_13[0][0]              
__________________________________________________________________________________________________
batch_normalization_15 (BatchNo (None, 8, 8, 64)     256         binary_conv2d_16[0][0]           
__________________________________________________________________________________________________
add_7 (Add)                     (None, 8, 8, 64)     0           binary_conv2d_17[0][0]           
                                                                 batch_normalization_15[0][0]     
__________________________________________________________________________________________________
activation_15 (Activation)      (None, 8, 8, 64)     0           add_7[0][0]                      
__________________________________________________________________________________________________
binary_conv2d_18 (BinaryConv2D) (None, 8, 8, 64)     36928       activation_15[0][0]              
__________________________________________________________________________________________________
batch_normalization_16 (BatchNo (None, 8, 8, 64)     256         binary_conv2d_18[0][0]           
__________________________________________________________________________________________________
activation_16 (Activation)      (None, 8, 8, 64)     0           batch_normalization_16[0][0]     
__________________________________________________________________________________________________
binary_conv2d_19 (BinaryConv2D) (None, 8, 8, 64)     36928       activation_16[0][0]              
__________________________________________________________________________________________________
batch_normalization_17 (BatchNo (None, 8, 8, 64)     256         binary_conv2d_19[0][0]           
__________________________________________________________________________________________________
add_8 (Add)                     (None, 8, 8, 64)     0           activation_15[0][0]              
                                                                 batch_normalization_17[0][0]     
__________________________________________________________________________________________________
activation_17 (Activation)      (None, 8, 8, 64)     0           add_8[0][0]                      
__________________________________________________________________________________________________
binary_conv2d_20 (BinaryConv2D) (None, 8, 8, 64)     36928       activation_17[0][0]              
__________________________________________________________________________________________________
batch_normalization_18 (BatchNo (None, 8, 8, 64)     256         binary_conv2d_20[0][0]           
__________________________________________________________________________________________________
activation_18 (Activation)      (None, 8, 8, 64)     0           batch_normalization_18[0][0]     
__________________________________________________________________________________________________
binary_conv2d_21 (BinaryConv2D) (None, 8, 8, 64)     36928       activation_18[0][0]              
__________________________________________________________________________________________________
batch_normalization_19 (BatchNo (None, 8, 8, 64)     256         binary_conv2d_21[0][0]           
__________________________________________________________________________________________________
add_9 (Add)                     (None, 8, 8, 64)     0           activation_17[0][0]              
                                                                 batch_normalization_19[0][0]     
__________________________________________________________________________________________________
activation_19 (Activation)      (None, 8, 8, 64)     0           add_9[0][0]                      
__________________________________________________________________________________________________
average_pooling2d_1 (AveragePoo (None, 1, 1, 64)     0           activation_19[0][0]              
__________________________________________________________________________________________________
flatten_1 (Flatten)             (None, 64)           0           average_pooling2d_1[0][0]        
__________________________________________________________________________________________________
binary_dense_2 (BinaryDense)    (None, 10)           650         flatten_1[0][0]                  
==================================================================================================
Total params: 274,442
Trainable params: 273,066
Non-trainable params: 1,376
__________________________________________________________________________________________________
loading data

Loading CIFAR-10 dataset...
(45000, 32, 32, 3)
setting up the network and creating callbacks

Learning rate:  0.001
compiling the network

No weights preloaded, training from scratch

(re)training the network

Train on 45000 samples, validate on 5000 samples
Learning rate:  0.001
Epoch 1/200

Epoch 00001: val_acc improved from -inf to 0.18860, saving model to ./weights/RESNET_CIFAR-10_full-bnn_4b_4b_3.hdf5
 - 27s - loss: 11.3391 - acc: 0.1584 - val_loss: 11.1339 - val_acc: 0.1886
Learning rate:  0.001
Epoch 2/200

Epoch 00002: val_acc improved from 0.18860 to 0.19080, saving model to ./weights/RESNET_CIFAR-10_full-bnn_4b_4b_3.hdf5
 - 22s - loss: 11.0262 - acc: 0.1877 - val_loss: 10.9314 - val_acc: 0.1908
Learning rate:  0.001
Epoch 3/200

Epoch 00003: val_acc improved from 0.19080 to 0.20760, saving model to ./weights/RESNET_CIFAR-10_full-bnn_4b_4b_3.hdf5
 - 22s - loss: 10.7987 - acc: 0.1984 - val_loss: 10.7183 - val_acc: 0.2076
Learning rate:  0.001
Epoch 4/200

Epoch 00004: val_acc improved from 0.20760 to 0.21180, saving model to ./weights/RESNET_CIFAR-10_full-bnn_4b_4b_3.hdf5
 - 22s - loss: 10.5800 - acc: 0.2112 - val_loss: 10.4810 - val_acc: 0.2118
Learning rate:  0.001
Epoch 5/200

Epoch 00005: val_acc improved from 0.21180 to 0.24880, saving model to ./weights/RESNET_CIFAR-10_full-bnn_4b_4b_3.hdf5
 - 22s - loss: 10.3581 - acc: 0.2265 - val_loss: 10.2371 - val_acc: 0.2488
Learning rate:  0.001
Epoch 6/200

Epoch 00006: val_acc improved from 0.24880 to 0.24920, saving model to ./weights/RESNET_CIFAR-10_full-bnn_4b_4b_3.hdf5
 - 22s - loss: 10.1531 - acc: 0.2364 - val_loss: 10.0377 - val_acc: 0.2492
Learning rate:  0.001
Epoch 7/200

Epoch 00007: val_acc improved from 0.24920 to 0.25900, saving model to ./weights/RESNET_CIFAR-10_full-bnn_4b_4b_3.hdf5
 - 22s - loss: 9.9555 - acc: 0.2479 - val_loss: 9.8829 - val_acc: 0.2590
Learning rate:  0.001
Epoch 8/200

Epoch 00008: val_acc did not improve
 - 22s - loss: 9.7706 - acc: 0.2523 - val_loss: 9.7993 - val_acc: 0.2388
Learning rate:  0.001
Epoch 9/200

Epoch 00009: val_acc did not improve
 - 22s - loss: 9.5751 - acc: 0.2592 - val_loss: 9.5934 - val_acc: 0.2562
Learning rate:  0.001
Epoch 10/200

Epoch 00010: val_acc did not improve
 - 22s - loss: 9.3936 - acc: 0.2637 - val_loss: 9.5077 - val_acc: 0.2070
Learning rate:  0.001
Epoch 11/200

Epoch 00011: val_acc did not improve
 - 22s - loss: 9.2076 - acc: 0.2690 - val_loss: 9.4294 - val_acc: 0.1904
Learning rate:  0.001
Epoch 12/200

Epoch 00012: val_acc did not improve
 - 22s - loss: 9.0309 - acc: 0.2696 - val_loss: 9.2305 - val_acc: 0.2012
Learning rate:  0.001
Epoch 13/200

Epoch 00013: val_acc improved from 0.25900 to 0.29120, saving model to ./weights/RESNET_CIFAR-10_full-bnn_4b_4b_3.hdf5
 - 23s - loss: 8.8533 - acc: 0.2723 - val_loss: 8.7824 - val_acc: 0.2912
Learning rate:  0.001
Epoch 14/200

Epoch 00014: val_acc did not improve
 - 22s - loss: 8.6642 - acc: 0.2820 - val_loss: 8.6770 - val_acc: 0.2530
Learning rate:  0.001
Epoch 15/200

Epoch 00015: val_acc did not improve
 - 22s - loss: 8.5009 - acc: 0.2857 - val_loss: 8.4383 - val_acc: 0.2776
Learning rate:  0.001
Epoch 16/200

Epoch 00016: val_acc did not improve
 - 22s - loss: 8.3297 - acc: 0.2918 - val_loss: 8.3825 - val_acc: 0.2622
Learning rate:  0.001
Epoch 17/200

Epoch 00017: val_acc improved from 0.29120 to 0.30940, saving model to ./weights/RESNET_CIFAR-10_full-bnn_4b_4b_3.hdf5
 - 22s - loss: 8.1586 - acc: 0.2983 - val_loss: 8.0687 - val_acc: 0.3094
Learning rate:  0.001
Epoch 18/200

Epoch 00018: val_acc did not improve
 - 22s - loss: 7.9952 - acc: 0.3041 - val_loss: 7.9163 - val_acc: 0.3024
Learning rate:  0.001
Epoch 19/200

Epoch 00019: val_acc did not improve
 - 22s - loss: 7.8537 - acc: 0.3018 - val_loss: 8.0106 - val_acc: 0.2534
Learning rate:  0.001
Epoch 20/200

Epoch 00020: val_acc did not improve
 - 22s - loss: 7.6932 - acc: 0.3100 - val_loss: 7.9435 - val_acc: 0.2434
Learning rate:  0.001
Epoch 21/200

Epoch 00021: val_acc improved from 0.30940 to 0.31100, saving model to ./weights/RESNET_CIFAR-10_full-bnn_4b_4b_3.hdf5
 - 22s - loss: 7.5362 - acc: 0.3201 - val_loss: 7.5057 - val_acc: 0.3110
Learning rate:  0.001
Epoch 22/200

Epoch 00022: val_acc did not improve
 - 22s - loss: 7.3915 - acc: 0.3223 - val_loss: 7.5538 - val_acc: 0.2934
Learning rate:  0.001
Epoch 23/200

Epoch 00023: val_acc improved from 0.31100 to 0.32040, saving model to ./weights/RESNET_CIFAR-10_full-bnn_4b_4b_3.hdf5
 - 22s - loss: 7.2314 - acc: 0.3323 - val_loss: 7.2535 - val_acc: 0.3204
Learning rate:  0.001
Epoch 24/200

Epoch 00024: val_acc improved from 0.32040 to 0.34480, saving model to ./weights/RESNET_CIFAR-10_full-bnn_4b_4b_3.hdf5
 - 22s - loss: 7.1028 - acc: 0.3321 - val_loss: 7.0354 - val_acc: 0.3448
Learning rate:  0.001
Epoch 25/200

Epoch 00025: val_acc did not improve
 - 22s - loss: 6.9769 - acc: 0.3330 - val_loss: 7.2462 - val_acc: 0.2864
Learning rate:  0.001
Epoch 26/200

Epoch 00026: val_acc did not improve
 - 22s - loss: 6.8415 - acc: 0.3405 - val_loss: 6.9545 - val_acc: 0.2926
Learning rate:  0.001
Epoch 27/200

Epoch 00027: val_acc did not improve
 - 22s - loss: 6.7160 - acc: 0.3448 - val_loss: 6.6750 - val_acc: 0.3276
Learning rate:  0.001
Epoch 28/200

Epoch 00028: val_acc did not improve
 - 22s - loss: 6.5944 - acc: 0.3448 - val_loss: 6.5725 - val_acc: 0.3280
Learning rate:  0.001
Epoch 29/200

Epoch 00029: val_acc improved from 0.34480 to 0.35480, saving model to ./weights/RESNET_CIFAR-10_full-bnn_4b_4b_3.hdf5
 - 23s - loss: 6.4705 - acc: 0.3509 - val_loss: 6.4590 - val_acc: 0.3548
Learning rate:  0.001
Epoch 30/200

Epoch 00030: val_acc did not improve
 - 22s - loss: 6.3414 - acc: 0.3564 - val_loss: 6.9678 - val_acc: 0.2592
Learning rate:  0.001
Epoch 31/200

Epoch 00031: val_acc did not improve
 - 22s - loss: 6.2519 - acc: 0.3488 - val_loss: 6.3775 - val_acc: 0.2970
Learning rate:  0.001
Epoch 32/200

Epoch 00032: val_acc did not improve
 - 22s - loss: 6.1205 - acc: 0.3616 - val_loss: 6.2308 - val_acc: 0.3098
Learning rate:  0.001
Epoch 33/200

Epoch 00033: val_acc did not improve
 - 22s - loss: 6.0212 - acc: 0.3594 - val_loss: 6.0485 - val_acc: 0.3226
Learning rate:  0.001
Epoch 34/200

Epoch 00034: val_acc did not improve
 - 22s - loss: 5.9148 - acc: 0.3640 - val_loss: 5.9324 - val_acc: 0.3518
Learning rate:  0.001
Epoch 35/200

Epoch 00035: val_acc did not improve
 - 22s - loss: 5.8117 - acc: 0.3661 - val_loss: 5.9825 - val_acc: 0.3080
Learning rate:  0.001
Epoch 36/200

Epoch 00036: val_acc improved from 0.35480 to 0.37720, saving model to ./weights/RESNET_CIFAR-10_full-bnn_4b_4b_3.hdf5
 - 22s - loss: 5.7075 - acc: 0.3700 - val_loss: 5.6835 - val_acc: 0.3772
Learning rate:  0.001
Epoch 37/200

Epoch 00037: val_acc did not improve
 - 22s - loss: 5.6105 - acc: 0.3700 - val_loss: 5.5950 - val_acc: 0.3604
Learning rate:  0.001
Epoch 38/200

Epoch 00038: val_acc improved from 0.37720 to 0.38220, saving model to ./weights/RESNET_CIFAR-10_full-bnn_4b_4b_3.hdf5
 - 22s - loss: 5.5171 - acc: 0.3720 - val_loss: 5.4748 - val_acc: 0.3822
Learning rate:  0.001
Epoch 39/200

Epoch 00039: val_acc did not improve
 - 22s - loss: 5.4286 - acc: 0.3754 - val_loss: 5.6057 - val_acc: 0.3354
Learning rate:  0.001
Epoch 40/200

Epoch 00040: val_acc did not improve
 - 22s - loss: 5.3384 - acc: 0.3759 - val_loss: 5.5005 - val_acc: 0.3376
Learning rate:  0.001
Epoch 41/200

Epoch 00041: val_acc did not improve
 - 22s - loss: 5.2415 - acc: 0.3817 - val_loss: 5.3346 - val_acc: 0.3356
Learning rate:  0.001
Epoch 42/200

Epoch 00042: val_acc did not improve
 - 22s - loss: 5.1521 - acc: 0.3842 - val_loss: 5.2267 - val_acc: 0.3636
Learning rate:  0.001
Epoch 43/200

Epoch 00043: val_acc did not improve
 - 22s - loss: 5.0732 - acc: 0.3875 - val_loss: 5.2072 - val_acc: 0.3486
Learning rate:  0.001
Epoch 44/200

Epoch 00044: val_acc did not improve
 - 22s - loss: 4.9827 - acc: 0.3910 - val_loss: 6.3243 - val_acc: 0.2284
Learning rate:  0.001
Epoch 45/200

Epoch 00045: val_acc did not improve
 - 22s - loss: 4.9144 - acc: 0.3915 - val_loss: 5.0448 - val_acc: 0.3436
Learning rate:  0.001
Epoch 46/200

Epoch 00046: val_acc did not improve
 - 22s - loss: 4.8420 - acc: 0.3909 - val_loss: 4.9720 - val_acc: 0.3556
Learning rate:  0.001
Epoch 47/200

Epoch 00047: val_acc did not improve
 - 22s - loss: 4.7581 - acc: 0.3992 - val_loss: 5.1028 - val_acc: 0.3240
Learning rate:  0.001
Epoch 48/200

Epoch 00048: val_acc did not improve
 - 22s - loss: 4.6769 - acc: 0.4006 - val_loss: 4.8512 - val_acc: 0.3434
Learning rate:  0.001
Epoch 49/200

Epoch 00049: val_acc did not improve
 - 22s - loss: 4.6232 - acc: 0.3987 - val_loss: 4.7555 - val_acc: 0.3656
Learning rate:  0.001
Epoch 50/200

Epoch 00050: val_acc improved from 0.38220 to 0.39240, saving model to ./weights/RESNET_CIFAR-10_full-bnn_4b_4b_3.hdf5
 - 22s - loss: 4.5344 - acc: 0.4068 - val_loss: 4.5762 - val_acc: 0.3924
Learning rate:  0.001
Epoch 51/200

Epoch 00051: val_acc did not improve
 - 22s - loss: 4.4671 - acc: 0.4096 - val_loss: 4.4821 - val_acc: 0.3858
Learning rate:  0.001
Epoch 52/200

Epoch 00052: val_acc improved from 0.39240 to 0.39560, saving model to ./weights/RESNET_CIFAR-10_full-bnn_4b_4b_3.hdf5
 - 22s - loss: 4.4042 - acc: 0.4103 - val_loss: 4.4459 - val_acc: 0.3956
Learning rate:  0.001
Epoch 53/200

Epoch 00053: val_acc did not improve
 - 22s - loss: 4.3442 - acc: 0.4124 - val_loss: 4.5564 - val_acc: 0.3566
Learning rate:  0.001
Epoch 54/200

Epoch 00054: val_acc did not improve
 - 22s - loss: 4.2804 - acc: 0.4127 - val_loss: 4.4393 - val_acc: 0.3774
Learning rate:  0.001
Epoch 55/200

Epoch 00055: val_acc improved from 0.39560 to 0.41440, saving model to ./weights/RESNET_CIFAR-10_full-bnn_4b_4b_3.hdf5
 - 22s - loss: 4.2269 - acc: 0.4147 - val_loss: 4.2175 - val_acc: 0.4144
Learning rate:  0.001
Epoch 56/200

Epoch 00056: val_acc did not improve
 - 22s - loss: 4.1598 - acc: 0.4170 - val_loss: 4.4625 - val_acc: 0.3422
Learning rate:  0.001
Epoch 57/200

Epoch 00057: val_acc did not improve
 - 22s - loss: 4.1128 - acc: 0.4183 - val_loss: 4.3957 - val_acc: 0.3598
Learning rate:  0.001
Epoch 58/200

Epoch 00058: val_acc did not improve
 - 22s - loss: 4.0479 - acc: 0.4230 - val_loss: 4.1164 - val_acc: 0.3856
Learning rate:  0.001
Epoch 59/200

Epoch 00059: val_acc did not improve
 - 22s - loss: 3.9916 - acc: 0.4248 - val_loss: 4.1478 - val_acc: 0.3746
Learning rate:  0.001
Epoch 60/200

Epoch 00060: val_acc did not improve
 - 22s - loss: 3.9255 - acc: 0.4298 - val_loss: 4.8125 - val_acc: 0.2952
Learning rate:  0.001
Epoch 61/200

Epoch 00061: val_acc did not improve
 - 22s - loss: 3.8888 - acc: 0.4268 - val_loss: 5.4971 - val_acc: 0.2416
Learning rate:  0.001
Epoch 62/200

Epoch 00062: val_acc did not improve
 - 22s - loss: 3.8154 - acc: 0.4388 - val_loss: 4.3163 - val_acc: 0.3542
Learning rate:  0.001
Epoch 63/200

Epoch 00063: val_acc improved from 0.41440 to 0.42100, saving model to ./weights/RESNET_CIFAR-10_full-bnn_4b_4b_3.hdf5
 - 22s - loss: 3.7732 - acc: 0.4357 - val_loss: 3.8136 - val_acc: 0.4210
Learning rate:  0.001
Epoch 64/200

Epoch 00064: val_acc did not improve
 - 22s - loss: 3.7131 - acc: 0.4441 - val_loss: 3.9680 - val_acc: 0.3642
Learning rate:  0.001
Epoch 65/200

Epoch 00065: val_acc did not improve
 - 22s - loss: 3.6736 - acc: 0.4409 - val_loss: 3.9333 - val_acc: 0.3698
Learning rate:  0.001
Epoch 66/200

Epoch 00066: val_acc did not improve
 - 22s - loss: 3.6351 - acc: 0.4412 - val_loss: 4.5814 - val_acc: 0.2880
Learning rate:  0.001
Epoch 67/200

Epoch 00067: val_acc did not improve
 - 22s - loss: 3.5778 - acc: 0.4474 - val_loss: 3.8434 - val_acc: 0.4110
Learning rate:  0.001
Epoch 68/200

Epoch 00068: val_acc improved from 0.42100 to 0.42860, saving model to ./weights/RESNET_CIFAR-10_full-bnn_4b_4b_3.hdf5
 - 22s - loss: 3.5283 - acc: 0.4525 - val_loss: 3.6130 - val_acc: 0.4286
Learning rate:  0.001
Epoch 69/200

Epoch 00069: val_acc did not improve
 - 22s - loss: 3.4832 - acc: 0.4564 - val_loss: 3.6618 - val_acc: 0.4008
Learning rate:  0.001
Epoch 70/200

Epoch 00070: val_acc did not improve
 - 22s - loss: 3.4515 - acc: 0.4543 - val_loss: 3.6925 - val_acc: 0.3738
Learning rate:  0.001
Epoch 71/200

Epoch 00071: val_acc did not improve
 - 22s - loss: 3.4062 - acc: 0.4564 - val_loss: 4.0735 - val_acc: 0.3190
Learning rate:  0.001
Epoch 72/200

Epoch 00072: val_acc did not improve
 - 22s - loss: 3.3632 - acc: 0.4631 - val_loss: 3.5884 - val_acc: 0.3844
Learning rate:  0.001
Epoch 73/200

Epoch 00073: val_acc improved from 0.42860 to 0.42900, saving model to ./weights/RESNET_CIFAR-10_full-bnn_4b_4b_3.hdf5
 - 22s - loss: 3.3370 - acc: 0.4581 - val_loss: 3.4179 - val_acc: 0.4290
Learning rate:  0.001
Epoch 74/200

Epoch 00074: val_acc improved from 0.42900 to 0.43500, saving model to ./weights/RESNET_CIFAR-10_full-bnn_4b_4b_3.hdf5
 - 22s - loss: 3.2865 - acc: 0.4646 - val_loss: 3.4394 - val_acc: 0.4350
Learning rate:  0.001
Epoch 75/200

Epoch 00075: val_acc did not improve
 - 22s - loss: 3.2407 - acc: 0.4679 - val_loss: 3.4188 - val_acc: 0.4032
Learning rate:  0.001
Epoch 76/200

Epoch 00076: val_acc improved from 0.43500 to 0.44420, saving model to ./weights/RESNET_CIFAR-10_full-bnn_4b_4b_3.hdf5
 - 22s - loss: 3.2186 - acc: 0.4663 - val_loss: 3.2602 - val_acc: 0.4442
Learning rate:  0.001
Epoch 77/200

Epoch 00077: val_acc improved from 0.44420 to 0.45700, saving model to ./weights/RESNET_CIFAR-10_full-bnn_4b_4b_3.hdf5
 - 22s - loss: 3.1793 - acc: 0.4682 - val_loss: 3.2448 - val_acc: 0.4570
Learning rate:  0.001
Epoch 78/200

Epoch 00078: val_acc did not improve
 - 22s - loss: 3.1347 - acc: 0.4734 - val_loss: 3.4145 - val_acc: 0.3886
Learning rate:  0.001
Epoch 79/200

Epoch 00079: val_acc did not improve
 - 22s - loss: 3.1072 - acc: 0.4733 - val_loss: 3.3146 - val_acc: 0.4120
Learning rate:  0.001
Epoch 80/200

Epoch 00080: val_acc did not improve
 - 22s - loss: 3.0593 - acc: 0.4794 - val_loss: 3.1071 - val_acc: 0.4568
Learning rate:  0.001
Epoch 81/200

Epoch 00081: val_acc did not improve
 - 22s - loss: 3.0343 - acc: 0.4802 - val_loss: 3.1693 - val_acc: 0.4512
Learning rate:  0.0001
Epoch 82/200

Epoch 00082: val_acc improved from 0.45700 to 0.49480, saving model to ./weights/RESNET_CIFAR-10_full-bnn_4b_4b_3.hdf5
 - 22s - loss: 2.9432 - acc: 0.5051 - val_loss: 2.9737 - val_acc: 0.4948
Learning rate:  0.0001
Epoch 83/200

Epoch 00083: val_acc improved from 0.49480 to 0.49920, saving model to ./weights/RESNET_CIFAR-10_full-bnn_4b_4b_3.hdf5
 - 22s - loss: 2.9419 - acc: 0.5034 - val_loss: 2.9553 - val_acc: 0.4992
Learning rate:  0.0001
Epoch 84/200

Epoch 00084: val_acc improved from 0.49920 to 0.50800, saving model to ./weights/RESNET_CIFAR-10_full-bnn_4b_4b_3.hdf5
 - 22s - loss: 2.9328 - acc: 0.5066 - val_loss: 2.9305 - val_acc: 0.5080
Learning rate:  0.0001
Epoch 85/200

Epoch 00085: val_acc did not improve
 - 22s - loss: 2.9201 - acc: 0.5130 - val_loss: 2.9342 - val_acc: 0.5080
Learning rate:  0.0001
Epoch 86/200

Epoch 00086: val_acc did not improve
 - 22s - loss: 2.9132 - acc: 0.5110 - val_loss: 2.9964 - val_acc: 0.4838
Learning rate:  0.0001
Epoch 87/200

Epoch 00087: val_acc did not improve
 - 22s - loss: 2.9097 - acc: 0.5129 - val_loss: 2.9524 - val_acc: 0.5064
Learning rate:  0.0001
Epoch 88/200

Epoch 00088: val_acc improved from 0.50800 to 0.51580, saving model to ./weights/RESNET_CIFAR-10_full-bnn_4b_4b_3.hdf5
 - 23s - loss: 2.9061 - acc: 0.5095 - val_loss: 2.9045 - val_acc: 0.5158
Learning rate:  0.0001
Epoch 89/200

Epoch 00089: val_acc did not improve
 - 22s - loss: 2.9002 - acc: 0.5124 - val_loss: 2.9420 - val_acc: 0.4946
Learning rate:  0.0001
Epoch 90/200

Epoch 00090: val_acc did not improve
 - 22s - loss: 2.8955 - acc: 0.5106 - val_loss: 2.9222 - val_acc: 0.5088
Learning rate:  0.0001
Epoch 91/200

Epoch 00091: val_acc did not improve
 - 22s - loss: 2.8892 - acc: 0.5091 - val_loss: 2.9123 - val_acc: 0.4992
Learning rate:  0.0001
Epoch 92/200

Epoch 00092: val_acc did not improve
 - 22s - loss: 2.8869 - acc: 0.5153 - val_loss: 2.9387 - val_acc: 0.5012
Learning rate:  0.0001
Epoch 93/200

Epoch 00093: val_acc did not improve
 - 22s - loss: 2.8815 - acc: 0.5162 - val_loss: 3.3828 - val_acc: 0.4082
Learning rate:  0.0001
Epoch 94/200

Epoch 00094: val_acc did not improve
 - 22s - loss: 2.8856 - acc: 0.5122 - val_loss: 2.9940 - val_acc: 0.4824
Learning rate:  0.0001
Epoch 95/200

Epoch 00095: val_acc did not improve
 - 22s - loss: 2.8639 - acc: 0.5180 - val_loss: 2.9362 - val_acc: 0.4938
Learning rate:  0.0001
Epoch 96/200

Epoch 00096: val_acc did not improve
 - 22s - loss: 2.8689 - acc: 0.5125 - val_loss: 3.0810 - val_acc: 0.4462
Learning rate:  0.0001
Epoch 97/200

Epoch 00097: val_acc did not improve
 - 22s - loss: 2.8705 - acc: 0.5145 - val_loss: 2.9279 - val_acc: 0.4996
Learning rate:  0.0001
Epoch 98/200

Epoch 00098: val_acc did not improve
 - 22s - loss: 2.8642 - acc: 0.5135 - val_loss: 2.9459 - val_acc: 0.4864
Learning rate:  0.0001
Epoch 99/200

Epoch 00099: val_acc did not improve
 - 22s - loss: 2.8582 - acc: 0.5140 - val_loss: 2.9626 - val_acc: 0.4854
Learning rate:  0.0001
Epoch 100/200

Epoch 00100: val_acc did not improve
 - 22s - loss: 2.8482 - acc: 0.5167 - val_loss: 2.8877 - val_acc: 0.5038
Learning rate:  0.0001
Epoch 101/200

Epoch 00101: val_acc did not improve
 - 22s - loss: 2.8496 - acc: 0.5142 - val_loss: 2.8955 - val_acc: 0.4912
Learning rate:  0.0001
Epoch 102/200

Epoch 00102: val_acc did not improve
 - 22s - loss: 2.8398 - acc: 0.5195 - val_loss: 3.5079 - val_acc: 0.3588
Learning rate:  0.0001
Epoch 103/200

Epoch 00103: val_acc did not improve
 - 22s - loss: 2.8411 - acc: 0.5164 - val_loss: 3.1333 - val_acc: 0.4374
Learning rate:  0.0001
Epoch 104/200

Epoch 00104: val_acc did not improve
 - 22s - loss: 2.8393 - acc: 0.5153 - val_loss: 3.0024 - val_acc: 0.4738
Learning rate:  0.0001
Epoch 105/200

Epoch 00105: val_acc did not improve
 - 22s - loss: 2.8267 - acc: 0.5178 - val_loss: 2.8899 - val_acc: 0.4904
Learning rate:  0.0001
Epoch 106/200

Epoch 00106: val_acc did not improve
 - 22s - loss: 2.8228 - acc: 0.5188 - val_loss: 2.9087 - val_acc: 0.4860
Learning rate:  0.0001
Epoch 107/200

Epoch 00107: val_acc did not improve
 - 22s - loss: 2.8128 - acc: 0.5217 - val_loss: 3.0074 - val_acc: 0.4834
Learning rate:  0.0001
Epoch 108/200

Epoch 00108: val_acc did not improve
 - 22s - loss: 2.8130 - acc: 0.5204 - val_loss: 2.8945 - val_acc: 0.4918
Learning rate:  0.0001
Epoch 109/200

Epoch 00109: val_acc did not improve
 - 22s - loss: 2.8057 - acc: 0.5219 - val_loss: 2.8818 - val_acc: 0.4958
Learning rate:  0.0001
Epoch 110/200

Epoch 00110: val_acc did not improve
 - 22s - loss: 2.8057 - acc: 0.5200 - val_loss: 2.9942 - val_acc: 0.4684
Learning rate:  0.0001
Epoch 111/200

Epoch 00111: val_acc did not improve
 - 22s - loss: 2.8001 - acc: 0.5208 - val_loss: 3.0569 - val_acc: 0.4566
Learning rate:  0.0001
Epoch 112/200

Epoch 00112: val_acc did not improve
 - 22s - loss: 2.7868 - acc: 0.5238 - val_loss: 2.8783 - val_acc: 0.4974
Learning rate:  0.0001
Epoch 113/200

Epoch 00113: val_acc did not improve
 - 22s - loss: 2.8031 - acc: 0.5172 - val_loss: 2.9713 - val_acc: 0.4798
Learning rate:  0.0001
Epoch 114/200

Epoch 00114: val_acc did not improve
 - 22s - loss: 2.8021 - acc: 0.5166 - val_loss: 2.8690 - val_acc: 0.4932
Learning rate:  0.0001
Epoch 115/200

Epoch 00115: val_acc did not improve
 - 22s - loss: 2.7887 - acc: 0.5207 - val_loss: 2.9236 - val_acc: 0.4824
Learning rate:  0.0001
Epoch 116/200

Epoch 00116: val_acc did not improve
 - 22s - loss: 2.7848 - acc: 0.5235 - val_loss: 2.8413 - val_acc: 0.4992
Learning rate:  0.0001
Epoch 117/200

Epoch 00117: val_acc did not improve
 - 22s - loss: 2.7842 - acc: 0.5175 - val_loss: 3.0007 - val_acc: 0.4730
Learning rate:  0.0001
Epoch 118/200

Epoch 00118: val_acc did not improve
 - 22s - loss: 2.7892 - acc: 0.5175 - val_loss: 2.9352 - val_acc: 0.4904
Learning rate:  0.0001
Epoch 119/200

Epoch 00119: val_acc did not improve
 - 22s - loss: 2.7712 - acc: 0.5238 - val_loss: 3.1777 - val_acc: 0.4078
Learning rate:  0.0001
Epoch 120/200

Epoch 00120: val_acc did not improve
 - 22s - loss: 2.7686 - acc: 0.5228 - val_loss: 3.0121 - val_acc: 0.4580
Learning rate:  0.0001
Epoch 121/200

Epoch 00121: val_acc did not improve
 - 22s - loss: 2.7738 - acc: 0.5162 - val_loss: 2.9780 - val_acc: 0.4740
Learning rate:  1e-05
Epoch 122/200

Epoch 00122: val_acc did not improve
 - 22s - loss: 2.7251 - acc: 0.5350 - val_loss: 2.9484 - val_acc: 0.4756
Learning rate:  1e-05
Epoch 123/200

Epoch 00123: val_acc did not improve
 - 22s - loss: 2.7267 - acc: 0.5316 - val_loss: 3.1301 - val_acc: 0.4368
Learning rate:  1e-05
Epoch 124/200

Epoch 00124: val_acc did not improve
 - 22s - loss: 2.7310 - acc: 0.5323 - val_loss: 2.8010 - val_acc: 0.5080
Learning rate:  1e-05
Epoch 125/200

Epoch 00125: val_acc did not improve
 - 22s - loss: 2.7369 - acc: 0.5286 - val_loss: 3.0927 - val_acc: 0.4436
Learning rate:  1e-05
Epoch 126/200

Epoch 00126: val_acc did not improve
 - 22s - loss: 2.7466 - acc: 0.5258 - val_loss: 2.9883 - val_acc: 0.4484
Learning rate:  1e-05
Epoch 127/200

Epoch 00127: val_acc did not improve
 - 22s - loss: 2.7352 - acc: 0.5289 - val_loss: 2.8271 - val_acc: 0.5130
Learning rate:  1e-05
Epoch 128/200

Epoch 00128: val_acc did not improve
 - 22s - loss: 2.7322 - acc: 0.5336 - val_loss: 2.9590 - val_acc: 0.4690
Learning rate:  1e-05
Epoch 129/200

Epoch 00129: val_acc did not improve
 - 22s - loss: 2.7331 - acc: 0.5328 - val_loss: 3.0201 - val_acc: 0.4616
Learning rate:  1e-05
Epoch 130/200

Epoch 00130: val_acc did not improve
 - 22s - loss: 2.7398 - acc: 0.5304 - val_loss: 2.8870 - val_acc: 0.4920
Learning rate:  1e-05
Epoch 131/200

Epoch 00131: val_acc did not improve
 - 22s - loss: 2.7328 - acc: 0.5305 - val_loss: 2.7863 - val_acc: 0.5150
Learning rate:  1e-05
Epoch 132/200

Epoch 00132: val_acc did not improve
 - 22s - loss: 2.7394 - acc: 0.5292 - val_loss: 2.8464 - val_acc: 0.4930
Learning rate:  1e-05
Epoch 133/200

Epoch 00133: val_acc did not improve
 - 22s - loss: 2.7418 - acc: 0.5292 - val_loss: 3.0837 - val_acc: 0.4508
Learning rate:  1e-05
Epoch 134/200

Epoch 00134: val_acc did not improve
 - 22s - loss: 2.7391 - acc: 0.5290 - val_loss: 2.8716 - val_acc: 0.4850
Learning rate:  1e-05
Epoch 135/200

Epoch 00135: val_acc did not improve
 - 22s - loss: 2.7287 - acc: 0.5302 - val_loss: 2.8604 - val_acc: 0.4940
Learning rate:  1e-05
Epoch 136/200

Epoch 00136: val_acc did not improve
 - 22s - loss: 2.7263 - acc: 0.5339 - val_loss: 2.7627 - val_acc: 0.5134
Learning rate:  1e-05
Epoch 137/200

Epoch 00137: val_acc did not improve
 - 22s - loss: 2.7423 - acc: 0.5288 - val_loss: 2.9474 - val_acc: 0.4706
Learning rate:  1e-05
Epoch 138/200

Epoch 00138: val_acc did not improve
 - 22s - loss: 2.7381 - acc: 0.5283 - val_loss: 2.8207 - val_acc: 0.5018
Learning rate:  1e-05
Epoch 139/200

Epoch 00139: val_acc did not improve
 - 22s - loss: 2.7232 - acc: 0.5312 - val_loss: 2.8882 - val_acc: 0.4952
Learning rate:  1e-05
Epoch 140/200

Epoch 00140: val_acc did not improve
 - 22s - loss: 2.7318 - acc: 0.5286 - val_loss: 2.8992 - val_acc: 0.4846
Learning rate:  1e-05
Epoch 141/200

Epoch 00141: val_acc improved from 0.51580 to 0.51640, saving model to ./weights/RESNET_CIFAR-10_full-bnn_4b_4b_3.hdf5
 - 22s - loss: 2.7348 - acc: 0.5273 - val_loss: 2.8050 - val_acc: 0.5164
Learning rate:  1e-05
Epoch 142/200

Epoch 00142: val_acc did not improve
 - 22s - loss: 2.7363 - acc: 0.5291 - val_loss: 3.1495 - val_acc: 0.4224
Learning rate:  1e-05
Epoch 143/200

Epoch 00143: val_acc did not improve
 - 22s - loss: 2.7430 - acc: 0.5264 - val_loss: 2.8328 - val_acc: 0.5004
Learning rate:  1e-05
Epoch 144/200

Epoch 00144: val_acc did not improve
 - 22s - loss: 2.7258 - acc: 0.5345 - val_loss: 2.8065 - val_acc: 0.5118
Learning rate:  1e-05
Epoch 145/200

Epoch 00145: val_acc did not improve
 - 22s - loss: 2.7293 - acc: 0.5312 - val_loss: 2.8034 - val_acc: 0.5140
Learning rate:  1e-05
Epoch 146/200

Epoch 00146: val_acc did not improve
 - 22s - loss: 2.7368 - acc: 0.5283 - val_loss: 2.8265 - val_acc: 0.4882
Learning rate:  1e-05
Epoch 147/200

Epoch 00147: val_acc did not improve
 - 22s - loss: 2.7259 - acc: 0.5318 - val_loss: 2.9379 - val_acc: 0.4760
Learning rate:  1e-05
Epoch 148/200

Epoch 00148: val_acc did not improve
 - 22s - loss: 2.7261 - acc: 0.5304 - val_loss: 2.8839 - val_acc: 0.4862
Learning rate:  1e-05
Epoch 149/200

Epoch 00149: val_acc did not improve
 - 22s - loss: 2.7322 - acc: 0.5269 - val_loss: 2.9995 - val_acc: 0.4688
Learning rate:  1e-05
Epoch 150/200

Epoch 00150: val_acc improved from 0.51640 to 0.51920, saving model to ./weights/RESNET_CIFAR-10_full-bnn_4b_4b_3.hdf5
 - 22s - loss: 2.7333 - acc: 0.5301 - val_loss: 2.8147 - val_acc: 0.5192
Learning rate:  1e-05
Epoch 151/200

Epoch 00151: val_acc did not improve
 - 22s - loss: 2.7230 - acc: 0.5303 - val_loss: 2.8526 - val_acc: 0.4876
Learning rate:  1e-05
Epoch 152/200

Epoch 00152: val_acc did not improve
 - 22s - loss: 2.7291 - acc: 0.5293 - val_loss: 3.0908 - val_acc: 0.4080
Learning rate:  1e-05
Epoch 153/200

Epoch 00153: val_acc did not improve
 - 22s - loss: 2.7267 - acc: 0.5313 - val_loss: 3.1597 - val_acc: 0.4278
Learning rate:  1e-05
Epoch 154/200

Epoch 00154: val_acc did not improve
 - 22s - loss: 2.7363 - acc: 0.5288 - val_loss: 3.0023 - val_acc: 0.4626
Learning rate:  1e-05
Epoch 155/200

Epoch 00155: val_acc did not improve
 - 22s - loss: 2.7264 - acc: 0.5293 - val_loss: 2.9007 - val_acc: 0.4814
Learning rate:  1e-05
Epoch 156/200

Epoch 00156: val_acc did not improve
 - 22s - loss: 2.7341 - acc: 0.5278 - val_loss: 2.9712 - val_acc: 0.4764
Learning rate:  1e-05
Epoch 157/200

Epoch 00157: val_acc did not improve
 - 22s - loss: 2.7229 - acc: 0.5324 - val_loss: 2.9473 - val_acc: 0.4766
Learning rate:  1e-05
Epoch 158/200

Epoch 00158: val_acc did not improve
 - 22s - loss: 2.7272 - acc: 0.5315 - val_loss: 2.8608 - val_acc: 0.4934
Learning rate:  1e-05
Epoch 159/200

Epoch 00159: val_acc did not improve
 - 22s - loss: 2.7214 - acc: 0.5307 - val_loss: 2.7944 - val_acc: 0.5070
Learning rate:  1e-05
Epoch 160/200

Epoch 00160: val_acc did not improve
 - 22s - loss: 2.7206 - acc: 0.5286 - val_loss: 3.0337 - val_acc: 0.4302
Learning rate:  1e-05
Epoch 161/200

Epoch 00161: val_acc did not improve
 - 22s - loss: 2.7185 - acc: 0.5314 - val_loss: 2.8650 - val_acc: 0.4944
Learning rate:  1e-06
Epoch 162/200

Epoch 00162: val_acc did not improve
 - 22s - loss: 2.6951 - acc: 0.5410 - val_loss: 2.7901 - val_acc: 0.5138
Learning rate:  1e-06
Epoch 163/200

Epoch 00163: val_acc did not improve
 - 22s - loss: 2.6944 - acc: 0.5421 - val_loss: 2.8166 - val_acc: 0.5092
Learning rate:  1e-06
Epoch 164/200

Epoch 00164: val_acc improved from 0.51920 to 0.52000, saving model to ./weights/RESNET_CIFAR-10_full-bnn_4b_4b_3.hdf5
 - 23s - loss: 2.7035 - acc: 0.5390 - val_loss: 2.7941 - val_acc: 0.5200
Learning rate:  1e-06
Epoch 165/200

Epoch 00165: val_acc did not improve
 - 22s - loss: 2.7071 - acc: 0.5375 - val_loss: 2.8026 - val_acc: 0.5158
Learning rate:  1e-06
Epoch 166/200

Epoch 00166: val_acc did not improve
 - 22s - loss: 2.7136 - acc: 0.5354 - val_loss: 2.8236 - val_acc: 0.4932
Learning rate:  1e-06
Epoch 167/200

Epoch 00167: val_acc did not improve
 - 22s - loss: 2.7130 - acc: 0.5345 - val_loss: 2.8068 - val_acc: 0.5092
Learning rate:  1e-06
Epoch 168/200

Epoch 00168: val_acc did not improve
 - 22s - loss: 2.7183 - acc: 0.5331 - val_loss: 2.8303 - val_acc: 0.4948
Learning rate:  1e-06
Epoch 169/200

Epoch 00169: val_acc did not improve
 - 22s - loss: 2.7157 - acc: 0.5352 - val_loss: 2.8409 - val_acc: 0.4936
Learning rate:  1e-06
Epoch 170/200

Epoch 00170: val_acc did not improve
 - 22s - loss: 2.7133 - acc: 0.5375 - val_loss: 2.8622 - val_acc: 0.4922
Learning rate:  1e-06
Epoch 171/200

Epoch 00171: val_acc did not improve
 - 22s - loss: 2.7212 - acc: 0.5349 - val_loss: 2.8665 - val_acc: 0.4944
Learning rate:  1e-06
Epoch 172/200

Epoch 00172: val_acc did not improve
 - 22s - loss: 2.7063 - acc: 0.5381 - val_loss: 2.7673 - val_acc: 0.5140
Learning rate:  1e-06
Epoch 173/200

Epoch 00173: val_acc improved from 0.52000 to 0.53100, saving model to ./weights/RESNET_CIFAR-10_full-bnn_4b_4b_3.hdf5
 - 22s - loss: 2.7062 - acc: 0.5357 - val_loss: 2.7260 - val_acc: 0.5310
Learning rate:  1e-06
Epoch 174/200

Epoch 00174: val_acc did not improve
 - 22s - loss: 2.7032 - acc: 0.5375 - val_loss: 2.7842 - val_acc: 0.5082
Learning rate:  1e-06
Epoch 175/200

Epoch 00175: val_acc did not improve
 - 22s - loss: 2.7118 - acc: 0.5344 - val_loss: 3.0146 - val_acc: 0.4694
Learning rate:  1e-06
Epoch 176/200

Epoch 00176: val_acc did not improve
 - 22s - loss: 2.7090 - acc: 0.5361 - val_loss: 2.8645 - val_acc: 0.4916
Learning rate:  1e-06
Epoch 177/200

Epoch 00177: val_acc did not improve
 - 22s - loss: 2.7159 - acc: 0.5341 - val_loss: 2.7801 - val_acc: 0.5176
Learning rate:  1e-06
Epoch 178/200

Epoch 00178: val_acc did not improve
 - 22s - loss: 2.7034 - acc: 0.5349 - val_loss: 2.8213 - val_acc: 0.4978
Learning rate:  1e-06
Epoch 179/200

Epoch 00179: val_acc did not improve
 - 22s - loss: 2.7123 - acc: 0.5347 - val_loss: 3.1749 - val_acc: 0.4236
Learning rate:  1e-06
Epoch 180/200

Epoch 00180: val_acc did not improve
 - 22s - loss: 2.7140 - acc: 0.5350 - val_loss: 2.8426 - val_acc: 0.5030
Learning rate:  1e-06
Epoch 181/200

Epoch 00181: val_acc did not improve
 - 22s - loss: 2.7130 - acc: 0.5342 - val_loss: 2.9064 - val_acc: 0.4874
Learning rate:  5e-07
Epoch 182/200

Epoch 00182: val_acc did not improve
 - 22s - loss: 2.7150 - acc: 0.5345 - val_loss: 2.8214 - val_acc: 0.4906
Learning rate:  5e-07
Epoch 183/200

Epoch 00183: val_acc did not improve
 - 22s - loss: 2.7154 - acc: 0.5335 - val_loss: 2.7284 - val_acc: 0.5216
Learning rate:  5e-07
Epoch 184/200

Epoch 00184: val_acc did not improve
 - 22s - loss: 2.7258 - acc: 0.5303 - val_loss: 2.8797 - val_acc: 0.4762
Learning rate:  5e-07
Epoch 185/200

Epoch 00185: val_acc did not improve
 - 22s - loss: 2.7162 - acc: 0.5334 - val_loss: 2.8153 - val_acc: 0.5126
Learning rate:  5e-07
Epoch 186/200

Epoch 00186: val_acc did not improve
 - 22s - loss: 2.7135 - acc: 0.5381 - val_loss: 2.8490 - val_acc: 0.4984
Learning rate:  5e-07
Epoch 187/200

Epoch 00187: val_acc did not improve
 - 22s - loss: 2.7108 - acc: 0.5367 - val_loss: 2.7497 - val_acc: 0.5268
Learning rate:  5e-07
Epoch 188/200

Epoch 00188: val_acc did not improve
 - 22s - loss: 2.7141 - acc: 0.5351 - val_loss: 2.7712 - val_acc: 0.5086
Learning rate:  5e-07
Epoch 189/200

Epoch 00189: val_acc did not improve
 - 22s - loss: 2.7102 - acc: 0.5360 - val_loss: 2.8823 - val_acc: 0.4858
Learning rate:  5e-07
Epoch 190/200

Epoch 00190: val_acc did not improve
 - 22s - loss: 2.7129 - acc: 0.5349 - val_loss: 2.9099 - val_acc: 0.4858
Learning rate:  5e-07
Epoch 191/200

Epoch 00191: val_acc did not improve
 - 22s - loss: 2.7211 - acc: 0.5322 - val_loss: 2.7790 - val_acc: 0.4968
Learning rate:  5e-07
Epoch 192/200

Epoch 00192: val_acc did not improve
 - 22s - loss: 2.7126 - acc: 0.5326 - val_loss: 2.9415 - val_acc: 0.4792
Learning rate:  5e-07
Epoch 193/200

Epoch 00193: val_acc did not improve
 - 22s - loss: 2.7150 - acc: 0.5349 - val_loss: 2.8569 - val_acc: 0.4856
Learning rate:  5e-07
Epoch 194/200

Epoch 00194: val_acc did not improve
 - 22s - loss: 2.7226 - acc: 0.5306 - val_loss: 2.8178 - val_acc: 0.4864
Learning rate:  5e-07
Epoch 195/200

Epoch 00195: val_acc did not improve
 - 22s - loss: 2.7202 - acc: 0.5342 - val_loss: 2.9465 - val_acc: 0.4790
Learning rate:  5e-07
Epoch 196/200

Epoch 00196: val_acc did not improve
 - 22s - loss: 2.7192 - acc: 0.5308 - val_loss: 2.8742 - val_acc: 0.4786
Learning rate:  5e-07
Epoch 197/200

Epoch 00197: val_acc did not improve
 - 22s - loss: 2.7160 - acc: 0.5352 - val_loss: 2.9228 - val_acc: 0.4842
Learning rate:  5e-07
Epoch 198/200

Epoch 00198: val_acc did not improve
 - 22s - loss: 2.7148 - acc: 0.5328 - val_loss: 2.7643 - val_acc: 0.5156
Learning rate:  5e-07
Epoch 199/200

Epoch 00199: val_acc did not improve
 - 22s - loss: 2.7126 - acc: 0.5366 - val_loss: 2.9379 - val_acc: 0.4778
Learning rate:  5e-07
Epoch 200/200

Epoch 00200: val_acc did not improve
 - 22s - loss: 2.7163 - acc: 0.5348 - val_loss: 2.8474 - val_acc: 0.4864
Done

