Construct the Network

__________________________________________________________________________________________________
Layer (type)                    Output Shape         Param #     Connected to                     
==================================================================================================
input_2 (InputLayer)            (None, 32, 32, 3)    0                                            
__________________________________________________________________________________________________
binary_conv2d_1 (BinaryConv2D)  (None, 32, 32, 16)   448         input_2[0][0]                    
__________________________________________________________________________________________________
batch_normalization_1 (BatchNor (None, 32, 32, 16)   64          binary_conv2d_1[0][0]            
__________________________________________________________________________________________________
leaky_re_lu_1 (LeakyReLU)       (None, 32, 32, 16)   0           batch_normalization_1[0][0]      
__________________________________________________________________________________________________
binary_conv2d_2 (BinaryConv2D)  (None, 32, 32, 16)   2320        leaky_re_lu_1[0][0]              
__________________________________________________________________________________________________
batch_normalization_2 (BatchNor (None, 32, 32, 16)   64          binary_conv2d_2[0][0]            
__________________________________________________________________________________________________
leaky_re_lu_2 (LeakyReLU)       (None, 32, 32, 16)   0           batch_normalization_2[0][0]      
__________________________________________________________________________________________________
binary_conv2d_3 (BinaryConv2D)  (None, 32, 32, 16)   2320        leaky_re_lu_2[0][0]              
__________________________________________________________________________________________________
batch_normalization_3 (BatchNor (None, 32, 32, 16)   64          binary_conv2d_3[0][0]            
__________________________________________________________________________________________________
add_1 (Add)                     (None, 32, 32, 16)   0           leaky_re_lu_1[0][0]              
                                                                 batch_normalization_3[0][0]      
__________________________________________________________________________________________________
leaky_re_lu_3 (LeakyReLU)       (None, 32, 32, 16)   0           add_1[0][0]                      
__________________________________________________________________________________________________
binary_conv2d_4 (BinaryConv2D)  (None, 32, 32, 16)   2320        leaky_re_lu_3[0][0]              
__________________________________________________________________________________________________
batch_normalization_4 (BatchNor (None, 32, 32, 16)   64          binary_conv2d_4[0][0]            
__________________________________________________________________________________________________
leaky_re_lu_4 (LeakyReLU)       (None, 32, 32, 16)   0           batch_normalization_4[0][0]      
__________________________________________________________________________________________________
binary_conv2d_5 (BinaryConv2D)  (None, 32, 32, 16)   2320        leaky_re_lu_4[0][0]              
__________________________________________________________________________________________________
batch_normalization_5 (BatchNor (None, 32, 32, 16)   64          binary_conv2d_5[0][0]            
__________________________________________________________________________________________________
add_2 (Add)                     (None, 32, 32, 16)   0           leaky_re_lu_3[0][0]              
                                                                 batch_normalization_5[0][0]      
__________________________________________________________________________________________________
leaky_re_lu_5 (LeakyReLU)       (None, 32, 32, 16)   0           add_2[0][0]                      
__________________________________________________________________________________________________
binary_conv2d_6 (BinaryConv2D)  (None, 32, 32, 16)   2320        leaky_re_lu_5[0][0]              
__________________________________________________________________________________________________
batch_normalization_6 (BatchNor (None, 32, 32, 16)   64          binary_conv2d_6[0][0]            
__________________________________________________________________________________________________
leaky_re_lu_6 (LeakyReLU)       (None, 32, 32, 16)   0           batch_normalization_6[0][0]      
__________________________________________________________________________________________________
binary_conv2d_7 (BinaryConv2D)  (None, 32, 32, 16)   2320        leaky_re_lu_6[0][0]              
__________________________________________________________________________________________________
batch_normalization_7 (BatchNor (None, 32, 32, 16)   64          binary_conv2d_7[0][0]            
__________________________________________________________________________________________________
add_3 (Add)                     (None, 32, 32, 16)   0           leaky_re_lu_5[0][0]              
                                                                 batch_normalization_7[0][0]      
__________________________________________________________________________________________________
leaky_re_lu_7 (LeakyReLU)       (None, 32, 32, 16)   0           add_3[0][0]                      
__________________________________________________________________________________________________
binary_conv2d_8 (BinaryConv2D)  (None, 16, 16, 32)   4640        leaky_re_lu_7[0][0]              
__________________________________________________________________________________________________
batch_normalization_8 (BatchNor (None, 16, 16, 32)   128         binary_conv2d_8[0][0]            
__________________________________________________________________________________________________
leaky_re_lu_8 (LeakyReLU)       (None, 16, 16, 32)   0           batch_normalization_8[0][0]      
__________________________________________________________________________________________________
binary_conv2d_9 (BinaryConv2D)  (None, 16, 16, 32)   9248        leaky_re_lu_8[0][0]              
__________________________________________________________________________________________________
binary_conv2d_10 (BinaryConv2D) (None, 16, 16, 32)   544         leaky_re_lu_7[0][0]              
__________________________________________________________________________________________________
batch_normalization_9 (BatchNor (None, 16, 16, 32)   128         binary_conv2d_9[0][0]            
__________________________________________________________________________________________________
add_4 (Add)                     (None, 16, 16, 32)   0           binary_conv2d_10[0][0]           
                                                                 batch_normalization_9[0][0]      
__________________________________________________________________________________________________
leaky_re_lu_9 (LeakyReLU)       (None, 16, 16, 32)   0           add_4[0][0]                      
__________________________________________________________________________________________________
binary_conv2d_11 (BinaryConv2D) (None, 16, 16, 32)   9248        leaky_re_lu_9[0][0]              
__________________________________________________________________________________________________
batch_normalization_10 (BatchNo (None, 16, 16, 32)   128         binary_conv2d_11[0][0]           
__________________________________________________________________________________________________
leaky_re_lu_10 (LeakyReLU)      (None, 16, 16, 32)   0           batch_normalization_10[0][0]     
__________________________________________________________________________________________________
binary_conv2d_12 (BinaryConv2D) (None, 16, 16, 32)   9248        leaky_re_lu_10[0][0]             
__________________________________________________________________________________________________
batch_normalization_11 (BatchNo (None, 16, 16, 32)   128         binary_conv2d_12[0][0]           
__________________________________________________________________________________________________
add_5 (Add)                     (None, 16, 16, 32)   0           leaky_re_lu_9[0][0]              
                                                                 batch_normalization_11[0][0]     
__________________________________________________________________________________________________
leaky_re_lu_11 (LeakyReLU)      (None, 16, 16, 32)   0           add_5[0][0]                      
__________________________________________________________________________________________________
binary_conv2d_13 (BinaryConv2D) (None, 16, 16, 32)   9248        leaky_re_lu_11[0][0]             
__________________________________________________________________________________________________
batch_normalization_12 (BatchNo (None, 16, 16, 32)   128         binary_conv2d_13[0][0]           
__________________________________________________________________________________________________
leaky_re_lu_12 (LeakyReLU)      (None, 16, 16, 32)   0           batch_normalization_12[0][0]     
__________________________________________________________________________________________________
binary_conv2d_14 (BinaryConv2D) (None, 16, 16, 32)   9248        leaky_re_lu_12[0][0]             
__________________________________________________________________________________________________
batch_normalization_13 (BatchNo (None, 16, 16, 32)   128         binary_conv2d_14[0][0]           
__________________________________________________________________________________________________
add_6 (Add)                     (None, 16, 16, 32)   0           leaky_re_lu_11[0][0]             
                                                                 batch_normalization_13[0][0]     
__________________________________________________________________________________________________
leaky_re_lu_13 (LeakyReLU)      (None, 16, 16, 32)   0           add_6[0][0]                      
__________________________________________________________________________________________________
binary_conv2d_15 (BinaryConv2D) (None, 8, 8, 64)     18496       leaky_re_lu_13[0][0]             
__________________________________________________________________________________________________
batch_normalization_14 (BatchNo (None, 8, 8, 64)     256         binary_conv2d_15[0][0]           
__________________________________________________________________________________________________
leaky_re_lu_14 (LeakyReLU)      (None, 8, 8, 64)     0           batch_normalization_14[0][0]     
__________________________________________________________________________________________________
binary_conv2d_16 (BinaryConv2D) (None, 8, 8, 64)     36928       leaky_re_lu_14[0][0]             
__________________________________________________________________________________________________
binary_conv2d_17 (BinaryConv2D) (None, 8, 8, 64)     2112        leaky_re_lu_13[0][0]             
__________________________________________________________________________________________________
batch_normalization_15 (BatchNo (None, 8, 8, 64)     256         binary_conv2d_16[0][0]           
__________________________________________________________________________________________________
add_7 (Add)                     (None, 8, 8, 64)     0           binary_conv2d_17[0][0]           
                                                                 batch_normalization_15[0][0]     
__________________________________________________________________________________________________
leaky_re_lu_15 (LeakyReLU)      (None, 8, 8, 64)     0           add_7[0][0]                      
__________________________________________________________________________________________________
binary_conv2d_18 (BinaryConv2D) (None, 8, 8, 64)     36928       leaky_re_lu_15[0][0]             
__________________________________________________________________________________________________
batch_normalization_16 (BatchNo (None, 8, 8, 64)     256         binary_conv2d_18[0][0]           
__________________________________________________________________________________________________
leaky_re_lu_16 (LeakyReLU)      (None, 8, 8, 64)     0           batch_normalization_16[0][0]     
__________________________________________________________________________________________________
binary_conv2d_19 (BinaryConv2D) (None, 8, 8, 64)     36928       leaky_re_lu_16[0][0]             
__________________________________________________________________________________________________
batch_normalization_17 (BatchNo (None, 8, 8, 64)     256         binary_conv2d_19[0][0]           
__________________________________________________________________________________________________
add_8 (Add)                     (None, 8, 8, 64)     0           leaky_re_lu_15[0][0]             
                                                                 batch_normalization_17[0][0]     
__________________________________________________________________________________________________
leaky_re_lu_17 (LeakyReLU)      (None, 8, 8, 64)     0           add_8[0][0]                      
__________________________________________________________________________________________________
binary_conv2d_20 (BinaryConv2D) (None, 8, 8, 64)     36928       leaky_re_lu_17[0][0]             
__________________________________________________________________________________________________
batch_normalization_18 (BatchNo (None, 8, 8, 64)     256         binary_conv2d_20[0][0]           
__________________________________________________________________________________________________
leaky_re_lu_18 (LeakyReLU)      (None, 8, 8, 64)     0           batch_normalization_18[0][0]     
__________________________________________________________________________________________________
binary_conv2d_21 (BinaryConv2D) (None, 8, 8, 64)     36928       leaky_re_lu_18[0][0]             
__________________________________________________________________________________________________
batch_normalization_19 (BatchNo (None, 8, 8, 64)     256         binary_conv2d_21[0][0]           
__________________________________________________________________________________________________
add_9 (Add)                     (None, 8, 8, 64)     0           leaky_re_lu_17[0][0]             
                                                                 batch_normalization_19[0][0]     
__________________________________________________________________________________________________
leaky_re_lu_19 (LeakyReLU)      (None, 8, 8, 64)     0           add_9[0][0]                      
__________________________________________________________________________________________________
average_pooling2d_1 (AveragePoo (None, 1, 1, 64)     0           leaky_re_lu_19[0][0]             
__________________________________________________________________________________________________
flatten_1 (Flatten)             (None, 64)           0           average_pooling2d_1[0][0]        
__________________________________________________________________________________________________
binary_dense_2 (BinaryDense)    (None, 10)           650         flatten_1[0][0]                  
==================================================================================================
Total params: 274,442
Trainable params: 273,066
Non-trainable params: 1,376
__________________________________________________________________________________________________
loading data

Loading CIFAR-10 dataset...
(45000, 32, 32, 3)
setting up the network and creating callbacks

Learning rate:  0.001
compiling the network

No weights preloaded, training from scratch

(re)training the network

Train on 45000 samples, validate on 5000 samples
Learning rate:  0.001
Epoch 1/200

Epoch 00001: val_acc improved from -inf to 0.20160, saving model to ./weights/RESNET_CIFAR-10_bnn_8b_4b_3.hdf5
 - 24s - loss: 20.9067 - acc: 0.1974 - val_loss: 20.0052 - val_acc: 0.2016
Learning rate:  0.001
Epoch 2/200

Epoch 00002: val_acc improved from 0.20160 to 0.21540, saving model to ./weights/RESNET_CIFAR-10_bnn_8b_4b_3.hdf5
 - 20s - loss: 19.3749 - acc: 0.2293 - val_loss: 19.1076 - val_acc: 0.2154
Learning rate:  0.001
Epoch 3/200

Epoch 00003: val_acc did not improve
 - 19s - loss: 18.3508 - acc: 0.2428 - val_loss: 18.7773 - val_acc: 0.1900
Learning rate:  0.001
Epoch 4/200

Epoch 00004: val_acc improved from 0.21540 to 0.24500, saving model to ./weights/RESNET_CIFAR-10_bnn_8b_4b_3.hdf5
 - 20s - loss: 14.3220 - acc: 0.2670 - val_loss: 10.4759 - val_acc: 0.2450
Learning rate:  0.001
Epoch 5/200

Epoch 00005: val_acc improved from 0.24500 to 0.29440, saving model to ./weights/RESNET_CIFAR-10_bnn_8b_4b_3.hdf5
 - 20s - loss: 9.1561 - acc: 0.3373 - val_loss: 9.2198 - val_acc: 0.2944
Learning rate:  0.001
Epoch 6/200

Epoch 00006: val_acc did not improve
 - 20s - loss: 8.7585 - acc: 0.3770 - val_loss: 9.3285 - val_acc: 0.2838
Learning rate:  0.001
Epoch 7/200

Epoch 00007: val_acc improved from 0.29440 to 0.34200, saving model to ./weights/RESNET_CIFAR-10_bnn_8b_4b_3.hdf5
 - 20s - loss: 8.5770 - acc: 0.4044 - val_loss: 8.8845 - val_acc: 0.3420
Learning rate:  0.001
Epoch 8/200

Epoch 00008: val_acc improved from 0.34200 to 0.41520, saving model to ./weights/RESNET_CIFAR-10_bnn_8b_4b_3.hdf5
 - 20s - loss: 8.4310 - acc: 0.4228 - val_loss: 8.4965 - val_acc: 0.4152
Learning rate:  0.001
Epoch 9/200

Epoch 00009: val_acc improved from 0.41520 to 0.42200, saving model to ./weights/RESNET_CIFAR-10_bnn_8b_4b_3.hdf5
 - 20s - loss: 8.2909 - acc: 0.4484 - val_loss: 8.3335 - val_acc: 0.4220
Learning rate:  0.001
Epoch 10/200

Epoch 00010: val_acc did not improve
 - 20s - loss: 8.1895 - acc: 0.4598 - val_loss: 8.6996 - val_acc: 0.3512
Learning rate:  0.001
Epoch 11/200

Epoch 00011: val_acc did not improve
 - 20s - loss: 8.0826 - acc: 0.4723 - val_loss: 8.2637 - val_acc: 0.4006
Learning rate:  0.001
Epoch 12/200

Epoch 00012: val_acc improved from 0.42200 to 0.45820, saving model to ./weights/RESNET_CIFAR-10_bnn_8b_4b_3.hdf5
 - 20s - loss: 7.9814 - acc: 0.4855 - val_loss: 8.0373 - val_acc: 0.4582
Learning rate:  0.001
Epoch 13/200

Epoch 00013: val_acc did not improve
 - 20s - loss: 7.8889 - acc: 0.4926 - val_loss: 8.0249 - val_acc: 0.4442
Learning rate:  0.001
Epoch 14/200

Epoch 00014: val_acc did not improve
 - 20s - loss: 7.7853 - acc: 0.5012 - val_loss: 7.9623 - val_acc: 0.4476
Learning rate:  0.001
Epoch 15/200

Epoch 00015: val_acc did not improve
 - 20s - loss: 7.6793 - acc: 0.5125 - val_loss: 7.8878 - val_acc: 0.4458
Learning rate:  0.001
Epoch 16/200

Epoch 00016: val_acc improved from 0.45820 to 0.48420, saving model to ./weights/RESNET_CIFAR-10_bnn_8b_4b_3.hdf5
 - 20s - loss: 7.5950 - acc: 0.5198 - val_loss: 7.6838 - val_acc: 0.4842
Learning rate:  0.001
Epoch 17/200

Epoch 00017: val_acc did not improve
 - 20s - loss: 7.5118 - acc: 0.5222 - val_loss: 7.6643 - val_acc: 0.4618
Learning rate:  0.001
Epoch 18/200

Epoch 00018: val_acc did not improve
 - 20s - loss: 7.4147 - acc: 0.5327 - val_loss: 7.5747 - val_acc: 0.4646
Learning rate:  0.001
Epoch 19/200

Epoch 00019: val_acc did not improve
 - 20s - loss: 7.3269 - acc: 0.5358 - val_loss: 7.4783 - val_acc: 0.4726
Learning rate:  0.001
Epoch 20/200

Epoch 00020: val_acc did not improve
 - 20s - loss: 7.2262 - acc: 0.5515 - val_loss: 7.5094 - val_acc: 0.4526
Learning rate:  0.001
Epoch 21/200

Epoch 00021: val_acc improved from 0.48420 to 0.50140, saving model to ./weights/RESNET_CIFAR-10_bnn_8b_4b_3.hdf5
 - 20s - loss: 7.1265 - acc: 0.5609 - val_loss: 7.2826 - val_acc: 0.5014
Learning rate:  0.001
Epoch 22/200

Epoch 00022: val_acc improved from 0.50140 to 0.51200, saving model to ./weights/RESNET_CIFAR-10_bnn_8b_4b_3.hdf5
 - 20s - loss: 7.0385 - acc: 0.5663 - val_loss: 7.1784 - val_acc: 0.5120
Learning rate:  0.001
Epoch 23/200

Epoch 00023: val_acc improved from 0.51200 to 0.51920, saving model to ./weights/RESNET_CIFAR-10_bnn_8b_4b_3.hdf5
 - 20s - loss: 6.9519 - acc: 0.5763 - val_loss: 7.1041 - val_acc: 0.5192
Learning rate:  0.001
Epoch 24/200

Epoch 00024: val_acc did not improve
 - 20s - loss: 6.8777 - acc: 0.5800 - val_loss: 7.1208 - val_acc: 0.4968
Learning rate:  0.001
Epoch 25/200

Epoch 00025: val_acc did not improve
 - 20s - loss: 6.7802 - acc: 0.5878 - val_loss: 7.0477 - val_acc: 0.5042
Learning rate:  0.001
Epoch 26/200

Epoch 00026: val_acc improved from 0.51920 to 0.51980, saving model to ./weights/RESNET_CIFAR-10_bnn_8b_4b_3.hdf5
 - 20s - loss: 6.6989 - acc: 0.5970 - val_loss: 6.8883 - val_acc: 0.5198
Learning rate:  0.001
Epoch 27/200

Epoch 00027: val_acc did not improve
 - 20s - loss: 6.6358 - acc: 0.5964 - val_loss: 7.0279 - val_acc: 0.5016
Learning rate:  0.001
Epoch 28/200

Epoch 00028: val_acc improved from 0.51980 to 0.52600, saving model to ./weights/RESNET_CIFAR-10_bnn_8b_4b_3.hdf5
 - 21s - loss: 6.5573 - acc: 0.6034 - val_loss: 6.8282 - val_acc: 0.5260
Learning rate:  0.001
Epoch 29/200

Epoch 00029: val_acc improved from 0.52600 to 0.58900, saving model to ./weights/RESNET_CIFAR-10_bnn_8b_4b_3.hdf5
 - 20s - loss: 6.4833 - acc: 0.6100 - val_loss: 6.5034 - val_acc: 0.5890
Learning rate:  0.001
Epoch 30/200

Epoch 00030: val_acc did not improve
 - 20s - loss: 6.4035 - acc: 0.6172 - val_loss: 6.6387 - val_acc: 0.5322
Learning rate:  0.001
Epoch 31/200

Epoch 00031: val_acc did not improve
 - 20s - loss: 6.3327 - acc: 0.6222 - val_loss: 6.6838 - val_acc: 0.5172
Learning rate:  0.001
Epoch 32/200

Epoch 00032: val_acc did not improve
 - 20s - loss: 6.2643 - acc: 0.6274 - val_loss: 6.4386 - val_acc: 0.5598
Learning rate:  0.001
Epoch 33/200

Epoch 00033: val_acc did not improve
 - 20s - loss: 6.1846 - acc: 0.6365 - val_loss: 6.5007 - val_acc: 0.5420
Learning rate:  0.001
Epoch 34/200

Epoch 00034: val_acc did not improve
 - 20s - loss: 6.1139 - acc: 0.6403 - val_loss: 6.7187 - val_acc: 0.4548
Learning rate:  0.001
Epoch 35/200

Epoch 00035: val_acc improved from 0.58900 to 0.60620, saving model to ./weights/RESNET_CIFAR-10_bnn_8b_4b_3.hdf5
 - 20s - loss: 6.0478 - acc: 0.6453 - val_loss: 6.1514 - val_acc: 0.6062
Learning rate:  0.001
Epoch 36/200

Epoch 00036: val_acc did not improve
 - 20s - loss: 5.9853 - acc: 0.6488 - val_loss: 6.4089 - val_acc: 0.5132
Learning rate:  0.001
Epoch 37/200

Epoch 00037: val_acc did not improve
 - 20s - loss: 5.9219 - acc: 0.6563 - val_loss: 6.3874 - val_acc: 0.5196
Learning rate:  0.001
Epoch 38/200

Epoch 00038: val_acc did not improve
 - 20s - loss: 5.8395 - acc: 0.6658 - val_loss: 6.1673 - val_acc: 0.5484
Learning rate:  0.001
Epoch 39/200

Epoch 00039: val_acc did not improve
 - 20s - loss: 5.7851 - acc: 0.6682 - val_loss: 6.0197 - val_acc: 0.5858
Learning rate:  0.001
Epoch 40/200

Epoch 00040: val_acc did not improve
 - 20s - loss: 5.7192 - acc: 0.6744 - val_loss: 6.2394 - val_acc: 0.5176
Learning rate:  0.001
Epoch 41/200

Epoch 00041: val_acc improved from 0.60620 to 0.61080, saving model to ./weights/RESNET_CIFAR-10_bnn_8b_4b_3.hdf5
 - 20s - loss: 5.6494 - acc: 0.6809 - val_loss: 5.8723 - val_acc: 0.6108
Learning rate:  0.001
Epoch 42/200

Epoch 00042: val_acc did not improve
 - 20s - loss: 5.5963 - acc: 0.6813 - val_loss: 6.0880 - val_acc: 0.5324
Learning rate:  0.001
Epoch 43/200

Epoch 00043: val_acc did not improve
 - 20s - loss: 5.5417 - acc: 0.6843 - val_loss: 6.2465 - val_acc: 0.4522
Learning rate:  0.001
Epoch 44/200

Epoch 00044: val_acc improved from 0.61080 to 0.63000, saving model to ./weights/RESNET_CIFAR-10_bnn_8b_4b_3.hdf5
 - 20s - loss: 5.4881 - acc: 0.6884 - val_loss: 5.6583 - val_acc: 0.6300
Learning rate:  0.001
Epoch 45/200

Epoch 00045: val_acc did not improve
 - 20s - loss: 5.4258 - acc: 0.6961 - val_loss: 5.7270 - val_acc: 0.5906
Learning rate:  0.001
Epoch 46/200

Epoch 00046: val_acc improved from 0.63000 to 0.64080, saving model to ./weights/RESNET_CIFAR-10_bnn_8b_4b_3.hdf5
 - 20s - loss: 5.3665 - acc: 0.7028 - val_loss: 5.5367 - val_acc: 0.6408
Learning rate:  0.001
Epoch 47/200

Epoch 00047: val_acc did not improve
 - 20s - loss: 5.3050 - acc: 0.7102 - val_loss: 5.5139 - val_acc: 0.6286
Learning rate:  0.001
Epoch 48/200

Epoch 00048: val_acc did not improve
 - 20s - loss: 5.2571 - acc: 0.7070 - val_loss: 5.5705 - val_acc: 0.6012
Learning rate:  0.001
Epoch 49/200

Epoch 00049: val_acc did not improve
 - 20s - loss: 5.2005 - acc: 0.7136 - val_loss: 5.6825 - val_acc: 0.5846
Learning rate:  0.001
Epoch 50/200

Epoch 00050: val_acc did not improve
 - 20s - loss: 5.1447 - acc: 0.7190 - val_loss: 5.4098 - val_acc: 0.6268
Learning rate:  0.001
Epoch 51/200

Epoch 00051: val_acc improved from 0.64080 to 0.64300, saving model to ./weights/RESNET_CIFAR-10_bnn_8b_4b_3.hdf5
 - 20s - loss: 5.0964 - acc: 0.7205 - val_loss: 5.3604 - val_acc: 0.6430
Learning rate:  0.001
Epoch 52/200

Epoch 00052: val_acc did not improve
 - 20s - loss: 5.0564 - acc: 0.7247 - val_loss: 5.3603 - val_acc: 0.6396
Learning rate:  0.001
Epoch 53/200

Epoch 00053: val_acc improved from 0.64300 to 0.66240, saving model to ./weights/RESNET_CIFAR-10_bnn_8b_4b_3.hdf5
 - 20s - loss: 5.0041 - acc: 0.7295 - val_loss: 5.2020 - val_acc: 0.6624
Learning rate:  0.001
Epoch 54/200

Epoch 00054: val_acc improved from 0.66240 to 0.67340, saving model to ./weights/RESNET_CIFAR-10_bnn_8b_4b_3.hdf5
 - 20s - loss: 4.9580 - acc: 0.7323 - val_loss: 5.1344 - val_acc: 0.6734
Learning rate:  0.001
Epoch 55/200

Epoch 00055: val_acc did not improve
 - 20s - loss: 4.9085 - acc: 0.7355 - val_loss: 5.1973 - val_acc: 0.6446
Learning rate:  0.001
Epoch 56/200

Epoch 00056: val_acc did not improve
 - 20s - loss: 4.8709 - acc: 0.7355 - val_loss: 5.1227 - val_acc: 0.6560
Learning rate:  0.001
Epoch 57/200

Epoch 00057: val_acc improved from 0.67340 to 0.68480, saving model to ./weights/RESNET_CIFAR-10_bnn_8b_4b_3.hdf5
 - 20s - loss: 4.8310 - acc: 0.7374 - val_loss: 4.9707 - val_acc: 0.6848
Learning rate:  0.001
Epoch 58/200

Epoch 00058: val_acc did not improve
 - 20s - loss: 4.7818 - acc: 0.7411 - val_loss: 5.0839 - val_acc: 0.6598
Learning rate:  0.001
Epoch 59/200

Epoch 00059: val_acc did not improve
 - 20s - loss: 4.7477 - acc: 0.7431 - val_loss: 5.1481 - val_acc: 0.6288
Learning rate:  0.001
Epoch 60/200

Epoch 00060: val_acc did not improve
 - 20s - loss: 4.6963 - acc: 0.7483 - val_loss: 5.0592 - val_acc: 0.6446
Learning rate:  0.001
Epoch 61/200

Epoch 00061: val_acc did not improve
 - 20s - loss: 4.6499 - acc: 0.7519 - val_loss: 5.0235 - val_acc: 0.6338
Learning rate:  0.001
Epoch 62/200

Epoch 00062: val_acc did not improve
 - 20s - loss: 4.6198 - acc: 0.7518 - val_loss: 4.8639 - val_acc: 0.6808
Learning rate:  0.001
Epoch 63/200

Epoch 00063: val_acc did not improve
 - 20s - loss: 4.5722 - acc: 0.7570 - val_loss: 4.8868 - val_acc: 0.6634
Learning rate:  0.001
Epoch 64/200

Epoch 00064: val_acc did not improve
 - 20s - loss: 4.5341 - acc: 0.7608 - val_loss: 5.1091 - val_acc: 0.5990
Learning rate:  0.001
Epoch 65/200

Epoch 00065: val_acc did not improve
 - 20s - loss: 4.4985 - acc: 0.7642 - val_loss: 4.8749 - val_acc: 0.6584
Learning rate:  0.001
Epoch 66/200

Epoch 00066: val_acc did not improve
 - 20s - loss: 4.4578 - acc: 0.7665 - val_loss: 4.7619 - val_acc: 0.6766
Learning rate:  0.001
Epoch 67/200

Epoch 00067: val_acc did not improve
 - 20s - loss: 4.4235 - acc: 0.7659 - val_loss: 4.9485 - val_acc: 0.6108
Learning rate:  0.001
Epoch 68/200

Epoch 00068: val_acc did not improve
 - 20s - loss: 4.3893 - acc: 0.7698 - val_loss: 5.0214 - val_acc: 0.6050
Learning rate:  0.001
Epoch 69/200

Epoch 00069: val_acc did not improve
 - 20s - loss: 4.3550 - acc: 0.7709 - val_loss: 4.7868 - val_acc: 0.6402
Learning rate:  0.001
Epoch 70/200

Epoch 00070: val_acc did not improve
 - 20s - loss: 4.3208 - acc: 0.7747 - val_loss: 4.5932 - val_acc: 0.6848
Learning rate:  0.001
Epoch 71/200

Epoch 00071: val_acc improved from 0.68480 to 0.68840, saving model to ./weights/RESNET_CIFAR-10_bnn_8b_4b_3.hdf5
 - 20s - loss: 4.2816 - acc: 0.7798 - val_loss: 4.5612 - val_acc: 0.6884
Learning rate:  0.001
Epoch 72/200

Epoch 00072: val_acc improved from 0.68840 to 0.71120, saving model to ./weights/RESNET_CIFAR-10_bnn_8b_4b_3.hdf5
 - 20s - loss: 4.2547 - acc: 0.7775 - val_loss: 4.4924 - val_acc: 0.7112
Learning rate:  0.001
Epoch 73/200

Epoch 00073: val_acc did not improve
 - 20s - loss: 4.2168 - acc: 0.7799 - val_loss: 4.5264 - val_acc: 0.7014
Learning rate:  0.001
Epoch 74/200

Epoch 00074: val_acc improved from 0.71120 to 0.72080, saving model to ./weights/RESNET_CIFAR-10_bnn_8b_4b_3.hdf5
 - 20s - loss: 4.1879 - acc: 0.7827 - val_loss: 4.3860 - val_acc: 0.7208
Learning rate:  0.001
Epoch 75/200

Epoch 00075: val_acc did not improve
 - 20s - loss: 4.1519 - acc: 0.7875 - val_loss: 4.4106 - val_acc: 0.7090
Learning rate:  0.001
Epoch 76/200

Epoch 00076: val_acc did not improve
 - 20s - loss: 4.1189 - acc: 0.7885 - val_loss: 4.3981 - val_acc: 0.7048
Learning rate:  0.001
Epoch 77/200

Epoch 00077: val_acc did not improve
 - 20s - loss: 4.0906 - acc: 0.7896 - val_loss: 4.3519 - val_acc: 0.7094
Learning rate:  0.001
Epoch 78/200

Epoch 00078: val_acc did not improve
 - 20s - loss: 4.0669 - acc: 0.7878 - val_loss: 4.2855 - val_acc: 0.7198
Learning rate:  0.001
Epoch 79/200

Epoch 00079: val_acc did not improve
 - 20s - loss: 4.0303 - acc: 0.7924 - val_loss: 4.7025 - val_acc: 0.6010
Learning rate:  0.001
Epoch 80/200

Epoch 00080: val_acc did not improve
 - 20s - loss: 4.0050 - acc: 0.7950 - val_loss: 4.3694 - val_acc: 0.6870
Learning rate:  0.001
Epoch 81/200

Epoch 00081: val_acc did not improve
 - 20s - loss: 3.9782 - acc: 0.7944 - val_loss: 4.2324 - val_acc: 0.7136
Learning rate:  0.0001
Epoch 82/200

Epoch 00082: val_acc improved from 0.72080 to 0.74420, saving model to ./weights/RESNET_CIFAR-10_bnn_8b_4b_3.hdf5
 - 20s - loss: 3.8348 - acc: 0.8451 - val_loss: 4.1496 - val_acc: 0.7442
Learning rate:  0.0001
Epoch 83/200

Epoch 00083: val_acc improved from 0.74420 to 0.75900, saving model to ./weights/RESNET_CIFAR-10_bnn_8b_4b_3.hdf5
 - 20s - loss: 3.8068 - acc: 0.8539 - val_loss: 4.0986 - val_acc: 0.7590
Learning rate:  0.0001
Epoch 84/200

Epoch 00084: val_acc did not improve
 - 20s - loss: 3.8041 - acc: 0.8518 - val_loss: 4.2031 - val_acc: 0.7314
Learning rate:  0.0001
Epoch 85/200

Epoch 00085: val_acc did not improve
 - 20s - loss: 3.7985 - acc: 0.8516 - val_loss: 4.1209 - val_acc: 0.7560
Learning rate:  0.0001
Epoch 86/200

Epoch 00086: val_acc did not improve
 - 20s - loss: 3.7927 - acc: 0.8518 - val_loss: 4.0871 - val_acc: 0.7590
Learning rate:  0.0001
Epoch 87/200

Epoch 00087: val_acc did not improve
 - 20s - loss: 3.7884 - acc: 0.8533 - val_loss: 4.1183 - val_acc: 0.7502
Learning rate:  0.0001
Epoch 88/200

Epoch 00088: val_acc did not improve
 - 20s - loss: 3.7846 - acc: 0.8520 - val_loss: 4.2937 - val_acc: 0.6914
Learning rate:  0.0001
Epoch 89/200

Epoch 00089: val_acc improved from 0.75900 to 0.76540, saving model to ./weights/RESNET_CIFAR-10_bnn_8b_4b_3.hdf5
 - 20s - loss: 3.7774 - acc: 0.8524 - val_loss: 4.0520 - val_acc: 0.7654
Learning rate:  0.0001
Epoch 90/200

Epoch 00090: val_acc did not improve
 - 20s - loss: 3.7771 - acc: 0.8502 - val_loss: 4.1059 - val_acc: 0.7474
Learning rate:  0.0001
Epoch 91/200

Epoch 00091: val_acc did not improve
 - 20s - loss: 3.7740 - acc: 0.8483 - val_loss: 4.1745 - val_acc: 0.7300
Learning rate:  0.0001
Epoch 92/200

Epoch 00092: val_acc did not improve
 - 20s - loss: 3.7716 - acc: 0.8488 - val_loss: 4.1066 - val_acc: 0.7434
Learning rate:  0.0001
Epoch 93/200

Epoch 00093: val_acc did not improve
 - 20s - loss: 3.7674 - acc: 0.8505 - val_loss: 4.1544 - val_acc: 0.7332
Learning rate:  0.0001
Epoch 94/200

Epoch 00094: val_acc did not improve
 - 20s - loss: 3.7610 - acc: 0.8511 - val_loss: 4.2022 - val_acc: 0.7216
Learning rate:  0.0001
Epoch 95/200

Epoch 00095: val_acc did not improve
 - 20s - loss: 3.7572 - acc: 0.8500 - val_loss: 4.1659 - val_acc: 0.7294
Learning rate:  0.0001
Epoch 96/200

Epoch 00096: val_acc did not improve
 - 20s - loss: 3.7577 - acc: 0.8486 - val_loss: 4.1802 - val_acc: 0.7184
Learning rate:  0.0001
Epoch 97/200

Epoch 00097: val_acc did not improve
 - 20s - loss: 3.7562 - acc: 0.8503 - val_loss: 4.1457 - val_acc: 0.7382
Learning rate:  0.0001
Epoch 98/200

Epoch 00098: val_acc did not improve
 - 20s - loss: 3.7517 - acc: 0.8475 - val_loss: 4.0954 - val_acc: 0.7374
Learning rate:  0.0001
Epoch 99/200

Epoch 00099: val_acc did not improve
 - 20s - loss: 3.7441 - acc: 0.8502 - val_loss: 4.2038 - val_acc: 0.7204
Learning rate:  0.0001
Epoch 100/200

Epoch 00100: val_acc did not improve
 - 20s - loss: 3.7398 - acc: 0.8496 - val_loss: 4.0562 - val_acc: 0.7580
Learning rate:  0.0001
Epoch 101/200

Epoch 00101: val_acc did not improve
 - 20s - loss: 3.7402 - acc: 0.8496 - val_loss: 4.2235 - val_acc: 0.7120
Learning rate:  0.0001
Epoch 102/200

Epoch 00102: val_acc did not improve
 - 20s - loss: 3.7374 - acc: 0.8474 - val_loss: 4.0985 - val_acc: 0.7342
Learning rate:  0.0001
Epoch 103/200

Epoch 00103: val_acc did not improve
 - 20s - loss: 3.7344 - acc: 0.8468 - val_loss: 4.1512 - val_acc: 0.7332
Learning rate:  0.0001
Epoch 104/200

Epoch 00104: val_acc did not improve
 - 20s - loss: 3.7277 - acc: 0.8501 - val_loss: 4.0985 - val_acc: 0.7360
Learning rate:  0.0001
Epoch 105/200

Epoch 00105: val_acc did not improve
 - 20s - loss: 3.7255 - acc: 0.8487 - val_loss: 4.1619 - val_acc: 0.7114
Learning rate:  0.0001
Epoch 106/200

Epoch 00106: val_acc did not improve
 - 20s - loss: 3.7215 - acc: 0.8498 - val_loss: 4.1575 - val_acc: 0.7120
Learning rate:  0.0001
Epoch 107/200

Epoch 00107: val_acc did not improve
 - 20s - loss: 3.7184 - acc: 0.8494 - val_loss: 4.0370 - val_acc: 0.7540
Learning rate:  0.0001
Epoch 108/200

Epoch 00108: val_acc did not improve
 - 20s - loss: 3.7144 - acc: 0.8503 - val_loss: 4.2759 - val_acc: 0.6888
Learning rate:  0.0001
Epoch 109/200

Epoch 00109: val_acc did not improve
 - 20s - loss: 3.7164 - acc: 0.8482 - val_loss: 4.1222 - val_acc: 0.7272
Learning rate:  0.0001
Epoch 110/200

Epoch 00110: val_acc did not improve
 - 20s - loss: 3.7104 - acc: 0.8500 - val_loss: 4.0572 - val_acc: 0.7484
Learning rate:  0.0001
Epoch 111/200

Epoch 00111: val_acc did not improve
 - 20s - loss: 3.7020 - acc: 0.8515 - val_loss: 4.1823 - val_acc: 0.7130
Learning rate:  0.0001
Epoch 112/200

Epoch 00112: val_acc did not improve
 - 20s - loss: 3.7045 - acc: 0.8504 - val_loss: 4.0173 - val_acc: 0.7562
Learning rate:  0.0001
Epoch 113/200

Epoch 00113: val_acc did not improve
 - 20s - loss: 3.7001 - acc: 0.8483 - val_loss: 4.0568 - val_acc: 0.7386
Learning rate:  0.0001
Epoch 114/200

Epoch 00114: val_acc did not improve
 - 20s - loss: 3.6992 - acc: 0.8468 - val_loss: 4.1421 - val_acc: 0.7286
Learning rate:  0.0001
Epoch 115/200

Epoch 00115: val_acc did not improve
 - 20s - loss: 3.6935 - acc: 0.8508 - val_loss: 4.0749 - val_acc: 0.7388
Learning rate:  0.0001
Epoch 116/200

Epoch 00116: val_acc did not improve
 - 20s - loss: 3.6858 - acc: 0.8515 - val_loss: 4.1451 - val_acc: 0.7174
Learning rate:  0.0001
Epoch 117/200

Epoch 00117: val_acc did not improve
 - 20s - loss: 3.6908 - acc: 0.8470 - val_loss: 4.0671 - val_acc: 0.7434
Learning rate:  0.0001
Epoch 118/200

Epoch 00118: val_acc did not improve
 - 20s - loss: 3.6866 - acc: 0.8485 - val_loss: 4.0760 - val_acc: 0.7424
Learning rate:  0.0001
Epoch 119/200

Epoch 00119: val_acc did not improve
 - 20s - loss: 3.6827 - acc: 0.8485 - val_loss: 4.2340 - val_acc: 0.6754
Learning rate:  0.0001
Epoch 120/200

Epoch 00120: val_acc did not improve
 - 20s - loss: 3.6827 - acc: 0.8468 - val_loss: 4.0541 - val_acc: 0.7482
Learning rate:  0.0001
Epoch 121/200

Epoch 00121: val_acc did not improve
 - 20s - loss: 3.6779 - acc: 0.8489 - val_loss: 4.0981 - val_acc: 0.7320
Learning rate:  1e-05
Epoch 122/200

Epoch 00122: val_acc improved from 0.76540 to 0.78120, saving model to ./weights/RESNET_CIFAR-10_bnn_8b_4b_3.hdf5
 - 20s - loss: 3.5930 - acc: 0.8828 - val_loss: 3.9068 - val_acc: 0.7812
Learning rate:  1e-05
Epoch 123/200

Epoch 00123: val_acc did not improve
 - 20s - loss: 3.5861 - acc: 0.8858 - val_loss: 3.9777 - val_acc: 0.7662
Learning rate:  1e-05
Epoch 124/200

Epoch 00124: val_acc did not improve
 - 20s - loss: 3.5884 - acc: 0.8847 - val_loss: 4.0406 - val_acc: 0.7412
Learning rate:  1e-05
Epoch 125/200

Epoch 00125: val_acc did not improve
 - 20s - loss: 3.5920 - acc: 0.8819 - val_loss: 4.0388 - val_acc: 0.7462
Learning rate:  1e-05
Epoch 126/200

Epoch 00126: val_acc did not improve
 - 20s - loss: 3.5987 - acc: 0.8760 - val_loss: 4.0230 - val_acc: 0.7624
Learning rate:  1e-05
Epoch 127/200

Epoch 00127: val_acc did not improve
 - 20s - loss: 3.5986 - acc: 0.8782 - val_loss: 3.9468 - val_acc: 0.7690
Learning rate:  1e-05
Epoch 128/200

Epoch 00128: val_acc did not improve
 - 20s - loss: 3.5989 - acc: 0.8767 - val_loss: 3.9880 - val_acc: 0.7590
Learning rate:  1e-05
Epoch 129/200

Epoch 00129: val_acc did not improve
 - 20s - loss: 3.6010 - acc: 0.8757 - val_loss: 4.0069 - val_acc: 0.7506
Learning rate:  1e-05
Epoch 130/200

Epoch 00130: val_acc did not improve
 - 20s - loss: 3.6025 - acc: 0.8769 - val_loss: 4.1175 - val_acc: 0.7340
Learning rate:  1e-05
Epoch 131/200

Epoch 00131: val_acc did not improve
 - 20s - loss: 3.6071 - acc: 0.8738 - val_loss: 4.1152 - val_acc: 0.7232
Learning rate:  1e-05
Epoch 132/200

Epoch 00132: val_acc did not improve
 - 20s - loss: 3.6081 - acc: 0.8743 - val_loss: 4.0195 - val_acc: 0.7514
Learning rate:  1e-05
Epoch 133/200

Epoch 00133: val_acc did not improve
 - 20s - loss: 3.6107 - acc: 0.8729 - val_loss: 4.0035 - val_acc: 0.7424
Learning rate:  1e-05
Epoch 134/200

Epoch 00134: val_acc did not improve
 - 20s - loss: 3.6083 - acc: 0.8733 - val_loss: 4.0463 - val_acc: 0.7450
Learning rate:  1e-05
Epoch 135/200

Epoch 00135: val_acc did not improve
 - 20s - loss: 3.6094 - acc: 0.8722 - val_loss: 4.0664 - val_acc: 0.7368
Learning rate:  1e-05
Epoch 136/200

Epoch 00136: val_acc did not improve
 - 20s - loss: 3.6129 - acc: 0.8727 - val_loss: 3.9944 - val_acc: 0.7606
Learning rate:  1e-05
Epoch 137/200

Epoch 00137: val_acc did not improve
 - 20s - loss: 3.6129 - acc: 0.8706 - val_loss: 4.0380 - val_acc: 0.7450
Learning rate:  1e-05
Epoch 138/200

Epoch 00138: val_acc did not improve
 - 20s - loss: 3.6174 - acc: 0.8671 - val_loss: 4.0840 - val_acc: 0.7316
Learning rate:  1e-05
Epoch 139/200

Epoch 00139: val_acc did not improve
 - 20s - loss: 3.6101 - acc: 0.8716 - val_loss: 4.0717 - val_acc: 0.7414
Learning rate:  1e-05
Epoch 140/200

Epoch 00140: val_acc did not improve
 - 20s - loss: 3.6112 - acc: 0.8714 - val_loss: 4.0257 - val_acc: 0.7460
Learning rate:  1e-05
Epoch 141/200

Epoch 00141: val_acc did not improve
 - 20s - loss: 3.6126 - acc: 0.8704 - val_loss: 4.0519 - val_acc: 0.7404
Learning rate:  1e-05
Epoch 142/200

Epoch 00142: val_acc did not improve
 - 20s - loss: 3.6112 - acc: 0.8699 - val_loss: 4.0461 - val_acc: 0.7392
Learning rate:  1e-05
Epoch 143/200

Epoch 00143: val_acc did not improve
 - 20s - loss: 3.6100 - acc: 0.8718 - val_loss: 3.9884 - val_acc: 0.7600
Learning rate:  1e-05
Epoch 144/200

Epoch 00144: val_acc did not improve
 - 20s - loss: 3.6115 - acc: 0.8695 - val_loss: 4.0601 - val_acc: 0.7418
Learning rate:  1e-05
Epoch 145/200

Epoch 00145: val_acc did not improve
 - 20s - loss: 3.6122 - acc: 0.8692 - val_loss: 4.0008 - val_acc: 0.7536
Learning rate:  1e-05
Epoch 146/200

Epoch 00146: val_acc did not improve
 - 20s - loss: 3.6128 - acc: 0.8694 - val_loss: 4.0261 - val_acc: 0.7444
Learning rate:  1e-05
Epoch 147/200

Epoch 00147: val_acc did not improve
 - 20s - loss: 3.6121 - acc: 0.8688 - val_loss: 3.9756 - val_acc: 0.7622
Learning rate:  1e-05
Epoch 148/200

Epoch 00148: val_acc did not improve
 - 20s - loss: 3.6173 - acc: 0.8663 - val_loss: 4.0180 - val_acc: 0.7526
Learning rate:  1e-05
Epoch 149/200

Epoch 00149: val_acc did not improve
 - 20s - loss: 3.6176 - acc: 0.8697 - val_loss: 4.0142 - val_acc: 0.7594
Learning rate:  1e-05
Epoch 150/200

Epoch 00150: val_acc did not improve
 - 20s - loss: 3.6123 - acc: 0.8689 - val_loss: 4.1632 - val_acc: 0.7186
Learning rate:  1e-05
Epoch 151/200

Epoch 00151: val_acc did not improve
 - 20s - loss: 3.6130 - acc: 0.8667 - val_loss: 4.0820 - val_acc: 0.7268
Learning rate:  1e-05
Epoch 152/200

Epoch 00152: val_acc did not improve
 - 20s - loss: 3.6149 - acc: 0.8691 - val_loss: 4.1800 - val_acc: 0.7126
Learning rate:  1e-05
Epoch 153/200

Epoch 00153: val_acc did not improve
 - 20s - loss: 3.6162 - acc: 0.8671 - val_loss: 4.1885 - val_acc: 0.7048
Learning rate:  1e-05
Epoch 154/200

Epoch 00154: val_acc did not improve
 - 20s - loss: 3.6140 - acc: 0.8684 - val_loss: 4.0673 - val_acc: 0.7330
Learning rate:  1e-05
Epoch 155/200

Epoch 00155: val_acc did not improve
 - 20s - loss: 3.6157 - acc: 0.8674 - val_loss: 3.9785 - val_acc: 0.7592
Learning rate:  1e-05
Epoch 156/200

Epoch 00156: val_acc did not improve
 - 20s - loss: 3.6169 - acc: 0.8666 - val_loss: 4.0025 - val_acc: 0.7576
Learning rate:  1e-05
Epoch 157/200

Epoch 00157: val_acc did not improve
 - 20s - loss: 3.6144 - acc: 0.8664 - val_loss: 4.0577 - val_acc: 0.7392
Learning rate:  1e-05
Epoch 158/200

Epoch 00158: val_acc did not improve
 - 20s - loss: 3.6113 - acc: 0.8692 - val_loss: 4.0595 - val_acc: 0.7376
Learning rate:  1e-05
Epoch 159/200

Epoch 00159: val_acc did not improve
 - 20s - loss: 3.6158 - acc: 0.8668 - val_loss: 4.0779 - val_acc: 0.7338
Learning rate:  1e-05
Epoch 160/200

Epoch 00160: val_acc did not improve
 - 20s - loss: 3.6151 - acc: 0.8662 - val_loss: 3.9797 - val_acc: 0.7668
Learning rate:  1e-05
Epoch 161/200

Epoch 00161: val_acc did not improve
 - 20s - loss: 3.6197 - acc: 0.8635 - val_loss: 4.0620 - val_acc: 0.7228
Learning rate:  1e-06
Epoch 162/200

Epoch 00162: val_acc did not improve
 - 20s - loss: 3.5565 - acc: 0.8900 - val_loss: 3.9383 - val_acc: 0.7702
Learning rate:  1e-06
Epoch 163/200

Epoch 00163: val_acc did not improve
 - 20s - loss: 3.5542 - acc: 0.8914 - val_loss: 4.0204 - val_acc: 0.7410
Learning rate:  1e-06
Epoch 164/200

Epoch 00164: val_acc did not improve
 - 20s - loss: 3.5601 - acc: 0.8886 - val_loss: 3.9748 - val_acc: 0.7700
Learning rate:  1e-06
Epoch 165/200

Epoch 00165: val_acc did not improve
 - 20s - loss: 3.5648 - acc: 0.8863 - val_loss: 4.0484 - val_acc: 0.7512
Learning rate:  1e-06
Epoch 166/200

Epoch 00166: val_acc did not improve
 - 20s - loss: 3.5684 - acc: 0.8860 - val_loss: 4.0038 - val_acc: 0.7508
Learning rate:  1e-06
Epoch 167/200

Epoch 00167: val_acc did not improve
 - 20s - loss: 3.5744 - acc: 0.8832 - val_loss: 3.9606 - val_acc: 0.7630
Learning rate:  1e-06
Epoch 168/200

Epoch 00168: val_acc did not improve
 - 20s - loss: 3.5742 - acc: 0.8838 - val_loss: 3.9437 - val_acc: 0.7634
Learning rate:  1e-06
Epoch 169/200

Epoch 00169: val_acc did not improve
 - 20s - loss: 3.5765 - acc: 0.8820 - val_loss: 4.0089 - val_acc: 0.7526
Learning rate:  1e-06
Epoch 170/200

Epoch 00170: val_acc did not improve
 - 20s - loss: 3.5789 - acc: 0.8807 - val_loss: 4.0550 - val_acc: 0.7500
Learning rate:  1e-06
Epoch 171/200

Epoch 00171: val_acc did not improve
 - 20s - loss: 3.5775 - acc: 0.8805 - val_loss: 3.9844 - val_acc: 0.7520
Learning rate:  1e-06
Epoch 172/200

Epoch 00172: val_acc did not improve
 - 20s - loss: 3.5788 - acc: 0.8801 - val_loss: 4.0351 - val_acc: 0.7434
Learning rate:  1e-06
Epoch 173/200

Epoch 00173: val_acc did not improve
 - 20s - loss: 3.5808 - acc: 0.8792 - val_loss: 4.0999 - val_acc: 0.7374
Learning rate:  1e-06
Epoch 174/200

Epoch 00174: val_acc did not improve
 - 20s - loss: 3.5836 - acc: 0.8793 - val_loss: 4.1276 - val_acc: 0.7188
Learning rate:  1e-06
Epoch 175/200

Epoch 00175: val_acc did not improve
 - 20s - loss: 3.5854 - acc: 0.8772 - val_loss: 4.0167 - val_acc: 0.7480
Learning rate:  1e-06
Epoch 176/200

Epoch 00176: val_acc did not improve
 - 20s - loss: 3.5840 - acc: 0.8773 - val_loss: 3.9677 - val_acc: 0.7574
Learning rate:  1e-06
Epoch 177/200

Epoch 00177: val_acc did not improve
 - 20s - loss: 3.5867 - acc: 0.8779 - val_loss: 3.9549 - val_acc: 0.7674
Learning rate:  1e-06
Epoch 178/200

Epoch 00178: val_acc did not improve
 - 20s - loss: 3.5874 - acc: 0.8777 - val_loss: 4.1168 - val_acc: 0.7374
Learning rate:  1e-06
Epoch 179/200

Epoch 00179: val_acc did not improve
 - 20s - loss: 3.5873 - acc: 0.8772 - val_loss: 3.9706 - val_acc: 0.7528
Learning rate:  1e-06
Epoch 180/200

Epoch 00180: val_acc did not improve
 - 20s - loss: 3.5849 - acc: 0.8786 - val_loss: 4.0706 - val_acc: 0.7360
Learning rate:  1e-06
Epoch 181/200

Epoch 00181: val_acc did not improve
 - 20s - loss: 3.5893 - acc: 0.8775 - val_loss: 3.9752 - val_acc: 0.7544
Learning rate:  5e-07
Epoch 182/200

Epoch 00182: val_acc did not improve
 - 20s - loss: 3.5716 - acc: 0.8828 - val_loss: 3.9707 - val_acc: 0.7608
Learning rate:  5e-07
Epoch 183/200

Epoch 00183: val_acc did not improve
 - 20s - loss: 3.5773 - acc: 0.8824 - val_loss: 4.0602 - val_acc: 0.7380
Learning rate:  5e-07
Epoch 184/200

Epoch 00184: val_acc did not improve
 - 20s - loss: 3.5788 - acc: 0.8801 - val_loss: 4.0159 - val_acc: 0.7478
Learning rate:  5e-07
Epoch 185/200

Epoch 00185: val_acc did not improve
 - 20s - loss: 3.5797 - acc: 0.8811 - val_loss: 4.0287 - val_acc: 0.7502
Learning rate:  5e-07
Epoch 186/200

Epoch 00186: val_acc did not improve
 - 20s - loss: 3.5850 - acc: 0.8767 - val_loss: 4.0074 - val_acc: 0.7428
Learning rate:  5e-07
Epoch 187/200

Epoch 00187: val_acc did not improve
 - 20s - loss: 3.5879 - acc: 0.8779 - val_loss: 3.9980 - val_acc: 0.7672
Learning rate:  5e-07
Epoch 188/200

Epoch 00188: val_acc did not improve
 - 20s - loss: 3.5850 - acc: 0.8770 - val_loss: 4.0202 - val_acc: 0.7526
Learning rate:  5e-07
Epoch 189/200

Epoch 00189: val_acc did not improve
 - 20s - loss: 3.5866 - acc: 0.8781 - val_loss: 4.0582 - val_acc: 0.7434
Learning rate:  5e-07
Epoch 190/200

Epoch 00190: val_acc did not improve
 - 20s - loss: 3.5889 - acc: 0.8767 - val_loss: 4.0470 - val_acc: 0.7462
Learning rate:  5e-07
Epoch 191/200

Epoch 00191: val_acc did not improve
 - 20s - loss: 3.5877 - acc: 0.8764 - val_loss: 4.0511 - val_acc: 0.7502
Learning rate:  5e-07
Epoch 192/200

Epoch 00192: val_acc did not improve
 - 20s - loss: 3.5912 - acc: 0.8750 - val_loss: 4.0833 - val_acc: 0.7344
Learning rate:  5e-07
Epoch 193/200

Epoch 00193: val_acc did not improve
 - 20s - loss: 3.5856 - acc: 0.8779 - val_loss: 4.0017 - val_acc: 0.7602
Learning rate:  5e-07
Epoch 194/200

Epoch 00194: val_acc did not improve
 - 20s - loss: 3.5893 - acc: 0.8756 - val_loss: 4.1601 - val_acc: 0.7230
Learning rate:  5e-07
Epoch 195/200

Epoch 00195: val_acc did not improve
 - 20s - loss: 3.5869 - acc: 0.8772 - val_loss: 4.0078 - val_acc: 0.7454
Learning rate:  5e-07
Epoch 196/200

Epoch 00196: val_acc did not improve
 - 20s - loss: 3.5912 - acc: 0.8751 - val_loss: 3.9808 - val_acc: 0.7610
Learning rate:  5e-07
Epoch 197/200

Epoch 00197: val_acc did not improve
 - 20s - loss: 3.5911 - acc: 0.8762 - val_loss: 4.0969 - val_acc: 0.7448
Learning rate:  5e-07
Epoch 198/200

Epoch 00198: val_acc did not improve
 - 20s - loss: 3.5908 - acc: 0.8758 - val_loss: 4.0980 - val_acc: 0.7192
Learning rate:  5e-07
Epoch 199/200

Epoch 00199: val_acc did not improve
 - 20s - loss: 3.5936 - acc: 0.8751 - val_loss: 4.0256 - val_acc: 0.7484
Learning rate:  5e-07
Epoch 200/200

Epoch 00200: val_acc did not improve
 - 20s - loss: 3.5906 - acc: 0.8754 - val_loss: 4.1588 - val_acc: 0.7108
Done

