Construct the Network

__________________________________________________________________________________________________
Layer (type)                    Output Shape         Param #     Connected to                     
==================================================================================================
input_2 (InputLayer)            (None, 32, 32, 3)    0                                            
__________________________________________________________________________________________________
ternary_conv2d_1 (TernaryConv2D (None, 32, 32, 16)   448         input_2[0][0]                    
__________________________________________________________________________________________________
batch_normalization_1 (BatchNor (None, 32, 32, 16)   64          ternary_conv2d_1[0][0]           
__________________________________________________________________________________________________
activation_1 (Activation)       (None, 32, 32, 16)   0           batch_normalization_1[0][0]      
__________________________________________________________________________________________________
ternary_conv2d_2 (TernaryConv2D (None, 32, 32, 16)   2320        activation_1[0][0]               
__________________________________________________________________________________________________
batch_normalization_2 (BatchNor (None, 32, 32, 16)   64          ternary_conv2d_2[0][0]           
__________________________________________________________________________________________________
activation_2 (Activation)       (None, 32, 32, 16)   0           batch_normalization_2[0][0]      
__________________________________________________________________________________________________
ternary_conv2d_3 (TernaryConv2D (None, 32, 32, 16)   2320        activation_2[0][0]               
__________________________________________________________________________________________________
batch_normalization_3 (BatchNor (None, 32, 32, 16)   64          ternary_conv2d_3[0][0]           
__________________________________________________________________________________________________
add_1 (Add)                     (None, 32, 32, 16)   0           activation_1[0][0]               
                                                                 batch_normalization_3[0][0]      
__________________________________________________________________________________________________
activation_3 (Activation)       (None, 32, 32, 16)   0           add_1[0][0]                      
__________________________________________________________________________________________________
ternary_conv2d_4 (TernaryConv2D (None, 32, 32, 16)   2320        activation_3[0][0]               
__________________________________________________________________________________________________
batch_normalization_4 (BatchNor (None, 32, 32, 16)   64          ternary_conv2d_4[0][0]           
__________________________________________________________________________________________________
activation_4 (Activation)       (None, 32, 32, 16)   0           batch_normalization_4[0][0]      
__________________________________________________________________________________________________
ternary_conv2d_5 (TernaryConv2D (None, 32, 32, 16)   2320        activation_4[0][0]               
__________________________________________________________________________________________________
batch_normalization_5 (BatchNor (None, 32, 32, 16)   64          ternary_conv2d_5[0][0]           
__________________________________________________________________________________________________
add_2 (Add)                     (None, 32, 32, 16)   0           activation_3[0][0]               
                                                                 batch_normalization_5[0][0]      
__________________________________________________________________________________________________
activation_5 (Activation)       (None, 32, 32, 16)   0           add_2[0][0]                      
__________________________________________________________________________________________________
ternary_conv2d_6 (TernaryConv2D (None, 32, 32, 16)   2320        activation_5[0][0]               
__________________________________________________________________________________________________
batch_normalization_6 (BatchNor (None, 32, 32, 16)   64          ternary_conv2d_6[0][0]           
__________________________________________________________________________________________________
activation_6 (Activation)       (None, 32, 32, 16)   0           batch_normalization_6[0][0]      
__________________________________________________________________________________________________
ternary_conv2d_7 (TernaryConv2D (None, 32, 32, 16)   2320        activation_6[0][0]               
__________________________________________________________________________________________________
batch_normalization_7 (BatchNor (None, 32, 32, 16)   64          ternary_conv2d_7[0][0]           
__________________________________________________________________________________________________
add_3 (Add)                     (None, 32, 32, 16)   0           activation_5[0][0]               
                                                                 batch_normalization_7[0][0]      
__________________________________________________________________________________________________
activation_7 (Activation)       (None, 32, 32, 16)   0           add_3[0][0]                      
__________________________________________________________________________________________________
ternary_conv2d_8 (TernaryConv2D (None, 16, 16, 32)   4640        activation_7[0][0]               
__________________________________________________________________________________________________
batch_normalization_8 (BatchNor (None, 16, 16, 32)   128         ternary_conv2d_8[0][0]           
__________________________________________________________________________________________________
activation_8 (Activation)       (None, 16, 16, 32)   0           batch_normalization_8[0][0]      
__________________________________________________________________________________________________
ternary_conv2d_9 (TernaryConv2D (None, 16, 16, 32)   9248        activation_8[0][0]               
__________________________________________________________________________________________________
ternary_conv2d_10 (TernaryConv2 (None, 16, 16, 32)   544         activation_7[0][0]               
__________________________________________________________________________________________________
batch_normalization_9 (BatchNor (None, 16, 16, 32)   128         ternary_conv2d_9[0][0]           
__________________________________________________________________________________________________
add_4 (Add)                     (None, 16, 16, 32)   0           ternary_conv2d_10[0][0]          
                                                                 batch_normalization_9[0][0]      
__________________________________________________________________________________________________
activation_9 (Activation)       (None, 16, 16, 32)   0           add_4[0][0]                      
__________________________________________________________________________________________________
ternary_conv2d_11 (TernaryConv2 (None, 16, 16, 32)   9248        activation_9[0][0]               
__________________________________________________________________________________________________
batch_normalization_10 (BatchNo (None, 16, 16, 32)   128         ternary_conv2d_11[0][0]          
__________________________________________________________________________________________________
activation_10 (Activation)      (None, 16, 16, 32)   0           batch_normalization_10[0][0]     
__________________________________________________________________________________________________
ternary_conv2d_12 (TernaryConv2 (None, 16, 16, 32)   9248        activation_10[0][0]              
__________________________________________________________________________________________________
batch_normalization_11 (BatchNo (None, 16, 16, 32)   128         ternary_conv2d_12[0][0]          
__________________________________________________________________________________________________
add_5 (Add)                     (None, 16, 16, 32)   0           activation_9[0][0]               
                                                                 batch_normalization_11[0][0]     
__________________________________________________________________________________________________
activation_11 (Activation)      (None, 16, 16, 32)   0           add_5[0][0]                      
__________________________________________________________________________________________________
ternary_conv2d_13 (TernaryConv2 (None, 16, 16, 32)   9248        activation_11[0][0]              
__________________________________________________________________________________________________
batch_normalization_12 (BatchNo (None, 16, 16, 32)   128         ternary_conv2d_13[0][0]          
__________________________________________________________________________________________________
activation_12 (Activation)      (None, 16, 16, 32)   0           batch_normalization_12[0][0]     
__________________________________________________________________________________________________
ternary_conv2d_14 (TernaryConv2 (None, 16, 16, 32)   9248        activation_12[0][0]              
__________________________________________________________________________________________________
batch_normalization_13 (BatchNo (None, 16, 16, 32)   128         ternary_conv2d_14[0][0]          
__________________________________________________________________________________________________
add_6 (Add)                     (None, 16, 16, 32)   0           activation_11[0][0]              
                                                                 batch_normalization_13[0][0]     
__________________________________________________________________________________________________
activation_13 (Activation)      (None, 16, 16, 32)   0           add_6[0][0]                      
__________________________________________________________________________________________________
ternary_conv2d_15 (TernaryConv2 (None, 8, 8, 64)     18496       activation_13[0][0]              
__________________________________________________________________________________________________
batch_normalization_14 (BatchNo (None, 8, 8, 64)     256         ternary_conv2d_15[0][0]          
__________________________________________________________________________________________________
activation_14 (Activation)      (None, 8, 8, 64)     0           batch_normalization_14[0][0]     
__________________________________________________________________________________________________
ternary_conv2d_16 (TernaryConv2 (None, 8, 8, 64)     36928       activation_14[0][0]              
__________________________________________________________________________________________________
ternary_conv2d_17 (TernaryConv2 (None, 8, 8, 64)     2112        activation_13[0][0]              
__________________________________________________________________________________________________
batch_normalization_15 (BatchNo (None, 8, 8, 64)     256         ternary_conv2d_16[0][0]          
__________________________________________________________________________________________________
add_7 (Add)                     (None, 8, 8, 64)     0           ternary_conv2d_17[0][0]          
                                                                 batch_normalization_15[0][0]     
__________________________________________________________________________________________________
activation_15 (Activation)      (None, 8, 8, 64)     0           add_7[0][0]                      
__________________________________________________________________________________________________
ternary_conv2d_18 (TernaryConv2 (None, 8, 8, 64)     36928       activation_15[0][0]              
__________________________________________________________________________________________________
batch_normalization_16 (BatchNo (None, 8, 8, 64)     256         ternary_conv2d_18[0][0]          
__________________________________________________________________________________________________
activation_16 (Activation)      (None, 8, 8, 64)     0           batch_normalization_16[0][0]     
__________________________________________________________________________________________________
ternary_conv2d_19 (TernaryConv2 (None, 8, 8, 64)     36928       activation_16[0][0]              
__________________________________________________________________________________________________
batch_normalization_17 (BatchNo (None, 8, 8, 64)     256         ternary_conv2d_19[0][0]          
__________________________________________________________________________________________________
add_8 (Add)                     (None, 8, 8, 64)     0           activation_15[0][0]              
                                                                 batch_normalization_17[0][0]     
__________________________________________________________________________________________________
activation_17 (Activation)      (None, 8, 8, 64)     0           add_8[0][0]                      
__________________________________________________________________________________________________
ternary_conv2d_20 (TernaryConv2 (None, 8, 8, 64)     36928       activation_17[0][0]              
__________________________________________________________________________________________________
batch_normalization_18 (BatchNo (None, 8, 8, 64)     256         ternary_conv2d_20[0][0]          
__________________________________________________________________________________________________
activation_18 (Activation)      (None, 8, 8, 64)     0           batch_normalization_18[0][0]     
__________________________________________________________________________________________________
ternary_conv2d_21 (TernaryConv2 (None, 8, 8, 64)     36928       activation_18[0][0]              
__________________________________________________________________________________________________
batch_normalization_19 (BatchNo (None, 8, 8, 64)     256         ternary_conv2d_21[0][0]          
__________________________________________________________________________________________________
add_9 (Add)                     (None, 8, 8, 64)     0           activation_17[0][0]              
                                                                 batch_normalization_19[0][0]     
__________________________________________________________________________________________________
activation_19 (Activation)      (None, 8, 8, 64)     0           add_9[0][0]                      
__________________________________________________________________________________________________
average_pooling2d_1 (AveragePoo (None, 1, 1, 64)     0           activation_19[0][0]              
__________________________________________________________________________________________________
flatten_1 (Flatten)             (None, 64)           0           average_pooling2d_1[0][0]        
__________________________________________________________________________________________________
ternary_dense_1 (TernaryDense)  (None, 10)           650         flatten_1[0][0]                  
==================================================================================================
Total params: 274,442
Trainable params: 273,066
Non-trainable params: 1,376
__________________________________________________________________________________________________
loading data

Loading CIFAR-10 dataset...
(45000, 32, 32, 3)
setting up the network and creating callbacks

Learning rate:  0.001
compiling the network

No weights preloaded, training from scratch

(re)training the network

Train on 45000 samples, validate on 5000 samples
Learning rate:  0.001
Epoch 1/200

Epoch 00001: val_acc improved from -inf to 0.24400, saving model to ./weights/RESNET_CIFAR-10_full-tnn_4b_4b_3.hdf5
 - 25s - loss: 9.9753 - acc: 0.2259 - val_loss: 8.8694 - val_acc: 0.2440
Learning rate:  0.001
Epoch 2/200

Epoch 00002: val_acc improved from 0.24400 to 0.30360, saving model to ./weights/RESNET_CIFAR-10_full-tnn_4b_4b_3.hdf5
 - 21s - loss: 7.8887 - acc: 0.2800 - val_loss: 7.0817 - val_acc: 0.3036
Learning rate:  0.001
Epoch 3/200

Epoch 00003: val_acc improved from 0.30360 to 0.30960, saving model to ./weights/RESNET_CIFAR-10_full-tnn_4b_4b_3.hdf5
 - 21s - loss: 6.4372 - acc: 0.3112 - val_loss: 5.9297 - val_acc: 0.3096
Learning rate:  0.001
Epoch 4/200

Epoch 00004: val_acc improved from 0.30960 to 0.34520, saving model to ./weights/RESNET_CIFAR-10_full-tnn_4b_4b_3.hdf5
 - 21s - loss: 5.4003 - acc: 0.3314 - val_loss: 4.9791 - val_acc: 0.3452
Learning rate:  0.001
Epoch 5/200

Epoch 00005: val_acc improved from 0.34520 to 0.34580, saving model to ./weights/RESNET_CIFAR-10_full-tnn_4b_4b_3.hdf5
 - 21s - loss: 4.6376 - acc: 0.3521 - val_loss: 4.3518 - val_acc: 0.3458
Learning rate:  0.001
Epoch 6/200

Epoch 00006: val_acc improved from 0.34580 to 0.36920, saving model to ./weights/RESNET_CIFAR-10_full-tnn_4b_4b_3.hdf5
 - 21s - loss: 4.0556 - acc: 0.3684 - val_loss: 3.8532 - val_acc: 0.3692
Learning rate:  0.001
Epoch 7/200

Epoch 00007: val_acc improved from 0.36920 to 0.38440, saving model to ./weights/RESNET_CIFAR-10_full-tnn_4b_4b_3.hdf5
 - 21s - loss: 3.6061 - acc: 0.3866 - val_loss: 3.4871 - val_acc: 0.3844
Learning rate:  0.001
Epoch 8/200

Epoch 00008: val_acc did not improve
 - 20s - loss: 3.2542 - acc: 0.4020 - val_loss: 3.1789 - val_acc: 0.3814
Learning rate:  0.001
Epoch 9/200

Epoch 00009: val_acc improved from 0.38440 to 0.41060, saving model to ./weights/RESNET_CIFAR-10_full-tnn_4b_4b_3.hdf5
 - 21s - loss: 2.9575 - acc: 0.4201 - val_loss: 2.8704 - val_acc: 0.4106
Learning rate:  0.001
Epoch 10/200

Epoch 00010: val_acc improved from 0.41060 to 0.42960, saving model to ./weights/RESNET_CIFAR-10_full-tnn_4b_4b_3.hdf5
 - 21s - loss: 2.7268 - acc: 0.4318 - val_loss: 2.6659 - val_acc: 0.4296
Learning rate:  0.001
Epoch 11/200

Epoch 00011: val_acc did not improve
 - 20s - loss: 2.5337 - acc: 0.4424 - val_loss: 2.4831 - val_acc: 0.4272
Learning rate:  0.001
Epoch 12/200

Epoch 00012: val_acc did not improve
 - 21s - loss: 2.3657 - acc: 0.4564 - val_loss: 2.3884 - val_acc: 0.4166
Learning rate:  0.001
Epoch 13/200

Epoch 00013: val_acc improved from 0.42960 to 0.45900, saving model to ./weights/RESNET_CIFAR-10_full-tnn_4b_4b_3.hdf5
 - 21s - loss: 2.2247 - acc: 0.4640 - val_loss: 2.1775 - val_acc: 0.4590
Learning rate:  0.001
Epoch 14/200

Epoch 00014: val_acc did not improve
 - 20s - loss: 2.1101 - acc: 0.4704 - val_loss: 2.5524 - val_acc: 0.3572
Learning rate:  0.001
Epoch 15/200

Epoch 00015: val_acc improved from 0.45900 to 0.46440, saving model to ./weights/RESNET_CIFAR-10_full-tnn_4b_4b_3.hdf5
 - 21s - loss: 2.0077 - acc: 0.4770 - val_loss: 1.9906 - val_acc: 0.4644
Learning rate:  0.001
Epoch 16/200

Epoch 00016: val_acc did not improve
 - 20s - loss: 1.9099 - acc: 0.4902 - val_loss: 2.0033 - val_acc: 0.4330
Learning rate:  0.001
Epoch 17/200

Epoch 00017: val_acc did not improve
 - 20s - loss: 1.8356 - acc: 0.4929 - val_loss: 1.9736 - val_acc: 0.4522
Learning rate:  0.001
Epoch 18/200

Epoch 00018: val_acc did not improve
 - 20s - loss: 1.7625 - acc: 0.5018 - val_loss: 2.0636 - val_acc: 0.4074
Learning rate:  0.001
Epoch 19/200

Epoch 00019: val_acc improved from 0.46440 to 0.46820, saving model to ./weights/RESNET_CIFAR-10_full-tnn_4b_4b_3.hdf5
 - 21s - loss: 1.7092 - acc: 0.5050 - val_loss: 1.7707 - val_acc: 0.4682
Learning rate:  0.001
Epoch 20/200

Epoch 00020: val_acc improved from 0.46820 to 0.46840, saving model to ./weights/RESNET_CIFAR-10_full-tnn_4b_4b_3.hdf5
 - 21s - loss: 1.6534 - acc: 0.5148 - val_loss: 1.7742 - val_acc: 0.4684
Learning rate:  0.001
Epoch 21/200

Epoch 00021: val_acc improved from 0.46840 to 0.48420, saving model to ./weights/RESNET_CIFAR-10_full-tnn_4b_4b_3.hdf5
 - 21s - loss: 1.6130 - acc: 0.5182 - val_loss: 1.7654 - val_acc: 0.4842
Learning rate:  0.001
Epoch 22/200

Epoch 00022: val_acc did not improve
 - 20s - loss: 1.5711 - acc: 0.5220 - val_loss: 1.7677 - val_acc: 0.4672
Learning rate:  0.001
Epoch 23/200

Epoch 00023: val_acc did not improve
 - 21s - loss: 1.5254 - acc: 0.5345 - val_loss: 2.6267 - val_acc: 0.3416
Learning rate:  0.001
Epoch 24/200

Epoch 00024: val_acc did not improve
 - 20s - loss: 1.4971 - acc: 0.5344 - val_loss: 1.8373 - val_acc: 0.4382
Learning rate:  0.001
Epoch 25/200

Epoch 00025: val_acc did not improve
 - 21s - loss: 1.4519 - acc: 0.5457 - val_loss: 1.6664 - val_acc: 0.4730
Learning rate:  0.001
Epoch 26/200

Epoch 00026: val_acc improved from 0.48420 to 0.51960, saving model to ./weights/RESNET_CIFAR-10_full-tnn_4b_4b_3.hdf5
 - 21s - loss: 1.4183 - acc: 0.5521 - val_loss: 1.5599 - val_acc: 0.5196
Learning rate:  0.001
Epoch 27/200

Epoch 00027: val_acc did not improve
 - 21s - loss: 1.3794 - acc: 0.5612 - val_loss: 1.7611 - val_acc: 0.4372
Learning rate:  0.001
Epoch 28/200

Epoch 00028: val_acc did not improve
 - 21s - loss: 1.3526 - acc: 0.5670 - val_loss: 1.6956 - val_acc: 0.4632
Learning rate:  0.001
Epoch 29/200

Epoch 00029: val_acc did not improve
 - 21s - loss: 1.3198 - acc: 0.5754 - val_loss: 1.6248 - val_acc: 0.4656
Learning rate:  0.001
Epoch 30/200

Epoch 00030: val_acc did not improve
 - 20s - loss: 1.2966 - acc: 0.5846 - val_loss: 2.0385 - val_acc: 0.3868
Learning rate:  0.001
Epoch 31/200

Epoch 00031: val_acc did not improve
 - 20s - loss: 1.2595 - acc: 0.5965 - val_loss: 1.7562 - val_acc: 0.4492
Learning rate:  0.001
Epoch 32/200

Epoch 00032: val_acc improved from 0.51960 to 0.53120, saving model to ./weights/RESNET_CIFAR-10_full-tnn_4b_4b_3.hdf5
 - 21s - loss: 1.2347 - acc: 0.5983 - val_loss: 1.3958 - val_acc: 0.5312
Learning rate:  0.001
Epoch 33/200

Epoch 00033: val_acc did not improve
 - 20s - loss: 1.2191 - acc: 0.6005 - val_loss: 1.6702 - val_acc: 0.4608
Learning rate:  0.001
Epoch 34/200

Epoch 00034: val_acc did not improve
 - 20s - loss: 1.1847 - acc: 0.6118 - val_loss: 1.4077 - val_acc: 0.5266
Learning rate:  0.001
Epoch 35/200

Epoch 00035: val_acc improved from 0.53120 to 0.53840, saving model to ./weights/RESNET_CIFAR-10_full-tnn_4b_4b_3.hdf5
 - 21s - loss: 1.1708 - acc: 0.6142 - val_loss: 1.4037 - val_acc: 0.5384
Learning rate:  0.001
Epoch 36/200

Epoch 00036: val_acc did not improve
 - 20s - loss: 1.1620 - acc: 0.6138 - val_loss: 1.8058 - val_acc: 0.4212
Learning rate:  0.001
Epoch 37/200

Epoch 00037: val_acc did not improve
 - 20s - loss: 1.1472 - acc: 0.6173 - val_loss: 1.8549 - val_acc: 0.4358
Learning rate:  0.001
Epoch 38/200

Epoch 00038: val_acc did not improve
 - 20s - loss: 1.1246 - acc: 0.6264 - val_loss: 2.1018 - val_acc: 0.3572
Learning rate:  0.001
Epoch 39/200

Epoch 00039: val_acc did not improve
 - 20s - loss: 1.1066 - acc: 0.6299 - val_loss: 1.8678 - val_acc: 0.4652
Learning rate:  0.001
Epoch 40/200

Epoch 00040: val_acc did not improve
 - 20s - loss: 1.1070 - acc: 0.6283 - val_loss: 2.0783 - val_acc: 0.3780
Learning rate:  0.001
Epoch 41/200

Epoch 00041: val_acc did not improve
 - 20s - loss: 1.0889 - acc: 0.6322 - val_loss: 1.8691 - val_acc: 0.4174
Learning rate:  0.001
Epoch 42/200

Epoch 00042: val_acc did not improve
 - 20s - loss: 1.0796 - acc: 0.6333 - val_loss: 1.4876 - val_acc: 0.5122
Learning rate:  0.001
Epoch 43/200

Epoch 00043: val_acc did not improve
 - 20s - loss: 1.0707 - acc: 0.6365 - val_loss: 1.7555 - val_acc: 0.4658
Learning rate:  0.001
Epoch 44/200

Epoch 00044: val_acc did not improve
 - 20s - loss: 1.0593 - acc: 0.6398 - val_loss: 1.9854 - val_acc: 0.3812
Learning rate:  0.001
Epoch 45/200

Epoch 00045: val_acc did not improve
 - 21s - loss: 1.0485 - acc: 0.6435 - val_loss: 1.4558 - val_acc: 0.5282
Learning rate:  0.001
Epoch 46/200

Epoch 00046: val_acc did not improve
 - 20s - loss: 1.0385 - acc: 0.6425 - val_loss: 1.4176 - val_acc: 0.5194
Learning rate:  0.001
Epoch 47/200

Epoch 00047: val_acc did not improve
 - 20s - loss: 1.0317 - acc: 0.6480 - val_loss: 2.4804 - val_acc: 0.3110
Learning rate:  0.001
Epoch 48/200

Epoch 00048: val_acc did not improve
 - 20s - loss: 1.0283 - acc: 0.6482 - val_loss: 1.6319 - val_acc: 0.4680
Learning rate:  0.001
Epoch 49/200

Epoch 00049: val_acc did not improve
 - 20s - loss: 1.0268 - acc: 0.6492 - val_loss: 1.5038 - val_acc: 0.4970
Learning rate:  0.001
Epoch 50/200

Epoch 00050: val_acc did not improve
 - 20s - loss: 1.0127 - acc: 0.6546 - val_loss: 1.8444 - val_acc: 0.4438
Learning rate:  0.001
Epoch 51/200

Epoch 00051: val_acc did not improve
 - 20s - loss: 1.0010 - acc: 0.6569 - val_loss: 1.7054 - val_acc: 0.4656
Learning rate:  0.001
Epoch 52/200

Epoch 00052: val_acc did not improve
 - 20s - loss: 1.0019 - acc: 0.6558 - val_loss: 2.2261 - val_acc: 0.3756
Learning rate:  0.001
Epoch 53/200

Epoch 00053: val_acc did not improve
 - 20s - loss: 0.9943 - acc: 0.6584 - val_loss: 2.0435 - val_acc: 0.4118
Learning rate:  0.001
Epoch 54/200

Epoch 00054: val_acc did not improve
 - 20s - loss: 0.9847 - acc: 0.6622 - val_loss: 2.2185 - val_acc: 0.3356
Learning rate:  0.001
Epoch 55/200

Epoch 00055: val_acc did not improve
 - 20s - loss: 0.9774 - acc: 0.6653 - val_loss: 3.3417 - val_acc: 0.1912
Learning rate:  0.001
Epoch 56/200

Epoch 00056: val_acc did not improve
 - 20s - loss: 0.9661 - acc: 0.6687 - val_loss: 1.7883 - val_acc: 0.4462
Learning rate:  0.001
Epoch 57/200

Epoch 00057: val_acc did not improve
 - 20s - loss: 0.9531 - acc: 0.6722 - val_loss: 1.6428 - val_acc: 0.4510
Learning rate:  0.001
Epoch 58/200

Epoch 00058: val_acc did not improve
 - 21s - loss: 0.9484 - acc: 0.6766 - val_loss: 2.2306 - val_acc: 0.3074
Learning rate:  0.001
Epoch 59/200

Epoch 00059: val_acc did not improve
 - 20s - loss: 0.9358 - acc: 0.6779 - val_loss: 2.4936 - val_acc: 0.3440
Learning rate:  0.001
Epoch 60/200

Epoch 00060: val_acc did not improve
 - 20s - loss: 0.9221 - acc: 0.6822 - val_loss: 2.9747 - val_acc: 0.2642
Learning rate:  0.001
Epoch 61/200

Epoch 00061: val_acc did not improve
 - 20s - loss: 0.9323 - acc: 0.6810 - val_loss: 1.4432 - val_acc: 0.5328
Learning rate:  0.001
Epoch 62/200

Epoch 00062: val_acc did not improve
 - 20s - loss: 0.9150 - acc: 0.6875 - val_loss: 1.7511 - val_acc: 0.4762
Learning rate:  0.001
Epoch 63/200

Epoch 00063: val_acc did not improve
 - 20s - loss: 0.9096 - acc: 0.6878 - val_loss: 1.7727 - val_acc: 0.4456
Learning rate:  0.001
Epoch 64/200

Epoch 00064: val_acc did not improve
 - 20s - loss: 0.9049 - acc: 0.6894 - val_loss: 2.4722 - val_acc: 0.3594
Learning rate:  0.001
Epoch 65/200

Epoch 00065: val_acc did not improve
 - 20s - loss: 0.9006 - acc: 0.6935 - val_loss: 1.5650 - val_acc: 0.4878
Learning rate:  0.001
Epoch 66/200

Epoch 00066: val_acc did not improve
 - 21s - loss: 0.8957 - acc: 0.6909 - val_loss: 1.9623 - val_acc: 0.4450
Learning rate:  0.001
Epoch 67/200

Epoch 00067: val_acc did not improve
 - 21s - loss: 0.8992 - acc: 0.6923 - val_loss: 2.3269 - val_acc: 0.3698
Learning rate:  0.001
Epoch 68/200

Epoch 00068: val_acc did not improve
 - 20s - loss: 0.8911 - acc: 0.6949 - val_loss: 3.3879 - val_acc: 0.2232
Learning rate:  0.001
Epoch 69/200

Epoch 00069: val_acc did not improve
 - 21s - loss: 0.8848 - acc: 0.6976 - val_loss: 1.7148 - val_acc: 0.4352
Learning rate:  0.001
Epoch 70/200

Epoch 00070: val_acc did not improve
 - 20s - loss: 0.8806 - acc: 0.6966 - val_loss: 2.4642 - val_acc: 0.3960
Learning rate:  0.001
Epoch 71/200

Epoch 00071: val_acc did not improve
 - 21s - loss: 0.8799 - acc: 0.6998 - val_loss: 2.0383 - val_acc: 0.3496
Learning rate:  0.001
Epoch 72/200

Epoch 00072: val_acc did not improve
 - 20s - loss: 0.8717 - acc: 0.7010 - val_loss: 2.3766 - val_acc: 0.3550
Learning rate:  0.001
Epoch 73/200

Epoch 00073: val_acc did not improve
 - 20s - loss: 0.8821 - acc: 0.6986 - val_loss: 1.8622 - val_acc: 0.4034
Learning rate:  0.001
Epoch 74/200

Epoch 00074: val_acc did not improve
 - 20s - loss: 0.8692 - acc: 0.7014 - val_loss: 3.6111 - val_acc: 0.2992
Learning rate:  0.001
Epoch 75/200

Epoch 00075: val_acc did not improve
 - 20s - loss: 0.8708 - acc: 0.7015 - val_loss: 1.9676 - val_acc: 0.3978
Learning rate:  0.001
Epoch 76/200

Epoch 00076: val_acc did not improve
 - 20s - loss: 0.8596 - acc: 0.7069 - val_loss: 2.9511 - val_acc: 0.3490
Learning rate:  0.001
Epoch 77/200

Epoch 00077: val_acc did not improve
 - 21s - loss: 0.8596 - acc: 0.7067 - val_loss: 4.8837 - val_acc: 0.1108
Learning rate:  0.001
Epoch 78/200

Epoch 00078: val_acc did not improve
 - 21s - loss: 0.8616 - acc: 0.7071 - val_loss: 2.3696 - val_acc: 0.3822
Learning rate:  0.001
Epoch 79/200

Epoch 00079: val_acc did not improve
 - 20s - loss: 0.8557 - acc: 0.7086 - val_loss: 2.3762 - val_acc: 0.3498
Learning rate:  0.001
Epoch 80/200

Epoch 00080: val_acc did not improve
 - 20s - loss: 0.8463 - acc: 0.7135 - val_loss: 1.5675 - val_acc: 0.4622
Learning rate:  0.001
Epoch 81/200

Epoch 00081: val_acc did not improve
 - 21s - loss: 0.8512 - acc: 0.7065 - val_loss: 1.6663 - val_acc: 0.4988
Learning rate:  0.0001
Epoch 82/200

Epoch 00082: val_acc improved from 0.53840 to 0.72140, saving model to ./weights/RESNET_CIFAR-10_full-tnn_4b_4b_3.hdf5
 - 21s - loss: 0.7168 - acc: 0.7544 - val_loss: 0.8251 - val_acc: 0.7214
Learning rate:  0.0001
Epoch 83/200

Epoch 00083: val_acc did not improve
 - 20s - loss: 0.6737 - acc: 0.7712 - val_loss: 0.8395 - val_acc: 0.7126
Learning rate:  0.0001
Epoch 84/200

Epoch 00084: val_acc did not improve
 - 20s - loss: 0.6540 - acc: 0.7788 - val_loss: 0.8465 - val_acc: 0.7064
Learning rate:  0.0001
Epoch 85/200

Epoch 00085: val_acc did not improve
 - 20s - loss: 0.6386 - acc: 0.7854 - val_loss: 1.1099 - val_acc: 0.6476
Learning rate:  0.0001
Epoch 86/200

Epoch 00086: val_acc did not improve
 - 20s - loss: 0.6331 - acc: 0.7856 - val_loss: 0.9290 - val_acc: 0.6868
Learning rate:  0.0001
Epoch 87/200

Epoch 00087: val_acc did not improve
 - 21s - loss: 0.6231 - acc: 0.7887 - val_loss: 1.4343 - val_acc: 0.5542
Learning rate:  0.0001
Epoch 88/200

Epoch 00088: val_acc improved from 0.72140 to 0.73020, saving model to ./weights/RESNET_CIFAR-10_full-tnn_4b_4b_3.hdf5
 - 21s - loss: 0.6138 - acc: 0.7929 - val_loss: 0.8232 - val_acc: 0.7302
Learning rate:  0.0001
Epoch 89/200

Epoch 00089: val_acc did not improve
 - 20s - loss: 0.6098 - acc: 0.7940 - val_loss: 1.5153 - val_acc: 0.5488
Learning rate:  0.0001
Epoch 90/200

Epoch 00090: val_acc did not improve
 - 20s - loss: 0.6135 - acc: 0.7904 - val_loss: 1.1489 - val_acc: 0.6180
Learning rate:  0.0001
Epoch 91/200

Epoch 00091: val_acc did not improve
 - 20s - loss: 0.6037 - acc: 0.7957 - val_loss: 1.1203 - val_acc: 0.6306
Learning rate:  0.0001
Epoch 92/200

Epoch 00092: val_acc did not improve
 - 20s - loss: 0.5969 - acc: 0.7971 - val_loss: 0.9922 - val_acc: 0.6612
Learning rate:  0.0001
Epoch 93/200

Epoch 00093: val_acc did not improve
 - 20s - loss: 0.5937 - acc: 0.7987 - val_loss: 1.9111 - val_acc: 0.4946
Learning rate:  0.0001
Epoch 94/200

Epoch 00094: val_acc did not improve
 - 20s - loss: 0.5938 - acc: 0.7975 - val_loss: 1.1963 - val_acc: 0.6170
Learning rate:  0.0001
Epoch 95/200

Epoch 00095: val_acc did not improve
 - 20s - loss: 0.5908 - acc: 0.7998 - val_loss: 1.5247 - val_acc: 0.5624
Learning rate:  0.0001
Epoch 96/200

Epoch 00096: val_acc did not improve
 - 21s - loss: 0.5903 - acc: 0.8002 - val_loss: 0.9818 - val_acc: 0.6674
Learning rate:  0.0001
Epoch 97/200

Epoch 00097: val_acc did not improve
 - 20s - loss: 0.5820 - acc: 0.8020 - val_loss: 0.9044 - val_acc: 0.7012
Learning rate:  0.0001
Epoch 98/200

Epoch 00098: val_acc did not improve
 - 21s - loss: 0.5802 - acc: 0.8032 - val_loss: 1.7510 - val_acc: 0.5222
Learning rate:  0.0001
Epoch 99/200

Epoch 00099: val_acc did not improve
 - 20s - loss: 0.5800 - acc: 0.8037 - val_loss: 1.0533 - val_acc: 0.6412
Learning rate:  0.0001
Epoch 100/200

Epoch 00100: val_acc did not improve
 - 20s - loss: 0.5777 - acc: 0.8033 - val_loss: 1.2871 - val_acc: 0.5798
Learning rate:  0.0001
Epoch 101/200

Epoch 00101: val_acc did not improve
 - 20s - loss: 0.5804 - acc: 0.8035 - val_loss: 0.9660 - val_acc: 0.6726
Learning rate:  0.0001
Epoch 102/200

Epoch 00102: val_acc did not improve
 - 20s - loss: 0.5824 - acc: 0.8000 - val_loss: 1.2814 - val_acc: 0.6196
Learning rate:  0.0001
Epoch 103/200

Epoch 00103: val_acc did not improve
 - 20s - loss: 0.5757 - acc: 0.8038 - val_loss: 0.8979 - val_acc: 0.7008
Learning rate:  0.0001
Epoch 104/200

Epoch 00104: val_acc did not improve
 - 20s - loss: 0.5724 - acc: 0.8041 - val_loss: 1.1429 - val_acc: 0.6478
Learning rate:  0.0001
Epoch 105/200

Epoch 00105: val_acc did not improve
 - 21s - loss: 0.5756 - acc: 0.8042 - val_loss: 1.3658 - val_acc: 0.5698
Learning rate:  0.0001
Epoch 106/200

Epoch 00106: val_acc did not improve
 - 20s - loss: 0.5680 - acc: 0.8077 - val_loss: 0.9405 - val_acc: 0.6904
Learning rate:  0.0001
Epoch 107/200

Epoch 00107: val_acc did not improve
 - 20s - loss: 0.5716 - acc: 0.8057 - val_loss: 1.0383 - val_acc: 0.6494
Learning rate:  0.0001
Epoch 108/200

Epoch 00108: val_acc did not improve
 - 21s - loss: 0.5712 - acc: 0.8045 - val_loss: 1.6290 - val_acc: 0.5400
Learning rate:  0.0001
Epoch 109/200

Epoch 00109: val_acc did not improve
 - 20s - loss: 0.5631 - acc: 0.8096 - val_loss: 1.4616 - val_acc: 0.5724
Learning rate:  0.0001
Epoch 110/200

Epoch 00110: val_acc did not improve
 - 20s - loss: 0.5691 - acc: 0.8053 - val_loss: 1.4843 - val_acc: 0.5352
Learning rate:  0.0001
Epoch 111/200

Epoch 00111: val_acc did not improve
 - 21s - loss: 0.5650 - acc: 0.8085 - val_loss: 1.1388 - val_acc: 0.6346
Learning rate:  0.0001
Epoch 112/200

Epoch 00112: val_acc did not improve
 - 20s - loss: 0.5681 - acc: 0.8078 - val_loss: 2.5429 - val_acc: 0.4148
Learning rate:  0.0001
Epoch 113/200

Epoch 00113: val_acc did not improve
 - 20s - loss: 0.5668 - acc: 0.8052 - val_loss: 1.2414 - val_acc: 0.5970
Learning rate:  0.0001
Epoch 114/200

Epoch 00114: val_acc did not improve
 - 21s - loss: 0.5647 - acc: 0.8068 - val_loss: 1.5455 - val_acc: 0.5178
Learning rate:  0.0001
Epoch 115/200

Epoch 00115: val_acc did not improve
 - 20s - loss: 0.5609 - acc: 0.8100 - val_loss: 1.9545 - val_acc: 0.4658
Learning rate:  0.0001
Epoch 116/200

Epoch 00116: val_acc did not improve
 - 20s - loss: 0.5588 - acc: 0.8074 - val_loss: 1.5706 - val_acc: 0.5672
Learning rate:  0.0001
Epoch 117/200

Epoch 00117: val_acc did not improve
 - 21s - loss: 0.5662 - acc: 0.8069 - val_loss: 1.7104 - val_acc: 0.5048
Learning rate:  0.0001
Epoch 118/200

Epoch 00118: val_acc did not improve
 - 20s - loss: 0.5581 - acc: 0.8114 - val_loss: 0.8979 - val_acc: 0.7016
Learning rate:  0.0001
Epoch 119/200

Epoch 00119: val_acc did not improve
 - 20s - loss: 0.5582 - acc: 0.8085 - val_loss: 1.0215 - val_acc: 0.6666
Learning rate:  0.0001
Epoch 120/200

Epoch 00120: val_acc did not improve
 - 21s - loss: 0.5597 - acc: 0.8098 - val_loss: 1.0876 - val_acc: 0.6608
Learning rate:  0.0001
Epoch 121/200

Epoch 00121: val_acc did not improve
 - 20s - loss: 0.5541 - acc: 0.8113 - val_loss: 1.2072 - val_acc: 0.6064
Learning rate:  1e-05
Epoch 122/200

Epoch 00122: val_acc improved from 0.73020 to 0.77380, saving model to ./weights/RESNET_CIFAR-10_full-tnn_4b_4b_3.hdf5
 - 21s - loss: 0.4972 - acc: 0.8323 - val_loss: 0.6655 - val_acc: 0.7738
Learning rate:  1e-05
Epoch 123/200

Epoch 00123: val_acc did not improve
 - 20s - loss: 0.4818 - acc: 0.8365 - val_loss: 0.6877 - val_acc: 0.7672
Learning rate:  1e-05
Epoch 124/200

Epoch 00124: val_acc did not improve
 - 20s - loss: 0.4774 - acc: 0.8378 - val_loss: 0.8848 - val_acc: 0.7222
Learning rate:  1e-05
Epoch 125/200

Epoch 00125: val_acc did not improve
 - 20s - loss: 0.4731 - acc: 0.8397 - val_loss: 0.7683 - val_acc: 0.7490
Learning rate:  1e-05
Epoch 126/200

Epoch 00126: val_acc did not improve
 - 21s - loss: 0.4718 - acc: 0.8400 - val_loss: 0.8058 - val_acc: 0.7278
Learning rate:  1e-05
Epoch 127/200

Epoch 00127: val_acc did not improve
 - 20s - loss: 0.4697 - acc: 0.8403 - val_loss: 0.8706 - val_acc: 0.7136
Learning rate:  1e-05
Epoch 128/200

Epoch 00128: val_acc did not improve
 - 20s - loss: 0.4664 - acc: 0.8405 - val_loss: 0.8024 - val_acc: 0.7336
Learning rate:  1e-05
Epoch 129/200

Epoch 00129: val_acc did not improve
 - 20s - loss: 0.4643 - acc: 0.8417 - val_loss: 0.8484 - val_acc: 0.7284
Learning rate:  1e-05
Epoch 130/200

Epoch 00130: val_acc did not improve
 - 20s - loss: 0.4662 - acc: 0.8414 - val_loss: 0.9315 - val_acc: 0.6970
Learning rate:  1e-05
Epoch 131/200

Epoch 00131: val_acc did not improve
 - 20s - loss: 0.4641 - acc: 0.8428 - val_loss: 0.7260 - val_acc: 0.7612
Learning rate:  1e-05
Epoch 132/200

Epoch 00132: val_acc did not improve
 - 20s - loss: 0.4638 - acc: 0.8439 - val_loss: 0.7355 - val_acc: 0.7578
Learning rate:  1e-05
Epoch 133/200

Epoch 00133: val_acc did not improve
 - 20s - loss: 0.4631 - acc: 0.8417 - val_loss: 0.8252 - val_acc: 0.7334
Learning rate:  1e-05
Epoch 134/200

Epoch 00134: val_acc did not improve
 - 20s - loss: 0.4638 - acc: 0.8417 - val_loss: 0.8542 - val_acc: 0.7264
Learning rate:  1e-05
Epoch 135/200

Epoch 00135: val_acc did not improve
 - 20s - loss: 0.4591 - acc: 0.8458 - val_loss: 0.7520 - val_acc: 0.7506
Learning rate:  1e-05
Epoch 136/200

Epoch 00136: val_acc did not improve
 - 20s - loss: 0.4580 - acc: 0.8440 - val_loss: 0.8122 - val_acc: 0.7370
Learning rate:  1e-05
Epoch 137/200

Epoch 00137: val_acc did not improve
 - 20s - loss: 0.4588 - acc: 0.8450 - val_loss: 0.8686 - val_acc: 0.7182
Learning rate:  1e-05
Epoch 138/200

Epoch 00138: val_acc did not improve
 - 20s - loss: 0.4579 - acc: 0.8436 - val_loss: 0.7600 - val_acc: 0.7428
Learning rate:  1e-05
Epoch 139/200

Epoch 00139: val_acc did not improve
 - 20s - loss: 0.4551 - acc: 0.8439 - val_loss: 0.8547 - val_acc: 0.7264
Learning rate:  1e-05
Epoch 140/200

Epoch 00140: val_acc did not improve
 - 20s - loss: 0.4621 - acc: 0.8420 - val_loss: 0.8701 - val_acc: 0.7202
Learning rate:  1e-05
Epoch 141/200

Epoch 00141: val_acc did not improve
 - 21s - loss: 0.4547 - acc: 0.8456 - val_loss: 0.8479 - val_acc: 0.7242
Learning rate:  1e-05
Epoch 142/200

Epoch 00142: val_acc did not improve
 - 20s - loss: 0.4585 - acc: 0.8438 - val_loss: 0.7811 - val_acc: 0.7412
Learning rate:  1e-05
Epoch 143/200

Epoch 00143: val_acc did not improve
 - 20s - loss: 0.4574 - acc: 0.8448 - val_loss: 0.7116 - val_acc: 0.7692
Learning rate:  1e-05
Epoch 144/200

Epoch 00144: val_acc did not improve
 - 20s - loss: 0.4565 - acc: 0.8440 - val_loss: 1.1854 - val_acc: 0.6468
Learning rate:  1e-05
Epoch 145/200

Epoch 00145: val_acc did not improve
 - 20s - loss: 0.4526 - acc: 0.8451 - val_loss: 0.9010 - val_acc: 0.7104
Learning rate:  1e-05
Epoch 146/200

Epoch 00146: val_acc did not improve
 - 20s - loss: 0.4585 - acc: 0.8446 - val_loss: 0.9316 - val_acc: 0.6954
Learning rate:  1e-05
Epoch 147/200

Epoch 00147: val_acc did not improve
 - 20s - loss: 0.4552 - acc: 0.8457 - val_loss: 1.1448 - val_acc: 0.6634
Learning rate:  1e-05
Epoch 148/200

Epoch 00148: val_acc did not improve
 - 20s - loss: 0.4563 - acc: 0.8456 - val_loss: 1.5020 - val_acc: 0.5612
Learning rate:  1e-05
Epoch 149/200

Epoch 00149: val_acc did not improve
 - 20s - loss: 0.4534 - acc: 0.8466 - val_loss: 0.8638 - val_acc: 0.7220
Learning rate:  1e-05
Epoch 150/200

Epoch 00150: val_acc did not improve
 - 21s - loss: 0.4569 - acc: 0.8460 - val_loss: 0.9253 - val_acc: 0.6974
Learning rate:  1e-05
Epoch 151/200

Epoch 00151: val_acc did not improve
 - 20s - loss: 0.4562 - acc: 0.8439 - val_loss: 1.0072 - val_acc: 0.6796
Learning rate:  1e-05
Epoch 152/200

Epoch 00152: val_acc did not improve
 - 20s - loss: 0.4576 - acc: 0.8456 - val_loss: 0.7174 - val_acc: 0.7694
Learning rate:  1e-05
Epoch 153/200

Epoch 00153: val_acc did not improve
 - 20s - loss: 0.4551 - acc: 0.8454 - val_loss: 0.7632 - val_acc: 0.7454
Learning rate:  1e-05
Epoch 154/200

Epoch 00154: val_acc did not improve
 - 20s - loss: 0.4522 - acc: 0.8466 - val_loss: 1.0708 - val_acc: 0.6742
Learning rate:  1e-05
Epoch 155/200

Epoch 00155: val_acc did not improve
 - 20s - loss: 0.4489 - acc: 0.8473 - val_loss: 0.7675 - val_acc: 0.7468
Learning rate:  1e-05
Epoch 156/200

Epoch 00156: val_acc did not improve
 - 20s - loss: 0.4521 - acc: 0.8472 - val_loss: 0.7483 - val_acc: 0.7496
Learning rate:  1e-05
Epoch 157/200

Epoch 00157: val_acc did not improve
 - 20s - loss: 0.4534 - acc: 0.8465 - val_loss: 0.9076 - val_acc: 0.7000
Learning rate:  1e-05
Epoch 158/200

Epoch 00158: val_acc did not improve
 - 20s - loss: 0.4497 - acc: 0.8478 - val_loss: 0.9695 - val_acc: 0.6954
Learning rate:  1e-05
Epoch 159/200

Epoch 00159: val_acc did not improve
 - 21s - loss: 0.4483 - acc: 0.8479 - val_loss: 0.8285 - val_acc: 0.7306
Learning rate:  1e-05
Epoch 160/200

Epoch 00160: val_acc did not improve
 - 20s - loss: 0.4513 - acc: 0.8458 - val_loss: 0.8934 - val_acc: 0.7138
Learning rate:  1e-05
Epoch 161/200

Epoch 00161: val_acc did not improve
 - 20s - loss: 0.4503 - acc: 0.8471 - val_loss: 0.9291 - val_acc: 0.7064
Learning rate:  1e-06
Epoch 162/200

Epoch 00162: val_acc improved from 0.77380 to 0.78640, saving model to ./weights/RESNET_CIFAR-10_full-tnn_4b_4b_3.hdf5
 - 21s - loss: 0.4252 - acc: 0.8556 - val_loss: 0.6303 - val_acc: 0.7864
Learning rate:  1e-06
Epoch 163/200

Epoch 00163: val_acc did not improve
 - 20s - loss: 0.4257 - acc: 0.8551 - val_loss: 0.7231 - val_acc: 0.7604
Learning rate:  1e-06
Epoch 164/200

Epoch 00164: val_acc did not improve
 - 20s - loss: 0.4219 - acc: 0.8577 - val_loss: 0.6576 - val_acc: 0.7844
Learning rate:  1e-06
Epoch 165/200

Epoch 00165: val_acc did not improve
 - 20s - loss: 0.4253 - acc: 0.8559 - val_loss: 0.6852 - val_acc: 0.7660
Learning rate:  1e-06
Epoch 166/200

Epoch 00166: val_acc did not improve
 - 20s - loss: 0.4245 - acc: 0.8552 - val_loss: 0.6643 - val_acc: 0.7830
Learning rate:  1e-06
Epoch 167/200

Epoch 00167: val_acc did not improve
 - 20s - loss: 0.4254 - acc: 0.8549 - val_loss: 0.8403 - val_acc: 0.7362
Learning rate:  1e-06
Epoch 168/200

Epoch 00168: val_acc did not improve
 - 20s - loss: 0.4200 - acc: 0.8572 - val_loss: 0.7969 - val_acc: 0.7468
Learning rate:  1e-06
Epoch 169/200

Epoch 00169: val_acc did not improve
 - 20s - loss: 0.4239 - acc: 0.8551 - val_loss: 0.7035 - val_acc: 0.7676
Learning rate:  1e-06
Epoch 170/200

Epoch 00170: val_acc did not improve
 - 20s - loss: 0.4281 - acc: 0.8547 - val_loss: 0.7302 - val_acc: 0.7596
Learning rate:  1e-06
Epoch 171/200

Epoch 00171: val_acc did not improve
 - 20s - loss: 0.4220 - acc: 0.8565 - val_loss: 0.8316 - val_acc: 0.7334
Learning rate:  1e-06
Epoch 172/200

Epoch 00172: val_acc did not improve
 - 20s - loss: 0.4225 - acc: 0.8557 - val_loss: 0.9179 - val_acc: 0.7102
Learning rate:  1e-06
Epoch 173/200

Epoch 00173: val_acc did not improve
 - 21s - loss: 0.4243 - acc: 0.8560 - val_loss: 0.7615 - val_acc: 0.7564
Learning rate:  1e-06
Epoch 174/200

Epoch 00174: val_acc did not improve
 - 20s - loss: 0.4252 - acc: 0.8543 - val_loss: 0.6953 - val_acc: 0.7694
Learning rate:  1e-06
Epoch 175/200

Epoch 00175: val_acc did not improve
 - 20s - loss: 0.4213 - acc: 0.8572 - val_loss: 0.9971 - val_acc: 0.7006
Learning rate:  1e-06
Epoch 176/200

Epoch 00176: val_acc did not improve
 - 20s - loss: 0.4251 - acc: 0.8573 - val_loss: 0.9482 - val_acc: 0.7066
Learning rate:  1e-06
Epoch 177/200

Epoch 00177: val_acc did not improve
 - 20s - loss: 0.4214 - acc: 0.8580 - val_loss: 0.8254 - val_acc: 0.7408
Learning rate:  1e-06
Epoch 178/200

Epoch 00178: val_acc did not improve
 - 20s - loss: 0.4190 - acc: 0.8580 - val_loss: 0.9671 - val_acc: 0.6956
Learning rate:  1e-06
Epoch 179/200

Epoch 00179: val_acc did not improve
 - 20s - loss: 0.4275 - acc: 0.8558 - val_loss: 0.7565 - val_acc: 0.7506
Learning rate:  1e-06
Epoch 180/200

Epoch 00180: val_acc did not improve
 - 20s - loss: 0.4238 - acc: 0.8565 - val_loss: 0.7949 - val_acc: 0.7384
Learning rate:  1e-06
Epoch 181/200

Epoch 00181: val_acc did not improve
 - 20s - loss: 0.4236 - acc: 0.8552 - val_loss: 0.9092 - val_acc: 0.6946
Learning rate:  5e-07
Epoch 182/200

Epoch 00182: val_acc did not improve
 - 20s - loss: 0.4168 - acc: 0.8578 - val_loss: 0.9104 - val_acc: 0.7092
Learning rate:  5e-07
Epoch 183/200

Epoch 00183: val_acc improved from 0.78640 to 0.78860, saving model to ./weights/RESNET_CIFAR-10_full-tnn_4b_4b_3.hdf5
 - 21s - loss: 0.4210 - acc: 0.8571 - val_loss: 0.6429 - val_acc: 0.7886
Learning rate:  5e-07
Epoch 184/200

Epoch 00184: val_acc did not improve
 - 20s - loss: 0.4177 - acc: 0.8591 - val_loss: 0.7286 - val_acc: 0.7652
Learning rate:  5e-07
Epoch 185/200

Epoch 00185: val_acc did not improve
 - 21s - loss: 0.4215 - acc: 0.8583 - val_loss: 0.7787 - val_acc: 0.7516
Learning rate:  5e-07
Epoch 186/200

Epoch 00186: val_acc did not improve
 - 20s - loss: 0.4208 - acc: 0.8571 - val_loss: 0.8209 - val_acc: 0.7368
Learning rate:  5e-07
Epoch 187/200

Epoch 00187: val_acc did not improve
 - 20s - loss: 0.4180 - acc: 0.8585 - val_loss: 0.8447 - val_acc: 0.7346
Learning rate:  5e-07
Epoch 188/200

Epoch 00188: val_acc did not improve
 - 20s - loss: 0.4248 - acc: 0.8561 - val_loss: 0.7428 - val_acc: 0.7578
Learning rate:  5e-07
Epoch 189/200

Epoch 00189: val_acc did not improve
 - 20s - loss: 0.4206 - acc: 0.8594 - val_loss: 0.7223 - val_acc: 0.7614
Learning rate:  5e-07
Epoch 190/200

Epoch 00190: val_acc did not improve
 - 20s - loss: 0.4209 - acc: 0.8574 - val_loss: 0.9699 - val_acc: 0.7048
Learning rate:  5e-07
Epoch 191/200

Epoch 00191: val_acc did not improve
 - 21s - loss: 0.4229 - acc: 0.8563 - val_loss: 0.8372 - val_acc: 0.7344
Learning rate:  5e-07
Epoch 192/200

Epoch 00192: val_acc did not improve
 - 20s - loss: 0.4234 - acc: 0.8557 - val_loss: 1.1739 - val_acc: 0.6478
Learning rate:  5e-07
Epoch 193/200

Epoch 00193: val_acc did not improve
 - 20s - loss: 0.4240 - acc: 0.8567 - val_loss: 0.8470 - val_acc: 0.7248
Learning rate:  5e-07
Epoch 194/200

Epoch 00194: val_acc did not improve
 - 20s - loss: 0.4138 - acc: 0.8596 - val_loss: 0.8460 - val_acc: 0.7276
Learning rate:  5e-07
Epoch 195/200

Epoch 00195: val_acc did not improve
 - 20s - loss: 0.4245 - acc: 0.8563 - val_loss: 0.7967 - val_acc: 0.7574
Learning rate:  5e-07
Epoch 196/200

Epoch 00196: val_acc did not improve
 - 20s - loss: 0.4240 - acc: 0.8564 - val_loss: 0.6932 - val_acc: 0.7720
Learning rate:  5e-07
Epoch 197/200

Epoch 00197: val_acc did not improve
 - 21s - loss: 0.4203 - acc: 0.8566 - val_loss: 0.8299 - val_acc: 0.7320
Learning rate:  5e-07
Epoch 198/200

Epoch 00198: val_acc did not improve
 - 20s - loss: 0.4219 - acc: 0.8580 - val_loss: 0.8142 - val_acc: 0.7306
Learning rate:  5e-07
Epoch 199/200

Epoch 00199: val_acc did not improve
 - 20s - loss: 0.4239 - acc: 0.8553 - val_loss: 0.6728 - val_acc: 0.7774
Learning rate:  5e-07
Epoch 200/200

Epoch 00200: val_acc did not improve
 - 20s - loss: 0.4240 - acc: 0.8558 - val_loss: 0.7276 - val_acc: 0.7494
Done

