Construct the Network

__________________________________________________________________________________________________
Layer (type)                    Output Shape         Param #     Connected to                     
==================================================================================================
input_2 (InputLayer)            (None, 32, 32, 3)    0                                            
__________________________________________________________________________________________________
quantized_conv2d_1 (QuantizedCo (None, 32, 32, 16)   448         input_2[0][0]                    
__________________________________________________________________________________________________
batch_normalization_1 (BatchNor (None, 32, 32, 16)   64          quantized_conv2d_1[0][0]         
__________________________________________________________________________________________________
activation_1 (Activation)       (None, 32, 32, 16)   0           batch_normalization_1[0][0]      
__________________________________________________________________________________________________
quantized_conv2d_2 (QuantizedCo (None, 32, 32, 16)   2320        activation_1[0][0]               
__________________________________________________________________________________________________
batch_normalization_2 (BatchNor (None, 32, 32, 16)   64          quantized_conv2d_2[0][0]         
__________________________________________________________________________________________________
activation_2 (Activation)       (None, 32, 32, 16)   0           batch_normalization_2[0][0]      
__________________________________________________________________________________________________
quantized_conv2d_3 (QuantizedCo (None, 32, 32, 16)   2320        activation_2[0][0]               
__________________________________________________________________________________________________
batch_normalization_3 (BatchNor (None, 32, 32, 16)   64          quantized_conv2d_3[0][0]         
__________________________________________________________________________________________________
add_1 (Add)                     (None, 32, 32, 16)   0           activation_1[0][0]               
                                                                 batch_normalization_3[0][0]      
__________________________________________________________________________________________________
activation_3 (Activation)       (None, 32, 32, 16)   0           add_1[0][0]                      
__________________________________________________________________________________________________
quantized_conv2d_4 (QuantizedCo (None, 32, 32, 16)   2320        activation_3[0][0]               
__________________________________________________________________________________________________
batch_normalization_4 (BatchNor (None, 32, 32, 16)   64          quantized_conv2d_4[0][0]         
__________________________________________________________________________________________________
activation_4 (Activation)       (None, 32, 32, 16)   0           batch_normalization_4[0][0]      
__________________________________________________________________________________________________
quantized_conv2d_5 (QuantizedCo (None, 32, 32, 16)   2320        activation_4[0][0]               
__________________________________________________________________________________________________
batch_normalization_5 (BatchNor (None, 32, 32, 16)   64          quantized_conv2d_5[0][0]         
__________________________________________________________________________________________________
add_2 (Add)                     (None, 32, 32, 16)   0           activation_3[0][0]               
                                                                 batch_normalization_5[0][0]      
__________________________________________________________________________________________________
activation_5 (Activation)       (None, 32, 32, 16)   0           add_2[0][0]                      
__________________________________________________________________________________________________
quantized_conv2d_6 (QuantizedCo (None, 32, 32, 16)   2320        activation_5[0][0]               
__________________________________________________________________________________________________
batch_normalization_6 (BatchNor (None, 32, 32, 16)   64          quantized_conv2d_6[0][0]         
__________________________________________________________________________________________________
activation_6 (Activation)       (None, 32, 32, 16)   0           batch_normalization_6[0][0]      
__________________________________________________________________________________________________
quantized_conv2d_7 (QuantizedCo (None, 32, 32, 16)   2320        activation_6[0][0]               
__________________________________________________________________________________________________
batch_normalization_7 (BatchNor (None, 32, 32, 16)   64          quantized_conv2d_7[0][0]         
__________________________________________________________________________________________________
add_3 (Add)                     (None, 32, 32, 16)   0           activation_5[0][0]               
                                                                 batch_normalization_7[0][0]      
__________________________________________________________________________________________________
activation_7 (Activation)       (None, 32, 32, 16)   0           add_3[0][0]                      
__________________________________________________________________________________________________
quantized_conv2d_8 (QuantizedCo (None, 16, 16, 32)   4640        activation_7[0][0]               
__________________________________________________________________________________________________
batch_normalization_8 (BatchNor (None, 16, 16, 32)   128         quantized_conv2d_8[0][0]         
__________________________________________________________________________________________________
activation_8 (Activation)       (None, 16, 16, 32)   0           batch_normalization_8[0][0]      
__________________________________________________________________________________________________
quantized_conv2d_9 (QuantizedCo (None, 16, 16, 32)   9248        activation_8[0][0]               
__________________________________________________________________________________________________
quantized_conv2d_10 (QuantizedC (None, 16, 16, 32)   544         activation_7[0][0]               
__________________________________________________________________________________________________
batch_normalization_9 (BatchNor (None, 16, 16, 32)   128         quantized_conv2d_9[0][0]         
__________________________________________________________________________________________________
add_4 (Add)                     (None, 16, 16, 32)   0           quantized_conv2d_10[0][0]        
                                                                 batch_normalization_9[0][0]      
__________________________________________________________________________________________________
activation_9 (Activation)       (None, 16, 16, 32)   0           add_4[0][0]                      
__________________________________________________________________________________________________
quantized_conv2d_11 (QuantizedC (None, 16, 16, 32)   9248        activation_9[0][0]               
__________________________________________________________________________________________________
batch_normalization_10 (BatchNo (None, 16, 16, 32)   128         quantized_conv2d_11[0][0]        
__________________________________________________________________________________________________
activation_10 (Activation)      (None, 16, 16, 32)   0           batch_normalization_10[0][0]     
__________________________________________________________________________________________________
quantized_conv2d_12 (QuantizedC (None, 16, 16, 32)   9248        activation_10[0][0]              
__________________________________________________________________________________________________
batch_normalization_11 (BatchNo (None, 16, 16, 32)   128         quantized_conv2d_12[0][0]        
__________________________________________________________________________________________________
add_5 (Add)                     (None, 16, 16, 32)   0           activation_9[0][0]               
                                                                 batch_normalization_11[0][0]     
__________________________________________________________________________________________________
activation_11 (Activation)      (None, 16, 16, 32)   0           add_5[0][0]                      
__________________________________________________________________________________________________
quantized_conv2d_13 (QuantizedC (None, 16, 16, 32)   9248        activation_11[0][0]              
__________________________________________________________________________________________________
batch_normalization_12 (BatchNo (None, 16, 16, 32)   128         quantized_conv2d_13[0][0]        
__________________________________________________________________________________________________
activation_12 (Activation)      (None, 16, 16, 32)   0           batch_normalization_12[0][0]     
__________________________________________________________________________________________________
quantized_conv2d_14 (QuantizedC (None, 16, 16, 32)   9248        activation_12[0][0]              
__________________________________________________________________________________________________
batch_normalization_13 (BatchNo (None, 16, 16, 32)   128         quantized_conv2d_14[0][0]        
__________________________________________________________________________________________________
add_6 (Add)                     (None, 16, 16, 32)   0           activation_11[0][0]              
                                                                 batch_normalization_13[0][0]     
__________________________________________________________________________________________________
activation_13 (Activation)      (None, 16, 16, 32)   0           add_6[0][0]                      
__________________________________________________________________________________________________
quantized_conv2d_15 (QuantizedC (None, 8, 8, 64)     18496       activation_13[0][0]              
__________________________________________________________________________________________________
batch_normalization_14 (BatchNo (None, 8, 8, 64)     256         quantized_conv2d_15[0][0]        
__________________________________________________________________________________________________
activation_14 (Activation)      (None, 8, 8, 64)     0           batch_normalization_14[0][0]     
__________________________________________________________________________________________________
quantized_conv2d_16 (QuantizedC (None, 8, 8, 64)     36928       activation_14[0][0]              
__________________________________________________________________________________________________
quantized_conv2d_17 (QuantizedC (None, 8, 8, 64)     2112        activation_13[0][0]              
__________________________________________________________________________________________________
batch_normalization_15 (BatchNo (None, 8, 8, 64)     256         quantized_conv2d_16[0][0]        
__________________________________________________________________________________________________
add_7 (Add)                     (None, 8, 8, 64)     0           quantized_conv2d_17[0][0]        
                                                                 batch_normalization_15[0][0]     
__________________________________________________________________________________________________
activation_15 (Activation)      (None, 8, 8, 64)     0           add_7[0][0]                      
__________________________________________________________________________________________________
quantized_conv2d_18 (QuantizedC (None, 8, 8, 64)     36928       activation_15[0][0]              
__________________________________________________________________________________________________
batch_normalization_16 (BatchNo (None, 8, 8, 64)     256         quantized_conv2d_18[0][0]        
__________________________________________________________________________________________________
activation_16 (Activation)      (None, 8, 8, 64)     0           batch_normalization_16[0][0]     
__________________________________________________________________________________________________
quantized_conv2d_19 (QuantizedC (None, 8, 8, 64)     36928       activation_16[0][0]              
__________________________________________________________________________________________________
batch_normalization_17 (BatchNo (None, 8, 8, 64)     256         quantized_conv2d_19[0][0]        
__________________________________________________________________________________________________
add_8 (Add)                     (None, 8, 8, 64)     0           activation_15[0][0]              
                                                                 batch_normalization_17[0][0]     
__________________________________________________________________________________________________
activation_17 (Activation)      (None, 8, 8, 64)     0           add_8[0][0]                      
__________________________________________________________________________________________________
quantized_conv2d_20 (QuantizedC (None, 8, 8, 64)     36928       activation_17[0][0]              
__________________________________________________________________________________________________
batch_normalization_18 (BatchNo (None, 8, 8, 64)     256         quantized_conv2d_20[0][0]        
__________________________________________________________________________________________________
activation_18 (Activation)      (None, 8, 8, 64)     0           batch_normalization_18[0][0]     
__________________________________________________________________________________________________
quantized_conv2d_21 (QuantizedC (None, 8, 8, 64)     36928       activation_18[0][0]              
__________________________________________________________________________________________________
batch_normalization_19 (BatchNo (None, 8, 8, 64)     256         quantized_conv2d_21[0][0]        
__________________________________________________________________________________________________
add_9 (Add)                     (None, 8, 8, 64)     0           activation_17[0][0]              
                                                                 batch_normalization_19[0][0]     
__________________________________________________________________________________________________
activation_19 (Activation)      (None, 8, 8, 64)     0           add_9[0][0]                      
__________________________________________________________________________________________________
average_pooling2d_1 (AveragePoo (None, 1, 1, 64)     0           activation_19[0][0]              
__________________________________________________________________________________________________
flatten_1 (Flatten)             (None, 64)           0           average_pooling2d_1[0][0]        
__________________________________________________________________________________________________
quantized_dense_2 (QuantizedDen (None, 10)           650         flatten_1[0][0]                  
==================================================================================================
Total params: 274,442
Trainable params: 273,066
Non-trainable params: 1,376
__________________________________________________________________________________________________
loading data

Loading CIFAR-10 dataset...
(45000, 32, 32, 3)
setting up the network and creating callbacks

Learning rate:  0.001
compiling the network

No weights preloaded, training from scratch

(re)training the network

Train on 45000 samples, validate on 5000 samples
Learning rate:  0.001
Epoch 1/200

Epoch 00001: val_acc improved from -inf to 0.19860, saving model to ./weights/RESNET_CIFAR-10_full-qnn_4b_4b_3.hdf5
 - 29s - loss: 11.1521 - acc: 0.1751 - val_loss: 10.9697 - val_acc: 0.1986
Learning rate:  0.001
Epoch 2/200

Epoch 00002: val_acc improved from 0.19860 to 0.24920, saving model to ./weights/RESNET_CIFAR-10_full-qnn_4b_4b_3.hdf5
 - 25s - loss: 10.8821 - acc: 0.2402 - val_loss: 10.8538 - val_acc: 0.2492
Learning rate:  0.001
Epoch 3/200

Epoch 00003: val_acc did not improve
 - 24s - loss: 10.7276 - acc: 0.2775 - val_loss: 10.8193 - val_acc: 0.2398
Learning rate:  0.001
Epoch 4/200

Epoch 00004: val_acc improved from 0.24920 to 0.32900, saving model to ./weights/RESNET_CIFAR-10_full-qnn_4b_4b_3.hdf5
 - 25s - loss: 10.5951 - acc: 0.3053 - val_loss: 10.5338 - val_acc: 0.3290
Learning rate:  0.001
Epoch 5/200

Epoch 00005: val_acc improved from 0.32900 to 0.33960, saving model to ./weights/RESNET_CIFAR-10_full-qnn_4b_4b_3.hdf5
 - 25s - loss: 10.4575 - acc: 0.3346 - val_loss: 10.4003 - val_acc: 0.3396
Learning rate:  0.001
Epoch 6/200

Epoch 00006: val_acc improved from 0.33960 to 0.35080, saving model to ./weights/RESNET_CIFAR-10_full-qnn_4b_4b_3.hdf5
 - 25s - loss: 10.3415 - acc: 0.3486 - val_loss: 10.2862 - val_acc: 0.3508
Learning rate:  0.001
Epoch 7/200

Epoch 00007: val_acc improved from 0.35080 to 0.35520, saving model to ./weights/RESNET_CIFAR-10_full-qnn_4b_4b_3.hdf5
 - 25s - loss: 10.2125 - acc: 0.3706 - val_loss: 10.2022 - val_acc: 0.3552
Learning rate:  0.001
Epoch 8/200

Epoch 00008: val_acc improved from 0.35520 to 0.38380, saving model to ./weights/RESNET_CIFAR-10_full-qnn_4b_4b_3.hdf5
 - 25s - loss: 10.1023 - acc: 0.3836 - val_loss: 10.0649 - val_acc: 0.3838
Learning rate:  0.001
Epoch 9/200

Epoch 00009: val_acc improved from 0.38380 to 0.39680, saving model to ./weights/RESNET_CIFAR-10_full-qnn_4b_4b_3.hdf5
 - 25s - loss: 9.9970 - acc: 0.3982 - val_loss: 9.9679 - val_acc: 0.3968
Learning rate:  0.001
Epoch 10/200

Epoch 00010: val_acc improved from 0.39680 to 0.40340, saving model to ./weights/RESNET_CIFAR-10_full-qnn_4b_4b_3.hdf5
 - 25s - loss: 9.8967 - acc: 0.4127 - val_loss: 9.8777 - val_acc: 0.4034
Learning rate:  0.001
Epoch 11/200

Epoch 00011: val_acc improved from 0.40340 to 0.41060, saving model to ./weights/RESNET_CIFAR-10_full-qnn_4b_4b_3.hdf5
 - 25s - loss: 9.7985 - acc: 0.4232 - val_loss: 9.7889 - val_acc: 0.4106
Learning rate:  0.001
Epoch 12/200

Epoch 00012: val_acc improved from 0.41060 to 0.43040, saving model to ./weights/RESNET_CIFAR-10_full-qnn_4b_4b_3.hdf5
 - 25s - loss: 9.6988 - acc: 0.4377 - val_loss: 9.6634 - val_acc: 0.4304
Learning rate:  0.001
Epoch 13/200

Epoch 00013: val_acc improved from 0.43040 to 0.44040, saving model to ./weights/RESNET_CIFAR-10_full-qnn_4b_4b_3.hdf5
 - 25s - loss: 9.6065 - acc: 0.4491 - val_loss: 9.5763 - val_acc: 0.4404
Learning rate:  0.001
Epoch 14/200

Epoch 00014: val_acc did not improve
 - 24s - loss: 9.5223 - acc: 0.4603 - val_loss: 9.5855 - val_acc: 0.4260
Learning rate:  0.001
Epoch 15/200

Epoch 00015: val_acc improved from 0.44040 to 0.45500, saving model to ./weights/RESNET_CIFAR-10_full-qnn_4b_4b_3.hdf5
 - 25s - loss: 9.4409 - acc: 0.4680 - val_loss: 9.4324 - val_acc: 0.4550
Learning rate:  0.001
Epoch 16/200

Epoch 00016: val_acc improved from 0.45500 to 0.46680, saving model to ./weights/RESNET_CIFAR-10_full-qnn_4b_4b_3.hdf5
 - 25s - loss: 9.3705 - acc: 0.4754 - val_loss: 9.3516 - val_acc: 0.4668
Learning rate:  0.001
Epoch 17/200

Epoch 00017: val_acc did not improve
 - 24s - loss: 9.2892 - acc: 0.4834 - val_loss: 9.3161 - val_acc: 0.4536
Learning rate:  0.001
Epoch 18/200

Epoch 00018: val_acc improved from 0.46680 to 0.48920, saving model to ./weights/RESNET_CIFAR-10_full-qnn_4b_4b_3.hdf5
 - 25s - loss: 9.2077 - acc: 0.4942 - val_loss: 9.1936 - val_acc: 0.4892
Learning rate:  0.001
Epoch 19/200

Epoch 00019: val_acc improved from 0.48920 to 0.49240, saving model to ./weights/RESNET_CIFAR-10_full-qnn_4b_4b_3.hdf5
 - 25s - loss: 9.1357 - acc: 0.4989 - val_loss: 9.1130 - val_acc: 0.4924
Learning rate:  0.001
Epoch 20/200

Epoch 00020: val_acc did not improve
 - 24s - loss: 9.0611 - acc: 0.5079 - val_loss: 9.1329 - val_acc: 0.4732
Learning rate:  0.001
Epoch 21/200

Epoch 00021: val_acc improved from 0.49240 to 0.49920, saving model to ./weights/RESNET_CIFAR-10_full-qnn_4b_4b_3.hdf5
 - 25s - loss: 8.9975 - acc: 0.5133 - val_loss: 9.0120 - val_acc: 0.4992
Learning rate:  0.001
Epoch 22/200

Epoch 00022: val_acc improved from 0.49920 to 0.50980, saving model to ./weights/RESNET_CIFAR-10_full-qnn_4b_4b_3.hdf5
 - 25s - loss: 8.9219 - acc: 0.5246 - val_loss: 8.9247 - val_acc: 0.5098
Learning rate:  0.001
Epoch 23/200

Epoch 00023: val_acc improved from 0.50980 to 0.51160, saving model to ./weights/RESNET_CIFAR-10_full-qnn_4b_4b_3.hdf5
 - 25s - loss: 8.8571 - acc: 0.5274 - val_loss: 8.8691 - val_acc: 0.5116
Learning rate:  0.001
Epoch 24/200

Epoch 00024: val_acc improved from 0.51160 to 0.51860, saving model to ./weights/RESNET_CIFAR-10_full-qnn_4b_4b_3.hdf5
 - 25s - loss: 8.7883 - acc: 0.5368 - val_loss: 8.7970 - val_acc: 0.5186
Learning rate:  0.001
Epoch 25/200

Epoch 00025: val_acc did not improve
 - 24s - loss: 8.7188 - acc: 0.5446 - val_loss: 8.8006 - val_acc: 0.5112
Learning rate:  0.001
Epoch 26/200

Epoch 00026: val_acc improved from 0.51860 to 0.52660, saving model to ./weights/RESNET_CIFAR-10_full-qnn_4b_4b_3.hdf5
 - 25s - loss: 8.6595 - acc: 0.5505 - val_loss: 8.6892 - val_acc: 0.5266
Learning rate:  0.001
Epoch 27/200

Epoch 00027: val_acc did not improve
 - 24s - loss: 8.5994 - acc: 0.5540 - val_loss: 8.6718 - val_acc: 0.5160
Learning rate:  0.001
Epoch 28/200

Epoch 00028: val_acc did not improve
 - 24s - loss: 8.5424 - acc: 0.5639 - val_loss: 8.6498 - val_acc: 0.5050
Learning rate:  0.001
Epoch 29/200

Epoch 00029: val_acc improved from 0.52660 to 0.53960, saving model to ./weights/RESNET_CIFAR-10_full-qnn_4b_4b_3.hdf5
 - 25s - loss: 8.4761 - acc: 0.5717 - val_loss: 8.5436 - val_acc: 0.5396
Learning rate:  0.001
Epoch 30/200

Epoch 00030: val_acc improved from 0.53960 to 0.55780, saving model to ./weights/RESNET_CIFAR-10_full-qnn_4b_4b_3.hdf5
 - 25s - loss: 8.4251 - acc: 0.5758 - val_loss: 8.4666 - val_acc: 0.5578
Learning rate:  0.001
Epoch 31/200

Epoch 00031: val_acc did not improve
 - 24s - loss: 8.3691 - acc: 0.5828 - val_loss: 8.4147 - val_acc: 0.5518
Learning rate:  0.001
Epoch 32/200

Epoch 00032: val_acc did not improve
 - 24s - loss: 8.3127 - acc: 0.5932 - val_loss: 8.3931 - val_acc: 0.5544
Learning rate:  0.001
Epoch 33/200

Epoch 00033: val_acc improved from 0.55780 to 0.56060, saving model to ./weights/RESNET_CIFAR-10_full-qnn_4b_4b_3.hdf5
 - 25s - loss: 8.2619 - acc: 0.5929 - val_loss: 8.3408 - val_acc: 0.5606
Learning rate:  0.001
Epoch 34/200

Epoch 00034: val_acc did not improve
 - 24s - loss: 8.2062 - acc: 0.6028 - val_loss: 8.2930 - val_acc: 0.5598
Learning rate:  0.001
Epoch 35/200

Epoch 00035: val_acc improved from 0.56060 to 0.56880, saving model to ./weights/RESNET_CIFAR-10_full-qnn_4b_4b_3.hdf5
 - 25s - loss: 8.1535 - acc: 0.6091 - val_loss: 8.2525 - val_acc: 0.5688
Learning rate:  0.001
Epoch 36/200

Epoch 00036: val_acc did not improve
 - 24s - loss: 8.1131 - acc: 0.6145 - val_loss: 8.2089 - val_acc: 0.5666
Learning rate:  0.001
Epoch 37/200

Epoch 00037: val_acc did not improve
 - 24s - loss: 8.0518 - acc: 0.6246 - val_loss: 8.2253 - val_acc: 0.5616
Learning rate:  0.001
Epoch 38/200

Epoch 00038: val_acc improved from 0.56880 to 0.58000, saving model to ./weights/RESNET_CIFAR-10_full-qnn_4b_4b_3.hdf5
 - 25s - loss: 8.0137 - acc: 0.6269 - val_loss: 8.1130 - val_acc: 0.5800
Learning rate:  0.001
Epoch 39/200

Epoch 00039: val_acc did not improve
 - 24s - loss: 7.9652 - acc: 0.6338 - val_loss: 8.3087 - val_acc: 0.5182
Learning rate:  0.001
Epoch 40/200

Epoch 00040: val_acc did not improve
 - 24s - loss: 7.9213 - acc: 0.6402 - val_loss: 8.0661 - val_acc: 0.5764
Learning rate:  0.001
Epoch 41/200

Epoch 00041: val_acc did not improve
 - 24s - loss: 7.8733 - acc: 0.6438 - val_loss: 8.0548 - val_acc: 0.5704
Learning rate:  0.001
Epoch 42/200

Epoch 00042: val_acc improved from 0.58000 to 0.58900, saving model to ./weights/RESNET_CIFAR-10_full-qnn_4b_4b_3.hdf5
 - 25s - loss: 7.8259 - acc: 0.6532 - val_loss: 8.0112 - val_acc: 0.5890
Learning rate:  0.001
Epoch 43/200

Epoch 00043: val_acc improved from 0.58900 to 0.59000, saving model to ./weights/RESNET_CIFAR-10_full-qnn_4b_4b_3.hdf5
 - 25s - loss: 7.7817 - acc: 0.6566 - val_loss: 7.9785 - val_acc: 0.5900
Learning rate:  0.001
Epoch 44/200

Epoch 00044: val_acc improved from 0.59000 to 0.59680, saving model to ./weights/RESNET_CIFAR-10_full-qnn_4b_4b_3.hdf5
 - 25s - loss: 7.7341 - acc: 0.6684 - val_loss: 7.9217 - val_acc: 0.5968
Learning rate:  0.001
Epoch 45/200

Epoch 00045: val_acc improved from 0.59680 to 0.60960, saving model to ./weights/RESNET_CIFAR-10_full-qnn_4b_4b_3.hdf5
 - 25s - loss: 7.6943 - acc: 0.6696 - val_loss: 7.8416 - val_acc: 0.6096
Learning rate:  0.001
Epoch 46/200

Epoch 00046: val_acc did not improve
 - 24s - loss: 7.6525 - acc: 0.6766 - val_loss: 7.8903 - val_acc: 0.5912
Learning rate:  0.001
Epoch 47/200

Epoch 00047: val_acc did not improve
 - 24s - loss: 7.6088 - acc: 0.6832 - val_loss: 7.9570 - val_acc: 0.5610
Learning rate:  0.001
Epoch 48/200

Epoch 00048: val_acc improved from 0.60960 to 0.62440, saving model to ./weights/RESNET_CIFAR-10_full-qnn_4b_4b_3.hdf5
 - 25s - loss: 7.5707 - acc: 0.6878 - val_loss: 7.7378 - val_acc: 0.6244
Learning rate:  0.001
Epoch 49/200

Epoch 00049: val_acc did not improve
 - 24s - loss: 7.5328 - acc: 0.6936 - val_loss: 7.8044 - val_acc: 0.6000
Learning rate:  0.001
Epoch 50/200

Epoch 00050: val_acc did not improve
 - 24s - loss: 7.4943 - acc: 0.6986 - val_loss: 7.7524 - val_acc: 0.6044
Learning rate:  0.001
Epoch 51/200

Epoch 00051: val_acc did not improve
 - 24s - loss: 7.4524 - acc: 0.7058 - val_loss: 7.6704 - val_acc: 0.6232
Learning rate:  0.001
Epoch 52/200

Epoch 00052: val_acc did not improve
 - 24s - loss: 7.4151 - acc: 0.7089 - val_loss: 7.6638 - val_acc: 0.6202
Learning rate:  0.001
Epoch 53/200

Epoch 00053: val_acc did not improve
 - 24s - loss: 7.3854 - acc: 0.7124 - val_loss: 7.6462 - val_acc: 0.6224
Learning rate:  0.001
Epoch 54/200

Epoch 00054: val_acc improved from 0.62440 to 0.63340, saving model to ./weights/RESNET_CIFAR-10_full-qnn_4b_4b_3.hdf5
 - 25s - loss: 7.3469 - acc: 0.7178 - val_loss: 7.6079 - val_acc: 0.6334
Learning rate:  0.001
Epoch 55/200

Epoch 00055: val_acc improved from 0.63340 to 0.63760, saving model to ./weights/RESNET_CIFAR-10_full-qnn_4b_4b_3.hdf5
 - 25s - loss: 7.3102 - acc: 0.7263 - val_loss: 7.5612 - val_acc: 0.6376
Learning rate:  0.001
Epoch 56/200

Epoch 00056: val_acc did not improve
 - 24s - loss: 7.2800 - acc: 0.7271 - val_loss: 7.6301 - val_acc: 0.6046
Learning rate:  0.001
Epoch 57/200

Epoch 00057: val_acc did not improve
 - 24s - loss: 7.2421 - acc: 0.7367 - val_loss: 7.5406 - val_acc: 0.6264
Learning rate:  0.001
Epoch 58/200

Epoch 00058: val_acc did not improve
 - 24s - loss: 7.2120 - acc: 0.7371 - val_loss: 7.5884 - val_acc: 0.6246
Learning rate:  0.001
Epoch 59/200

Epoch 00059: val_acc did not improve
 - 24s - loss: 7.1826 - acc: 0.7431 - val_loss: 7.5581 - val_acc: 0.6152
Learning rate:  0.001
Epoch 60/200

Epoch 00060: val_acc did not improve
 - 24s - loss: 7.1587 - acc: 0.7436 - val_loss: 7.6608 - val_acc: 0.5832
Learning rate:  0.001
Epoch 61/200

Epoch 00061: val_acc improved from 0.63760 to 0.64520, saving model to ./weights/RESNET_CIFAR-10_full-qnn_4b_4b_3.hdf5
 - 25s - loss: 7.1274 - acc: 0.7459 - val_loss: 7.4450 - val_acc: 0.6452
Learning rate:  0.001
Epoch 62/200

Epoch 00062: val_acc did not improve
 - 24s - loss: 7.0893 - acc: 0.7564 - val_loss: 7.4330 - val_acc: 0.6352
Learning rate:  0.001
Epoch 63/200

Epoch 00063: val_acc did not improve
 - 24s - loss: 7.0601 - acc: 0.7621 - val_loss: 7.5027 - val_acc: 0.6270
Learning rate:  0.001
Epoch 64/200

Epoch 00064: val_acc did not improve
 - 24s - loss: 7.0351 - acc: 0.7616 - val_loss: 7.4441 - val_acc: 0.6304
Learning rate:  0.001
Epoch 65/200

Epoch 00065: val_acc did not improve
 - 24s - loss: 7.0102 - acc: 0.7646 - val_loss: 7.5170 - val_acc: 0.6040
Learning rate:  0.001
Epoch 66/200

Epoch 00066: val_acc did not improve
 - 24s - loss: 6.9814 - acc: 0.7690 - val_loss: 7.4040 - val_acc: 0.6300
Learning rate:  0.001
Epoch 67/200

Epoch 00067: val_acc did not improve
 - 24s - loss: 6.9557 - acc: 0.7727 - val_loss: 7.4401 - val_acc: 0.6254
Learning rate:  0.001
Epoch 68/200

Epoch 00068: val_acc improved from 0.64520 to 0.64700, saving model to ./weights/RESNET_CIFAR-10_full-qnn_4b_4b_3.hdf5
 - 25s - loss: 6.9292 - acc: 0.7790 - val_loss: 7.3476 - val_acc: 0.6470
Learning rate:  0.001
Epoch 69/200

Epoch 00069: val_acc did not improve
 - 24s - loss: 6.9022 - acc: 0.7808 - val_loss: 7.3476 - val_acc: 0.6306
Learning rate:  0.001
Epoch 70/200

Epoch 00070: val_acc did not improve
 - 24s - loss: 6.8700 - acc: 0.7902 - val_loss: 7.3811 - val_acc: 0.6304
Learning rate:  0.001
Epoch 71/200

Epoch 00071: val_acc did not improve
 - 24s - loss: 6.8528 - acc: 0.7887 - val_loss: 7.5901 - val_acc: 0.5802
Learning rate:  0.001
Epoch 72/200

Epoch 00072: val_acc did not improve
 - 24s - loss: 6.8287 - acc: 0.7903 - val_loss: 7.2676 - val_acc: 0.6424
Learning rate:  0.001
Epoch 73/200

Epoch 00073: val_acc improved from 0.64700 to 0.64820, saving model to ./weights/RESNET_CIFAR-10_full-qnn_4b_4b_3.hdf5
 - 25s - loss: 6.7938 - acc: 0.8000 - val_loss: 7.2875 - val_acc: 0.6482
Learning rate:  0.001
Epoch 74/200

Epoch 00074: val_acc did not improve
 - 24s - loss: 6.7835 - acc: 0.7970 - val_loss: 7.2803 - val_acc: 0.6374
Learning rate:  0.001
Epoch 75/200

Epoch 00075: val_acc did not improve
 - 24s - loss: 6.7639 - acc: 0.8012 - val_loss: 7.3724 - val_acc: 0.6242
Learning rate:  0.001
Epoch 76/200

Epoch 00076: val_acc did not improve
 - 24s - loss: 6.7386 - acc: 0.8052 - val_loss: 7.3339 - val_acc: 0.6348
Learning rate:  0.001
Epoch 77/200

Epoch 00077: val_acc did not improve
 - 24s - loss: 6.7176 - acc: 0.8058 - val_loss: 7.3223 - val_acc: 0.6202
Learning rate:  0.001
Epoch 78/200

Epoch 00078: val_acc did not improve
 - 24s - loss: 6.6916 - acc: 0.8125 - val_loss: 7.2841 - val_acc: 0.6352
Learning rate:  0.001
Epoch 79/200

Epoch 00079: val_acc did not improve
 - 24s - loss: 6.6784 - acc: 0.8107 - val_loss: 7.2581 - val_acc: 0.6344
Learning rate:  0.001
Epoch 80/200

Epoch 00080: val_acc improved from 0.64820 to 0.66020, saving model to ./weights/RESNET_CIFAR-10_full-qnn_4b_4b_3.hdf5
 - 25s - loss: 6.6536 - acc: 0.8170 - val_loss: 7.1669 - val_acc: 0.6602
Learning rate:  0.001
Epoch 81/200

Epoch 00081: val_acc did not improve
 - 24s - loss: 6.6341 - acc: 0.8181 - val_loss: 7.2504 - val_acc: 0.6416
Learning rate:  0.0001
Epoch 82/200

Epoch 00082: val_acc improved from 0.66020 to 0.68440, saving model to ./weights/RESNET_CIFAR-10_full-qnn_4b_4b_3.hdf5
 - 25s - loss: 6.5468 - acc: 0.8532 - val_loss: 7.0867 - val_acc: 0.6844
Learning rate:  0.0001
Epoch 83/200

Epoch 00083: val_acc did not improve
 - 24s - loss: 6.5231 - acc: 0.8632 - val_loss: 7.0915 - val_acc: 0.6722
Learning rate:  0.0001
Epoch 84/200

Epoch 00084: val_acc did not improve
 - 24s - loss: 6.5161 - acc: 0.8644 - val_loss: 7.0973 - val_acc: 0.6742
Learning rate:  0.0001
Epoch 85/200

Epoch 00085: val_acc did not improve
 - 24s - loss: 6.5108 - acc: 0.8656 - val_loss: 7.0962 - val_acc: 0.6752
Learning rate:  0.0001
Epoch 86/200

Epoch 00086: val_acc did not improve
 - 24s - loss: 6.5039 - acc: 0.8666 - val_loss: 7.0808 - val_acc: 0.6782
Learning rate:  0.0001
Epoch 87/200

Epoch 00087: val_acc did not improve
 - 24s - loss: 6.4992 - acc: 0.8682 - val_loss: 7.0687 - val_acc: 0.6760
Learning rate:  0.0001
Epoch 88/200

Epoch 00088: val_acc did not improve
 - 24s - loss: 6.4963 - acc: 0.8675 - val_loss: 7.0810 - val_acc: 0.6758
Learning rate:  0.0001
Epoch 89/200

Epoch 00089: val_acc did not improve
 - 24s - loss: 6.4904 - acc: 0.8696 - val_loss: 7.1418 - val_acc: 0.6664
Learning rate:  0.0001
Epoch 90/200

Epoch 00090: val_acc did not improve
 - 24s - loss: 6.4847 - acc: 0.8708 - val_loss: 7.1217 - val_acc: 0.6692
Learning rate:  0.0001
Epoch 91/200

Epoch 00091: val_acc did not improve
 - 24s - loss: 6.4777 - acc: 0.8721 - val_loss: 7.0713 - val_acc: 0.6842
Learning rate:  0.0001
Epoch 92/200

Epoch 00092: val_acc did not improve
 - 24s - loss: 6.4756 - acc: 0.8708 - val_loss: 7.1014 - val_acc: 0.6730
Learning rate:  0.0001
Epoch 93/200

Epoch 00093: val_acc did not improve
 - 24s - loss: 6.4714 - acc: 0.8722 - val_loss: 7.1241 - val_acc: 0.6712
Learning rate:  0.0001
Epoch 94/200

Epoch 00094: val_acc did not improve
 - 24s - loss: 6.4714 - acc: 0.8711 - val_loss: 7.0811 - val_acc: 0.6746
Learning rate:  0.0001
Epoch 95/200

Epoch 00095: val_acc did not improve
 - 24s - loss: 6.4630 - acc: 0.8734 - val_loss: 7.0724 - val_acc: 0.6772
Learning rate:  0.0001
Epoch 96/200

Epoch 00096: val_acc did not improve
 - 24s - loss: 6.4576 - acc: 0.8762 - val_loss: 7.0853 - val_acc: 0.6742
Learning rate:  0.0001
Epoch 97/200

Epoch 00097: val_acc did not improve
 - 24s - loss: 6.4587 - acc: 0.8727 - val_loss: 7.0527 - val_acc: 0.6822
Learning rate:  0.0001
Epoch 98/200

Epoch 00098: val_acc did not improve
 - 24s - loss: 6.4545 - acc: 0.8759 - val_loss: 7.1052 - val_acc: 0.6708
Learning rate:  0.0001
Epoch 99/200

Epoch 00099: val_acc did not improve
 - 24s - loss: 6.4492 - acc: 0.8752 - val_loss: 7.0836 - val_acc: 0.6738
Learning rate:  0.0001
Epoch 100/200

Epoch 00100: val_acc did not improve
 - 24s - loss: 6.4482 - acc: 0.8732 - val_loss: 7.1214 - val_acc: 0.6646
Learning rate:  0.0001
Epoch 101/200

Epoch 00101: val_acc did not improve
 - 24s - loss: 6.4455 - acc: 0.8755 - val_loss: 7.0839 - val_acc: 0.6712
Learning rate:  0.0001
Epoch 102/200

Epoch 00102: val_acc did not improve
 - 24s - loss: 6.4358 - acc: 0.8783 - val_loss: 7.1018 - val_acc: 0.6684
Learning rate:  0.0001
Epoch 103/200

Epoch 00103: val_acc did not improve
 - 24s - loss: 6.4365 - acc: 0.8756 - val_loss: 7.0891 - val_acc: 0.6748
Learning rate:  0.0001
Epoch 104/200

Epoch 00104: val_acc did not improve
 - 24s - loss: 6.4324 - acc: 0.8778 - val_loss: 7.1046 - val_acc: 0.6754
Learning rate:  0.0001
Epoch 105/200

Epoch 00105: val_acc did not improve
 - 24s - loss: 6.4310 - acc: 0.8759 - val_loss: 7.1324 - val_acc: 0.6634
Learning rate:  0.0001
Epoch 106/200

Epoch 00106: val_acc did not improve
 - 24s - loss: 6.4278 - acc: 0.8760 - val_loss: 7.1245 - val_acc: 0.6650
Learning rate:  0.0001
Epoch 107/200

Epoch 00107: val_acc did not improve
 - 24s - loss: 6.4225 - acc: 0.8786 - val_loss: 7.1435 - val_acc: 0.6588
Learning rate:  0.0001
Epoch 108/200

Epoch 00108: val_acc did not improve
 - 24s - loss: 6.4160 - acc: 0.8818 - val_loss: 7.0724 - val_acc: 0.6744
Learning rate:  0.0001
Epoch 109/200

Epoch 00109: val_acc did not improve
 - 25s - loss: 6.4141 - acc: 0.8805 - val_loss: 7.0685 - val_acc: 0.6716
Learning rate:  0.0001
Epoch 110/200

Epoch 00110: val_acc did not improve
 - 24s - loss: 6.4136 - acc: 0.8797 - val_loss: 7.1022 - val_acc: 0.6646
Learning rate:  0.0001
Epoch 111/200

Epoch 00111: val_acc did not improve
 - 24s - loss: 6.4081 - acc: 0.8818 - val_loss: 7.1124 - val_acc: 0.6676
Learning rate:  0.0001
Epoch 112/200

Epoch 00112: val_acc did not improve
 - 24s - loss: 6.4053 - acc: 0.8816 - val_loss: 7.0845 - val_acc: 0.6716
Learning rate:  0.0001
Epoch 113/200

Epoch 00113: val_acc did not improve
 - 24s - loss: 6.3977 - acc: 0.8824 - val_loss: 7.0759 - val_acc: 0.6710
Learning rate:  0.0001
Epoch 114/200

Epoch 00114: val_acc did not improve
 - 24s - loss: 6.3991 - acc: 0.8826 - val_loss: 7.0588 - val_acc: 0.6820
Learning rate:  0.0001
Epoch 115/200

Epoch 00115: val_acc did not improve
 - 24s - loss: 6.3998 - acc: 0.8815 - val_loss: 7.0977 - val_acc: 0.6682
Learning rate:  0.0001
Epoch 116/200

Epoch 00116: val_acc did not improve
 - 24s - loss: 6.3954 - acc: 0.8797 - val_loss: 7.0944 - val_acc: 0.6658
Learning rate:  0.0001
Epoch 117/200

Epoch 00117: val_acc did not improve
 - 24s - loss: 6.3857 - acc: 0.8837 - val_loss: 7.1273 - val_acc: 0.6646
Learning rate:  0.0001
Epoch 118/200

Epoch 00118: val_acc did not improve
 - 24s - loss: 6.3865 - acc: 0.8854 - val_loss: 7.0545 - val_acc: 0.6786
Learning rate:  0.0001
Epoch 119/200

Epoch 00119: val_acc did not improve
 - 24s - loss: 6.3840 - acc: 0.8823 - val_loss: 7.0609 - val_acc: 0.6758
Learning rate:  0.0001
Epoch 120/200

Epoch 00120: val_acc did not improve
 - 24s - loss: 6.3784 - acc: 0.8866 - val_loss: 7.0921 - val_acc: 0.6662
Learning rate:  0.0001
Epoch 121/200

Epoch 00121: val_acc did not improve
 - 24s - loss: 6.3755 - acc: 0.8854 - val_loss: 7.0906 - val_acc: 0.6742
Learning rate:  1e-05
Epoch 122/200

Epoch 00122: val_acc did not improve
 - 24s - loss: 6.3542 - acc: 0.8941 - val_loss: 7.0488 - val_acc: 0.6756
Learning rate:  1e-05
Epoch 123/200

Epoch 00123: val_acc did not improve
 - 24s - loss: 6.3513 - acc: 0.8946 - val_loss: 7.0355 - val_acc: 0.6806
Learning rate:  1e-05
Epoch 124/200

Epoch 00124: val_acc did not improve
 - 24s - loss: 6.3503 - acc: 0.8950 - val_loss: 7.0459 - val_acc: 0.6742
Learning rate:  1e-05
Epoch 125/200

Epoch 00125: val_acc did not improve
 - 24s - loss: 6.3502 - acc: 0.8941 - val_loss: 7.0469 - val_acc: 0.6790
Learning rate:  1e-05
Epoch 126/200

Epoch 00126: val_acc did not improve
 - 24s - loss: 6.3506 - acc: 0.8945 - val_loss: 7.0440 - val_acc: 0.6724
Learning rate:  1e-05
Epoch 127/200

Epoch 00127: val_acc did not improve
 - 24s - loss: 6.3501 - acc: 0.8953 - val_loss: 7.0572 - val_acc: 0.6776
Learning rate:  1e-05
Epoch 128/200

Epoch 00128: val_acc did not improve
 - 24s - loss: 6.3515 - acc: 0.8930 - val_loss: 7.0489 - val_acc: 0.6782
Learning rate:  1e-05
Epoch 129/200

Epoch 00129: val_acc did not improve
 - 24s - loss: 6.3451 - acc: 0.8972 - val_loss: 7.0493 - val_acc: 0.6742
Learning rate:  1e-05
Epoch 130/200

Epoch 00130: val_acc did not improve
 - 24s - loss: 6.3468 - acc: 0.8969 - val_loss: 7.0578 - val_acc: 0.6770
Learning rate:  1e-05
Epoch 131/200

Epoch 00131: val_acc did not improve
 - 24s - loss: 6.3482 - acc: 0.8970 - val_loss: 7.0622 - val_acc: 0.6780
Learning rate:  1e-05
Epoch 132/200

Epoch 00132: val_acc did not improve
 - 24s - loss: 6.3472 - acc: 0.8975 - val_loss: 7.0612 - val_acc: 0.6736
Learning rate:  1e-05
Epoch 133/200

Epoch 00133: val_acc did not improve
 - 24s - loss: 6.3496 - acc: 0.8943 - val_loss: 7.0662 - val_acc: 0.6700
Learning rate:  1e-05
Epoch 134/200

Epoch 00134: val_acc did not improve
 - 24s - loss: 6.3452 - acc: 0.8978 - val_loss: 7.0401 - val_acc: 0.6774
Learning rate:  1e-05
Epoch 135/200

Epoch 00135: val_acc did not improve
 - 24s - loss: 6.3447 - acc: 0.8973 - val_loss: 7.0399 - val_acc: 0.6822
Learning rate:  1e-05
Epoch 136/200

Epoch 00136: val_acc did not improve
 - 24s - loss: 6.3492 - acc: 0.8952 - val_loss: 7.0358 - val_acc: 0.6738
Learning rate:  1e-05
Epoch 137/200

Epoch 00137: val_acc did not improve
 - 24s - loss: 6.3445 - acc: 0.8967 - val_loss: 7.0490 - val_acc: 0.6772
Learning rate:  1e-05
Epoch 138/200

Epoch 00138: val_acc did not improve
 - 24s - loss: 6.3449 - acc: 0.8959 - val_loss: 7.0694 - val_acc: 0.6718
Learning rate:  1e-05
Epoch 139/200

Epoch 00139: val_acc did not improve
 - 24s - loss: 6.3448 - acc: 0.8964 - val_loss: 7.0817 - val_acc: 0.6710
Learning rate:  1e-05
Epoch 140/200

Epoch 00140: val_acc did not improve
 - 24s - loss: 6.3437 - acc: 0.8976 - val_loss: 7.0463 - val_acc: 0.6744
Learning rate:  1e-05
Epoch 141/200

Epoch 00141: val_acc did not improve
 - 24s - loss: 6.3446 - acc: 0.8968 - val_loss: 7.0515 - val_acc: 0.6756
Learning rate:  1e-05
Epoch 142/200

Epoch 00142: val_acc improved from 0.68440 to 0.68620, saving model to ./weights/RESNET_CIFAR-10_full-qnn_4b_4b_3.hdf5
 - 25s - loss: 6.3434 - acc: 0.8965 - val_loss: 7.0482 - val_acc: 0.6862
Learning rate:  1e-05
Epoch 143/200

Epoch 00143: val_acc did not improve
 - 24s - loss: 6.3432 - acc: 0.8969 - val_loss: 7.0426 - val_acc: 0.6770
Learning rate:  1e-05
Epoch 144/200

Epoch 00144: val_acc did not improve
 - 24s - loss: 6.3435 - acc: 0.8960 - val_loss: 7.0734 - val_acc: 0.6674
Learning rate:  1e-05
Epoch 145/200

Epoch 00145: val_acc did not improve
 - 24s - loss: 6.3453 - acc: 0.8955 - val_loss: 7.0597 - val_acc: 0.6742
Learning rate:  1e-05
Epoch 146/200

Epoch 00146: val_acc did not improve
 - 24s - loss: 6.3423 - acc: 0.8963 - val_loss: 7.0524 - val_acc: 0.6760
Learning rate:  1e-05
Epoch 147/200

Epoch 00147: val_acc did not improve
 - 24s - loss: 6.3397 - acc: 0.8984 - val_loss: 7.0632 - val_acc: 0.6736
Learning rate:  1e-05
Epoch 148/200

Epoch 00148: val_acc did not improve
 - 24s - loss: 6.3427 - acc: 0.8965 - val_loss: 7.0408 - val_acc: 0.6804
Learning rate:  1e-05
Epoch 149/200

Epoch 00149: val_acc did not improve
 - 24s - loss: 6.3423 - acc: 0.8960 - val_loss: 7.0392 - val_acc: 0.6784
Learning rate:  1e-05
Epoch 150/200

Epoch 00150: val_acc did not improve
 - 24s - loss: 6.3413 - acc: 0.8967 - val_loss: 7.0458 - val_acc: 0.6792
Learning rate:  1e-05
Epoch 151/200

Epoch 00151: val_acc did not improve
 - 24s - loss: 6.3448 - acc: 0.8951 - val_loss: 7.0562 - val_acc: 0.6750
Learning rate:  1e-05
Epoch 152/200

Epoch 00152: val_acc did not improve
 - 24s - loss: 6.3398 - acc: 0.8963 - val_loss: 7.0588 - val_acc: 0.6698
Learning rate:  1e-05
Epoch 153/200

Epoch 00153: val_acc did not improve
 - 24s - loss: 6.3411 - acc: 0.8962 - val_loss: 7.0437 - val_acc: 0.6776
Learning rate:  1e-05
Epoch 154/200

Epoch 00154: val_acc did not improve
 - 24s - loss: 6.3402 - acc: 0.8965 - val_loss: 7.0448 - val_acc: 0.6808
Learning rate:  1e-05
Epoch 155/200

Epoch 00155: val_acc did not improve
 - 24s - loss: 6.3396 - acc: 0.8976 - val_loss: 7.0602 - val_acc: 0.6748
Learning rate:  1e-05
Epoch 156/200

Epoch 00156: val_acc did not improve
 - 24s - loss: 6.3399 - acc: 0.8966 - val_loss: 7.0652 - val_acc: 0.6746
Learning rate:  1e-05
Epoch 157/200

Epoch 00157: val_acc did not improve
 - 24s - loss: 6.3402 - acc: 0.8958 - val_loss: 7.0615 - val_acc: 0.6734
Learning rate:  1e-05
Epoch 158/200

Epoch 00158: val_acc did not improve
 - 24s - loss: 6.3383 - acc: 0.8955 - val_loss: 7.0594 - val_acc: 0.6828
Learning rate:  1e-05
Epoch 159/200

Epoch 00159: val_acc did not improve
 - 24s - loss: 6.3408 - acc: 0.8958 - val_loss: 7.0891 - val_acc: 0.6682
Learning rate:  1e-05
Epoch 160/200

Epoch 00160: val_acc did not improve
 - 24s - loss: 6.3414 - acc: 0.8947 - val_loss: 7.0543 - val_acc: 0.6726
Learning rate:  1e-05
Epoch 161/200

Epoch 00161: val_acc did not improve
 - 24s - loss: 6.3395 - acc: 0.8955 - val_loss: 7.0636 - val_acc: 0.6704
Learning rate:  1e-06
Epoch 162/200

Epoch 00162: val_acc did not improve
 - 24s - loss: 6.3292 - acc: 0.9022 - val_loss: 7.0544 - val_acc: 0.6784
Learning rate:  1e-06
Epoch 163/200

Epoch 00163: val_acc did not improve
 - 24s - loss: 6.3300 - acc: 0.9003 - val_loss: 7.0449 - val_acc: 0.6782
Learning rate:  1e-06
Epoch 164/200

Epoch 00164: val_acc did not improve
 - 24s - loss: 6.3281 - acc: 0.9015 - val_loss: 7.0298 - val_acc: 0.6814
Learning rate:  1e-06
Epoch 165/200

Epoch 00165: val_acc did not improve
 - 24s - loss: 6.3304 - acc: 0.8999 - val_loss: 7.0384 - val_acc: 0.6856
Learning rate:  1e-06
Epoch 166/200

Epoch 00166: val_acc did not improve
 - 24s - loss: 6.3252 - acc: 0.9037 - val_loss: 7.0361 - val_acc: 0.6804
Learning rate:  1e-06
Epoch 167/200

Epoch 00167: val_acc did not improve
 - 24s - loss: 6.3324 - acc: 0.9006 - val_loss: 7.0398 - val_acc: 0.6824
Learning rate:  1e-06
Epoch 168/200

Epoch 00168: val_acc did not improve
 - 24s - loss: 6.3300 - acc: 0.9013 - val_loss: 7.0598 - val_acc: 0.6766
Learning rate:  1e-06
Epoch 169/200

Epoch 00169: val_acc did not improve
 - 24s - loss: 6.3328 - acc: 0.8996 - val_loss: 7.0455 - val_acc: 0.6796
Learning rate:  1e-06
Epoch 170/200

Epoch 00170: val_acc did not improve
 - 24s - loss: 6.3312 - acc: 0.9017 - val_loss: 7.0543 - val_acc: 0.6758
Learning rate:  1e-06
Epoch 171/200

Epoch 00171: val_acc did not improve
 - 24s - loss: 6.3320 - acc: 0.8997 - val_loss: 7.0516 - val_acc: 0.6810
Learning rate:  1e-06
Epoch 172/200

Epoch 00172: val_acc did not improve
 - 24s - loss: 6.3347 - acc: 0.8982 - val_loss: 7.0546 - val_acc: 0.6712
Learning rate:  1e-06
Epoch 173/200

Epoch 00173: val_acc did not improve
 - 24s - loss: 6.3310 - acc: 0.9003 - val_loss: 7.0373 - val_acc: 0.6820
Learning rate:  1e-06
Epoch 174/200

Epoch 00174: val_acc did not improve
 - 24s - loss: 6.3303 - acc: 0.8998 - val_loss: 7.0504 - val_acc: 0.6778
Learning rate:  1e-06
Epoch 175/200

Epoch 00175: val_acc did not improve
 - 24s - loss: 6.3326 - acc: 0.9000 - val_loss: 7.0323 - val_acc: 0.6794
Learning rate:  1e-06
Epoch 176/200

Epoch 00176: val_acc did not improve
 - 24s - loss: 6.3317 - acc: 0.9012 - val_loss: 7.0449 - val_acc: 0.6770
Learning rate:  1e-06
Epoch 177/200

Epoch 00177: val_acc did not improve
 - 24s - loss: 6.3282 - acc: 0.9014 - val_loss: 7.0442 - val_acc: 0.6802
Learning rate:  1e-06
Epoch 178/200

Epoch 00178: val_acc did not improve
 - 24s - loss: 6.3310 - acc: 0.9009 - val_loss: 7.0319 - val_acc: 0.6812
Learning rate:  1e-06
Epoch 179/200

Epoch 00179: val_acc did not improve
 - 24s - loss: 6.3313 - acc: 0.8994 - val_loss: 7.0307 - val_acc: 0.6828
Learning rate:  1e-06
Epoch 180/200

Epoch 00180: val_acc did not improve
 - 24s - loss: 6.3306 - acc: 0.8997 - val_loss: 7.0356 - val_acc: 0.6772
Learning rate:  1e-06
Epoch 181/200

Epoch 00181: val_acc did not improve
 - 24s - loss: 6.3294 - acc: 0.9005 - val_loss: 7.0628 - val_acc: 0.6716
Learning rate:  5e-07
Epoch 182/200

Epoch 00182: val_acc did not improve
 - 24s - loss: 6.3305 - acc: 0.9004 - val_loss: 7.0418 - val_acc: 0.6748
Learning rate:  5e-07
Epoch 183/200

Epoch 00183: val_acc did not improve
 - 24s - loss: 6.3301 - acc: 0.9011 - val_loss: 7.0494 - val_acc: 0.6778
Learning rate:  5e-07
Epoch 184/200

Epoch 00184: val_acc did not improve
 - 24s - loss: 6.3326 - acc: 0.9000 - val_loss: 7.0400 - val_acc: 0.6740
Learning rate:  5e-07
Epoch 185/200

Epoch 00185: val_acc did not improve
 - 24s - loss: 6.3307 - acc: 0.9008 - val_loss: 7.0464 - val_acc: 0.6724
Learning rate:  5e-07
Epoch 186/200

Epoch 00186: val_acc did not improve
 - 24s - loss: 6.3314 - acc: 0.8980 - val_loss: 7.0330 - val_acc: 0.6766
Learning rate:  5e-07
Epoch 187/200

Epoch 00187: val_acc did not improve
 - 24s - loss: 6.3315 - acc: 0.8996 - val_loss: 7.0415 - val_acc: 0.6764
Learning rate:  5e-07
Epoch 188/200

Epoch 00188: val_acc did not improve
 - 24s - loss: 6.3325 - acc: 0.8992 - val_loss: 7.0513 - val_acc: 0.6782
Learning rate:  5e-07
Epoch 189/200

Epoch 00189: val_acc did not improve
 - 24s - loss: 6.3292 - acc: 0.9009 - val_loss: 7.0566 - val_acc: 0.6752
Learning rate:  5e-07
Epoch 190/200

Epoch 00190: val_acc did not improve
 - 24s - loss: 6.3335 - acc: 0.8985 - val_loss: 7.0567 - val_acc: 0.6748
Learning rate:  5e-07
Epoch 191/200

Epoch 00191: val_acc did not improve
 - 24s - loss: 6.3279 - acc: 0.9011 - val_loss: 7.0492 - val_acc: 0.6714
Learning rate:  5e-07
Epoch 192/200

Epoch 00192: val_acc did not improve
 - 24s - loss: 6.3290 - acc: 0.8994 - val_loss: 7.0615 - val_acc: 0.6712
Learning rate:  5e-07
Epoch 193/200

Epoch 00193: val_acc did not improve
 - 24s - loss: 6.3330 - acc: 0.8992 - val_loss: 7.0316 - val_acc: 0.6804
Learning rate:  5e-07
Epoch 194/200

Epoch 00194: val_acc did not improve
 - 24s - loss: 6.3337 - acc: 0.8985 - val_loss: 7.0810 - val_acc: 0.6702
Learning rate:  5e-07
Epoch 195/200

Epoch 00195: val_acc did not improve
 - 24s - loss: 6.3308 - acc: 0.9005 - val_loss: 7.0581 - val_acc: 0.6726
Learning rate:  5e-07
Epoch 196/200

Epoch 00196: val_acc did not improve
 - 24s - loss: 6.3344 - acc: 0.8986 - val_loss: 7.0378 - val_acc: 0.6788
Learning rate:  5e-07
Epoch 197/200

Epoch 00197: val_acc did not improve
 - 24s - loss: 6.3326 - acc: 0.8995 - val_loss: 7.0493 - val_acc: 0.6784
Learning rate:  5e-07
Epoch 198/200

Epoch 00198: val_acc did not improve
 - 24s - loss: 6.3323 - acc: 0.8996 - val_loss: 7.0698 - val_acc: 0.6736
Learning rate:  5e-07
Epoch 199/200

Epoch 00199: val_acc did not improve
 - 24s - loss: 6.3299 - acc: 0.8992 - val_loss: 7.0700 - val_acc: 0.6708
Learning rate:  5e-07
Epoch 200/200

Epoch 00200: val_acc did not improve
 - 24s - loss: 6.3318 - acc: 0.9009 - val_loss: 7.0573 - val_acc: 0.6726
Done

