Construct the Network

__________________________________________________________________________________________________
Layer (type)                    Output Shape         Param #     Connected to                     
==================================================================================================
input_2 (InputLayer)            (None, 32, 32, 3)    0                                            
__________________________________________________________________________________________________
quantized_conv2d_1 (QuantizedCo (None, 32, 32, 16)   448         input_2[0][0]                    
__________________________________________________________________________________________________
batch_normalization_1 (BatchNor (None, 32, 32, 16)   64          quantized_conv2d_1[0][0]         
__________________________________________________________________________________________________
activation_1 (Activation)       (None, 32, 32, 16)   0           batch_normalization_1[0][0]      
__________________________________________________________________________________________________
quantized_conv2d_2 (QuantizedCo (None, 32, 32, 16)   2320        activation_1[0][0]               
__________________________________________________________________________________________________
batch_normalization_2 (BatchNor (None, 32, 32, 16)   64          quantized_conv2d_2[0][0]         
__________________________________________________________________________________________________
activation_2 (Activation)       (None, 32, 32, 16)   0           batch_normalization_2[0][0]      
__________________________________________________________________________________________________
quantized_conv2d_3 (QuantizedCo (None, 32, 32, 16)   2320        activation_2[0][0]               
__________________________________________________________________________________________________
batch_normalization_3 (BatchNor (None, 32, 32, 16)   64          quantized_conv2d_3[0][0]         
__________________________________________________________________________________________________
add_1 (Add)                     (None, 32, 32, 16)   0           activation_1[0][0]               
                                                                 batch_normalization_3[0][0]      
__________________________________________________________________________________________________
activation_3 (Activation)       (None, 32, 32, 16)   0           add_1[0][0]                      
__________________________________________________________________________________________________
quantized_conv2d_4 (QuantizedCo (None, 32, 32, 16)   2320        activation_3[0][0]               
__________________________________________________________________________________________________
batch_normalization_4 (BatchNor (None, 32, 32, 16)   64          quantized_conv2d_4[0][0]         
__________________________________________________________________________________________________
activation_4 (Activation)       (None, 32, 32, 16)   0           batch_normalization_4[0][0]      
__________________________________________________________________________________________________
quantized_conv2d_5 (QuantizedCo (None, 32, 32, 16)   2320        activation_4[0][0]               
__________________________________________________________________________________________________
batch_normalization_5 (BatchNor (None, 32, 32, 16)   64          quantized_conv2d_5[0][0]         
__________________________________________________________________________________________________
add_2 (Add)                     (None, 32, 32, 16)   0           activation_3[0][0]               
                                                                 batch_normalization_5[0][0]      
__________________________________________________________________________________________________
activation_5 (Activation)       (None, 32, 32, 16)   0           add_2[0][0]                      
__________________________________________________________________________________________________
quantized_conv2d_6 (QuantizedCo (None, 32, 32, 16)   2320        activation_5[0][0]               
__________________________________________________________________________________________________
batch_normalization_6 (BatchNor (None, 32, 32, 16)   64          quantized_conv2d_6[0][0]         
__________________________________________________________________________________________________
activation_6 (Activation)       (None, 32, 32, 16)   0           batch_normalization_6[0][0]      
__________________________________________________________________________________________________
quantized_conv2d_7 (QuantizedCo (None, 32, 32, 16)   2320        activation_6[0][0]               
__________________________________________________________________________________________________
batch_normalization_7 (BatchNor (None, 32, 32, 16)   64          quantized_conv2d_7[0][0]         
__________________________________________________________________________________________________
add_3 (Add)                     (None, 32, 32, 16)   0           activation_5[0][0]               
                                                                 batch_normalization_7[0][0]      
__________________________________________________________________________________________________
activation_7 (Activation)       (None, 32, 32, 16)   0           add_3[0][0]                      
__________________________________________________________________________________________________
quantized_conv2d_8 (QuantizedCo (None, 16, 16, 32)   4640        activation_7[0][0]               
__________________________________________________________________________________________________
batch_normalization_8 (BatchNor (None, 16, 16, 32)   128         quantized_conv2d_8[0][0]         
__________________________________________________________________________________________________
activation_8 (Activation)       (None, 16, 16, 32)   0           batch_normalization_8[0][0]      
__________________________________________________________________________________________________
quantized_conv2d_9 (QuantizedCo (None, 16, 16, 32)   9248        activation_8[0][0]               
__________________________________________________________________________________________________
quantized_conv2d_10 (QuantizedC (None, 16, 16, 32)   544         activation_7[0][0]               
__________________________________________________________________________________________________
batch_normalization_9 (BatchNor (None, 16, 16, 32)   128         quantized_conv2d_9[0][0]         
__________________________________________________________________________________________________
add_4 (Add)                     (None, 16, 16, 32)   0           quantized_conv2d_10[0][0]        
                                                                 batch_normalization_9[0][0]      
__________________________________________________________________________________________________
activation_9 (Activation)       (None, 16, 16, 32)   0           add_4[0][0]                      
__________________________________________________________________________________________________
quantized_conv2d_11 (QuantizedC (None, 16, 16, 32)   9248        activation_9[0][0]               
__________________________________________________________________________________________________
batch_normalization_10 (BatchNo (None, 16, 16, 32)   128         quantized_conv2d_11[0][0]        
__________________________________________________________________________________________________
activation_10 (Activation)      (None, 16, 16, 32)   0           batch_normalization_10[0][0]     
__________________________________________________________________________________________________
quantized_conv2d_12 (QuantizedC (None, 16, 16, 32)   9248        activation_10[0][0]              
__________________________________________________________________________________________________
batch_normalization_11 (BatchNo (None, 16, 16, 32)   128         quantized_conv2d_12[0][0]        
__________________________________________________________________________________________________
add_5 (Add)                     (None, 16, 16, 32)   0           activation_9[0][0]               
                                                                 batch_normalization_11[0][0]     
__________________________________________________________________________________________________
activation_11 (Activation)      (None, 16, 16, 32)   0           add_5[0][0]                      
__________________________________________________________________________________________________
quantized_conv2d_13 (QuantizedC (None, 16, 16, 32)   9248        activation_11[0][0]              
__________________________________________________________________________________________________
batch_normalization_12 (BatchNo (None, 16, 16, 32)   128         quantized_conv2d_13[0][0]        
__________________________________________________________________________________________________
activation_12 (Activation)      (None, 16, 16, 32)   0           batch_normalization_12[0][0]     
__________________________________________________________________________________________________
quantized_conv2d_14 (QuantizedC (None, 16, 16, 32)   9248        activation_12[0][0]              
__________________________________________________________________________________________________
batch_normalization_13 (BatchNo (None, 16, 16, 32)   128         quantized_conv2d_14[0][0]        
__________________________________________________________________________________________________
add_6 (Add)                     (None, 16, 16, 32)   0           activation_11[0][0]              
                                                                 batch_normalization_13[0][0]     
__________________________________________________________________________________________________
activation_13 (Activation)      (None, 16, 16, 32)   0           add_6[0][0]                      
__________________________________________________________________________________________________
quantized_conv2d_15 (QuantizedC (None, 8, 8, 64)     18496       activation_13[0][0]              
__________________________________________________________________________________________________
batch_normalization_14 (BatchNo (None, 8, 8, 64)     256         quantized_conv2d_15[0][0]        
__________________________________________________________________________________________________
activation_14 (Activation)      (None, 8, 8, 64)     0           batch_normalization_14[0][0]     
__________________________________________________________________________________________________
quantized_conv2d_16 (QuantizedC (None, 8, 8, 64)     36928       activation_14[0][0]              
__________________________________________________________________________________________________
quantized_conv2d_17 (QuantizedC (None, 8, 8, 64)     2112        activation_13[0][0]              
__________________________________________________________________________________________________
batch_normalization_15 (BatchNo (None, 8, 8, 64)     256         quantized_conv2d_16[0][0]        
__________________________________________________________________________________________________
add_7 (Add)                     (None, 8, 8, 64)     0           quantized_conv2d_17[0][0]        
                                                                 batch_normalization_15[0][0]     
__________________________________________________________________________________________________
activation_15 (Activation)      (None, 8, 8, 64)     0           add_7[0][0]                      
__________________________________________________________________________________________________
quantized_conv2d_18 (QuantizedC (None, 8, 8, 64)     36928       activation_15[0][0]              
__________________________________________________________________________________________________
batch_normalization_16 (BatchNo (None, 8, 8, 64)     256         quantized_conv2d_18[0][0]        
__________________________________________________________________________________________________
activation_16 (Activation)      (None, 8, 8, 64)     0           batch_normalization_16[0][0]     
__________________________________________________________________________________________________
quantized_conv2d_19 (QuantizedC (None, 8, 8, 64)     36928       activation_16[0][0]              
__________________________________________________________________________________________________
batch_normalization_17 (BatchNo (None, 8, 8, 64)     256         quantized_conv2d_19[0][0]        
__________________________________________________________________________________________________
add_8 (Add)                     (None, 8, 8, 64)     0           activation_15[0][0]              
                                                                 batch_normalization_17[0][0]     
__________________________________________________________________________________________________
activation_17 (Activation)      (None, 8, 8, 64)     0           add_8[0][0]                      
__________________________________________________________________________________________________
quantized_conv2d_20 (QuantizedC (None, 8, 8, 64)     36928       activation_17[0][0]              
__________________________________________________________________________________________________
batch_normalization_18 (BatchNo (None, 8, 8, 64)     256         quantized_conv2d_20[0][0]        
__________________________________________________________________________________________________
activation_18 (Activation)      (None, 8, 8, 64)     0           batch_normalization_18[0][0]     
__________________________________________________________________________________________________
quantized_conv2d_21 (QuantizedC (None, 8, 8, 64)     36928       activation_18[0][0]              
__________________________________________________________________________________________________
batch_normalization_19 (BatchNo (None, 8, 8, 64)     256         quantized_conv2d_21[0][0]        
__________________________________________________________________________________________________
add_9 (Add)                     (None, 8, 8, 64)     0           activation_17[0][0]              
                                                                 batch_normalization_19[0][0]     
__________________________________________________________________________________________________
activation_19 (Activation)      (None, 8, 8, 64)     0           add_9[0][0]                      
__________________________________________________________________________________________________
average_pooling2d_1 (AveragePoo (None, 1, 1, 64)     0           activation_19[0][0]              
__________________________________________________________________________________________________
flatten_1 (Flatten)             (None, 64)           0           average_pooling2d_1[0][0]        
__________________________________________________________________________________________________
quantized_dense_2 (QuantizedDen (None, 10)           650         flatten_1[0][0]                  
==================================================================================================
Total params: 274,442
Trainable params: 273,066
Non-trainable params: 1,376
__________________________________________________________________________________________________
loading data

Loading CIFAR-10 dataset...
(45000, 32, 32, 3)
setting up the network and creating callbacks

Learning rate:  0.001
compiling the network

No weights preloaded, training from scratch

(re)training the network

Train on 45000 samples, validate on 5000 samples
Learning rate:  0.001
Epoch 1/200

Epoch 00001: val_acc improved from -inf to 0.18220, saving model to ./weights/RESNET_CIFAR-10_full-qnn_8b_4b_3.hdf5
 - 29s - loss: 11.2619 - acc: 0.1588 - val_loss: 11.0330 - val_acc: 0.1822
Learning rate:  0.001
Epoch 2/200

Epoch 00002: val_acc improved from 0.18220 to 0.23960, saving model to ./weights/RESNET_CIFAR-10_full-qnn_8b_4b_3.hdf5
 - 24s - loss: 10.9156 - acc: 0.2305 - val_loss: 10.8491 - val_acc: 0.2396
Learning rate:  0.001
Epoch 3/200

Epoch 00003: val_acc improved from 0.23960 to 0.28600, saving model to ./weights/RESNET_CIFAR-10_full-qnn_8b_4b_3.hdf5
 - 24s - loss: 10.7374 - acc: 0.2759 - val_loss: 10.6465 - val_acc: 0.2860
Learning rate:  0.001
Epoch 4/200

Epoch 00004: val_acc improved from 0.28600 to 0.30720, saving model to ./weights/RESNET_CIFAR-10_full-qnn_8b_4b_3.hdf5
 - 25s - loss: 10.5608 - acc: 0.3129 - val_loss: 10.5189 - val_acc: 0.3072
Learning rate:  0.001
Epoch 5/200

Epoch 00005: val_acc improved from 0.30720 to 0.35460, saving model to ./weights/RESNET_CIFAR-10_full-qnn_8b_4b_3.hdf5
 - 25s - loss: 10.3977 - acc: 0.3398 - val_loss: 10.3068 - val_acc: 0.3546
Learning rate:  0.001
Epoch 6/200

Epoch 00006: val_acc improved from 0.35460 to 0.37140, saving model to ./weights/RESNET_CIFAR-10_full-qnn_8b_4b_3.hdf5
 - 25s - loss: 10.2419 - acc: 0.3656 - val_loss: 10.1711 - val_acc: 0.3714
Learning rate:  0.001
Epoch 7/200

Epoch 00007: val_acc improved from 0.37140 to 0.38580, saving model to ./weights/RESNET_CIFAR-10_full-qnn_8b_4b_3.hdf5
 - 25s - loss: 10.1076 - acc: 0.3849 - val_loss: 10.0393 - val_acc: 0.3858
Learning rate:  0.001
Epoch 8/200

Epoch 00008: val_acc improved from 0.38580 to 0.41020, saving model to ./weights/RESNET_CIFAR-10_full-qnn_8b_4b_3.hdf5
 - 25s - loss: 9.9764 - acc: 0.4026 - val_loss: 9.8994 - val_acc: 0.4102
Learning rate:  0.001
Epoch 9/200

Epoch 00009: val_acc did not improve
 - 24s - loss: 9.8637 - acc: 0.4143 - val_loss: 9.8301 - val_acc: 0.4016
Learning rate:  0.001
Epoch 10/200

Epoch 00010: val_acc did not improve
 - 24s - loss: 9.7585 - acc: 0.4232 - val_loss: 9.7386 - val_acc: 0.4008
Learning rate:  0.001
Epoch 11/200

Epoch 00011: val_acc improved from 0.41020 to 0.43200, saving model to ./weights/RESNET_CIFAR-10_full-qnn_8b_4b_3.hdf5
 - 25s - loss: 9.6435 - acc: 0.4313 - val_loss: 9.5965 - val_acc: 0.4320
Learning rate:  0.001
Epoch 12/200

Epoch 00012: val_acc did not improve
 - 24s - loss: 9.5390 - acc: 0.4438 - val_loss: 9.5019 - val_acc: 0.4306
Learning rate:  0.001
Epoch 13/200

Epoch 00013: val_acc did not improve
 - 24s - loss: 9.4301 - acc: 0.4512 - val_loss: 9.4763 - val_acc: 0.4142
Learning rate:  0.001
Epoch 14/200

Epoch 00014: val_acc improved from 0.43200 to 0.43320, saving model to ./weights/RESNET_CIFAR-10_full-qnn_8b_4b_3.hdf5
 - 25s - loss: 9.3245 - acc: 0.4596 - val_loss: 9.3393 - val_acc: 0.4332
Learning rate:  0.001
Epoch 15/200

Epoch 00015: val_acc improved from 0.43320 to 0.45100, saving model to ./weights/RESNET_CIFAR-10_full-qnn_8b_4b_3.hdf5
 - 25s - loss: 9.2291 - acc: 0.4692 - val_loss: 9.2132 - val_acc: 0.4510
Learning rate:  0.001
Epoch 16/200

Epoch 00016: val_acc improved from 0.45100 to 0.46960, saving model to ./weights/RESNET_CIFAR-10_full-qnn_8b_4b_3.hdf5
 - 25s - loss: 9.1239 - acc: 0.4776 - val_loss: 9.1030 - val_acc: 0.4696
Learning rate:  0.001
Epoch 17/200

Epoch 00017: val_acc improved from 0.46960 to 0.47400, saving model to ./weights/RESNET_CIFAR-10_full-qnn_8b_4b_3.hdf5
 - 25s - loss: 9.0312 - acc: 0.4821 - val_loss: 9.0015 - val_acc: 0.4740
Learning rate:  0.001
Epoch 18/200

Epoch 00018: val_acc improved from 0.47400 to 0.48840, saving model to ./weights/RESNET_CIFAR-10_full-qnn_8b_4b_3.hdf5
 - 25s - loss: 8.9347 - acc: 0.4957 - val_loss: 8.9034 - val_acc: 0.4884
Learning rate:  0.001
Epoch 19/200

Epoch 00019: val_acc did not improve
 - 24s - loss: 8.8409 - acc: 0.5008 - val_loss: 8.8748 - val_acc: 0.4658
Learning rate:  0.001
Epoch 20/200

Epoch 00020: val_acc improved from 0.48840 to 0.50820, saving model to ./weights/RESNET_CIFAR-10_full-qnn_8b_4b_3.hdf5
 - 25s - loss: 8.7489 - acc: 0.5134 - val_loss: 8.7475 - val_acc: 0.5082
Learning rate:  0.001
Epoch 21/200

Epoch 00021: val_acc did not improve
 - 24s - loss: 8.6660 - acc: 0.5186 - val_loss: 8.6437 - val_acc: 0.5060
Learning rate:  0.001
Epoch 22/200

Epoch 00022: val_acc did not improve
 - 24s - loss: 8.5887 - acc: 0.5240 - val_loss: 8.6518 - val_acc: 0.4916
Learning rate:  0.001
Epoch 23/200

Epoch 00023: val_acc improved from 0.50820 to 0.51040, saving model to ./weights/RESNET_CIFAR-10_full-qnn_8b_4b_3.hdf5
 - 24s - loss: 8.5080 - acc: 0.5296 - val_loss: 8.5152 - val_acc: 0.5104
Learning rate:  0.001
Epoch 24/200

Epoch 00024: val_acc improved from 0.51040 to 0.52560, saving model to ./weights/RESNET_CIFAR-10_full-qnn_8b_4b_3.hdf5
 - 25s - loss: 8.4313 - acc: 0.5382 - val_loss: 8.4203 - val_acc: 0.5256
Learning rate:  0.001
Epoch 25/200

Epoch 00025: val_acc did not improve
 - 24s - loss: 8.3576 - acc: 0.5440 - val_loss: 8.3920 - val_acc: 0.5104
Learning rate:  0.001
Epoch 26/200

Epoch 00026: val_acc did not improve
 - 24s - loss: 8.2782 - acc: 0.5558 - val_loss: 8.3457 - val_acc: 0.5162
Learning rate:  0.001
Epoch 27/200

Epoch 00027: val_acc improved from 0.52560 to 0.53160, saving model to ./weights/RESNET_CIFAR-10_full-qnn_8b_4b_3.hdf5
 - 25s - loss: 8.2065 - acc: 0.5580 - val_loss: 8.2339 - val_acc: 0.5316
Learning rate:  0.001
Epoch 28/200

Epoch 00028: val_acc improved from 0.53160 to 0.53720, saving model to ./weights/RESNET_CIFAR-10_full-qnn_8b_4b_3.hdf5
 - 25s - loss: 8.1358 - acc: 0.5692 - val_loss: 8.1843 - val_acc: 0.5372
Learning rate:  0.001
Epoch 29/200

Epoch 00029: val_acc improved from 0.53720 to 0.54820, saving model to ./weights/RESNET_CIFAR-10_full-qnn_8b_4b_3.hdf5
 - 25s - loss: 8.0623 - acc: 0.5767 - val_loss: 8.0988 - val_acc: 0.5482
Learning rate:  0.001
Epoch 30/200

Epoch 00030: val_acc did not improve
 - 24s - loss: 8.0044 - acc: 0.5787 - val_loss: 8.0610 - val_acc: 0.5378
Learning rate:  0.001
Epoch 31/200

Epoch 00031: val_acc did not improve
 - 24s - loss: 7.9369 - acc: 0.5881 - val_loss: 8.1161 - val_acc: 0.5230
Learning rate:  0.001
Epoch 32/200

Epoch 00032: val_acc improved from 0.54820 to 0.55940, saving model to ./weights/RESNET_CIFAR-10_full-qnn_8b_4b_3.hdf5
 - 25s - loss: 7.8687 - acc: 0.5934 - val_loss: 7.9289 - val_acc: 0.5594
Learning rate:  0.001
Epoch 33/200

Epoch 00033: val_acc improved from 0.55940 to 0.56180, saving model to ./weights/RESNET_CIFAR-10_full-qnn_8b_4b_3.hdf5
 - 25s - loss: 7.8121 - acc: 0.6003 - val_loss: 7.8672 - val_acc: 0.5618
Learning rate:  0.001
Epoch 34/200

Epoch 00034: val_acc improved from 0.56180 to 0.57440, saving model to ./weights/RESNET_CIFAR-10_full-qnn_8b_4b_3.hdf5
 - 25s - loss: 7.7525 - acc: 0.6038 - val_loss: 7.8066 - val_acc: 0.5744
Learning rate:  0.001
Epoch 35/200

Epoch 00035: val_acc did not improve
 - 24s - loss: 7.6931 - acc: 0.6104 - val_loss: 7.8027 - val_acc: 0.5636
Learning rate:  0.001
Epoch 36/200

Epoch 00036: val_acc did not improve
 - 24s - loss: 7.6335 - acc: 0.6174 - val_loss: 7.7889 - val_acc: 0.5446
Learning rate:  0.001
Epoch 37/200

Epoch 00037: val_acc did not improve
 - 24s - loss: 7.5743 - acc: 0.6261 - val_loss: 7.7573 - val_acc: 0.5532
Learning rate:  0.001
Epoch 38/200

Epoch 00038: val_acc improved from 0.57440 to 0.57720, saving model to ./weights/RESNET_CIFAR-10_full-qnn_8b_4b_3.hdf5
 - 24s - loss: 7.5177 - acc: 0.6325 - val_loss: 7.6594 - val_acc: 0.5772
Learning rate:  0.001
Epoch 39/200

Epoch 00039: val_acc did not improve
 - 24s - loss: 7.4669 - acc: 0.6373 - val_loss: 7.6510 - val_acc: 0.5640
Learning rate:  0.001
Epoch 40/200

Epoch 00040: val_acc did not improve
 - 24s - loss: 7.4136 - acc: 0.6441 - val_loss: 7.5786 - val_acc: 0.5618
Learning rate:  0.001
Epoch 41/200

Epoch 00041: val_acc did not improve
 - 24s - loss: 7.3623 - acc: 0.6485 - val_loss: 7.6251 - val_acc: 0.5452
Learning rate:  0.001
Epoch 42/200

Epoch 00042: val_acc did not improve
 - 24s - loss: 7.3149 - acc: 0.6552 - val_loss: 7.5510 - val_acc: 0.5594
Learning rate:  0.001
Epoch 43/200

Epoch 00043: val_acc improved from 0.57720 to 0.59740, saving model to ./weights/RESNET_CIFAR-10_full-qnn_8b_4b_3.hdf5
 - 25s - loss: 7.2658 - acc: 0.6599 - val_loss: 7.4141 - val_acc: 0.5974
Learning rate:  0.001
Epoch 44/200

Epoch 00044: val_acc did not improve
 - 24s - loss: 7.2158 - acc: 0.6655 - val_loss: 7.4279 - val_acc: 0.5834
Learning rate:  0.001
Epoch 45/200

Epoch 00045: val_acc did not improve
 - 24s - loss: 7.1733 - acc: 0.6696 - val_loss: 7.4229 - val_acc: 0.5732
Learning rate:  0.001
Epoch 46/200

Epoch 00046: val_acc did not improve
 - 24s - loss: 7.1262 - acc: 0.6764 - val_loss: 7.5975 - val_acc: 0.5270
Learning rate:  0.001
Epoch 47/200

Epoch 00047: val_acc did not improve
 - 24s - loss: 7.0868 - acc: 0.6781 - val_loss: 7.3919 - val_acc: 0.5702
Learning rate:  0.001
Epoch 48/200

Epoch 00048: val_acc did not improve
 - 24s - loss: 7.0460 - acc: 0.6830 - val_loss: 7.3046 - val_acc: 0.5826
Learning rate:  0.001
Epoch 49/200

Epoch 00049: val_acc did not improve
 - 24s - loss: 6.9989 - acc: 0.6897 - val_loss: 7.4257 - val_acc: 0.5436
Learning rate:  0.001
Epoch 50/200

Epoch 00050: val_acc did not improve
 - 24s - loss: 6.9594 - acc: 0.6940 - val_loss: 7.4055 - val_acc: 0.5492
Learning rate:  0.001
Epoch 51/200

Epoch 00051: val_acc improved from 0.59740 to 0.60540, saving model to ./weights/RESNET_CIFAR-10_full-qnn_8b_4b_3.hdf5
 - 25s - loss: 6.9131 - acc: 0.7003 - val_loss: 7.1649 - val_acc: 0.6054
Learning rate:  0.001
Epoch 52/200

Epoch 00052: val_acc improved from 0.60540 to 0.61120, saving model to ./weights/RESNET_CIFAR-10_full-qnn_8b_4b_3.hdf5
 - 24s - loss: 6.8702 - acc: 0.7074 - val_loss: 7.1430 - val_acc: 0.6112
Learning rate:  0.001
Epoch 53/200

Epoch 00053: val_acc did not improve
 - 24s - loss: 6.8239 - acc: 0.7142 - val_loss: 7.2098 - val_acc: 0.5890
Learning rate:  0.001
Epoch 54/200

Epoch 00054: val_acc did not improve
 - 24s - loss: 6.7902 - acc: 0.7158 - val_loss: 7.2002 - val_acc: 0.5842
Learning rate:  0.001
Epoch 55/200

Epoch 00055: val_acc did not improve
 - 24s - loss: 6.7564 - acc: 0.7191 - val_loss: 7.2080 - val_acc: 0.5714
Learning rate:  0.001
Epoch 56/200

Epoch 00056: val_acc did not improve
 - 24s - loss: 6.7183 - acc: 0.7239 - val_loss: 7.0885 - val_acc: 0.5986
Learning rate:  0.001
Epoch 57/200

Epoch 00057: val_acc did not improve
 - 24s - loss: 6.6834 - acc: 0.7273 - val_loss: 7.0620 - val_acc: 0.5970
Learning rate:  0.001
Epoch 58/200

Epoch 00058: val_acc did not improve
 - 24s - loss: 6.6445 - acc: 0.7331 - val_loss: 7.0248 - val_acc: 0.6038
Learning rate:  0.001
Epoch 59/200

Epoch 00059: val_acc did not improve
 - 24s - loss: 6.6088 - acc: 0.7410 - val_loss: 7.0423 - val_acc: 0.5972
Learning rate:  0.001
Epoch 60/200

Epoch 00060: val_acc did not improve
 - 24s - loss: 6.5658 - acc: 0.7479 - val_loss: 7.0051 - val_acc: 0.6012
Learning rate:  0.001
Epoch 61/200

Epoch 00061: val_acc improved from 0.61120 to 0.62560, saving model to ./weights/RESNET_CIFAR-10_full-qnn_8b_4b_3.hdf5
 - 25s - loss: 6.5386 - acc: 0.7514 - val_loss: 6.9314 - val_acc: 0.6256
Learning rate:  0.001
Epoch 62/200

Epoch 00062: val_acc did not improve
 - 24s - loss: 6.5014 - acc: 0.7579 - val_loss: 6.9688 - val_acc: 0.6104
Learning rate:  0.001
Epoch 63/200

Epoch 00063: val_acc did not improve
 - 24s - loss: 6.4689 - acc: 0.7614 - val_loss: 6.9643 - val_acc: 0.6056
Learning rate:  0.001
Epoch 64/200

Epoch 00064: val_acc did not improve
 - 24s - loss: 6.4343 - acc: 0.7666 - val_loss: 6.9166 - val_acc: 0.6160
Learning rate:  0.001
Epoch 65/200

Epoch 00065: val_acc did not improve
 - 24s - loss: 6.4101 - acc: 0.7701 - val_loss: 6.8774 - val_acc: 0.6194
Learning rate:  0.001
Epoch 66/200

Epoch 00066: val_acc did not improve
 - 24s - loss: 6.3762 - acc: 0.7749 - val_loss: 6.9637 - val_acc: 0.5896
Learning rate:  0.001
Epoch 67/200

Epoch 00067: val_acc did not improve
 - 24s - loss: 6.3533 - acc: 0.7783 - val_loss: 6.9340 - val_acc: 0.6058
Learning rate:  0.001
Epoch 68/200

Epoch 00068: val_acc did not improve
 - 24s - loss: 6.3217 - acc: 0.7830 - val_loss: 6.9392 - val_acc: 0.5972
Learning rate:  0.001
Epoch 69/200

Epoch 00069: val_acc did not improve
 - 24s - loss: 6.2968 - acc: 0.7859 - val_loss: 6.9431 - val_acc: 0.5972
Learning rate:  0.001
Epoch 70/200

Epoch 00070: val_acc did not improve
 - 24s - loss: 6.2664 - acc: 0.7891 - val_loss: 6.8899 - val_acc: 0.6088
Learning rate:  0.001
Epoch 71/200

Epoch 00071: val_acc did not improve
 - 24s - loss: 6.2424 - acc: 0.7924 - val_loss: 6.8637 - val_acc: 0.6000
Learning rate:  0.001
Epoch 72/200

Epoch 00072: val_acc did not improve
 - 24s - loss: 6.2124 - acc: 0.7981 - val_loss: 6.8144 - val_acc: 0.6120
Learning rate:  0.001
Epoch 73/200

Epoch 00073: val_acc did not improve
 - 24s - loss: 6.1895 - acc: 0.8025 - val_loss: 6.8749 - val_acc: 0.6008
Learning rate:  0.001
Epoch 74/200

Epoch 00074: val_acc did not improve
 - 24s - loss: 6.1615 - acc: 0.8062 - val_loss: 6.8025 - val_acc: 0.6138
Learning rate:  0.001
Epoch 75/200

Epoch 00075: val_acc did not improve
 - 24s - loss: 6.1409 - acc: 0.8103 - val_loss: 6.7954 - val_acc: 0.6110
Learning rate:  0.001
Epoch 76/200

Epoch 00076: val_acc improved from 0.62560 to 0.62960, saving model to ./weights/RESNET_CIFAR-10_full-qnn_8b_4b_3.hdf5
 - 25s - loss: 6.1181 - acc: 0.8135 - val_loss: 6.7290 - val_acc: 0.6296
Learning rate:  0.001
Epoch 77/200

Epoch 00077: val_acc did not improve
 - 24s - loss: 6.0935 - acc: 0.8176 - val_loss: 6.8924 - val_acc: 0.5810
Learning rate:  0.001
Epoch 78/200

Epoch 00078: val_acc did not improve
 - 24s - loss: 6.0698 - acc: 0.8197 - val_loss: 6.7673 - val_acc: 0.6066
Learning rate:  0.001
Epoch 79/200

Epoch 00079: val_acc did not improve
 - 24s - loss: 6.0433 - acc: 0.8254 - val_loss: 6.7548 - val_acc: 0.6162
Learning rate:  0.001
Epoch 80/200

Epoch 00080: val_acc did not improve
 - 24s - loss: 6.0247 - acc: 0.8267 - val_loss: 6.7424 - val_acc: 0.6154
Learning rate:  0.001
Epoch 81/200

Epoch 00081: val_acc did not improve
 - 24s - loss: 6.0025 - acc: 0.8299 - val_loss: 6.9931 - val_acc: 0.5740
Learning rate:  0.0001
Epoch 82/200

Epoch 00082: val_acc improved from 0.62960 to 0.64400, saving model to ./weights/RESNET_CIFAR-10_full-qnn_8b_4b_3.hdf5
 - 25s - loss: 5.8964 - acc: 0.8749 - val_loss: 6.5821 - val_acc: 0.6440
Learning rate:  0.0001
Epoch 83/200

Epoch 00083: val_acc improved from 0.64400 to 0.65900, saving model to ./weights/RESNET_CIFAR-10_full-qnn_8b_4b_3.hdf5
 - 24s - loss: 5.8626 - acc: 0.8889 - val_loss: 6.5667 - val_acc: 0.6590
Learning rate:  0.0001
Epoch 84/200

Epoch 00084: val_acc did not improve
 - 24s - loss: 5.8506 - acc: 0.8937 - val_loss: 6.5825 - val_acc: 0.6532
Learning rate:  0.0001
Epoch 85/200

Epoch 00085: val_acc did not improve
 - 24s - loss: 5.8395 - acc: 0.8973 - val_loss: 6.5840 - val_acc: 0.6464
Learning rate:  0.0001
Epoch 86/200

Epoch 00086: val_acc did not improve
 - 24s - loss: 5.8350 - acc: 0.8972 - val_loss: 6.5858 - val_acc: 0.6468
Learning rate:  0.0001
Epoch 87/200

Epoch 00087: val_acc did not improve
 - 24s - loss: 5.8281 - acc: 0.8975 - val_loss: 6.5866 - val_acc: 0.6520
Learning rate:  0.0001
Epoch 88/200

Epoch 00088: val_acc did not improve
 - 24s - loss: 5.8271 - acc: 0.8965 - val_loss: 6.6144 - val_acc: 0.6516
Learning rate:  0.0001
Epoch 89/200

Epoch 00089: val_acc did not improve
 - 24s - loss: 5.8171 - acc: 0.8998 - val_loss: 6.6061 - val_acc: 0.6512
Learning rate:  0.0001
Epoch 90/200

Epoch 00090: val_acc did not improve
 - 24s - loss: 5.8104 - acc: 0.9025 - val_loss: 6.5850 - val_acc: 0.6502
Learning rate:  0.0001
Epoch 91/200

Epoch 00091: val_acc did not improve
 - 24s - loss: 5.8090 - acc: 0.9000 - val_loss: 6.6212 - val_acc: 0.6420
Learning rate:  0.0001
Epoch 92/200

Epoch 00092: val_acc did not improve
 - 24s - loss: 5.8025 - acc: 0.9038 - val_loss: 6.5850 - val_acc: 0.6480
Learning rate:  0.0001
Epoch 93/200

Epoch 00093: val_acc did not improve
 - 24s - loss: 5.7976 - acc: 0.9032 - val_loss: 6.6023 - val_acc: 0.6482
Learning rate:  0.0001
Epoch 94/200

Epoch 00094: val_acc did not improve
 - 24s - loss: 5.7991 - acc: 0.9012 - val_loss: 6.5813 - val_acc: 0.6532
Learning rate:  0.0001
Epoch 95/200

Epoch 00095: val_acc did not improve
 - 24s - loss: 5.7912 - acc: 0.9038 - val_loss: 6.5899 - val_acc: 0.6498
Learning rate:  0.0001
Epoch 96/200

Epoch 00096: val_acc did not improve
 - 24s - loss: 5.7824 - acc: 0.9070 - val_loss: 6.5943 - val_acc: 0.6492
Learning rate:  0.0001
Epoch 97/200

Epoch 00097: val_acc did not improve
 - 24s - loss: 5.7779 - acc: 0.9081 - val_loss: 6.5758 - val_acc: 0.6464
Learning rate:  0.0001
Epoch 98/200

Epoch 00098: val_acc did not improve
 - 24s - loss: 5.7725 - acc: 0.9092 - val_loss: 6.6092 - val_acc: 0.6438
Learning rate:  0.0001
Epoch 99/200

Epoch 00099: val_acc did not improve
 - 24s - loss: 5.7654 - acc: 0.9101 - val_loss: 6.5909 - val_acc: 0.6474
Learning rate:  0.0001
Epoch 100/200

Epoch 00100: val_acc did not improve
 - 24s - loss: 5.7670 - acc: 0.9091 - val_loss: 6.5843 - val_acc: 0.6464
Learning rate:  0.0001
Epoch 101/200

Epoch 00101: val_acc did not improve
 - 24s - loss: 5.7626 - acc: 0.9086 - val_loss: 6.5951 - val_acc: 0.6436
Learning rate:  0.0001
Epoch 102/200

Epoch 00102: val_acc did not improve
 - 24s - loss: 5.7607 - acc: 0.9082 - val_loss: 6.6104 - val_acc: 0.6466
Learning rate:  0.0001
Epoch 103/200

Epoch 00103: val_acc did not improve
 - 24s - loss: 5.7545 - acc: 0.9098 - val_loss: 6.5942 - val_acc: 0.6382
Learning rate:  0.0001
Epoch 104/200

Epoch 00104: val_acc did not improve
 - 24s - loss: 5.7474 - acc: 0.9130 - val_loss: 6.5946 - val_acc: 0.6476
Learning rate:  0.0001
Epoch 105/200

Epoch 00105: val_acc did not improve
 - 24s - loss: 5.7435 - acc: 0.9130 - val_loss: 6.5611 - val_acc: 0.6560
Learning rate:  0.0001
Epoch 106/200

Epoch 00106: val_acc did not improve
 - 24s - loss: 5.7426 - acc: 0.9124 - val_loss: 6.5808 - val_acc: 0.6544
Learning rate:  0.0001
Epoch 107/200

Epoch 00107: val_acc did not improve
 - 24s - loss: 5.7355 - acc: 0.9147 - val_loss: 6.6181 - val_acc: 0.6384
Learning rate:  0.0001
Epoch 108/200

Epoch 00108: val_acc did not improve
 - 24s - loss: 5.7341 - acc: 0.9122 - val_loss: 6.6134 - val_acc: 0.6452
Learning rate:  0.0001
Epoch 109/200

Epoch 00109: val_acc did not improve
 - 24s - loss: 5.7279 - acc: 0.9163 - val_loss: 6.6324 - val_acc: 0.6332
Learning rate:  0.0001
Epoch 110/200

Epoch 00110: val_acc did not improve
 - 24s - loss: 5.7252 - acc: 0.9149 - val_loss: 6.6142 - val_acc: 0.6390
Learning rate:  0.0001
Epoch 111/200

Epoch 00111: val_acc did not improve
 - 24s - loss: 5.7208 - acc: 0.9175 - val_loss: 6.5794 - val_acc: 0.6468
Learning rate:  0.0001
Epoch 112/200

Epoch 00112: val_acc did not improve
 - 24s - loss: 5.7219 - acc: 0.9144 - val_loss: 6.6317 - val_acc: 0.6370
Learning rate:  0.0001
Epoch 113/200

Epoch 00113: val_acc did not improve
 - 24s - loss: 5.7125 - acc: 0.9178 - val_loss: 6.6136 - val_acc: 0.6430
Learning rate:  0.0001
Epoch 114/200

Epoch 00114: val_acc did not improve
 - 24s - loss: 5.7103 - acc: 0.9185 - val_loss: 6.5844 - val_acc: 0.6486
Learning rate:  0.0001
Epoch 115/200

Epoch 00115: val_acc did not improve
 - 24s - loss: 5.7092 - acc: 0.9167 - val_loss: 6.6181 - val_acc: 0.6410
Learning rate:  0.0001
Epoch 116/200

Epoch 00116: val_acc did not improve
 - 24s - loss: 5.7097 - acc: 0.9150 - val_loss: 6.6003 - val_acc: 0.6436
Learning rate:  0.0001
Epoch 117/200

Epoch 00117: val_acc did not improve
 - 24s - loss: 5.7056 - acc: 0.9162 - val_loss: 6.5851 - val_acc: 0.6380
Learning rate:  0.0001
Epoch 118/200

Epoch 00118: val_acc did not improve
 - 24s - loss: 5.7017 - acc: 0.9150 - val_loss: 6.6023 - val_acc: 0.6470
Learning rate:  0.0001
Epoch 119/200

Epoch 00119: val_acc did not improve
 - 24s - loss: 5.6929 - acc: 0.9197 - val_loss: 6.5784 - val_acc: 0.6432
Learning rate:  0.0001
Epoch 120/200

Epoch 00120: val_acc did not improve
 - 24s - loss: 5.6913 - acc: 0.9194 - val_loss: 6.6074 - val_acc: 0.6362
Learning rate:  0.0001
Epoch 121/200

Epoch 00121: val_acc did not improve
 - 24s - loss: 5.6874 - acc: 0.9201 - val_loss: 6.6095 - val_acc: 0.6396
Learning rate:  1e-05
Epoch 122/200

Epoch 00122: val_acc did not improve
 - 24s - loss: 5.6579 - acc: 0.9330 - val_loss: 6.5684 - val_acc: 0.6512
Learning rate:  1e-05
Epoch 123/200

Epoch 00123: val_acc did not improve
 - 24s - loss: 5.6555 - acc: 0.9342 - val_loss: 6.5690 - val_acc: 0.6482
Learning rate:  1e-05
Epoch 124/200

Epoch 00124: val_acc did not improve
 - 24s - loss: 5.6483 - acc: 0.9376 - val_loss: 6.5744 - val_acc: 0.6476
Learning rate:  1e-05
Epoch 125/200

Epoch 00125: val_acc did not improve
 - 24s - loss: 5.6528 - acc: 0.9346 - val_loss: 6.5642 - val_acc: 0.6494
Learning rate:  1e-05
Epoch 126/200

Epoch 00126: val_acc did not improve
 - 24s - loss: 5.6525 - acc: 0.9352 - val_loss: 6.5902 - val_acc: 0.6444
Learning rate:  1e-05
Epoch 127/200

Epoch 00127: val_acc did not improve
 - 24s - loss: 5.6473 - acc: 0.9380 - val_loss: 6.5479 - val_acc: 0.6536
Learning rate:  1e-05
Epoch 128/200

Epoch 00128: val_acc did not improve
 - 24s - loss: 5.6509 - acc: 0.9360 - val_loss: 6.5566 - val_acc: 0.6534
Learning rate:  1e-05
Epoch 129/200

Epoch 00129: val_acc did not improve
 - 24s - loss: 5.6508 - acc: 0.9366 - val_loss: 6.5593 - val_acc: 0.6544
Learning rate:  1e-05
Epoch 130/200

Epoch 00130: val_acc did not improve
 - 24s - loss: 5.6538 - acc: 0.9345 - val_loss: 6.5382 - val_acc: 0.6562
Learning rate:  1e-05
Epoch 131/200

Epoch 00131: val_acc did not improve
 - 24s - loss: 5.6491 - acc: 0.9359 - val_loss: 6.5632 - val_acc: 0.6490
Learning rate:  1e-05
Epoch 132/200

Epoch 00132: val_acc did not improve
 - 24s - loss: 5.6515 - acc: 0.9344 - val_loss: 6.5506 - val_acc: 0.6534
Learning rate:  1e-05
Epoch 133/200

Epoch 00133: val_acc did not improve
 - 24s - loss: 5.6472 - acc: 0.9370 - val_loss: 6.5738 - val_acc: 0.6446
Learning rate:  1e-05
Epoch 134/200

Epoch 00134: val_acc did not improve
 - 24s - loss: 5.6493 - acc: 0.9362 - val_loss: 6.5525 - val_acc: 0.6522
Learning rate:  1e-05
Epoch 135/200

Epoch 00135: val_acc did not improve
 - 24s - loss: 5.6517 - acc: 0.9348 - val_loss: 6.5634 - val_acc: 0.6438
Learning rate:  1e-05
Epoch 136/200

Epoch 00136: val_acc did not improve
 - 24s - loss: 5.6480 - acc: 0.9357 - val_loss: 6.5686 - val_acc: 0.6478
Learning rate:  1e-05
Epoch 137/200

Epoch 00137: val_acc did not improve
 - 24s - loss: 5.6464 - acc: 0.9358 - val_loss: 6.5583 - val_acc: 0.6484
Learning rate:  1e-05
Epoch 138/200

Epoch 00138: val_acc did not improve
 - 24s - loss: 5.6475 - acc: 0.9342 - val_loss: 6.5781 - val_acc: 0.6508
Learning rate:  1e-05
Epoch 139/200

Epoch 00139: val_acc did not improve
 - 24s - loss: 5.6496 - acc: 0.9344 - val_loss: 6.5791 - val_acc: 0.6426
Learning rate:  1e-05
Epoch 140/200

Epoch 00140: val_acc did not improve
 - 24s - loss: 5.6456 - acc: 0.9369 - val_loss: 6.5705 - val_acc: 0.6444
Learning rate:  1e-05
Epoch 141/200

Epoch 00141: val_acc did not improve
 - 24s - loss: 5.6493 - acc: 0.9345 - val_loss: 6.6024 - val_acc: 0.6338
Learning rate:  1e-05
Epoch 142/200

Epoch 00142: val_acc did not improve
 - 24s - loss: 5.6500 - acc: 0.9345 - val_loss: 6.5656 - val_acc: 0.6478
Learning rate:  1e-05
Epoch 143/200

Epoch 00143: val_acc did not improve
 - 24s - loss: 5.6473 - acc: 0.9346 - val_loss: 6.5828 - val_acc: 0.6432
Learning rate:  1e-05
Epoch 144/200

Epoch 00144: val_acc did not improve
 - 24s - loss: 5.6477 - acc: 0.9327 - val_loss: 6.5512 - val_acc: 0.6516
Learning rate:  1e-05
Epoch 145/200

Epoch 00145: val_acc did not improve
 - 24s - loss: 5.6467 - acc: 0.9355 - val_loss: 6.5650 - val_acc: 0.6472
Learning rate:  1e-05
Epoch 146/200

Epoch 00146: val_acc did not improve
 - 24s - loss: 5.6462 - acc: 0.9354 - val_loss: 6.5810 - val_acc: 0.6420
Learning rate:  1e-05
Epoch 147/200

Epoch 00147: val_acc did not improve
 - 24s - loss: 5.6429 - acc: 0.9354 - val_loss: 6.6095 - val_acc: 0.6402
Learning rate:  1e-05
Epoch 148/200

Epoch 00148: val_acc did not improve
 - 24s - loss: 5.6482 - acc: 0.9326 - val_loss: 6.5624 - val_acc: 0.6568
Learning rate:  1e-05
Epoch 149/200

Epoch 00149: val_acc did not improve
 - 24s - loss: 5.6408 - acc: 0.9380 - val_loss: 6.5673 - val_acc: 0.6464
Learning rate:  1e-05
Epoch 150/200

Epoch 00150: val_acc did not improve
 - 24s - loss: 5.6484 - acc: 0.9335 - val_loss: 6.5810 - val_acc: 0.6498
Learning rate:  1e-05
Epoch 151/200

Epoch 00151: val_acc did not improve
 - 24s - loss: 5.6475 - acc: 0.9349 - val_loss: 6.5510 - val_acc: 0.6510
Learning rate:  1e-05
Epoch 152/200

Epoch 00152: val_acc did not improve
 - 24s - loss: 5.6444 - acc: 0.9352 - val_loss: 6.5699 - val_acc: 0.6480
Learning rate:  1e-05
Epoch 153/200

Epoch 00153: val_acc did not improve
 - 24s - loss: 5.6453 - acc: 0.9347 - val_loss: 6.5750 - val_acc: 0.6500
Learning rate:  1e-05
Epoch 154/200

Epoch 00154: val_acc did not improve
 - 24s - loss: 5.6411 - acc: 0.9345 - val_loss: 6.5936 - val_acc: 0.6446
Learning rate:  1e-05
Epoch 155/200

Epoch 00155: val_acc did not improve
 - 24s - loss: 5.6439 - acc: 0.9346 - val_loss: 6.5546 - val_acc: 0.6520
Learning rate:  1e-05
Epoch 156/200

Epoch 00156: val_acc did not improve
 - 24s - loss: 5.6410 - acc: 0.9359 - val_loss: 6.5853 - val_acc: 0.6442
Learning rate:  1e-05
Epoch 157/200

Epoch 00157: val_acc did not improve
 - 24s - loss: 5.6431 - acc: 0.9354 - val_loss: 6.5637 - val_acc: 0.6502
Learning rate:  1e-05
Epoch 158/200

Epoch 00158: val_acc did not improve
 - 24s - loss: 5.6459 - acc: 0.9325 - val_loss: 6.5756 - val_acc: 0.6402
Learning rate:  1e-05
Epoch 159/200

Epoch 00159: val_acc did not improve
 - 24s - loss: 5.6480 - acc: 0.9317 - val_loss: 6.5665 - val_acc: 0.6454
Learning rate:  1e-05
Epoch 160/200

Epoch 00160: val_acc did not improve
 - 24s - loss: 5.6418 - acc: 0.9355 - val_loss: 6.5723 - val_acc: 0.6552
Learning rate:  1e-05
Epoch 161/200

Epoch 00161: val_acc did not improve
 - 24s - loss: 5.6425 - acc: 0.9360 - val_loss: 6.5782 - val_acc: 0.6478
Learning rate:  1e-06
Epoch 162/200

Epoch 00162: val_acc did not improve
 - 24s - loss: 5.6212 - acc: 0.9440 - val_loss: 6.5589 - val_acc: 0.6486
Learning rate:  1e-06
Epoch 163/200

Epoch 00163: val_acc did not improve
 - 24s - loss: 5.6219 - acc: 0.9453 - val_loss: 6.5531 - val_acc: 0.6584
Learning rate:  1e-06
Epoch 164/200

Epoch 00164: val_acc did not improve
 - 24s - loss: 5.6237 - acc: 0.9433 - val_loss: 6.5662 - val_acc: 0.6506
Learning rate:  1e-06
Epoch 165/200

Epoch 00165: val_acc did not improve
 - 24s - loss: 5.6231 - acc: 0.9445 - val_loss: 6.5575 - val_acc: 0.6502
Learning rate:  1e-06
Epoch 166/200

Epoch 00166: val_acc did not improve
 - 24s - loss: 5.6262 - acc: 0.9429 - val_loss: 6.5655 - val_acc: 0.6508
Learning rate:  1e-06
Epoch 167/200

Epoch 00167: val_acc did not improve
 - 24s - loss: 5.6255 - acc: 0.9415 - val_loss: 6.5651 - val_acc: 0.6462
Learning rate:  1e-06
Epoch 168/200

Epoch 00168: val_acc did not improve
 - 24s - loss: 5.6257 - acc: 0.9428 - val_loss: 6.5421 - val_acc: 0.6542
Learning rate:  1e-06
Epoch 169/200

Epoch 00169: val_acc did not improve
 - 24s - loss: 5.6277 - acc: 0.9426 - val_loss: 6.5575 - val_acc: 0.6538
Learning rate:  1e-06
Epoch 170/200

Epoch 00170: val_acc did not improve
 - 24s - loss: 5.6290 - acc: 0.9412 - val_loss: 6.5734 - val_acc: 0.6520
Learning rate:  1e-06
Epoch 171/200

Epoch 00171: val_acc did not improve
 - 24s - loss: 5.6285 - acc: 0.9421 - val_loss: 6.5614 - val_acc: 0.6468
Learning rate:  1e-06
Epoch 172/200

Epoch 00172: val_acc did not improve
 - 24s - loss: 5.6296 - acc: 0.9411 - val_loss: 6.5802 - val_acc: 0.6412
Learning rate:  1e-06
Epoch 173/200

Epoch 00173: val_acc did not improve
 - 24s - loss: 5.6310 - acc: 0.9396 - val_loss: 6.5735 - val_acc: 0.6482
Learning rate:  1e-06
Epoch 174/200

Epoch 00174: val_acc did not improve
 - 24s - loss: 5.6286 - acc: 0.9406 - val_loss: 6.5691 - val_acc: 0.6458
Learning rate:  1e-06
Epoch 175/200

Epoch 00175: val_acc did not improve
 - 24s - loss: 5.6278 - acc: 0.9418 - val_loss: 6.5938 - val_acc: 0.6456
Learning rate:  1e-06
Epoch 176/200

Epoch 00176: val_acc did not improve
 - 24s - loss: 5.6274 - acc: 0.9416 - val_loss: 6.5621 - val_acc: 0.6488
Learning rate:  1e-06
Epoch 177/200

Epoch 00177: val_acc did not improve
 - 24s - loss: 5.6293 - acc: 0.9400 - val_loss: 6.5752 - val_acc: 0.6466
Learning rate:  1e-06
Epoch 178/200

Epoch 00178: val_acc did not improve
 - 24s - loss: 5.6269 - acc: 0.9422 - val_loss: 6.5805 - val_acc: 0.6376
Learning rate:  1e-06
Epoch 179/200

Epoch 00179: val_acc did not improve
 - 24s - loss: 5.6299 - acc: 0.9393 - val_loss: 6.5633 - val_acc: 0.6480
Learning rate:  1e-06
Epoch 180/200

Epoch 00180: val_acc did not improve
 - 24s - loss: 5.6342 - acc: 0.9398 - val_loss: 6.5906 - val_acc: 0.6488
Learning rate:  1e-06
Epoch 181/200

Epoch 00181: val_acc did not improve
 - 24s - loss: 5.6295 - acc: 0.9418 - val_loss: 6.5653 - val_acc: 0.6546
Learning rate:  5e-07
Epoch 182/200

Epoch 00182: val_acc did not improve
 - 24s - loss: 5.6255 - acc: 0.9418 - val_loss: 6.5734 - val_acc: 0.6460
Learning rate:  5e-07
Epoch 183/200

Epoch 00183: val_acc did not improve
 - 24s - loss: 5.6280 - acc: 0.9426 - val_loss: 6.5808 - val_acc: 0.6416
Learning rate:  5e-07
Epoch 184/200

Epoch 00184: val_acc did not improve
 - 24s - loss: 5.6255 - acc: 0.9419 - val_loss: 6.5474 - val_acc: 0.6528
Learning rate:  5e-07
Epoch 185/200

Epoch 00185: val_acc did not improve
 - 24s - loss: 5.6274 - acc: 0.9413 - val_loss: 6.5724 - val_acc: 0.6494
Learning rate:  5e-07
Epoch 186/200

Epoch 00186: val_acc did not improve
 - 24s - loss: 5.6294 - acc: 0.9395 - val_loss: 6.5999 - val_acc: 0.6432
Learning rate:  5e-07
Epoch 187/200

Epoch 00187: val_acc did not improve
 - 24s - loss: 5.6289 - acc: 0.9411 - val_loss: 6.5697 - val_acc: 0.6478
Learning rate:  5e-07
Epoch 188/200

Epoch 00188: val_acc did not improve
 - 24s - loss: 5.6304 - acc: 0.9397 - val_loss: 6.5553 - val_acc: 0.6550
Learning rate:  5e-07
Epoch 189/200

Epoch 00189: val_acc did not improve
 - 24s - loss: 5.6296 - acc: 0.9405 - val_loss: 6.5672 - val_acc: 0.6460
Learning rate:  5e-07
Epoch 190/200

Epoch 00190: val_acc did not improve
 - 24s - loss: 5.6274 - acc: 0.9418 - val_loss: 6.5762 - val_acc: 0.6454
Learning rate:  5e-07
Epoch 191/200

Epoch 00191: val_acc did not improve
 - 24s - loss: 5.6307 - acc: 0.9404 - val_loss: 6.5742 - val_acc: 0.6482
Learning rate:  5e-07
Epoch 192/200

Epoch 00192: val_acc did not improve
 - 24s - loss: 5.6309 - acc: 0.9401 - val_loss: 6.5687 - val_acc: 0.6474
Learning rate:  5e-07
Epoch 193/200

Epoch 00193: val_acc did not improve
 - 24s - loss: 5.6303 - acc: 0.9408 - val_loss: 6.5724 - val_acc: 0.6516
Learning rate:  5e-07
Epoch 194/200

Epoch 00194: val_acc did not improve
 - 24s - loss: 5.6294 - acc: 0.9404 - val_loss: 6.5456 - val_acc: 0.6566
Learning rate:  5e-07
Epoch 195/200

Epoch 00195: val_acc did not improve
 - 24s - loss: 5.6300 - acc: 0.9408 - val_loss: 6.5715 - val_acc: 0.6446
Learning rate:  5e-07
Epoch 196/200

Epoch 00196: val_acc did not improve
 - 24s - loss: 5.6275 - acc: 0.9410 - val_loss: 6.5563 - val_acc: 0.6504
Learning rate:  5e-07
Epoch 197/200

Epoch 00197: val_acc did not improve
 - 24s - loss: 5.6328 - acc: 0.9391 - val_loss: 6.5541 - val_acc: 0.6492
Learning rate:  5e-07
Epoch 198/200

Epoch 00198: val_acc did not improve
 - 24s - loss: 5.6315 - acc: 0.9404 - val_loss: 6.5648 - val_acc: 0.6470
Learning rate:  5e-07
Epoch 199/200

Epoch 00199: val_acc did not improve
 - 24s - loss: 5.6305 - acc: 0.9403 - val_loss: 6.5620 - val_acc: 0.6496
Learning rate:  5e-07
Epoch 200/200

Epoch 00200: val_acc did not improve
 - 24s - loss: 5.6315 - acc: 0.9390 - val_loss: 6.5668 - val_acc: 0.6444
Done

